{"/Users/saym/Documents/GitHub/ai-code-reviewer/next-gen-ai-reviewer/src/github.js": {"path":"/Users/saym/Documents/GitHub/ai-code-reviewer/next-gen-ai-reviewer/src/github.js","statementMap":{"0":{"start":{"line":1,"column":17},"end":{"line":1,"column":71}},"1":{"start":{"line":4,"column":19},"end":{"line":13,"column":4}},"2":{"start":{"line":15,"column":2},"end":{"line":18,"column":3}},"3":{"start":{"line":16,"column":20},"end":{"line":16,"column":41}},"4":{"start":{"line":17,"column":4},"end":{"line":17,"column":101}},"5":{"start":{"line":20,"column":2},"end":{"line":22,"column":3}},"6":{"start":{"line":21,"column":4},"end":{"line":21,"column":16}},"7":{"start":{"line":24,"column":2},"end":{"line":24,"column":25}},"8":{"start":{"line":28,"column":22},"end":{"line":31,"column":14}},"9":{"start":{"line":30,"column":22},"end":{"line":30,"column":49}},"10":{"start":{"line":33,"column":19},"end":{"line":39,"column":4}},"11":{"start":{"line":41,"column":2},"end":{"line":43,"column":3}},"12":{"start":{"line":42,"column":4},"end":{"line":42,"column":16}},"13":{"start":{"line":45,"column":2},"end":{"line":48,"column":3}},"14":{"start":{"line":46,"column":20},"end":{"line":46,"column":41}},"15":{"start":{"line":47,"column":4},"end":{"line":47,"column":106}},"16":{"start":{"line":50,"column":22},"end":{"line":50,"column":64}},"17":{"start":{"line":51,"column":2},"end":{"line":53,"column":3}},"18":{"start":{"line":52,"column":4},"end":{"line":52,"column":27}},"19":{"start":{"line":55,"column":15},"end":{"line":55,"column":36}},"20":{"start":{"line":57,"column":2},"end":{"line":59,"column":3}},"21":{"start":{"line":58,"column":4},"end":{"line":58,"column":64}},"22":{"start":{"line":61,"column":2},"end":{"line":64,"column":3}},"23":{"start":{"line":62,"column":16},"end":{"line":62,"column":46}},"24":{"start":{"line":63,"column":4},"end":{"line":63,"column":22}},"25":{"start":{"line":66,"column":2},"end":{"line":68,"column":3}},"26":{"start":{"line":67,"column":4},"end":{"line":67,"column":24}},"27":{"start":{"line":70,"column":2},"end":{"line":70,"column":14}},"28":{"start":{"line":74,"column":2},"end":{"line":74,"column":75}},"29":{"start":{"line":78,"column":18},"end":{"line":78,"column":21}},"30":{"start":{"line":79,"column":16},"end":{"line":79,"column":18}},"31":{"start":{"line":80,"column":13},"end":{"line":80,"column":14}},"32":{"start":{"line":82,"column":2},"end":{"line":95,"column":3}},"33":{"start":{"line":83,"column":17},"end":{"line":86,"column":5}},"34":{"start":{"line":88,"column":4},"end":{"line":88,"column":24}},"35":{"start":{"line":90,"column":4},"end":{"line":92,"column":5}},"36":{"start":{"line":91,"column":6},"end":{"line":91,"column":12}},"37":{"start":{"line":94,"column":4},"end":{"line":94,"column":14}},"38":{"start":{"line":97,"column":2},"end":{"line":97,"column":29}},"39":{"start":{"line":101,"column":2},"end":{"line":108,"column":4}},"40":{"start":{"line":112,"column":2},"end":{"line":123,"column":4}},"41":{"start":{"line":127,"column":2},"end":{"line":140,"column":4}},"42":{"start":{"line":143,"column":0},"end":{"line":150,"column":2}}},"fnMap":{"0":{"name":"githubRequest","decl":{"start":{"line":3,"column":15},"end":{"line":3,"column":28}},"loc":{"start":{"line":3,"column":56},"end":{"line":25,"column":1}},"line":3},"1":{"name":"fetchRepoFile","decl":{"start":{"line":27,"column":15},"end":{"line":27,"column":28}},"loc":{"start":{"line":27,"column":59},"end":{"line":71,"column":1}},"line":27},"2":{"name":"(anonymous_2)","decl":{"start":{"line":30,"column":9},"end":{"line":30,"column":10}},"loc":{"start":{"line":30,"column":22},"end":{"line":30,"column":49}},"line":30},"3":{"name":"fetchPullRequest","decl":{"start":{"line":73,"column":15},"end":{"line":73,"column":31}},"loc":{"start":{"line":73,"column":66},"end":{"line":75,"column":1}},"line":73},"4":{"name":"fetchPullFiles","decl":{"start":{"line":77,"column":15},"end":{"line":77,"column":29}},"loc":{"start":{"line":77,"column":74},"end":{"line":98,"column":1}},"line":77},"5":{"name":"postIssueComment","decl":{"start":{"line":100,"column":15},"end":{"line":100,"column":31}},"loc":{"start":{"line":100,"column":75},"end":{"line":109,"column":1}},"line":100},"6":{"name":"createReview","decl":{"start":{"line":111,"column":15},"end":{"line":111,"column":27}},"loc":{"start":{"line":111,"column":102},"end":{"line":124,"column":1}},"line":111},"7":{"name":"createReviewComment","decl":{"start":{"line":126,"column":15},"end":{"line":126,"column":34}},"loc":{"start":{"line":126,"column":113},"end":{"line":141,"column":1}},"line":126}},"branchMap":{"0":{"loc":{"start":{"line":1,"column":17},"end":{"line":1,"column":71}},"type":"binary-expr","locations":[{"start":{"line":1,"column":17},"end":{"line":1,"column":43}},{"start":{"line":1,"column":47},"end":{"line":1,"column":71}}],"line":1},"1":{"loc":{"start":{"line":3,"column":42},"end":{"line":3,"column":54}},"type":"default-arg","locations":[{"start":{"line":3,"column":52},"end":{"line":3,"column":54}}],"line":3},"2":{"loc":{"start":{"line":5,"column":12},"end":{"line":5,"column":35}},"type":"binary-expr","locations":[{"start":{"line":5,"column":12},"end":{"line":5,"column":26}},{"start":{"line":5,"column":30},"end":{"line":5,"column":35}}],"line":5},"3":{"loc":{"start":{"line":10,"column":10},"end":{"line":10,"column":31}},"type":"binary-expr","locations":[{"start":{"line":10,"column":10},"end":{"line":10,"column":25}},{"start":{"line":10,"column":29},"end":{"line":10,"column":31}}],"line":10},"4":{"loc":{"start":{"line":12,"column":10},"end":{"line":12,"column":65}},"type":"cond-expr","locations":[{"start":{"line":12,"column":25},"end":{"line":12,"column":53}},{"start":{"line":12,"column":56},"end":{"line":12,"column":65}}],"line":12},"5":{"loc":{"start":{"line":15,"column":2},"end":{"line":18,"column":3}},"type":"if","locations":[{"start":{"line":15,"column":2},"end":{"line":18,"column":3}},{"start":{},"end":{}}],"line":15},"6":{"loc":{"start":{"line":20,"column":2},"end":{"line":22,"column":3}},"type":"if","locations":[{"start":{"line":20,"column":2},"end":{"line":22,"column":3}},{"start":{},"end":{}}],"line":20},"7":{"loc":{"start":{"line":41,"column":2},"end":{"line":43,"column":3}},"type":"if","locations":[{"start":{"line":41,"column":2},"end":{"line":43,"column":3}},{"start":{},"end":{}}],"line":41},"8":{"loc":{"start":{"line":45,"column":2},"end":{"line":48,"column":3}},"type":"if","locations":[{"start":{"line":45,"column":2},"end":{"line":48,"column":3}},{"start":{},"end":{}}],"line":45},"9":{"loc":{"start":{"line":50,"column":22},"end":{"line":50,"column":64}},"type":"binary-expr","locations":[{"start":{"line":50,"column":22},"end":{"line":50,"column":58}},{"start":{"line":50,"column":62},"end":{"line":50,"column":64}}],"line":50},"10":{"loc":{"start":{"line":51,"column":2},"end":{"line":53,"column":3}},"type":"if","locations":[{"start":{"line":51,"column":2},"end":{"line":53,"column":3}},{"start":{},"end":{}}],"line":51},"11":{"loc":{"start":{"line":57,"column":2},"end":{"line":59,"column":3}},"type":"if","locations":[{"start":{"line":57,"column":2},"end":{"line":59,"column":3}},{"start":{},"end":{}}],"line":57},"12":{"loc":{"start":{"line":57,"column":6},"end":{"line":57,"column":48}},"type":"binary-expr","locations":[{"start":{"line":57,"column":6},"end":{"line":57,"column":32}},{"start":{"line":57,"column":36},"end":{"line":57,"column":48}}],"line":57},"13":{"loc":{"start":{"line":61,"column":2},"end":{"line":64,"column":3}},"type":"if","locations":[{"start":{"line":61,"column":2},"end":{"line":64,"column":3}},{"start":{},"end":{}}],"line":61},"14":{"loc":{"start":{"line":66,"column":2},"end":{"line":68,"column":3}},"type":"if","locations":[{"start":{"line":66,"column":2},"end":{"line":68,"column":3}},{"start":{},"end":{}}],"line":66},"15":{"loc":{"start":{"line":77,"column":62},"end":{"line":77,"column":70}},"type":"default-arg","locations":[{"start":{"line":77,"column":68},"end":{"line":77,"column":70}}],"line":77},"16":{"loc":{"start":{"line":90,"column":4},"end":{"line":92,"column":5}},"type":"if","locations":[{"start":{"line":90,"column":4},"end":{"line":92,"column":5}},{"start":{},"end":{}}],"line":90},"17":{"loc":{"start":{"line":111,"column":66},"end":{"line":111,"column":83}},"type":"default-arg","locations":[{"start":{"line":111,"column":74},"end":{"line":111,"column":83}}],"line":111},"18":{"loc":{"start":{"line":111,"column":85},"end":{"line":111,"column":98}},"type":"default-arg","locations":[{"start":{"line":111,"column":96},"end":{"line":111,"column":98}}],"line":111},"19":{"loc":{"start":{"line":126,"column":95},"end":{"line":126,"column":109}},"type":"default-arg","locations":[{"start":{"line":126,"column":102},"end":{"line":126,"column":109}}],"line":126}},"s":{"0":7,"1":14,"2":14,"3":1,"4":1,"5":13,"6":1,"7":12,"8":5,"9":7,"10":5,"11":5,"12":1,"13":4,"14":0,"15":0,"16":4,"17":4,"18":2,"19":2,"20":2,"21":1,"22":1,"23":1,"24":1,"25":0,"26":0,"27":0,"28":3,"29":4,"30":4,"31":4,"32":4,"33":5,"34":5,"35":5,"36":3,"37":2,"38":4,"39":1,"40":3,"41":2,"42":7},"f":{"0":14,"1":5,"2":7,"3":3,"4":4,"5":1,"6":3,"7":2},"b":{"0":[7,7],"1":[8],"2":[14,8],"3":[14,14],"4":[6,8],"5":[1,13],"6":[1,12],"7":[1,4],"8":[0,4],"9":[4,0],"10":[2,2],"11":[1,1],"12":[2,1],"13":[1,0],"14":[0,0],"15":[0],"16":[3,2],"17":[0],"18":[0],"19":[0]},"_coverageSchema":"1a1c01bbd47fc00a2c39e90264f33305004495a9","hash":"004096336c8cbe6375438583abe6feb6bf087da9"}
,"/Users/saym/Documents/GitHub/ai-code-reviewer/next-gen-ai-reviewer/src/guidanceLoader.js": {"path":"/Users/saym/Documents/GitHub/ai-code-reviewer/next-gen-ai-reviewer/src/guidanceLoader.js","statementMap":{"0":{"start":{"line":1,"column":26},"end":{"line":1,"column":45}},"1":{"start":{"line":3,"column":31},"end":{"line":10,"column":1}},"2":{"start":{"line":13,"column":2},"end":{"line":15,"column":3}},"3":{"start":{"line":14,"column":4},"end":{"line":14,"column":14}},"4":{"start":{"line":16,"column":2},"end":{"line":16,"column":44}},"5":{"start":{"line":20,"column":2},"end":{"line":22,"column":3}},"6":{"start":{"line":21,"column":4},"end":{"line":21,"column":14}},"7":{"start":{"line":24,"column":2},"end":{"line":27,"column":53}},"8":{"start":{"line":26,"column":19},"end":{"line":26,"column":30}},"9":{"start":{"line":27,"column":22},"end":{"line":27,"column":51}},"10":{"start":{"line":31,"column":2},"end":{"line":33,"column":3}},"11":{"start":{"line":32,"column":4},"end":{"line":32,"column":16}},"12":{"start":{"line":35,"column":18},"end":{"line":39,"column":38}},"13":{"start":{"line":41,"column":2},"end":{"line":41,"column":36}},"14":{"start":{"line":45,"column":2},"end":{"line":50,"column":3}},"15":{"start":{"line":46,"column":4},"end":{"line":49,"column":6}},"16":{"start":{"line":52,"column":18},"end":{"line":54,"column":20}},"17":{"start":{"line":56,"column":2},"end":{"line":61,"column":3}},"18":{"start":{"line":57,"column":4},"end":{"line":60,"column":6}},"19":{"start":{"line":63,"column":19},"end":{"line":63,"column":21}},"20":{"start":{"line":64,"column":18},"end":{"line":64,"column":20}},"21":{"start":{"line":66,"column":2},"end":{"line":74,"column":3}},"22":{"start":{"line":67,"column":21},"end":{"line":67,"column":40}},"23":{"start":{"line":68,"column":25},"end":{"line":68,"column":70}},"24":{"start":{"line":68,"column":49},"end":{"line":68,"column":69}},"25":{"start":{"line":69,"column":4},"end":{"line":73,"column":5}},"26":{"start":{"line":70,"column":6},"end":{"line":70,"column":25}},"27":{"start":{"line":72,"column":6},"end":{"line":72,"column":26}},"28":{"start":{"line":76,"column":2},"end":{"line":76,"column":31}},"29":{"start":{"line":80,"column":91},"end":{"line":87,"column":4}},"30":{"start":{"line":81,"column":97},"end":{"line":81,"column":101}},"31":{"start":{"line":82,"column":93},"end":{"line":82,"column":97}},"32":{"start":{"line":83,"column":91},"end":{"line":83,"column":95}},"33":{"start":{"line":84,"column":97},"end":{"line":84,"column":101}},"34":{"start":{"line":85,"column":98},"end":{"line":85,"column":102}},"35":{"start":{"line":86,"column":102},"end":{"line":86,"column":106}},"36":{"start":{"line":89,"column":2},"end":{"line":98,"column":4}},"37":{"start":{"line":101,"column":0},"end":{"line":104,"column":2}}},"fnMap":{"0":{"name":"sanitizeGuidance","decl":{"start":{"line":12,"column":9},"end":{"line":12,"column":25}},"loc":{"start":{"line":12,"column":32},"end":{"line":17,"column":1}},"line":12},"1":{"name":"parseIgnoreList","decl":{"start":{"line":19,"column":9},"end":{"line":19,"column":24}},"loc":{"start":{"line":19,"column":31},"end":{"line":28,"column":1}},"line":19},"2":{"name":"(anonymous_2)","decl":{"start":{"line":26,"column":9},"end":{"line":26,"column":10}},"loc":{"start":{"line":26,"column":19},"end":{"line":26,"column":30}},"line":26},"3":{"name":"(anonymous_3)","decl":{"start":{"line":27,"column":12},"end":{"line":27,"column":13}},"loc":{"start":{"line":27,"column":22},"end":{"line":27,"column":51}},"line":27},"4":{"name":"globToRegExp","decl":{"start":{"line":30,"column":9},"end":{"line":30,"column":21}},"loc":{"start":{"line":30,"column":31},"end":{"line":42,"column":1}},"line":30},"5":{"name":"filterFilesByPatterns","decl":{"start":{"line":44,"column":9},"end":{"line":44,"column":30}},"loc":{"start":{"line":44,"column":53},"end":{"line":77,"column":1}},"line":44},"6":{"name":"(anonymous_6)","decl":{"start":{"line":68,"column":38},"end":{"line":68,"column":39}},"loc":{"start":{"line":68,"column":49},"end":{"line":68,"column":69}},"line":68},"7":{"name":"loadGuidance","decl":{"start":{"line":79,"column":15},"end":{"line":79,"column":27}},"loc":{"start":{"line":79,"column":52},"end":{"line":99,"column":1}},"line":79},"8":{"name":"(anonymous_8)","decl":{"start":{"line":81,"column":91},"end":{"line":81,"column":92}},"loc":{"start":{"line":81,"column":97},"end":{"line":81,"column":101}},"line":81},"9":{"name":"(anonymous_9)","decl":{"start":{"line":82,"column":87},"end":{"line":82,"column":88}},"loc":{"start":{"line":82,"column":93},"end":{"line":82,"column":97}},"line":82},"10":{"name":"(anonymous_10)","decl":{"start":{"line":83,"column":85},"end":{"line":83,"column":86}},"loc":{"start":{"line":83,"column":91},"end":{"line":83,"column":95}},"line":83},"11":{"name":"(anonymous_11)","decl":{"start":{"line":84,"column":91},"end":{"line":84,"column":92}},"loc":{"start":{"line":84,"column":97},"end":{"line":84,"column":101}},"line":84},"12":{"name":"(anonymous_12)","decl":{"start":{"line":85,"column":92},"end":{"line":85,"column":93}},"loc":{"start":{"line":85,"column":98},"end":{"line":85,"column":102}},"line":85},"13":{"name":"(anonymous_13)","decl":{"start":{"line":86,"column":96},"end":{"line":86,"column":97}},"loc":{"start":{"line":86,"column":102},"end":{"line":86,"column":106}},"line":86}},"branchMap":{"0":{"loc":{"start":{"line":13,"column":2},"end":{"line":15,"column":3}},"type":"if","locations":[{"start":{"line":13,"column":2},"end":{"line":15,"column":3}},{"start":{},"end":{}}],"line":13},"1":{"loc":{"start":{"line":20,"column":2},"end":{"line":22,"column":3}},"type":"if","locations":[{"start":{"line":20,"column":2},"end":{"line":22,"column":3}},{"start":{},"end":{}}],"line":20},"2":{"loc":{"start":{"line":27,"column":22},"end":{"line":27,"column":51}},"type":"binary-expr","locations":[{"start":{"line":27,"column":22},"end":{"line":27,"column":26}},{"start":{"line":27,"column":30},"end":{"line":27,"column":51}}],"line":27},"3":{"loc":{"start":{"line":31,"column":2},"end":{"line":33,"column":3}},"type":"if","locations":[{"start":{"line":31,"column":2},"end":{"line":33,"column":3}},{"start":{},"end":{}}],"line":31},"4":{"loc":{"start":{"line":44,"column":38},"end":{"line":44,"column":51}},"type":"default-arg","locations":[{"start":{"line":44,"column":49},"end":{"line":44,"column":51}}],"line":44},"5":{"loc":{"start":{"line":45,"column":2},"end":{"line":50,"column":3}},"type":"if","locations":[{"start":{"line":45,"column":2},"end":{"line":50,"column":3}},{"start":{},"end":{}}],"line":45},"6":{"loc":{"start":{"line":56,"column":2},"end":{"line":61,"column":3}},"type":"if","locations":[{"start":{"line":56,"column":2},"end":{"line":61,"column":3}},{"start":{},"end":{}}],"line":56},"7":{"loc":{"start":{"line":67,"column":21},"end":{"line":67,"column":40}},"type":"binary-expr","locations":[{"start":{"line":67,"column":21},"end":{"line":67,"column":34}},{"start":{"line":67,"column":38},"end":{"line":67,"column":40}}],"line":67},"8":{"loc":{"start":{"line":69,"column":4},"end":{"line":73,"column":5}},"type":"if","locations":[{"start":{"line":69,"column":4},"end":{"line":73,"column":5}},{"start":{"line":71,"column":11},"end":{"line":73,"column":5}}],"line":69}},"s":{"0":6,"1":6,"2":25,"3":19,"4":6,"5":5,"6":3,"7":2,"8":9,"9":9,"10":11,"11":0,"12":11,"13":11,"14":11,"15":2,"16":9,"17":9,"18":0,"19":9,"20":9,"21":9,"22":52,"23":52,"24":63,"25":52,"26":11,"27":41,"28":9,"29":5,"30":0,"31":0,"32":0,"33":0,"34":0,"35":0,"36":5,"37":6},"f":{"0":25,"1":5,"2":9,"3":9,"4":11,"5":11,"6":63,"7":5,"8":0,"9":0,"10":0,"11":0,"12":0,"13":0},"b":{"0":[19,6],"1":[3,2],"2":[9,8],"3":[0,11],"4":[0],"5":[2,9],"6":[0,9],"7":[52,0],"8":[11,41]},"_coverageSchema":"1a1c01bbd47fc00a2c39e90264f33305004495a9","hash":"ed635c1b4a504b0d96d8bdb18599330a4aebc28f"}
,"/Users/saym/Documents/GitHub/ai-code-reviewer/next-gen-ai-reviewer/src/main.js": {"path":"/Users/saym/Documents/GitHub/ai-code-reviewer/next-gen-ai-reviewer/src/main.js","statementMap":{"0":{"start":{"line":1,"column":11},"end":{"line":1,"column":29}},"1":{"start":{"line":2,"column":77},"end":{"line":2,"column":96}},"2":{"start":{"line":3,"column":48},"end":{"line":3,"column":75}},"3":{"start":{"line":4,"column":78},"end":{"line":4,"column":104}},"4":{"start":{"line":5,"column":100},"end":{"line":5,"column":128}},"5":{"start":{"line":6,"column":23},"end":{"line":6,"column":53}},"6":{"start":{"line":7,"column":22},"end":{"line":7,"column":51}},"7":{"start":{"line":8,"column":26},"end":{"line":8,"column":59}},"8":{"start":{"line":9,"column":20},"end":{"line":9,"column":46}},"9":{"start":{"line":12,"column":20},"end":{"line":12,"column":66}},"10":{"start":{"line":13,"column":17},"end":{"line":13,"column":56}},"11":{"start":{"line":14,"column":21},"end":{"line":18,"column":3}},"12":{"start":{"line":20,"column":2},"end":{"line":25,"column":3}},"13":{"start":{"line":21,"column":21},"end":{"line":21,"column":37}},"14":{"start":{"line":22,"column":4},"end":{"line":24,"column":5}},"15":{"start":{"line":23,"column":6},"end":{"line":23,"column":29}},"16":{"start":{"line":27,"column":2},"end":{"line":27,"column":22}},"17":{"start":{"line":31,"column":2},"end":{"line":36,"column":3}},"18":{"start":{"line":32,"column":19},"end":{"line":32,"column":52}},"19":{"start":{"line":33,"column":4},"end":{"line":33,"column":30}},"20":{"start":{"line":35,"column":4},"end":{"line":35,"column":16}},"21":{"start":{"line":40,"column":22},"end":{"line":40,"column":86}},"22":{"start":{"line":41,"column":2},"end":{"line":43,"column":3}},"23":{"start":{"line":42,"column":4},"end":{"line":42,"column":23}},"24":{"start":{"line":45,"column":20},"end":{"line":45,"column":49}},"25":{"start":{"line":46,"column":2},"end":{"line":54,"column":3}},"26":{"start":{"line":47,"column":20},"end":{"line":47,"column":43}},"27":{"start":{"line":48,"column":24},"end":{"line":50,"column":58}},"28":{"start":{"line":51,"column":4},"end":{"line":53,"column":5}},"29":{"start":{"line":52,"column":6},"end":{"line":52,"column":25}},"30":{"start":{"line":56,"column":14},"end":{"line":56,"column":73}},"31":{"start":{"line":57,"column":16},"end":{"line":57,"column":48}},"32":{"start":{"line":58,"column":2},"end":{"line":60,"column":3}},"33":{"start":{"line":59,"column":4},"end":{"line":59,"column":20}},"34":{"start":{"line":62,"column":2},"end":{"line":62,"column":14}},"35":{"start":{"line":66,"column":17},"end":{"line":66,"column":148}},"36":{"start":{"line":67,"column":2},"end":{"line":67,"column":46}},"37":{"start":{"line":71,"column":2},"end":{"line":137,"column":3}},"38":{"start":{"line":73,"column":23},"end":{"line":73,"column":58}},"39":{"start":{"line":76,"column":34},"end":{"line":76,"column":66}},"40":{"start":{"line":77,"column":26},"end":{"line":77,"column":65}},"41":{"start":{"line":79,"column":4},"end":{"line":79,"column":77}},"42":{"start":{"line":81,"column":4},"end":{"line":84,"column":5}},"43":{"start":{"line":82,"column":6},"end":{"line":82,"column":82}},"44":{"start":{"line":83,"column":6},"end":{"line":83,"column":19}},"45":{"start":{"line":87,"column":30},"end":{"line":87,"column":32}},"46":{"start":{"line":88,"column":4},"end":{"line":105,"column":5}},"47":{"start":{"line":89,"column":19},"end":{"line":89,"column":63}},"48":{"start":{"line":89,"column":35},"end":{"line":89,"column":62}},"49":{"start":{"line":90,"column":6},"end":{"line":92,"column":1}},"50":{"start":{"line":91,"column":0},"end":{"line":91,"column":9}},"51":{"start":{"line":94,"column":23},"end":{"line":94,"column":73}},"52":{"start":{"line":95,"column":6},"end":{"line":98,"column":7}},"53":{"start":{"line":96,"column":8},"end":{"line":96,"column":95}},"54":{"start":{"line":97,"column":8},"end":{"line":97,"column":17}},"55":{"start":{"line":100,"column":6},"end":{"line":104,"column":9}},"56":{"start":{"line":107,"column":4},"end":{"line":110,"column":5}},"57":{"start":{"line":108,"column":6},"end":{"line":108,"column":93}},"58":{"start":{"line":109,"column":6},"end":{"line":109,"column":19}},"59":{"start":{"line":113,"column":24},"end":{"line":113,"column":50}},"60":{"start":{"line":114,"column":22},"end":{"line":116,"column":12}},"61":{"start":{"line":119,"column":23},"end":{"line":119,"column":137}},"62":{"start":{"line":121,"column":4},"end":{"line":129,"column":7}},"63":{"start":{"line":131,"column":4},"end":{"line":131,"column":54}},"64":{"start":{"line":132,"column":4},"end":{"line":132,"column":16}},"65":{"start":{"line":134,"column":4},"end":{"line":134,"column":66}},"66":{"start":{"line":135,"column":4},"end":{"line":135,"column":47}},"67":{"start":{"line":136,"column":4},"end":{"line":136,"column":17}},"68":{"start":{"line":141,"column":19},"end":{"line":141,"column":21}},"69":{"start":{"line":143,"column":2},"end":{"line":201,"column":3}},"70":{"start":{"line":144,"column":4},"end":{"line":200,"column":5}},"71":{"start":{"line":145,"column":21},"end":{"line":145,"column":78}},"72":{"start":{"line":146,"column":6},"end":{"line":150,"column":7}},"73":{"start":{"line":147,"column":8},"end":{"line":147,"column":106}},"74":{"start":{"line":148,"column":8},"end":{"line":148,"column":76}},"75":{"start":{"line":149,"column":8},"end":{"line":149,"column":17}},"76":{"start":{"line":152,"column":6},"end":{"line":158,"column":7}},"77":{"start":{"line":153,"column":8},"end":{"line":153,"column":83}},"78":{"start":{"line":154,"column":8},"end":{"line":154,"column":129}},"79":{"start":{"line":156,"column":8},"end":{"line":156,"column":66}},"80":{"start":{"line":157,"column":8},"end":{"line":157,"column":51}},"81":{"start":{"line":159,"column":11},"end":{"line":200,"column":5}},"82":{"start":{"line":160,"column":21},"end":{"line":160,"column":80}},"83":{"start":{"line":161,"column":6},"end":{"line":165,"column":7}},"84":{"start":{"line":162,"column":8},"end":{"line":162,"column":107}},"85":{"start":{"line":163,"column":8},"end":{"line":163,"column":77}},"86":{"start":{"line":164,"column":8},"end":{"line":164,"column":17}},"87":{"start":{"line":167,"column":6},"end":{"line":173,"column":7}},"88":{"start":{"line":168,"column":8},"end":{"line":168,"column":81}},"89":{"start":{"line":169,"column":8},"end":{"line":169,"column":102}},"90":{"start":{"line":171,"column":8},"end":{"line":171,"column":65}},"91":{"start":{"line":172,"column":8},"end":{"line":172,"column":50}},"92":{"start":{"line":174,"column":11},"end":{"line":200,"column":5}},"93":{"start":{"line":175,"column":23},"end":{"line":175,"column":118}},"94":{"start":{"line":176,"column":21},"end":{"line":176,"column":112}},"95":{"start":{"line":177,"column":25},"end":{"line":177,"column":94}},"96":{"start":{"line":179,"column":6},"end":{"line":183,"column":7}},"97":{"start":{"line":180,"column":8},"end":{"line":180,"column":80}},"98":{"start":{"line":181,"column":8},"end":{"line":181,"column":101}},"99":{"start":{"line":182,"column":8},"end":{"line":182,"column":17}},"100":{"start":{"line":185,"column":6},"end":{"line":199,"column":7}},"101":{"start":{"line":186,"column":8},"end":{"line":186,"column":73}},"102":{"start":{"line":187,"column":8},"end":{"line":196,"column":11}},"103":{"start":{"line":198,"column":8},"end":{"line":198,"column":55}},"104":{"start":{"line":203,"column":17},"end":{"line":203,"column":88}},"105":{"start":{"line":204,"column":2},"end":{"line":204,"column":65}},"106":{"start":{"line":208,"column":22},"end":{"line":208,"column":46}},"107":{"start":{"line":209,"column":2},"end":{"line":211,"column":3}},"108":{"start":{"line":210,"column":4},"end":{"line":210,"column":90}},"109":{"start":{"line":213,"column":22},"end":{"line":213,"column":42}},"110":{"start":{"line":214,"column":2},"end":{"line":216,"column":3}},"111":{"start":{"line":215,"column":4},"end":{"line":215,"column":106}},"112":{"start":{"line":218,"column":19},"end":{"line":218,"column":38}},"113":{"start":{"line":219,"column":2},"end":{"line":221,"column":3}},"114":{"start":{"line":220,"column":4},"end":{"line":220,"column":58}},"115":{"start":{"line":223,"column":21},"end":{"line":223,"column":76}},"116":{"start":{"line":224,"column":2},"end":{"line":226,"column":3}},"117":{"start":{"line":225,"column":4},"end":{"line":225,"column":87}},"118":{"start":{"line":228,"column":24},"end":{"line":228,"column":45}},"119":{"start":{"line":229,"column":2},"end":{"line":231,"column":3}},"120":{"start":{"line":230,"column":4},"end":{"line":230,"column":67}},"121":{"start":{"line":233,"column":15},"end":{"line":233,"column":58}},"122":{"start":{"line":234,"column":19},"end":{"line":234,"column":81}},"123":{"start":{"line":235,"column":23},"end":{"line":235,"column":98}},"124":{"start":{"line":236,"column":28},"end":{"line":236,"column":98}},"125":{"start":{"line":237,"column":20},"end":{"line":237,"column":101}},"126":{"start":{"line":238,"column":29},"end":{"line":241,"column":20}},"127":{"start":{"line":240,"column":20},"end":{"line":240,"column":46}},"128":{"start":{"line":243,"column":17},"end":{"line":246,"column":3}},"129":{"start":{"line":248,"column":34},"end":{"line":248,"column":124}},"130":{"start":{"line":250,"column":27},"end":{"line":255,"column":3}},"131":{"start":{"line":257,"column":2},"end":{"line":257,"column":64}},"132":{"start":{"line":258,"column":21},"end":{"line":258,"column":90}},"133":{"start":{"line":260,"column":2},"end":{"line":260,"column":58}},"134":{"start":{"line":261,"column":19},"end":{"line":261,"column":74}},"135":{"start":{"line":263,"column":2},"end":{"line":263,"column":61}},"136":{"start":{"line":264,"column":16},"end":{"line":264,"column":98}},"137":{"start":{"line":266,"column":32},"end":{"line":266,"column":85}},"138":{"start":{"line":267,"column":2},"end":{"line":267,"column":63}},"139":{"start":{"line":267,"column":48},"end":{"line":267,"column":61}},"140":{"start":{"line":270,"column":28},"end":{"line":270,"column":61}},"141":{"start":{"line":271,"column":26},"end":{"line":271,"column":85}},"142":{"start":{"line":274,"column":2},"end":{"line":307,"column":3}},"143":{"start":{"line":275,"column":4},"end":{"line":275,"column":111}},"144":{"start":{"line":276,"column":4},"end":{"line":283,"column":7}},"145":{"start":{"line":285,"column":4},"end":{"line":296,"column":5}},"146":{"start":{"line":287,"column":6},"end":{"line":287,"column":81}},"147":{"start":{"line":288,"column":6},"end":{"line":295,"column":9}},"148":{"start":{"line":298,"column":4},"end":{"line":298,"column":104}},"149":{"start":{"line":299,"column":4},"end":{"line":306,"column":7}},"150":{"start":{"line":310,"column":28},"end":{"line":310,"column":86}},"151":{"start":{"line":310,"column":57},"end":{"line":310,"column":85}},"152":{"start":{"line":311,"column":2},"end":{"line":318,"column":3}},"153":{"start":{"line":312,"column":22},"end":{"line":314,"column":69}},"154":{"start":{"line":315,"column":4},"end":{"line":317,"column":5}},"155":{"start":{"line":316,"column":6},"end":{"line":316,"column":116}},"156":{"start":{"line":320,"column":2},"end":{"line":320,"column":87}},"157":{"start":{"line":321,"column":21},"end":{"line":330,"column":4}},"158":{"start":{"line":333,"column":2},"end":{"line":350,"column":3}},"159":{"start":{"line":334,"column":20},"end":{"line":342,"column":6}},"160":{"start":{"line":344,"column":4},"end":{"line":347,"column":5}},"161":{"start":{"line":345,"column":6},"end":{"line":345,"column":65}},"162":{"start":{"line":346,"column":6},"end":{"line":346,"column":13}},"163":{"start":{"line":349,"column":4},"end":{"line":349,"column":77}},"164":{"start":{"line":353,"column":2},"end":{"line":353,"column":56}},"165":{"start":{"line":354,"column":15},"end":{"line":354,"column":72}},"166":{"start":{"line":355,"column":2},"end":{"line":355,"column":91}},"167":{"start":{"line":357,"column":2},"end":{"line":357,"column":54}},"168":{"start":{"line":360,"column":0},"end":{"line":403,"column":3}},"169":{"start":{"line":361,"column":2},"end":{"line":361,"column":45}},"170":{"start":{"line":364,"column":2},"end":{"line":400,"column":3}},"171":{"start":{"line":365,"column":24},"end":{"line":365,"column":48}},"172":{"start":{"line":366,"column":23},"end":{"line":366,"column":78}},"173":{"start":{"line":367,"column":24},"end":{"line":367,"column":44}},"174":{"start":{"line":369,"column":4},"end":{"line":397,"column":5}},"175":{"start":{"line":370,"column":28},"end":{"line":370,"column":49}},"176":{"start":{"line":371,"column":23},"end":{"line":371,"column":42}},"177":{"start":{"line":372,"column":19},"end":{"line":372,"column":62}},"178":{"start":{"line":374,"column":26},"end":{"line":386,"column":18}},"179":{"start":{"line":388,"column":6},"end":{"line":394,"column":9}},"180":{"start":{"line":396,"column":6},"end":{"line":396,"column":51}},"181":{"start":{"line":399,"column":4},"end":{"line":399,"column":77}},"182":{"start":{"line":402,"column":2},"end":{"line":402,"column":18}},"183":{"start":{"line":406,"column":0},"end":{"line":415,"column":1}},"184":{"start":{"line":407,"column":2},"end":{"line":414,"column":4}}},"fnMap":{"0":{"name":"getInput","decl":{"start":{"line":11,"column":9},"end":{"line":11,"column":17}},"loc":{"start":{"line":11,"column":43},"end":{"line":28,"column":1}},"line":11},"1":{"name":"readJsonFile","decl":{"start":{"line":30,"column":9},"end":{"line":30,"column":21}},"loc":{"start":{"line":30,"column":32},"end":{"line":37,"column":1}},"line":30},"2":{"name":"autoDetectPrNumber","decl":{"start":{"line":39,"column":9},"end":{"line":39,"column":27}},"loc":{"start":{"line":39,"column":30},"end":{"line":63,"column":1}},"line":39},"3":{"name":"formatComment","decl":{"start":{"line":65,"column":9},"end":{"line":65,"column":22}},"loc":{"start":{"line":65,"column":55},"end":{"line":68,"column":1}},"line":65},"4":{"name":"postInlineReview","decl":{"start":{"line":70,"column":15},"end":{"line":70,"column":31}},"loc":{"start":{"line":70,"column":110},"end":{"line":138,"column":1}},"line":70},"5":{"name":"(anonymous_5)","decl":{"start":{"line":89,"column":30},"end":{"line":89,"column":31}},"loc":{"start":{"line":89,"column":35},"end":{"line":89,"column":62}},"line":89},"6":{"name":"tryProviders","decl":{"start":{"line":140,"column":15},"end":{"line":140,"column":27}},"loc":{"start":{"line":140,"column":148},"end":{"line":205,"column":1}},"line":140},"7":{"name":"run","decl":{"start":{"line":207,"column":15},"end":{"line":207,"column":18}},"loc":{"start":{"line":207,"column":21},"end":{"line":358,"column":1}},"line":207},"8":{"name":"(anonymous_8)","decl":{"start":{"line":240,"column":9},"end":{"line":240,"column":10}},"loc":{"start":{"line":240,"column":20},"end":{"line":240,"column":46}},"line":240},"9":{"name":"(anonymous_9)","decl":{"start":{"line":267,"column":38},"end":{"line":267,"column":39}},"loc":{"start":{"line":267,"column":48},"end":{"line":267,"column":61}},"line":267},"10":{"name":"(anonymous_10)","decl":{"start":{"line":310,"column":52},"end":{"line":310,"column":53}},"loc":{"start":{"line":310,"column":57},"end":{"line":310,"column":85}},"line":310},"11":{"name":"(anonymous_11)","decl":{"start":{"line":360,"column":12},"end":{"line":360,"column":13}},"loc":{"start":{"line":360,"column":29},"end":{"line":403,"column":1}},"line":360}},"branchMap":{"0":{"loc":{"start":{"line":11,"column":24},"end":{"line":11,"column":41}},"type":"default-arg","locations":[{"start":{"line":11,"column":39},"end":{"line":11,"column":41}}],"line":11},"1":{"loc":{"start":{"line":22,"column":4},"end":{"line":24,"column":5}},"type":"if","locations":[{"start":{"line":22,"column":4},"end":{"line":24,"column":5}},{"start":{},"end":{}}],"line":22},"2":{"loc":{"start":{"line":22,"column":8},"end":{"line":22,"column":70}},"type":"binary-expr","locations":[{"start":{"line":22,"column":8},"end":{"line":22,"column":30}},{"start":{"line":22,"column":34},"end":{"line":22,"column":51}},{"start":{"line":22,"column":55},"end":{"line":22,"column":70}}],"line":22},"3":{"loc":{"start":{"line":40,"column":22},"end":{"line":40,"column":86}},"type":"binary-expr","locations":[{"start":{"line":40,"column":22},"end":{"line":40,"column":43}},{"start":{"line":40,"column":47},"end":{"line":40,"column":68}},{"start":{"line":40,"column":72},"end":{"line":40,"column":86}}],"line":40},"4":{"loc":{"start":{"line":41,"column":2},"end":{"line":43,"column":3}},"type":"if","locations":[{"start":{"line":41,"column":2},"end":{"line":43,"column":3}},{"start":{},"end":{}}],"line":41},"5":{"loc":{"start":{"line":46,"column":2},"end":{"line":54,"column":3}},"type":"if","locations":[{"start":{"line":46,"column":2},"end":{"line":54,"column":3}},{"start":{},"end":{}}],"line":46},"6":{"loc":{"start":{"line":46,"column":6},"end":{"line":46,"column":43}},"type":"binary-expr","locations":[{"start":{"line":46,"column":6},"end":{"line":46,"column":15}},{"start":{"line":46,"column":19},"end":{"line":46,"column":43}}],"line":46},"7":{"loc":{"start":{"line":48,"column":24},"end":{"line":50,"column":58}},"type":"binary-expr","locations":[{"start":{"line":48,"column":24},"end":{"line":48,"column":53}},{"start":{"line":49,"column":9},"end":{"line":49,"column":31}},{"start":{"line":50,"column":9},"end":{"line":50,"column":58}}],"line":48},"8":{"loc":{"start":{"line":51,"column":4},"end":{"line":53,"column":5}},"type":"if","locations":[{"start":{"line":51,"column":4},"end":{"line":53,"column":5}},{"start":{},"end":{}}],"line":51},"9":{"loc":{"start":{"line":56,"column":14},"end":{"line":56,"column":73}},"type":"binary-expr","locations":[{"start":{"line":56,"column":14},"end":{"line":56,"column":36}},{"start":{"line":56,"column":40},"end":{"line":56,"column":67}},{"start":{"line":56,"column":71},"end":{"line":56,"column":73}}],"line":56},"10":{"loc":{"start":{"line":58,"column":2},"end":{"line":60,"column":3}},"type":"if","locations":[{"start":{"line":58,"column":2},"end":{"line":60,"column":3}},{"start":{},"end":{}}],"line":58},"11":{"loc":{"start":{"line":81,"column":4},"end":{"line":84,"column":5}},"type":"if","locations":[{"start":{"line":81,"column":4},"end":{"line":84,"column":5}},{"start":{},"end":{}}],"line":81},"12":{"loc":{"start":{"line":90,"column":6},"end":{"line":92,"column":1}},"type":"if","locations":[{"start":{"line":90,"column":6},"end":{"line":92,"column":1}},{"start":{},"end":{}}],"line":90},"13":{"loc":{"start":{"line":90,"column":10},"end":{"line":90,"column":30}},"type":"binary-expr","locations":[{"start":{"line":90,"column":10},"end":{"line":90,"column":15}},{"start":{"line":90,"column":19},"end":{"line":90,"column":30}}],"line":90},"14":{"loc":{"start":{"line":95,"column":6},"end":{"line":98,"column":7}},"type":"if","locations":[{"start":{"line":95,"column":6},"end":{"line":98,"column":7}},{"start":{},"end":{}}],"line":95},"15":{"loc":{"start":{"line":107,"column":4},"end":{"line":110,"column":5}},"type":"if","locations":[{"start":{"line":107,"column":4},"end":{"line":110,"column":5}},{"start":{},"end":{}}],"line":107},"16":{"loc":{"start":{"line":114,"column":22},"end":{"line":116,"column":12}},"type":"cond-expr","locations":[{"start":{"line":115,"column":8},"end":{"line":115,"column":53}},{"start":{"line":116,"column":8},"end":{"line":116,"column":12}}],"line":114},"17":{"loc":{"start":{"line":114,"column":22},"end":{"line":114,"column":61}},"type":"binary-expr","locations":[{"start":{"line":114,"column":22},"end":{"line":114,"column":38}},{"start":{"line":114,"column":42},"end":{"line":114,"column":61}}],"line":114},"18":{"loc":{"start":{"line":140,"column":92},"end":{"line":140,"column":124}},"type":"default-arg","locations":[{"start":{"line":140,"column":118},"end":{"line":140,"column":124}}],"line":140},"19":{"loc":{"start":{"line":140,"column":126},"end":{"line":140,"column":144}},"type":"default-arg","locations":[{"start":{"line":140,"column":139},"end":{"line":140,"column":144}}],"line":140},"20":{"loc":{"start":{"line":144,"column":4},"end":{"line":200,"column":5}},"type":"if","locations":[{"start":{"line":144,"column":4},"end":{"line":200,"column":5}},{"start":{"line":159,"column":11},"end":{"line":200,"column":5}}],"line":144},"21":{"loc":{"start":{"line":145,"column":21},"end":{"line":145,"column":78}},"type":"binary-expr","locations":[{"start":{"line":145,"column":21},"end":{"line":145,"column":48}},{"start":{"line":145,"column":52},"end":{"line":145,"column":78}}],"line":145},"22":{"loc":{"start":{"line":146,"column":6},"end":{"line":150,"column":7}},"type":"if","locations":[{"start":{"line":146,"column":6},"end":{"line":150,"column":7}},{"start":{},"end":{}}],"line":146},"23":{"loc":{"start":{"line":159,"column":11},"end":{"line":200,"column":5}},"type":"if","locations":[{"start":{"line":159,"column":11},"end":{"line":200,"column":5}},{"start":{"line":174,"column":11},"end":{"line":200,"column":5}}],"line":159},"24":{"loc":{"start":{"line":160,"column":21},"end":{"line":160,"column":80}},"type":"binary-expr","locations":[{"start":{"line":160,"column":21},"end":{"line":160,"column":47}},{"start":{"line":160,"column":51},"end":{"line":160,"column":80}}],"line":160},"25":{"loc":{"start":{"line":161,"column":6},"end":{"line":165,"column":7}},"type":"if","locations":[{"start":{"line":161,"column":6},"end":{"line":165,"column":7}},{"start":{},"end":{}}],"line":161},"26":{"loc":{"start":{"line":174,"column":11},"end":{"line":200,"column":5}},"type":"if","locations":[{"start":{"line":174,"column":11},"end":{"line":200,"column":5}},{"start":{},"end":{}}],"line":174},"27":{"loc":{"start":{"line":174,"column":15},"end":{"line":174,"column":94}},"type":"binary-expr","locations":[{"start":{"line":174,"column":15},"end":{"line":174,"column":41}},{"start":{"line":174,"column":45},"end":{"line":174,"column":70}},{"start":{"line":174,"column":74},"end":{"line":174,"column":94}}],"line":174},"28":{"loc":{"start":{"line":175,"column":23},"end":{"line":175,"column":118}},"type":"binary-expr","locations":[{"start":{"line":175,"column":23},"end":{"line":175,"column":49}},{"start":{"line":175,"column":53},"end":{"line":175,"column":85}},{"start":{"line":175,"column":89},"end":{"line":175,"column":118}}],"line":175},"29":{"loc":{"start":{"line":176,"column":21},"end":{"line":176,"column":112}},"type":"binary-expr","locations":[{"start":{"line":176,"column":21},"end":{"line":176,"column":44}},{"start":{"line":176,"column":48},"end":{"line":176,"column":79}},{"start":{"line":176,"column":83},"end":{"line":176,"column":112}}],"line":176},"30":{"loc":{"start":{"line":177,"column":25},"end":{"line":177,"column":94}},"type":"binary-expr","locations":[{"start":{"line":177,"column":25},"end":{"line":177,"column":54}},{"start":{"line":177,"column":58},"end":{"line":177,"column":94}}],"line":177},"31":{"loc":{"start":{"line":179,"column":6},"end":{"line":183,"column":7}},"type":"if","locations":[{"start":{"line":179,"column":6},"end":{"line":183,"column":7}},{"start":{},"end":{}}],"line":179},"32":{"loc":{"start":{"line":203,"column":17},"end":{"line":203,"column":88}},"type":"cond-expr","locations":[{"start":{"line":203,"column":35},"end":{"line":203,"column":55}},{"start":{"line":203,"column":58},"end":{"line":203,"column":88}}],"line":203},"33":{"loc":{"start":{"line":209,"column":2},"end":{"line":211,"column":3}},"type":"if","locations":[{"start":{"line":209,"column":2},"end":{"line":211,"column":3}},{"start":{},"end":{}}],"line":209},"34":{"loc":{"start":{"line":214,"column":2},"end":{"line":216,"column":3}},"type":"if","locations":[{"start":{"line":214,"column":2},"end":{"line":216,"column":3}},{"start":{},"end":{}}],"line":214},"35":{"loc":{"start":{"line":219,"column":2},"end":{"line":221,"column":3}},"type":"if","locations":[{"start":{"line":219,"column":2},"end":{"line":221,"column":3}},{"start":{},"end":{}}],"line":219},"36":{"loc":{"start":{"line":223,"column":21},"end":{"line":223,"column":76}},"type":"binary-expr","locations":[{"start":{"line":223,"column":21},"end":{"line":223,"column":43}},{"start":{"line":223,"column":47},"end":{"line":223,"column":76}}],"line":223},"37":{"loc":{"start":{"line":224,"column":2},"end":{"line":226,"column":3}},"type":"if","locations":[{"start":{"line":224,"column":2},"end":{"line":226,"column":3}},{"start":{},"end":{}}],"line":224},"38":{"loc":{"start":{"line":229,"column":2},"end":{"line":231,"column":3}},"type":"if","locations":[{"start":{"line":229,"column":2},"end":{"line":231,"column":3}},{"start":{},"end":{}}],"line":229},"39":{"loc":{"start":{"line":229,"column":6},"end":{"line":229,"column":21}},"type":"binary-expr","locations":[{"start":{"line":229,"column":6},"end":{"line":229,"column":12}},{"start":{"line":229,"column":16},"end":{"line":229,"column":21}}],"line":229},"40":{"loc":{"start":{"line":233,"column":29},"end":{"line":233,"column":57}},"type":"binary-expr","locations":[{"start":{"line":233,"column":29},"end":{"line":233,"column":45}},{"start":{"line":233,"column":49},"end":{"line":233,"column":57}}],"line":233},"41":{"loc":{"start":{"line":234,"column":26},"end":{"line":234,"column":80}},"type":"binary-expr","locations":[{"start":{"line":234,"column":26},"end":{"line":234,"column":47}},{"start":{"line":234,"column":51},"end":{"line":234,"column":72}},{"start":{"line":234,"column":76},"end":{"line":234,"column":80}}],"line":234},"42":{"loc":{"start":{"line":235,"column":30},"end":{"line":235,"column":97}},"type":"binary-expr","locations":[{"start":{"line":235,"column":30},"end":{"line":235,"column":56}},{"start":{"line":235,"column":60},"end":{"line":235,"column":86}},{"start":{"line":235,"column":90},"end":{"line":235,"column":97}}],"line":235},"43":{"loc":{"start":{"line":236,"column":28},"end":{"line":236,"column":98}},"type":"binary-expr","locations":[{"start":{"line":236,"column":28},"end":{"line":236,"column":58}},{"start":{"line":236,"column":62},"end":{"line":236,"column":92}},{"start":{"line":236,"column":96},"end":{"line":236,"column":98}}],"line":236},"44":{"loc":{"start":{"line":237,"column":27},"end":{"line":237,"column":100}},"type":"binary-expr","locations":[{"start":{"line":237,"column":27},"end":{"line":237,"column":56}},{"start":{"line":237,"column":60},"end":{"line":237,"column":89}},{"start":{"line":237,"column":93},"end":{"line":237,"column":100}}],"line":237},"45":{"loc":{"start":{"line":238,"column":30},"end":{"line":238,"column":112}},"type":"binary-expr","locations":[{"start":{"line":238,"column":30},"end":{"line":238,"column":53}},{"start":{"line":238,"column":57},"end":{"line":238,"column":80}},{"start":{"line":238,"column":84},"end":{"line":238,"column":112}}],"line":238},"46":{"loc":{"start":{"line":244,"column":13},"end":{"line":244,"column":84}},"type":"binary-expr","locations":[{"start":{"line":244,"column":13},"end":{"line":244,"column":38}},{"start":{"line":244,"column":42},"end":{"line":244,"column":67}},{"start":{"line":244,"column":71},"end":{"line":244,"column":84}}],"line":244},"47":{"loc":{"start":{"line":245,"column":12},"end":{"line":245,"column":96}},"type":"binary-expr","locations":[{"start":{"line":245,"column":12},"end":{"line":245,"column":36}},{"start":{"line":245,"column":40},"end":{"line":245,"column":64}},{"start":{"line":245,"column":68},"end":{"line":245,"column":96}}],"line":245},"48":{"loc":{"start":{"line":248,"column":34},"end":{"line":248,"column":124}},"type":"binary-expr","locations":[{"start":{"line":248,"column":34},"end":{"line":248,"column":72}},{"start":{"line":248,"column":76},"end":{"line":248,"column":114}},{"start":{"line":248,"column":118},"end":{"line":248,"column":124}}],"line":248},"49":{"loc":{"start":{"line":251,"column":14},"end":{"line":251,"column":121}},"type":"binary-expr","locations":[{"start":{"line":251,"column":14},"end":{"line":251,"column":46}},{"start":{"line":251,"column":50},"end":{"line":251,"column":82}},{"start":{"line":251,"column":86},"end":{"line":251,"column":115}},{"start":{"line":251,"column":119},"end":{"line":251,"column":121}}],"line":251},"50":{"loc":{"start":{"line":252,"column":11},"end":{"line":252,"column":121}},"type":"binary-expr","locations":[{"start":{"line":252,"column":11},"end":{"line":252,"column":40}},{"start":{"line":252,"column":44},"end":{"line":252,"column":73}},{"start":{"line":252,"column":77},"end":{"line":252,"column":104}},{"start":{"line":252,"column":108},"end":{"line":252,"column":121}}],"line":252},"51":{"loc":{"start":{"line":253,"column":11},"end":{"line":253,"column":147}},"type":"binary-expr","locations":[{"start":{"line":253,"column":11},"end":{"line":253,"column":40}},{"start":{"line":253,"column":44},"end":{"line":253,"column":73}},{"start":{"line":253,"column":77},"end":{"line":253,"column":108}},{"start":{"line":253,"column":112},"end":{"line":253,"column":141}},{"start":{"line":253,"column":145},"end":{"line":253,"column":147}}],"line":253},"52":{"loc":{"start":{"line":254,"column":17},"end":{"line":254,"column":112}},"type":"binary-expr","locations":[{"start":{"line":254,"column":17},"end":{"line":254,"column":53}},{"start":{"line":254,"column":57},"end":{"line":254,"column":93}},{"start":{"line":254,"column":97},"end":{"line":254,"column":112}}],"line":254},"53":{"loc":{"start":{"line":271,"column":26},"end":{"line":271,"column":85}},"type":"binary-expr","locations":[{"start":{"line":271,"column":26},"end":{"line":271,"column":55}},{"start":{"line":271,"column":59},"end":{"line":271,"column":85}}],"line":271},"54":{"loc":{"start":{"line":274,"column":2},"end":{"line":307,"column":3}},"type":"if","locations":[{"start":{"line":274,"column":2},"end":{"line":307,"column":3}},{"start":{"line":297,"column":9},"end":{"line":307,"column":3}}],"line":274},"55":{"loc":{"start":{"line":285,"column":4},"end":{"line":296,"column":5}},"type":"if","locations":[{"start":{"line":285,"column":4},"end":{"line":296,"column":5}},{"start":{},"end":{}}],"line":285},"56":{"loc":{"start":{"line":310,"column":57},"end":{"line":310,"column":85}},"type":"binary-expr","locations":[{"start":{"line":310,"column":57},"end":{"line":310,"column":69}},{"start":{"line":310,"column":73},"end":{"line":310,"column":85}}],"line":310},"57":{"loc":{"start":{"line":311,"column":2},"end":{"line":318,"column":3}},"type":"if","locations":[{"start":{"line":311,"column":2},"end":{"line":318,"column":3}},{"start":{},"end":{}}],"line":311},"58":{"loc":{"start":{"line":311,"column":6},"end":{"line":311,"column":71}},"type":"binary-expr","locations":[{"start":{"line":311,"column":6},"end":{"line":311,"column":37}},{"start":{"line":311,"column":41},"end":{"line":311,"column":71}}],"line":311},"59":{"loc":{"start":{"line":312,"column":22},"end":{"line":314,"column":69}},"type":"cond-expr","locations":[{"start":{"line":313,"column":9},"end":{"line":313,"column":66}},{"start":{"line":314,"column":9},"end":{"line":314,"column":68}}],"line":312},"60":{"loc":{"start":{"line":313,"column":9},"end":{"line":313,"column":66}},"type":"binary-expr","locations":[{"start":{"line":313,"column":9},"end":{"line":313,"column":36}},{"start":{"line":313,"column":40},"end":{"line":313,"column":66}}],"line":313},"61":{"loc":{"start":{"line":314,"column":9},"end":{"line":314,"column":68}},"type":"binary-expr","locations":[{"start":{"line":314,"column":9},"end":{"line":314,"column":35}},{"start":{"line":314,"column":39},"end":{"line":314,"column":68}}],"line":314},"62":{"loc":{"start":{"line":315,"column":4},"end":{"line":317,"column":5}},"type":"if","locations":[{"start":{"line":315,"column":4},"end":{"line":317,"column":5}},{"start":{},"end":{}}],"line":315},"63":{"loc":{"start":{"line":333,"column":2},"end":{"line":350,"column":3}},"type":"if","locations":[{"start":{"line":333,"column":2},"end":{"line":350,"column":3}},{"start":{},"end":{}}],"line":333},"64":{"loc":{"start":{"line":333,"column":6},"end":{"line":333,"column":141}},"type":"binary-expr","locations":[{"start":{"line":333,"column":6},"end":{"line":333,"column":21}},{"start":{"line":333,"column":25},"end":{"line":333,"column":141}}],"line":333},"65":{"loc":{"start":{"line":344,"column":4},"end":{"line":347,"column":5}},"type":"if","locations":[{"start":{"line":344,"column":4},"end":{"line":347,"column":5}},{"start":{},"end":{}}],"line":344},"66":{"loc":{"start":{"line":366,"column":23},"end":{"line":366,"column":78}},"type":"binary-expr","locations":[{"start":{"line":366,"column":23},"end":{"line":366,"column":45}},{"start":{"line":366,"column":49},"end":{"line":366,"column":78}}],"line":366},"67":{"loc":{"start":{"line":369,"column":4},"end":{"line":397,"column":5}},"type":"if","locations":[{"start":{"line":369,"column":4},"end":{"line":397,"column":5}},{"start":{},"end":{}}],"line":369},"68":{"loc":{"start":{"line":369,"column":8},"end":{"line":369,"column":48}},"type":"binary-expr","locations":[{"start":{"line":369,"column":8},"end":{"line":369,"column":19}},{"start":{"line":369,"column":23},"end":{"line":369,"column":33}},{"start":{"line":369,"column":37},"end":{"line":369,"column":48}}],"line":369},"69":{"loc":{"start":{"line":372,"column":33},"end":{"line":372,"column":61}},"type":"binary-expr","locations":[{"start":{"line":372,"column":33},"end":{"line":372,"column":49}},{"start":{"line":372,"column":53},"end":{"line":372,"column":61}}],"line":372},"70":{"loc":{"start":{"line":406,"column":0},"end":{"line":415,"column":1}},"type":"if","locations":[{"start":{"line":406,"column":0},"end":{"line":415,"column":1}},{"start":{},"end":{}}],"line":406},"71":{"loc":{"start":{"line":406,"column":4},"end":{"line":406,"column":51}},"type":"binary-expr","locations":[{"start":{"line":406,"column":4},"end":{"line":406,"column":33}},{"start":{"line":406,"column":37},"end":{"line":406,"column":51}}],"line":406}},"s":{"0":5,"1":5,"2":5,"3":5,"4":5,"5":5,"6":5,"7":5,"8":5,"9":16,"10":16,"11":16,"12":16,"13":42,"14":42,"15":3,"16":13,"17":0,"18":0,"19":0,"20":0,"21":8,"22":8,"23":1,"24":7,"25":7,"26":0,"27":0,"28":0,"29":0,"30":7,"31":7,"32":7,"33":1,"34":6,"35":1,"36":1,"37":0,"38":0,"39":0,"40":0,"41":0,"42":0,"43":0,"44":0,"45":0,"46":0,"47":0,"48":0,"49":0,"50":0,"51":0,"52":0,"53":0,"54":0,"55":0,"56":0,"57":0,"58":0,"59":0,"60":0,"61":0,"62":0,"63":0,"64":0,"65":0,"66":0,"67":0,"68":0,"69":0,"70":0,"71":0,"72":0,"73":0,"74":0,"75":0,"76":0,"77":0,"78":0,"79":0,"80":0,"81":0,"82":0,"83":0,"84":0,"85":0,"86":0,"87":0,"88":0,"89":0,"90":0,"91":0,"92":0,"93":0,"94":0,"95":0,"96":0,"97":0,"98":0,"99":0,"100":0,"101":0,"102":0,"103":0,"104":0,"105":0,"106":5,"107":5,"108":5,"109":0,"110":0,"111":0,"112":0,"113":0,"114":0,"115":0,"116":0,"117":0,"118":0,"119":0,"120":0,"121":0,"122":0,"123":0,"124":0,"125":0,"126":0,"127":0,"128":0,"129":0,"130":0,"131":0,"132":0,"133":0,"134":0,"135":0,"136":0,"137":0,"138":0,"139":0,"140":0,"141":0,"142":0,"143":0,"144":0,"145":0,"146":0,"147":0,"148":0,"149":0,"150":0,"151":0,"152":0,"153":0,"154":0,"155":0,"156":0,"157":0,"158":0,"159":0,"160":0,"161":0,"162":0,"163":0,"164":0,"165":0,"166":0,"167":0,"168":5,"169":5,"170":5,"171":5,"172":5,"173":5,"174":5,"175":0,"176":0,"177":0,"178":0,"179":0,"180":0,"181":0,"182":5,"183":5,"184":5},"f":{"0":16,"1":0,"2":8,"3":1,"4":0,"5":0,"6":0,"7":5,"8":0,"9":0,"10":0,"11":5},"b":{"0":[15],"1":[3,39],"2":[42,3,3],"3":[8,7,7],"4":[1,7],"5":[0,7],"6":[7,0],"7":[0,0,0],"8":[0,0],"9":[7,6,6],"10":[1,6],"11":[0,0],"12":[0,0],"13":[0,0],"14":[0,0],"15":[0,0],"16":[0,0],"17":[0,0],"18":[0],"19":[0],"20":[0,0],"21":[0,0],"22":[0,0],"23":[0,0],"24":[0,0],"25":[0,0],"26":[0,0],"27":[0,0,0],"28":[0,0,0],"29":[0,0,0],"30":[0,0],"31":[0,0],"32":[0,0],"33":[5,0],"34":[0,0],"35":[0,0],"36":[0,0],"37":[0,0],"38":[0,0],"39":[0,0],"40":[0,0],"41":[0,0,0],"42":[0,0,0],"43":[0,0,0],"44":[0,0,0],"45":[0,0,0],"46":[0,0,0],"47":[0,0,0],"48":[0,0,0],"49":[0,0,0,0],"50":[0,0,0,0],"51":[0,0,0,0,0],"52":[0,0,0],"53":[0,0],"54":[0,0],"55":[0,0],"56":[0,0],"57":[0,0],"58":[0,0],"59":[0,0],"60":[0,0],"61":[0,0],"62":[0,0],"63":[0,0],"64":[0,0],"65":[0,0],"66":[5,5],"67":[0,5],"68":[5,0,0],"69":[0,0],"70":[5,0],"71":[5,5]},"_coverageSchema":"1a1c01bbd47fc00a2c39e90264f33305004495a9","hash":"2a656173f67bf6d32a381a993fa013343f3855c2"}
,"/Users/saym/Documents/GitHub/ai-code-reviewer/next-gen-ai-reviewer/src/promptBuilder.js": {"path":"/Users/saym/Documents/GitHub/ai-code-reviewer/next-gen-ai-reviewer/src/promptBuilder.js","statementMap":{"0":{"start":{"line":1,"column":21},"end":{"line":20,"column":1}},"1":{"start":{"line":23,"column":2},"end":{"line":25,"column":3}},"2":{"start":{"line":24,"column":4},"end":{"line":24,"column":14}},"3":{"start":{"line":27,"column":2},"end":{"line":33,"column":5}},"4":{"start":{"line":28,"column":18},"end":{"line":28,"column":30}},"5":{"start":{"line":29,"column":4},"end":{"line":31,"column":5}},"6":{"start":{"line":30,"column":6},"end":{"line":30,"column":16}},"7":{"start":{"line":32,"column":4},"end":{"line":32,"column":25}},"8":{"start":{"line":37,"column":16},"end":{"line":37,"column":45}},"9":{"start":{"line":38,"column":2},"end":{"line":40,"column":3}},"10":{"start":{"line":39,"column":4},"end":{"line":39,"column":21}},"11":{"start":{"line":41,"column":2},"end":{"line":43,"column":3}},"12":{"start":{"line":42,"column":4},"end":{"line":42,"column":25}},"13":{"start":{"line":44,"column":2},"end":{"line":44,"column":18}},"14":{"start":{"line":48,"column":21},"end":{"line":48,"column":52}},"15":{"start":{"line":49,"column":2},"end":{"line":51,"column":3}},"16":{"start":{"line":50,"column":4},"end":{"line":50,"column":21}},"17":{"start":{"line":52,"column":2},"end":{"line":54,"column":3}},"18":{"start":{"line":53,"column":4},"end":{"line":53,"column":22}},"19":{"start":{"line":55,"column":2},"end":{"line":55,"column":44}},"20":{"start":{"line":59,"column":23},"end":{"line":61,"column":3}},"21":{"start":{"line":63,"column":2},"end":{"line":66,"column":3}},"22":{"start":{"line":64,"column":17},"end":{"line":64,"column":125}},"23":{"start":{"line":65,"column":4},"end":{"line":65,"column":46}},"24":{"start":{"line":68,"column":2},"end":{"line":68,"column":33}},"25":{"start":{"line":72,"column":25},"end":{"line":72,"column":44}},"26":{"start":{"line":73,"column":23},"end":{"line":73,"column":51}},"27":{"start":{"line":75,"column":2},"end":{"line":77,"column":3}},"28":{"start":{"line":76,"column":4},"end":{"line":76,"column":16}},"29":{"start":{"line":79,"column":17},"end":{"line":79,"column":52}},"30":{"start":{"line":80,"column":19},"end":{"line":80,"column":124}},"31":{"start":{"line":81,"column":22},"end":{"line":81,"column":86}},"32":{"start":{"line":83,"column":23},"end":{"line":83,"column":98}},"33":{"start":{"line":84,"column":19},"end":{"line":84,"column":86}},"34":{"start":{"line":86,"column":23},"end":{"line":86,"column":101}},"35":{"start":{"line":88,"column":27},"end":{"line":88,"column":29}},"36":{"start":{"line":89,"column":2},"end":{"line":91,"column":3}},"37":{"start":{"line":90,"column":4},"end":{"line":90,"column":67}},"38":{"start":{"line":92,"column":2},"end":{"line":94,"column":3}},"39":{"start":{"line":93,"column":4},"end":{"line":93,"column":52}},"40":{"start":{"line":96,"column":28},"end":{"line":96,"column":119}},"41":{"start":{"line":99,"column":24},"end":{"line":110,"column":33}},"42":{"start":{"line":101,"column":22},"end":{"line":101,"column":116}},"43":{"start":{"line":103,"column":8},"end":{"line":106,"column":9}},"44":{"start":{"line":104,"column":23},"end":{"line":104,"column":131}},"45":{"start":{"line":105,"column":10},"end":{"line":105,"column":45}},"46":{"start":{"line":108,"column":8},"end":{"line":108,"column":32}},"47":{"start":{"line":112,"column":21},"end":{"line":123,"column":2}},"48":{"start":{"line":125,"column":2},"end":{"line":170,"column":90}},"49":{"start":{"line":174,"column":25},"end":{"line":174,"column":44}},"50":{"start":{"line":175,"column":23},"end":{"line":175,"column":51}},"51":{"start":{"line":177,"column":17},"end":{"line":177,"column":52}},"52":{"start":{"line":178,"column":19},"end":{"line":178,"column":124}},"53":{"start":{"line":179,"column":22},"end":{"line":179,"column":86}},"54":{"start":{"line":180,"column":24},"end":{"line":182,"column":63}},"55":{"start":{"line":181,"column":33},"end":{"line":181,"column":70}},"56":{"start":{"line":184,"column":23},"end":{"line":184,"column":98}},"57":{"start":{"line":185,"column":19},"end":{"line":185,"column":86}},"58":{"start":{"line":186,"column":25},"end":{"line":186,"column":54}},"59":{"start":{"line":187,"column":23},"end":{"line":187,"column":50}},"60":{"start":{"line":188,"column":19},"end":{"line":188,"column":53}},"61":{"start":{"line":190,"column":23},"end":{"line":190,"column":101}},"62":{"start":{"line":192,"column":27},"end":{"line":192,"column":29}},"63":{"start":{"line":193,"column":2},"end":{"line":195,"column":3}},"64":{"start":{"line":194,"column":4},"end":{"line":194,"column":67}},"65":{"start":{"line":196,"column":2},"end":{"line":198,"column":3}},"66":{"start":{"line":197,"column":4},"end":{"line":197,"column":52}},"67":{"start":{"line":199,"column":2},"end":{"line":203,"column":3}},"68":{"start":{"line":200,"column":4},"end":{"line":202,"column":6}},"69":{"start":{"line":204,"column":2},"end":{"line":208,"column":3}},"70":{"start":{"line":205,"column":4},"end":{"line":207,"column":6}},"71":{"start":{"line":210,"column":28},"end":{"line":210,"column":119}},"72":{"start":{"line":212,"column":26},"end":{"line":229,"column":3}},"73":{"start":{"line":231,"column":2},"end":{"line":233,"column":3}},"74":{"start":{"line":232,"column":4},"end":{"line":232,"column":53}},"75":{"start":{"line":235,"column":2},"end":{"line":235,"column":490}},"76":{"start":{"line":238,"column":0},"end":{"line":243,"column":2}}},"fnMap":{"0":{"name":"renderTemplate","decl":{"start":{"line":22,"column":9},"end":{"line":22,"column":23}},"loc":{"start":{"line":22,"column":43},"end":{"line":34,"column":1}},"line":22},"1":{"name":"(anonymous_1)","decl":{"start":{"line":27,"column":49},"end":{"line":27,"column":50}},"loc":{"start":{"line":27,"column":61},"end":{"line":33,"column":3}},"line":27},"2":{"name":"normalizeTask","decl":{"start":{"line":36,"column":9},"end":{"line":36,"column":22}},"loc":{"start":{"line":36,"column":38},"end":{"line":45,"column":1}},"line":36},"3":{"name":"sanitizeMultiline","decl":{"start":{"line":47,"column":9},"end":{"line":47,"column":26}},"loc":{"start":{"line":47,"column":53},"end":{"line":56,"column":1}},"line":47},"4":{"name":"formatFile","decl":{"start":{"line":58,"column":9},"end":{"line":58,"column":19}},"loc":{"start":{"line":58,"column":47},"end":{"line":69,"column":1}},"line":58},"5":{"name":"buildInlineReviewPrompt","decl":{"start":{"line":71,"column":9},"end":{"line":71,"column":32}},"loc":{"start":{"line":71,"column":123},"end":{"line":171,"column":1}},"line":71},"6":{"name":"(anonymous_6)","decl":{"start":{"line":100,"column":16},"end":{"line":100,"column":17}},"loc":{"start":{"line":100,"column":33},"end":{"line":109,"column":7}},"line":100},"7":{"name":"buildPrompt","decl":{"start":{"line":173,"column":9},"end":{"line":173,"column":20}},"loc":{"start":{"line":173,"column":111},"end":{"line":236,"column":1}},"line":173},"8":{"name":"(anonymous_8)","decl":{"start":{"line":181,"column":16},"end":{"line":181,"column":17}},"loc":{"start":{"line":181,"column":33},"end":{"line":181,"column":70}},"line":181}},"branchMap":{"0":{"loc":{"start":{"line":23,"column":2},"end":{"line":25,"column":3}},"type":"if","locations":[{"start":{"line":23,"column":2},"end":{"line":25,"column":3}},{"start":{},"end":{}}],"line":23},"1":{"loc":{"start":{"line":29,"column":4},"end":{"line":31,"column":5}},"type":"if","locations":[{"start":{"line":29,"column":4},"end":{"line":31,"column":5}},{"start":{},"end":{}}],"line":29},"2":{"loc":{"start":{"line":29,"column":8},"end":{"line":29,"column":45}},"type":"binary-expr","locations":[{"start":{"line":29,"column":8},"end":{"line":29,"column":27}},{"start":{"line":29,"column":31},"end":{"line":29,"column":45}}],"line":29},"3":{"loc":{"start":{"line":36,"column":23},"end":{"line":36,"column":36}},"type":"default-arg","locations":[{"start":{"line":36,"column":34},"end":{"line":36,"column":36}}],"line":36},"4":{"loc":{"start":{"line":38,"column":2},"end":{"line":40,"column":3}},"type":"if","locations":[{"start":{"line":38,"column":2},"end":{"line":40,"column":3}},{"start":{},"end":{}}],"line":38},"5":{"loc":{"start":{"line":41,"column":2},"end":{"line":43,"column":3}},"type":"if","locations":[{"start":{"line":41,"column":2},"end":{"line":43,"column":3}},{"start":{},"end":{}}],"line":41},"6":{"loc":{"start":{"line":47,"column":27},"end":{"line":47,"column":37}},"type":"default-arg","locations":[{"start":{"line":47,"column":35},"end":{"line":47,"column":37}}],"line":47},"7":{"loc":{"start":{"line":47,"column":39},"end":{"line":47,"column":51}},"type":"default-arg","locations":[{"start":{"line":47,"column":47},"end":{"line":47,"column":51}}],"line":47},"8":{"loc":{"start":{"line":49,"column":2},"end":{"line":51,"column":3}},"type":"if","locations":[{"start":{"line":49,"column":2},"end":{"line":51,"column":3}},{"start":{},"end":{}}],"line":49},"9":{"loc":{"start":{"line":52,"column":2},"end":{"line":54,"column":3}},"type":"if","locations":[{"start":{"line":52,"column":2},"end":{"line":54,"column":3}},{"start":{},"end":{}}],"line":52},"10":{"loc":{"start":{"line":60,"column":53},"end":{"line":60,"column":93}},"type":"cond-expr","locations":[{"start":{"line":60,"column":68},"end":{"line":60,"column":88}},{"start":{"line":60,"column":91},"end":{"line":60,"column":93}}],"line":60},"11":{"loc":{"start":{"line":63,"column":2},"end":{"line":66,"column":3}},"type":"if","locations":[{"start":{"line":63,"column":2},"end":{"line":66,"column":3}},{"start":{},"end":{}}],"line":63},"12":{"loc":{"start":{"line":64,"column":17},"end":{"line":64,"column":125}},"type":"cond-expr","locations":[{"start":{"line":64,"column":52},"end":{"line":64,"column":112}},{"start":{"line":64,"column":115},"end":{"line":64,"column":125}}],"line":64},"13":{"loc":{"start":{"line":71,"column":60},"end":{"line":71,"column":80}},"type":"default-arg","locations":[{"start":{"line":71,"column":75},"end":{"line":71,"column":80}}],"line":71},"14":{"loc":{"start":{"line":71,"column":82},"end":{"line":71,"column":104}},"type":"default-arg","locations":[{"start":{"line":71,"column":102},"end":{"line":71,"column":104}}],"line":71},"15":{"loc":{"start":{"line":71,"column":106},"end":{"line":71,"column":119}},"type":"default-arg","locations":[{"start":{"line":71,"column":117},"end":{"line":71,"column":119}}],"line":71},"16":{"loc":{"start":{"line":75,"column":2},"end":{"line":77,"column":3}},"type":"if","locations":[{"start":{"line":75,"column":2},"end":{"line":77,"column":3}},{"start":{},"end":{}}],"line":75},"17":{"loc":{"start":{"line":79,"column":17},"end":{"line":79,"column":52}},"type":"binary-expr","locations":[{"start":{"line":79,"column":17},"end":{"line":79,"column":39}},{"start":{"line":79,"column":43},"end":{"line":79,"column":52}}],"line":79},"18":{"loc":{"start":{"line":81,"column":40},"end":{"line":81,"column":85}},"type":"binary-expr","locations":[{"start":{"line":81,"column":40},"end":{"line":81,"column":55}},{"start":{"line":81,"column":59},"end":{"line":81,"column":85}}],"line":81},"19":{"loc":{"start":{"line":83,"column":23},"end":{"line":83,"column":98}},"type":"cond-expr","locations":[{"start":{"line":83,"column":47},"end":{"line":83,"column":93}},{"start":{"line":83,"column":96},"end":{"line":83,"column":98}}],"line":83},"20":{"loc":{"start":{"line":84,"column":19},"end":{"line":84,"column":86}},"type":"cond-expr","locations":[{"start":{"line":84,"column":39},"end":{"line":84,"column":81}},{"start":{"line":84,"column":84},"end":{"line":84,"column":86}}],"line":84},"21":{"loc":{"start":{"line":86,"column":23},"end":{"line":86,"column":101}},"type":"cond-expr","locations":[{"start":{"line":86,"column":50},"end":{"line":86,"column":96}},{"start":{"line":86,"column":99},"end":{"line":86,"column":101}}],"line":86},"22":{"loc":{"start":{"line":89,"column":2},"end":{"line":91,"column":3}},"type":"if","locations":[{"start":{"line":89,"column":2},"end":{"line":91,"column":3}},{"start":{},"end":{}}],"line":89},"23":{"loc":{"start":{"line":92,"column":2},"end":{"line":94,"column":3}},"type":"if","locations":[{"start":{"line":92,"column":2},"end":{"line":94,"column":3}},{"start":{},"end":{}}],"line":92},"24":{"loc":{"start":{"line":96,"column":28},"end":{"line":96,"column":119}},"type":"cond-expr","locations":[{"start":{"line":96,"column":54},"end":{"line":96,"column":114}},{"start":{"line":96,"column":117},"end":{"line":96,"column":119}}],"line":96},"25":{"loc":{"start":{"line":99,"column":24},"end":{"line":110,"column":33}},"type":"cond-expr","locations":[{"start":{"line":100,"column":6},"end":{"line":109,"column":21}},{"start":{"line":110,"column":6},"end":{"line":110,"column":33}}],"line":99},"26":{"loc":{"start":{"line":101,"column":72},"end":{"line":101,"column":112}},"type":"cond-expr","locations":[{"start":{"line":101,"column":87},"end":{"line":101,"column":107}},{"start":{"line":101,"column":110},"end":{"line":101,"column":112}}],"line":101},"27":{"loc":{"start":{"line":103,"column":8},"end":{"line":106,"column":9}},"type":"if","locations":[{"start":{"line":103,"column":8},"end":{"line":106,"column":9}},{"start":{},"end":{}}],"line":103},"28":{"loc":{"start":{"line":104,"column":23},"end":{"line":104,"column":131}},"type":"cond-expr","locations":[{"start":{"line":104,"column":58},"end":{"line":104,"column":118}},{"start":{"line":104,"column":121},"end":{"line":104,"column":131}}],"line":104},"29":{"loc":{"start":{"line":173,"column":48},"end":{"line":173,"column":68}},"type":"default-arg","locations":[{"start":{"line":173,"column":63},"end":{"line":173,"column":68}}],"line":173},"30":{"loc":{"start":{"line":173,"column":70},"end":{"line":173,"column":92}},"type":"default-arg","locations":[{"start":{"line":173,"column":90},"end":{"line":173,"column":92}}],"line":173},"31":{"loc":{"start":{"line":173,"column":94},"end":{"line":173,"column":107}},"type":"default-arg","locations":[{"start":{"line":173,"column":105},"end":{"line":173,"column":107}}],"line":173},"32":{"loc":{"start":{"line":177,"column":17},"end":{"line":177,"column":52}},"type":"binary-expr","locations":[{"start":{"line":177,"column":17},"end":{"line":177,"column":39}},{"start":{"line":177,"column":43},"end":{"line":177,"column":52}}],"line":177},"33":{"loc":{"start":{"line":179,"column":40},"end":{"line":179,"column":85}},"type":"binary-expr","locations":[{"start":{"line":179,"column":40},"end":{"line":179,"column":55}},{"start":{"line":179,"column":59},"end":{"line":179,"column":85}}],"line":179},"34":{"loc":{"start":{"line":180,"column":24},"end":{"line":182,"column":63}},"type":"cond-expr","locations":[{"start":{"line":181,"column":6},"end":{"line":181,"column":84}},{"start":{"line":182,"column":6},"end":{"line":182,"column":63}}],"line":180},"35":{"loc":{"start":{"line":184,"column":23},"end":{"line":184,"column":98}},"type":"cond-expr","locations":[{"start":{"line":184,"column":47},"end":{"line":184,"column":93}},{"start":{"line":184,"column":96},"end":{"line":184,"column":98}}],"line":184},"36":{"loc":{"start":{"line":185,"column":19},"end":{"line":185,"column":86}},"type":"cond-expr","locations":[{"start":{"line":185,"column":39},"end":{"line":185,"column":81}},{"start":{"line":185,"column":84},"end":{"line":185,"column":86}}],"line":185},"37":{"loc":{"start":{"line":186,"column":25},"end":{"line":186,"column":54}},"type":"binary-expr","locations":[{"start":{"line":186,"column":25},"end":{"line":186,"column":48}},{"start":{"line":186,"column":52},"end":{"line":186,"column":54}}],"line":186},"38":{"loc":{"start":{"line":187,"column":23},"end":{"line":187,"column":50}},"type":"binary-expr","locations":[{"start":{"line":187,"column":23},"end":{"line":187,"column":44}},{"start":{"line":187,"column":48},"end":{"line":187,"column":50}}],"line":187},"39":{"loc":{"start":{"line":190,"column":23},"end":{"line":190,"column":101}},"type":"cond-expr","locations":[{"start":{"line":190,"column":50},"end":{"line":190,"column":96}},{"start":{"line":190,"column":99},"end":{"line":190,"column":101}}],"line":190},"40":{"loc":{"start":{"line":193,"column":2},"end":{"line":195,"column":3}},"type":"if","locations":[{"start":{"line":193,"column":2},"end":{"line":195,"column":3}},{"start":{},"end":{}}],"line":193},"41":{"loc":{"start":{"line":196,"column":2},"end":{"line":198,"column":3}},"type":"if","locations":[{"start":{"line":196,"column":2},"end":{"line":198,"column":3}},{"start":{},"end":{}}],"line":196},"42":{"loc":{"start":{"line":199,"column":2},"end":{"line":203,"column":3}},"type":"if","locations":[{"start":{"line":199,"column":2},"end":{"line":203,"column":3}},{"start":{},"end":{}}],"line":199},"43":{"loc":{"start":{"line":204,"column":2},"end":{"line":208,"column":3}},"type":"if","locations":[{"start":{"line":204,"column":2},"end":{"line":208,"column":3}},{"start":{},"end":{}}],"line":204},"44":{"loc":{"start":{"line":210,"column":28},"end":{"line":210,"column":119}},"type":"cond-expr","locations":[{"start":{"line":210,"column":54},"end":{"line":210,"column":114}},{"start":{"line":210,"column":117},"end":{"line":210,"column":119}}],"line":210},"45":{"loc":{"start":{"line":231,"column":2},"end":{"line":233,"column":3}},"type":"if","locations":[{"start":{"line":231,"column":2},"end":{"line":233,"column":3}},{"start":{},"end":{}}],"line":231}},"s":{"0":6,"1":0,"2":0,"3":0,"4":0,"5":0,"6":0,"7":0,"8":22,"9":22,"10":5,"11":17,"12":5,"13":12,"14":12,"15":12,"16":0,"17":12,"18":12,"19":0,"20":5,"21":5,"22":5,"23":5,"24":5,"25":5,"26":5,"27":5,"28":1,"29":4,"30":4,"31":4,"32":4,"33":4,"34":4,"35":4,"36":4,"37":0,"38":4,"39":0,"40":4,"41":4,"42":4,"43":4,"44":4,"45":4,"46":4,"47":4,"48":4,"49":6,"50":6,"51":6,"52":6,"53":6,"54":6,"55":5,"56":6,"57":6,"58":6,"59":6,"60":6,"61":6,"62":6,"63":6,"64":1,"65":6,"66":1,"67":6,"68":0,"69":6,"70":0,"71":6,"72":6,"73":6,"74":0,"75":6,"76":6},"f":{"0":0,"1":0,"2":22,"3":12,"4":5,"5":5,"6":4,"7":6,"8":5},"b":{"0":[0,0],"1":[0,0],"2":[0,0],"3":[1],"4":[5,17],"5":[5,12],"6":[0],"7":[10],"8":[0,12],"9":[12,0],"10":[4,1],"11":[5,0],"12":[1,4],"13":[5],"14":[5],"15":[5],"16":[1,4],"17":[4,0],"18":[4,0],"19":[0,4],"20":[0,4],"21":[0,4],"22":[0,4],"23":[0,4],"24":[0,4],"25":[4,0],"26":[4,0],"27":[4,0],"28":[0,4],"29":[5],"30":[5],"31":[5],"32":[6,0],"33":[6,0],"34":[5,1],"35":[1,5],"36":[1,5],"37":[6,6],"38":[6,6],"39":[1,5],"40":[1,5],"41":[1,5],"42":[0,6],"43":[0,6],"44":[1,5],"45":[0,6]},"_coverageSchema":"1a1c01bbd47fc00a2c39e90264f33305004495a9","hash":"06d388373a72ffaad99df7f398775983dec48efb"}
,"/Users/saym/Documents/GitHub/ai-code-reviewer/next-gen-ai-reviewer/src/reviewFormatter.js": {"path":"/Users/saym/Documents/GitHub/ai-code-reviewer/next-gen-ai-reviewer/src/reviewFormatter.js","statementMap":{"0":{"start":{"line":11,"column":2},"end":{"line":13,"column":3}},"1":{"start":{"line":12,"column":4},"end":{"line":12,"column":66}},"2":{"start":{"line":15,"column":2},"end":{"line":59,"column":3}},"3":{"start":{"line":16,"column":18},"end":{"line":16,"column":32}},"4":{"start":{"line":19,"column":4},"end":{"line":19,"column":59}},"5":{"start":{"line":20,"column":4},"end":{"line":20,"column":50}},"6":{"start":{"line":23,"column":22},"end":{"line":23,"column":50}},"7":{"start":{"line":24,"column":4},"end":{"line":26,"column":5}},"8":{"start":{"line":25,"column":6},"end":{"line":25,"column":29}},"9":{"start":{"line":28,"column":19},"end":{"line":28,"column":38}},"10":{"start":{"line":31,"column":4},"end":{"line":33,"column":5}},"11":{"start":{"line":32,"column":6},"end":{"line":32,"column":57}},"12":{"start":{"line":35,"column":4},"end":{"line":37,"column":5}},"13":{"start":{"line":36,"column":6},"end":{"line":36,"column":72}},"14":{"start":{"line":40,"column":4},"end":{"line":51,"column":5}},"15":{"start":{"line":40,"column":17},"end":{"line":40,"column":18}},"16":{"start":{"line":41,"column":21},"end":{"line":41,"column":38}},"17":{"start":{"line":42,"column":6},"end":{"line":44,"column":7}},"18":{"start":{"line":43,"column":8},"end":{"line":43,"column":79}},"19":{"start":{"line":45,"column":6},"end":{"line":47,"column":7}},"20":{"start":{"line":46,"column":8},"end":{"line":46,"column":79}},"21":{"start":{"line":48,"column":6},"end":{"line":50,"column":7}},"22":{"start":{"line":49,"column":8},"end":{"line":49,"column":82}},"23":{"start":{"line":53,"column":4},"end":{"line":53,"column":18}},"24":{"start":{"line":55,"column":4},"end":{"line":55,"column":65}},"25":{"start":{"line":56,"column":4},"end":{"line":56,"column":84}},"26":{"start":{"line":57,"column":4},"end":{"line":57,"column":110}},"27":{"start":{"line":58,"column":4},"end":{"line":58,"column":76}},"28":{"start":{"line":63,"column":16},"end":{"line":63,"column":18}},"29":{"start":{"line":66,"column":24},"end":{"line":70,"column":3}},"30":{"start":{"line":72,"column":16},"end":{"line":72,"column":62}},"31":{"start":{"line":73,"column":2},"end":{"line":73,"column":68}},"32":{"start":{"line":76,"column":2},"end":{"line":76,"column":22}},"33":{"start":{"line":79,"column":2},"end":{"line":84,"column":3}},"34":{"start":{"line":80,"column":4},"end":{"line":80,"column":44}},"35":{"start":{"line":81,"column":4},"end":{"line":81,"column":32}},"36":{"start":{"line":82,"column":4},"end":{"line":82,"column":34}},"37":{"start":{"line":83,"column":4},"end":{"line":83,"column":22}},"38":{"start":{"line":86,"column":2},"end":{"line":86,"column":26}},"39":{"start":{"line":90,"column":31},"end":{"line":90,"column":41}},"40":{"start":{"line":92,"column":19},"end":{"line":107,"column":20}},"41":{"start":{"line":93,"column":4},"end":{"line":96,"column":5}},"42":{"start":{"line":94,"column":6},"end":{"line":94,"column":61}},"43":{"start":{"line":95,"column":6},"end":{"line":95,"column":18}},"44":{"start":{"line":98,"column":4},"end":{"line":106,"column":6}},"45":{"start":{"line":109,"column":2},"end":{"line":112,"column":4}},"46":{"start":{"line":116,"column":2},"end":{"line":118,"column":1}},"47":{"start":{"line":117,"column":0},"end":{"line":117,"column":12}},"48":{"start":{"line":120,"column":16},"end":{"line":120,"column":33}},"49":{"start":{"line":121,"column":20},"end":{"line":121,"column":21}},"50":{"start":{"line":123,"column":2},"end":{"line":142,"column":3}},"51":{"start":{"line":124,"column":4},"end":{"line":132,"column":5}},"52":{"start":{"line":127,"column":20},"end":{"line":127,"column":82}},"53":{"start":{"line":128,"column":6},"end":{"line":130,"column":7}},"54":{"start":{"line":129,"column":8},"end":{"line":129,"column":49}},"55":{"start":{"line":131,"column":6},"end":{"line":131,"column":15}},"56":{"start":{"line":134,"column":4},"end":{"line":141,"column":5}},"57":{"start":{"line":135,"column":6},"end":{"line":135,"column":20}},"58":{"start":{"line":136,"column":6},"end":{"line":138,"column":7}},"59":{"start":{"line":137,"column":8},"end":{"line":137,"column":33}},"60":{"start":{"line":139,"column":11},"end":{"line":141,"column":5}},"61":{"start":{"line":140,"column":6},"end":{"line":140,"column":20}},"62":{"start":{"line":144,"column":2},"end":{"line":144,"column":14}},"63":{"start":{"line":155,"column":2},"end":{"line":157,"column":1}},"64":{"start":{"line":156,"column":0},"end":{"line":156,"column":12}},"65":{"start":{"line":159,"column":16},"end":{"line":159,"column":33}},"66":{"start":{"line":160,"column":17},"end":{"line":160,"column":18}},"67":{"start":{"line":161,"column":23},"end":{"line":161,"column":24}},"68":{"start":{"line":162,"column":15},"end":{"line":162,"column":20}},"69":{"start":{"line":164,"column":2},"end":{"line":201,"column":3}},"70":{"start":{"line":164,"column":15},"end":{"line":164,"column":16}},"71":{"start":{"line":165,"column":17},"end":{"line":165,"column":25}},"72":{"start":{"line":166,"column":4},"end":{"line":166,"column":15}},"73":{"start":{"line":168,"column":4},"end":{"line":177,"column":5}},"74":{"start":{"line":171,"column":20},"end":{"line":171,"column":82}},"75":{"start":{"line":172,"column":6},"end":{"line":175,"column":7}},"76":{"start":{"line":173,"column":8},"end":{"line":173,"column":52}},"77":{"start":{"line":174,"column":8},"end":{"line":174,"column":22}},"78":{"start":{"line":176,"column":6},"end":{"line":176,"column":15}},"79":{"start":{"line":179,"column":4},"end":{"line":181,"column":1}},"80":{"start":{"line":180,"column":0},"end":{"line":180,"column":9}},"81":{"start":{"line":184,"column":4},"end":{"line":186,"column":5}},"82":{"start":{"line":185,"column":6},"end":{"line":185,"column":15}},"83":{"start":{"line":189,"column":4},"end":{"line":200,"column":5}},"84":{"start":{"line":190,"column":6},"end":{"line":190,"column":23}},"85":{"start":{"line":191,"column":6},"end":{"line":193,"column":7}},"86":{"start":{"line":192,"column":8},"end":{"line":192,"column":24}},"87":{"start":{"line":194,"column":11},"end":{"line":200,"column":5}},"88":{"start":{"line":196,"column":6},"end":{"line":196,"column":23}},"89":{"start":{"line":197,"column":6},"end":{"line":199,"column":7}},"90":{"start":{"line":198,"column":8},"end":{"line":198,"column":24}},"91":{"start":{"line":203,"column":2},"end":{"line":203,"column":14}},"92":{"start":{"line":207,"column":18},"end":{"line":207,"column":58}},"93":{"start":{"line":207,"column":41},"end":{"line":207,"column":56}},"94":{"start":{"line":208,"column":24},"end":{"line":208,"column":26}},"95":{"start":{"line":210,"column":2},"end":{"line":231,"column":3}},"96":{"start":{"line":211,"column":17},"end":{"line":211,"column":42}},"97":{"start":{"line":213,"column":4},"end":{"line":216,"column":5}},"98":{"start":{"line":214,"column":6},"end":{"line":214,"column":78}},"99":{"start":{"line":215,"column":6},"end":{"line":215,"column":15}},"100":{"start":{"line":218,"column":4},"end":{"line":221,"column":5}},"101":{"start":{"line":219,"column":6},"end":{"line":219,"column":79}},"102":{"start":{"line":220,"column":6},"end":{"line":220,"column":15}},"103":{"start":{"line":224,"column":24},"end":{"line":224,"column":69}},"104":{"start":{"line":225,"column":4},"end":{"line":228,"column":5}},"105":{"start":{"line":226,"column":6},"end":{"line":226,"column":81}},"106":{"start":{"line":227,"column":6},"end":{"line":227,"column":15}},"107":{"start":{"line":230,"column":4},"end":{"line":230,"column":32}},"108":{"start":{"line":233,"column":2},"end":{"line":233,"column":23}},"109":{"start":{"line":236,"column":0},"end":{"line":243,"column":2}}},"fnMap":{"0":{"name":"parseReviewJSON","decl":{"start":{"line":10,"column":9},"end":{"line":10,"column":24}},"loc":{"start":{"line":10,"column":34},"end":{"line":60,"column":1}},"line":10},"1":{"name":"formatReviewComment","decl":{"start":{"line":62,"column":9},"end":{"line":62,"column":28}},"loc":{"start"
[...]
ne":155,"column":2},"end":{"line":157,"column":1}},"type":"if","locations":[{"start":{"line":155,"column":2},"end":{"line":157,"column":1}},{"start":{},"end":{}}],"line":155},"30":{"loc":{"start":{"line":155,"column":6},"end":{"line":155,"column":27}},"type":"binary-expr","locations":[{"start":{"line":155,"column":6},"end":{"line":155,"column":12}},{"start":{"line":155,"column":16},"end":{"line":155,"column":27}}],"line":155},"31":{"loc":{"start":{"line":168,"column":4},"end":{"line":177,"column":5}},"type":"if","locations":[{"start":{"line":168,"column":4},"end":{"line":177,"column":5}},{"start":{},"end":{}}],"line":168},"32":{"loc":{"start":{"line":172,"column":6},"end":{"line":175,"column":7}},"type":"if","locations":[{"start":{"line":172,"column":6},"end":{"line":175,"column":7}},{"start":{},"end":{}}],"line":172},"33":{"loc":{"start":{"line":179,"column":4},"end":{"line":181,"column":1}},"type":"if","locations":[{"start":{"line":179,"column":4},"end":{"line":181,"column":1}},{"start":{},"end":{}}],"line":179},"34":{"loc":{"start":{"line":184,"column":4},"end":{"line":186,"column":5}},"type":"if","locations":[{"start":{"line":184,"column":4},"end":{"line":186,"column":5}},{"start":{},"end":{}}],"line":184},"35":{"loc":{"start":{"line":184,"column":8},"end":{"line":184,"column":81}},"type":"binary-expr","locations":[{"start":{"line":184,"column":8},"end":{"line":184,"column":30}},{"start":{"line":184,"column":34},"end":{"line":184,"column":56}},{"start":{"line":184,"column":60},"end":{"line":184,"column":81}}],"line":184},"36":{"loc":{"start":{"line":189,"column":4},"end":{"line":200,"column":5}},"type":"if","locations":[{"start":{"line":189,"column":4},"end":{"line":200,"column":5}},{"start":{"line":194,"column":11},"end":{"line":200,"column":5}}],"line":189},"37":{"loc":{"start":{"line":191,"column":6},"end":{"line":193,"column":7}},"type":"if","locations":[{"start":{"line":191,"column":6},"end":{"line":193,"column":7}},{"start":{},"end":{}}],"line":191},"38":{"loc":{"start":{"line":194,"column":11},"end":{"line":200,"column":5}},"type":"if","locations":[{"start":{"line":194,"column":11},"end":{"line":200,"column":5}},{"start":{},"end":{}}],"line":194},"39":{"loc":{"start":{"line":197,"column":6},"end":{"line":199,"column":7}},"type":"if","locations":[{"start":{"line":197,"column":6},"end":{"line":199,"column":7}},{"start":{},"end":{}}],"line":197},"40":{"loc":{"start":{"line":213,"column":4},"end":{"line":216,"column":5}},"type":"if","locations":[{"start":{"line":213,"column":4},"end":{"line":216,"column":5}},{"start":{},"end":{}}],"line":213},"41":{"loc":{"start":{"line":218,"column":4},"end":{"line":221,"column":5}},"type":"if","locations":[{"start":{"line":218,"column":4},"end":{"line":221,"column":5}},{"start":{},"end":{}}],"line":218},"42":{"loc":{"start":{"line":225,"column":4},"end":{"line":228,"column":5}},"type":"if","locations":[{"start":{"line":225,"column":4},"end":{"line":228,"column":5}},{"start":{},"end":{}}],"line":225}},"s":{"0":6,"1":1,"2":5,"3":5,"4":5,"5":5,"6":5,"7":5,"8":5,"9":5,"10":4,"11":0,"12":4,"13":1,"14":3,"15":3,"16":1,"17":1,"18":0,"19":1,"20":0,"21":1,"22":0,"23":3,"24":2,"25":2,"26":2,"27":2,"28":7,"29":7,"30":7,"31":7,"32":7,"33":7,"34":1,"35":1,"36":1,"37":1,"38":7,"39":3,"40":3,"41":6,"42":2,"43":2,"44":4,"45":3,"46":6,"47":1,"48":5,"49":5,"50":5,"51":19,"52":5,"53":5,"54":5,"55":5,"56":14,"57":6,"58":6,"59":3,"60":8,"61":6,"62":2,"63":6,"64":3,"65":3,"66":3,"67":3,"68":3,"69":3,"70":3,"71":16,"72":16,"73":16,"74":4,"75":4,"76":4,"77":4,"78":4,"79":12,"80":0,"81":12,"82":0,"83":12,"84":5,"85":5,"86":2,"87":7,"88":5,"89":5,"90":0,"91":1,"92":4,"93":8,"94":4,"95":4,"96":4,"97":4,"98":1,"99":1,"100":3,"101":1,"102":1,"103":2,"104":2,"105":1,"106":1,"107":1,"108":4,"109":6},"f":{"0":6,"1":7,"2":3,"3":6,"4":6,"5":6,"6":4,"7":8},"b":{"0":[1,5],"1":[6,5],"2":[5,0],"3":[0,4],"4":[4,4],"5":[1,3],"6":[4,3],"7":[0,1],"8":[1,1],"9":[0,1],"10":[1,1],"11":[0,1],"12":[1,1],"13":[7,3],"14":[7,3],"15":[1,6],"16":[7,1],"17":[2,4],"18":[6,5,4],"19":[3,2],"20":[0,2],"21":[1,5],"22":[5,14],"23":[5,0],"24":[6,8],"25":[14,6],"26":[3,3],"27":[6,2],"28":[8,6],"29":[3,3],"30":[6,4],"31":[4,12],"32":[4,0],"33":[0,12],"34":[0,12],"35":[12,12,12],"36":[5,7],"37":[2,3],"38":[5,2],"39":[0,5],"40":[1,3],"41":[1,2],"42":[1,1]},"_coverageSchema":"1a1c01bbd47fc00a2c39e90264f33305004495a9","hash":"51b81b17e515e3bd1c69c0b8c447abd94a90a320"}
,"/Users/saym/Documents/GitHub/ai-code-reviewer/next-gen-ai-reviewer/src/providers/chatgpt.js": {"path":"/Users/saym/Documents/GitHub/ai-code-reviewer/next-gen-ai-reviewer/src/providers/chatgpt.js","statementMap":{"0":{"start":{"line":2,"column":2},"end":{"line":4,"column":3}},"1":{"start":{"line":3,"column":4},"end":{"line":3,"column":106}},"2":{"start":{"line":7,"column":24},"end":{"line":9,"column":153}},"3":{"start":{"line":11,"column":25},"end":{"line":23,"column":3}},"4":{"start":{"line":26,"column":2},"end":{"line":28,"column":3}},"5":{"start":{"line":27,"column":4},"end":{"line":27,"column":61}},"6":{"start":{"line":31,"column":30},"end":{"line":31,"column":60}},"7":{"start":{"line":32,"column":2},"end":{"line":34,"column":3}},"8":{"start":{"line":33,"column":4},"end":{"line":33,"column":37}},"9":{"start":{"line":36,"column":2},"end":{"line":55,"column":3}},"10":{"start":{"line":38,"column":32},"end":{"line":38,"column":55}},"11":{"start":{"line":40,"column":4},"end":{"line":54,"column":5}},"12":{"start":{"line":42,"column":6},"end":{"line":42,"column":55}},"13":{"start":{"line":43,"column":11},"end":{"line":54,"column":5}},"14":{"start":{"line":45,"column":6},"end":{"line":45,"column":44}},"15":{"start":{"line":48,"column":31},"end":{"line":48,"column":78}},"16":{"start":{"line":49,"column":6},"end":{"line":53,"column":7}},"17":{"start":{"line":50,"column":8},"end":{"line":50,"column":57}},"18":{"start":{"line":52,"column":8},"end":{"line":52,"column":46}},"19":{"start":{"line":57,"column":19},"end":{"line":64,"column":4}},"20":{"start":{"line":66,"column":2},"end":{"line":69,"column":3}},"21":{"start":{"line":67,"column":20},"end":{"line":67,"column":41}},"22":{"start":{"line":68,"column":4},"end":{"line":68,"column":79}},"23":{"start":{"line":71,"column":18},"end":{"line":71,"column":39}},"24":{"start":{"line":72,"column":17},"end":{"line":72,"column":37}},"25":{"start":{"line":73,"column":18},"end":{"line":73,"column":50}},"26":{"start":{"line":74,"column":23},"end":{"line":74,"column":44}},"27":{"start":{"line":77,"column":2},"end":{"line":79,"column":3}},"28":{"start":{"line":78,"column":4},"end":{"line":78,"column":240}},"29":{"start":{"line":81,"column":2},"end":{"line":85,"column":3}},"30":{"start":{"line":83,"column":4},"end":{"line":83,"column":98}},"31":{"start":{"line":84,"column":4},"end":{"line":84,"column":159}},"32":{"start":{"line":87,"column":2},"end":{"line":91,"column":4}},"33":{"start":{"line":94,"column":0},"end":{"line":96,"column":2}}},"fnMap":{"0":{"name":"runChatGPT","decl":{"start":{"line":1,"column":15},"end":{"line":1,"column":25}},"loc":{"start":{"line":1,"column":124},"end":{"line":92,"column":1}},"line":1}},"branchMap":{"0":{"loc":{"start":{"line":1,"column":68},"end":{"line":1,"column":100}},"type":"default-arg","locations":[{"start":{"line":1,"column":94},"end":{"line":1,"column":100}}],"line":1},"1":{"loc":{"start":{"line":1,"column":102},"end":{"line":1,"column":120}},"type":"default-arg","locations":[{"start":{"line":1,"column":115},"end":{"line":1,"column":120}}],"line":1},"2":{"loc":{"start":{"line":2,"column":2},"end":{"line":4,"column":3}},"type":"if","locations":[{"start":{"line":2,"column":2},"end":{"line":4,"column":3}},{"start":{},"end":{}}],"line":2},"3":{"loc":{"start":{"line":7,"column":24},"end":{"line":9,"column":153}},"type":"cond-expr","locations":[{"start":{"line":8,"column":6},"end":{"line":8,"column":171}},{"start":{"line":9,"column":6},"end":{"line":9,"column":153}}],"line":7},"4":{"loc":{"start":{"line":26,"column":2},"end":{"line":28,"column":3}},"type":"if","locations":[{"start":{"line":26,"column":2},"end":{"line":28,"column":3}},{"start":{},"end":{}}],"line":26},"5":{"loc":{"start":{"line":26,"column":6},"end":{"line":26,"column":72}},"type":"binary-expr","locations":[{"start":{"line":26,"column":6},"end":{"line":26,"column":16}},{"start":{"line":26,"column":21},"end":{"line":26,"column":44}},{"start":{"line":26,"column":48},"end":{"line":26,"column":71}}],"line":26},"6":{"loc":{"start":{"line":32,"column":2},"end":{"line":34,"column":3}},"type":"if","locations":[{"start":{"line":32,"column":2},"end":{"line":34,"column":3}},{"start":{},"end":{}}],"line":32},"7":{"loc":{"start":{"line":36,"column":2},"end":{"line":55,"column":3}},"type":"if","locations":[{"start":{"line":36,"column":2},"end":{"line":55,"column":3}},{"start":{},"end":{}}],"line":36},"8":{"loc":{"start":{"line":36,"column":6},"end":{"line":36,"column":62}},"type":"binary-expr","locations":[{"start":{"line":36,"column":6},"end":{"line":36,"column":15}},{"start":{"line":36,"column":19},"end":{"line":36,"column":45}},{"start":{"line":36,"column":49},"end":{"line":36,"column":62}}],"line":36},"9":{"loc":{"start":{"line":40,"column":4},"end":{"line":54,"column":5}},"type":"if","locations":[{"start":{"line":40,"column":4},"end":{"line":54,"column":5}},{"start":{"line":43,"column":11},"end":{"line":54,"column":5}}],"line":40},"10":{"loc":{"start":{"line":40,"column":8},"end":{"line":40,"column":69}},"type":"binary-expr","locations":[{"start":{"line":40,"column":8},"end":{"line":40,"column":38}},{"start":{"line":40,"column":42},"end":{"line":40,"column":69}}],"line":40},"11":{"loc":{"start":{"line":43,"column":11},"end":{"line":54,"column":5}},"type":"if","locations":[{"start":{"line":43,"column":11},"end":{"line":54,"column":5}},{"start":{"line":46,"column":11},"end":{"line":54,"column":5}}],"line":43},"12":{"loc":{"start":{"line":43,"column":15},"end":{"line":43,"column":77}},"type":"binary-expr","locations":[{"start":{"line":43,"column":15},"end":{"line":43,"column":46}},{"start":{"line":43,"column":50},"end":{"line":43,"column":77}}],"line":43},"13":{"loc":{"start":{"line":49,"column":6},"end":{"line":53,"column":7}},"type":"if","locations":[{"start":{"line":49,"column":6},"end":{"line":53,"column":7}},{"start":{"line":51,"column":13},"end":{"line":53,"column":7}}],"line":49},"14":{"loc":{"start":{"line":66,"column":2},"end":{"line":69,"column":3}},"type":"if","locations":[{"start":{"line":66,"column":2},"end":{"line":69,"column":3}},{"start":{},"end":{}}],"line":66},"15":{"loc":{"start":{"line":77,"column":2},"end":{"line":79,"column":3}},"type":"if","locations":[{"start":{"line":77,"column":2},"end":{"line":79,"column":3}},{"start":{},"end":{}}],"line":77},"16":{"loc":{"start":{"line":81,"column":2},"end":{"line":85,"column":3}},"type":"if","locations":[{"start":{"line":81,"column":2},"end":{"line":85,"column":3}},{"start":{},"end":{}}],"line":81}},"s":{"0":5,"1":1,"2":4,"3":4,"4":4,"5":1,"6":4,"7":4,"8":4,"9":4,"10":2,"11":2,"12":0,"13":2,"14":0,"15":2,"16":2,"17":1,"18":1,"19":4,"20":4,"21":1,"22":1,"23":3,"24":3,"25":3,"26":3,"27":3,"28":1,"29":2,"30":0,"31":0,"32":2,"33":6},"f":{"0":5},"b":{"0":[5],"1":[4],"2":[1,4],"3":[1,3],"4":[1,3],"5":[4,1,0],"6":[4,0],"7":[2,2],"8":[4,2,2],"9":[0,2],"10":[2,2],"11":[0,2],"12":[2,2],"13":[1,1],"14":[1,3],"15":[1,2],"16":[0,2]},"_coverageSchema":"1a1c01bbd47fc00a2c39e90264f33305004495a9","hash":"7fcc95a82037e39c9d901ccbfd240384901d0af6"}
,"/Users/saym/Documents/GitHub/ai-code-reviewer/next-gen-ai-reviewer/src/providers/claude.js": {"path":"/Users/saym/Documents/GitHub/ai-code-reviewer/next-gen-ai-reviewer/src/providers/claude.js","statementMap":{"0":{"start":{"line":2,"column":2},"end":{"line":4,"column":3}},"1":{"start":{"line":3,"column":4},"end":{"line":3,"column":84}},"2":{"start":{"line":7,"column":24},"end":{"line":9,"column":93}},"3":{"start":{"line":11,"column":25},"end":{"line":22,"column":3}},"4":{"start":{"line":24,"column":19},"end":{"line":32,"column":4}},"5":{"start":{"line":34,"column":2},"end":{"line":37,"column":3}},"6":{"start":{"line":35,"column":20},"end":{"line":35,"column":41}},"7":{"start":{"line":36,"column":4},"end":{"line":36,"column":78}},"8":{"start":{"line":39,"column":18},"end":{"line":39,"column":39}},"9":{"start":{"line":40,"column":18},"end":{"line":40,"column":52}},"10":{"start":{"line":41,"column":2},"end":{"line":43,"column":3}},"11":{"start":{"line":42,"column":4},"end":{"line":42,"column":68}},"12":{"start":{"line":45,"column":2},"end":{"line":49,"column":4}},"13":{"start":{"line":52,"column":0},"end":{"line":54,"column":2}}},"fnMap":{"0":{"name":"runClaude","decl":{"start":{"line":1,"column":15},"end":{"line":1,"column":24}},"loc":{"start":{"line":1,"column":89},"end":{"line":50,"column":1}},"line":1}},"branchMap":{"0":{"loc":{"start":{"line":1,"column":67},"end":{"line":1,"column":85}},"type":"default-arg","locations":[{"start":{"line":1,"column":80},"end":{"line":1,"column":85}}],"line":1},"1":{"loc":{"start":{"line":2,"column":2},"end":{"line":4,"column":3}},"type":"if","locations":[{"start":{"line":2,"column":2},"end":{"line":4,"column":3}},{"start":{},"end":{}}],"line":2},"2":{"loc":{"start":{"line":7,"column":24},"end":{"line":9,"column":93}},"type":"cond-expr","locations":[{"start":{"line":8,"column":6},"end":{"line":8,"column":171}},{"start":{"line":9,"column":6},"end":{"line":9,"column":93}}],"line":7},"3":{"loc":{"start":{"line":13,"column":16},"end":{"line":13,"column":91}},"type":"cond-expr","locations":[{"start":{"line":13,"column":75},"end":{"line":13,"column":84}},{"start":{"line":13,"column":87},"end":{"line":13,"column":91}}],"line":13},"4":{"loc":{"start":{"line":13,"column":16},"end":{"line":13,"column":72}},"type":"binary-expr","locations":[{"start":{"line":13,"column":16},"end":{"line":13,"column":25}},{"start":{"line":13,"column":29},"end":{"line":13,"column":55}},{"start":{"line":13,"column":59},"end":{"line":13,"column":72}}],"line":13},"5":{"loc":{"start":{"line":34,"column":2},"end":{"line":37,"column":3}},"type":"if","locations":[{"start":{"line":34,"column":2},"end":{"line":37,"column":3}},{"start":{},"end":{}}],"line":34},"6":{"loc":{"start":{"line":41,"column":2},"end":{"line":43,"column":3}},"type":"if","locations":[{"start":{"line":41,"column":2},"end":{"line":43,"column":3}},{"start":{},"end":{}}],"line":41}},"s":{"0":3,"1":1,"2":2,"3":2,"4":2,"5":2,"6":0,"7":0,"8":2,"9":2,"10":2,"11":0,"12":2,"13":6},"f":{"0":3},"b":{"0":[2],"1":[1,2],"2":[1,1],"3":[1,1],"4":[2,1,1],"5":[0,2],"6":[0,2]},"_coverageSchema":"1a1c01bbd47fc00a2c39e90264f33305004495a9","hash":"6f18bdd5546e968ec1fa6ab10582dcaca77a2fb3"}
,"/Users/saym/Documents/GitHub/ai-code-reviewer/next-gen-ai-reviewer/src/providers/selfHosted.js": {"path":"/Users/saym/Documents/GitHub/ai-code-reviewer/next-gen-ai-reviewer/src/providers/selfHosted.js","statementMap":{"0":{"start":{"line":2,"column":2},"end":{"line":4,"column":3}},"1":{"start":{"line":3,"column":4},"end":{"line":3,"column":14}},"2":{"start":{"line":6,"column":21},"end":{"line":6,"column":58}},"3":{"start":{"line":7,"column":2},"end":{"line":9,"column":3}},"4":{"start":{"line":8,"column":4},"end":{"line":8,"column":48}},"5":{"start":{"line":11,"column":2},"end":{"line":11,"column":33}},"6":{"start":{"line":15,"column":2},"end":{"line":17,"column":3}},"7":{"start":{"line":16,"column":4},"end":{"line":16,"column":99}},"8":{"start":{"line":19,"column":18},"end":{"line":22,"column":3}},"9":{"start":{"line":24,"column":24},"end":{"line":26,"column":113}},"10":{"start":{"line":28,"column":25},"end":{"line":41,"column":3}},"11":{"start":{"line":43,"column":2},"end":{"line":45,"column":3}},"12":{"start":{"line":44,"column":4},"end":{"line":44,"column":42}},"13":{"start":{"line":47,"column":19},"end":{"line":51,"column":4}},"14":{"start":{"line":53,"column":2},"end":{"line":56,"column":3}},"15":{"start":{"line":54,"column":20},"end":{"line":54,"column":41}},"16":{"start":{"line":55,"column":4},"end":{"line":55,"column":83}},"17":{"start":{"line":58,"column":18},"end":{"line":58,"column":39}},"18":{"start":{"line":59,"column":18},"end":{"line":59,"column":64}},"19":{"start":{"line":60,"column":2},"end":{"line":62,"column":3}},"20":{"start":{"line":61,"column":4},"end":{"line":61,"column":73}},"21":{"start":{"line":64,"column":24},"end":{"line":64,"column":57}},"22":{"start":{"line":66,"column":2},"end":{"line":70,"column":4}},"23":{"start":{"line":73,"column":0},"end":{"line":75,"column":2}}},"fnMap":{"0":{"name":"buildAuthHeader","decl":{"start":{"line":1,"column":9},"end":{"line":1,"column":24}},"loc":{"start":{"line":1,"column":48},"end":{"line":12,"column":1}},"line":1},"1":{"name":"runSelfHosted","decl":{"start":{"line":14,"column":15},"end":{"line":14,"column":28}},"loc":{"start":{"line":14,"column":115},"end":{"line":71,"column":1}},"line":14}},"branchMap":{"0":{"loc":{"start":{"line":2,"column":2},"end":{"line":4,"column":3}},"type":"if","locations":[{"start":{"line":2,"column":2},"end":{"line":4,"column":3}},{"start":{},"end":{}}],"line":2},"1":{"loc":{"start":{"line":6,"column":21},"end":{"line":6,"column":58}},"type":"binary-expr","locations":[{"start":{"line":6,"column":21},"end":{"line":6,"column":39}},{"start":{"line":6,"column":43},"end":{"line":6,"column":58}}],"line":6},"2":{"loc":{"start":{"line":7,"column":2},"end":{"line":9,"column":3}},"type":"if","locations":[{"start":{"line":7,"column":2},"end":{"line":9,"column":3}},{"start":{},"end":{}}],"line":7},"3":{"loc":{"start":{"line":7,"column":6},"end":{"line":7,"column":96}},"type":"binary-expr","locations":[{"start":{"line":7,"column":6},"end":{"line":7,"column":50}},{"start":{"line":7,"column":54},"end":{"line":7,"column":96}}],"line":7},"4":{"loc":{"start":{"line":14,"column":93},"end":{"line":14,"column":111}},"type":"default-arg","locations":[{"start":{"line":14,"column":106},"end":{"line":14,"column":111}}],"line":14},"5":{"loc":{"start":{"line":15,"column":2},"end":{"line":17,"column":3}},"type":"if","locations":[{"start":{"line":15,"column":2},"end":{"line":17,"column":3}},{"start":{},"end":{}}],"line":15},"6":{"loc":{"start":{"line":24,"column":24},"end":{"line":26,"column":113}},"type":"cond-expr","locations":[{"start":{"line":25,"column":6},"end":{"line":25,"column":171}},{"start":{"line":26,"column":6},"end":{"line":26,"column":113}}],"line":24},"7":{"loc":{"start":{"line":43,"column":2},"end":{"line":45,"column":3}},"type":"if","locations":[{"start":{"line":43,"column":2},"end":{"line":45,"column":3}},{"start":{},"end":{}}],"line":43},"8":{"loc":{"start":{"line":43,"column":6},"end":{"line":43,"column":62}},"type":"binary-expr","locations":[{"start":{"line":43,"column":6},"end":{"line":43,"column":15}},{"start":{"line":43,"column":19},"end":{"line":43,"column":45}},{"start":{"line":43,"column":49},"end":{"line":43,"column":62}}],"line":43},"9":{"loc":{"start":{"line":53,"column":2},"end":{"line":56,"column":3}},"type":"if","locations":[{"start":{"line":53,"column":2},"end":{"line":56,"column":3}},{"start":{},"end":{}}],"line":53},"10":{"loc":{"start":{"line":60,"column":2},"end":{"line":62,"column":3}},"type":"if","locations":[{"start":{"line":60,"column":2},"end":{"line":62,"column":3}},{"start":{},"end":{}}],"line":60},"11":{"loc":{"start":{"line":64,"column":24},"end":{"line":64,"column":57}},"type":"binary-expr","locations":[{"start":{"line":64,"column":24},"end":{"line":64,"column":37}},{"start":{"line":64,"column":41},"end":{"line":64,"column":46}},{"start":{"line":64,"column":50},"end":{"line":64,"column":57}}],"line":64}},"s":{"0":2,"1":1,"2":1,"3":1,"4":1,"5":0,"6":3,"7":1,"8":2,"9":2,"10":2,"11":2,"12":0,"13":2,"14":2,"15":0,"16":0,"17":2,"18":2,"19":2,"20":0,"21":2,"22":2,"23":6},"f":{"0":2,"1":3},"b":{"0":[1,1],"1":[1,1],"2":[1,0],"3":[1,1],"4":[3],"5":[1,2],"6":[0,2],"7":[0,2],"8":[2,0,0],"9":[0,2],"10":[0,2],"11":[2,1,0]},"_coverageSchema":"1a1c01bbd47fc00a2c39e90264f33305004495a9","hash":"0067aecccb80cfc337fd77df3f7cae6fb8a2df32"}
}
