TN:
SF:src/github.js
FN:3,githubRequest
FN:27,fetchRepoFile
FN:30,(anonymous_2)
FN:73,fetchPullRequest
FN:77,fetchPullFiles
FN:100,postIssueComment
FN:111,createReview
FN:126,createReviewComment
FNF:8
FNH:8
FNDA:14,githubRequest
FNDA:5,fetchRepoFile
FNDA:7,(anonymous_2)
FNDA:3,fetchPullRequest
FNDA:4,fetchPullFiles
FNDA:1,postIssueComment
FNDA:3,createReview
FNDA:2,createReviewComment
DA:1,7
DA:4,14
DA:15,14
DA:16,1
DA:17,1
DA:20,13
DA:21,1
DA:24,12
DA:28,5
DA:30,7
DA:33,5
DA:41,5
DA:42,1
DA:45,4
DA:46,0
DA:47,0
DA:50,4
DA:51,4
DA:52,2
DA:55,2
DA:57,2
DA:58,1
DA:61,1
DA:62,1
DA:63,1
DA:66,0
DA:67,0
DA:70,0
DA:74,3
DA:78,4
DA:79,4
DA:80,4
DA:82,4
DA:83,5
DA:88,5
DA:90,5
DA:91,3
DA:94,2
DA:97,4
DA:101,1
DA:112,3
DA:127,2
DA:143,7
LF:43
LH:38
BRDA:1,0,0,7
BRDA:1,0,1,7
BRDA:3,1,0,8
BRDA:5,2,0,14
BRDA:5,2,1,8
BRDA:10,3,0,14
BRDA:10,3,1,14
BRDA:12,4,0,6
BRDA:12,4,1,8
BRDA:15,5,0,1
BRDA:15,5,1,13
BRDA:20,6,0,1
BRDA:20,6,1,12
BRDA:41,7,0,1
BRDA:41,7,1,4
BRDA:45,8,0,0
BRDA:45,8,1,4
BRDA:50,9,0,4
BRDA:50,9,1,0
BRDA:51,10,0,2
BRDA:51,10,1,2
BRDA:57,11,0,1
BRDA:57,11,1,1
BRDA:57,12,0,2
BRDA:57,12,1,1
BRDA:61,13,0,1
BRDA:61,13,1,0
BRDA:66,14,0,0
BRDA:66,14,1,0
BRDA:77,15,0,0
BRDA:90,16,0,3
BRDA:90,16,1,2
BRDA:111,17,0,0
BRDA:111,18,0,0
BRDA:126,19,0,0
BRF:35
BRH:26
end_of_record
TN:
SF:src/guidanceLoader.js
FN:12,sanitizeGuidance
FN:19,parseIgnoreList
FN:26,(anonymous_2)
FN:27,(anonymous_3)
FN:30,globToRegExp
FN:44,filterFilesByPatterns
FN:68,(anonymous_6)
FN:79,loadGuidance
FN:81,(anonymous_8)
FN:82,(anonymous_9)
FN:83,(anonymous_10)
FN:84,(anonymous_11)
FN:85,(anonymous_12)
FN:86,(anonymous_13)
FNF:14
FNH:8
FNDA:25,sanitizeGuidance
FNDA:5,parseIgnoreList
FNDA:9,(anonymous_2)
FNDA:9,(anonymous_3)
FNDA:11,globToRegExp
FNDA:11,filterFilesByPatterns
FNDA:63,(anonymous_6)
FNDA:5,loadGuidance
FNDA:0,(anonymous_8)
FNDA:0,(anonymous_9)
FNDA:0,(anonymous_10)
FNDA:0,(anonymous_11)
FNDA:0,(anonymous_12)
FNDA:0,(anonymous_13)
DA:1,6
DA:3,6
DA:13,25
DA:14,19
DA:16,6
DA:20,5
DA:21,3
DA:24,2
DA:26,9
DA:27,9
DA:31,11
DA:32,0
DA:35,11
DA:41,11
DA:45,11
DA:46,2
DA:52,9
DA:56,9
DA:57,0
DA:63,9
DA:64,9
DA:66,9
DA:67,52
DA:68,63
DA:69,52
DA:70,11
DA:72,41
DA:76,9
DA:80,5
DA:81,0
DA:82,0
DA:83,0
DA:84,0
DA:85,0
DA:86,0
DA:89,5
DA:101,6
LF:37
LH:29
BRDA:13,0,0,19
BRDA:13,0,1,6
BRDA:20,1,0,3
BRDA:20,1,1,2
BRDA:27,2,0,9
BRDA:27,2,1,8
BRDA:31,3,0,0
BRDA:31,3,1,11
BRDA:44,4,0,0
BRDA:45,5,0,2
BRDA:45,5,1,9
BRDA:56,6,0,0
BRDA:56,6,1,9
BRDA:67,7,0,52
BRDA:67,7,1,0
BRDA:69,8,0,11
BRDA:69,8,1,41
BRF:17
BRH:13
end_of_record
TN:
SF:src/main.js
FN:11,getInput
FN:30,readJsonFile
FN:39,autoDetectPrNumber
FN:65,formatComment
FN:70,postInlineReview
FN:89,(anonymous_5)
FN:140,tryProviders
FN:207,run
FN:240,(anonymous_8)
FN:267,(anonymous_9)
FN:310,(anonymous_10)
FN:360,(anonymous_11)
FNF:12
FNH:5
FNDA:16,getInput
FNDA:0,readJsonFile
FNDA:8,autoDetectPrNumber
FNDA:1,formatComment
FNDA:0,postInlineReview
FNDA:0,(anonymous_5)
FNDA:0,tryProviders
FNDA:5,run
FNDA:0,(anonymous_8)
FNDA:0,(anonymous_9)
FNDA:0,(anonymous_10)
FNDA:5,(anonymous_11)
DA:1,5
DA:2,5
DA:3,5
DA:4,5
DA:5,5
DA:6,5
DA:7,5
DA:8,5
DA:9,5
DA:12,16
DA:13,16
DA:14,16
DA:20,16
DA:21,42
DA:22,42
DA:23,3
DA:27,13
DA:31,0
DA:32,0
DA:33,0
DA:35,0
DA:40,8
DA:41,8
DA:42,1
DA:45,7
DA:46,7
DA:47,0
DA:48,0
DA:51,0
DA:52,0
DA:56,7
DA:57,7
DA:58,7
DA:59,1
DA:62,6
DA:66,1
DA:67,1
DA:71,0
DA:73,0
DA:76,0
DA:77,0
DA:79,0
DA:81,0
DA:82,0
DA:83,0
DA:87,0
DA:88,0
DA:89,0
DA:90,0
DA:91,0
DA:94,0
DA:95,0
DA:96,0
DA:97,0
DA:100,0
DA:107,0
DA:108,0
DA:109,0
DA:113,0
DA:114,0
DA:119,0
DA:121,0
DA:131,0
DA:132,0
DA:134,0
DA:135,0
DA:136,0
DA:141,0
DA:143,0
DA:144,0
DA:145,0
DA:146,0
DA:147,0
DA:148,0
DA:149,0
DA:152,0
DA:153,0
DA:154,0
DA:156,0
DA:157,0
DA:159,0
DA:160,0
DA:161,0
DA:162,0
DA:163,0
DA:164,0
DA:167,0
DA:168,0
DA:169,0
DA:171,0
DA:172,0
DA:174,0
DA:175,0
DA:176,0
DA:177,0
DA:179,0
DA:180,0
DA:181,0
DA:182,0
DA:185,0
DA:186,0
DA:187,0
DA:198,0
DA:203,0
DA:204,0
DA:208,5
DA:209,5
DA:210,5
DA:213,0
DA:214,0
DA:215,0
DA:218,0
DA:219,0
DA:220,0
DA:223,0
DA:224,0
DA:225,0
DA:228,0
DA:229,0
DA:230,0
DA:233,0
DA:234,0
DA:235,0
DA:236,0
DA:237,0
DA:238,0
DA:240,0
DA:243,0
DA:248,0
DA:250,0
DA:257,0
DA:258,0
DA:260,0
DA:261,0
DA:263,0
DA:264,0
DA:266,0
DA:267,0
DA:270,0
DA:271,0
DA:274,0
DA:275,0
DA:276,0
DA:285,0
DA:287,0
DA:288,0
DA:298,0
DA:299,0
DA:310,0
DA:311,0
DA:312,0
DA:315,0
DA:316,0
DA:320,0
DA:321,0
DA:333,0
DA:334,0
DA:344,0
DA:345,0
DA:346,0
DA:349,0
DA:353,0
DA:354,0
DA:355,0
DA:357,0
DA:360,5
DA:361,5
DA:364,5
DA:365,5
DA:366,5
DA:367,5
DA:369,5
DA:370,0
DA:371,0
DA:372,0
DA:374,0
DA:388,0
DA:396,0
DA:399,0
DA:402,5
DA:406,5
DA:407,5
LF:182
LH:42
BRDA:11,0,0,15
BRDA:22,1,0,3
BRDA:22,1,1,39
BRDA:22,2,0,42
BRDA:22,2,1,3
BRDA:22,2,2,3
BRDA:40,3,0,8
BRDA:40,3,1,7
BRDA:40,3,2,7
BRDA:41,4,0,1
BRDA:41,4,1,7
BRDA:46,5,0,0
BRDA:46,5,1,7
BRDA:46,6,0,7
BRDA:46,6,1,0
BRDA:48,7,0,0
BRDA:48,7,1,0
BRDA:48,7,2,0
BRDA:51,8,0,0
BRDA:51,8,1,0
BRDA:56,9,0,7
BRDA:56,9,1,6
BRDA:56,9,2,6
BRDA:58,10,0,1
BRDA:58,10,1,6
BRDA:81,11,0,0
BRDA:81,11,1,0
BRDA:90,12,0,0
BRDA:90,12,1,0
BRDA:90,13,0,0
BRDA:90,13,1,0
BRDA:95,14,0,0
BRDA:95,14,1,0
BRDA:107,15,0,0
BRDA:107,15,1,0
BRDA:114,16,0,0
BRDA:114,16,1,0
BRDA:114,17,0,0
BRDA:114,17,1,0
BRDA:140,18,0,0
BRDA:140,19,0,0
BRDA:144,20,0,0
BRDA:144,20,1,0
BRDA:145,21,0,0
BRDA:145,21,1,0
BRDA:146,22,0,0
BRDA:146,22,1,0
BRDA:159,23,0,0
BRDA:159,23,1,0
BRDA:160,24,0,0
BRDA:160,24,1,0
BRDA:161,25,0,0
BRDA:161,25,1,0
BRDA:174,26,0,0
BRDA:174,26,1,0
BRDA:174,27,0,0
BRDA:174,27,1,0
BRDA:174,27,2,0
BRDA:175,28,0,0
BRDA:175,28,1,0
BRDA:175,28,2,0
BRDA:176,29,0,0
BRDA:176,29,1,0
BRDA:176,29,2,0
BRDA:177,30,0,0
BRDA:177,30,1,0
BRDA:179,31,0,0
BRDA:179,31,1,0
BRDA:203,32,0,0
BRDA:203,32,1,0
BRDA:209,33,0,5
BRDA:209,33,1,0
BRDA:214,34,0,0
BRDA:214,34,1,0
BRDA:219,35,0,0
BRDA:219,35,1,0
BRDA:223,36,0,0
BRDA:223,36,1,0
BRDA:224,37,0,0
BRDA:224,37,1,0
BRDA:229,38,0,0
BRDA:229,38,1,0
BRDA:229,39,0,0
BRDA:229,39,1,0
BRDA:233,40,0,0
BRDA:233,40,1,0
BRDA:234,41,0,0
BRDA:234,41,1,0
BRDA:234,41,2,0
BRDA:235,42,0,0
BRDA:235,42,1,0
BRDA:235,42,2,0
BRDA:236,43,0,0
BRDA:236,43,1,0
BRDA:236,43,2,0
BRDA:237,44,0,0
BRDA:237,44,1,0
BRDA:237,44,2,0
BRDA:238,45,0,0
BRDA:238,45,1,0
BRDA:238,45,2,0
BRDA:244,46,0,0
BRDA:244,46,1,0
BRDA:244,46,2,0
BRDA:245,47,0,0
BRDA:245,47,1,0
BRDA:245,47,2,0
BRDA:248,48,0,0
BRDA:248,48,1,0
BRDA:248,48,2,0
BRDA:251,49,0,0
BRDA:251,49,1,0
BRDA:251,49,2,0
BRDA:251,49,3,0
BRDA:252,50,0,0
BRDA:252,50,1,0
BRDA:252,50,2,0
BRDA:252,50,3,0
BRDA:253,51,0,0
BRDA:253,51,1,0
BRDA:253,51,2,0
BRDA:253,51,3,0
BRDA:253,51,4,0
BRDA:254,52,0,0
BRDA:254,52,1,0
BRDA:254,52,2,0
BRDA:271,53,0,0
BRDA:271,53,1,0
BRDA:274,54,0,0
BRDA:274,54,1,0
BRDA:285,55,0,0
BRDA:285,55,1,0
BRDA:310,56,0,0
BRDA:310,56,1,0
BRDA:311,57,0,0
BRDA:311,57,1,0
BRDA:311,58,0,0
BRDA:311,58,1,0
BRDA:312,59,0,0
BRDA:312,59,1,0
BRDA:313,60,0,0
BRDA:313,60,1,0
BRDA:314,61,0,0
BRDA:314,61,1,0
BRDA:315,62,0,0
BRDA:315,62,1,0
BRDA:333,63,0,0
BRDA:333,63,1,0
BRDA:333,64,0,0
BRDA:333,64,1,0
BRDA:344,65,0,0
BRDA:344,65,1,0
BRDA:366,66,0,5
BRDA:366,66,1,5
BRDA:369,67,0,0
BRDA:369,67,1,5
BRDA:369,68,0,5
BRDA:369,68,1,0
BRDA:369,68,2,0
BRDA:372,69,0,0
BRDA:372,69,1,0
BRDA:406,70,0,5
BRDA:406,70,1,0
BRDA:406,71,0,5
BRDA:406,71,1,5
BRF:165
BRH:26
end_of_record
TN:
SF:src/promptBuilder.js
FN:22,renderTemplate
FN:27,(anonymous_1)
FN:36,normalizeTask
FN:47,sanitizeMultiline
FN:58,formatFile
FN:71,buildInlineReviewPrompt
FN:100,(anonymous_6)
FN:173,buildPrompt
FN:181,(anonymous_8)
FNF:9
FNH:7
FNDA:0,renderTemplate
FNDA:0,(anonymous_1)
FNDA:22,normalizeTask
FNDA:12,sanitizeMultiline
FNDA:5,formatFile
FNDA:5,buildInlineReviewPrompt
FNDA:4,(anonymous_6)
FNDA:6,buildPrompt
FNDA:5,(anonymous_8)
DA:1,6
DA:23,0
DA:24,0
DA:27,0
DA:28,0
DA:29,0
DA:30,0
DA:32,0
DA:37,22
DA:38,22
DA:39,5
DA:41,17
DA:42,5
DA:44,12
DA:48,12
DA:49,12
DA:50,0
DA:52,12
DA:53,12
DA:55,0
DA:59,5
DA:63,5
DA:64,5
DA:65,5
DA:68,5
DA:72,5
DA:73,5
DA:75,5
DA:76,1
DA:79,4
DA:80,4
DA:81,4
DA:83,4
DA:84,4
DA:86,4
DA:88,4
DA:89,4
DA:90,0
DA:92,4
DA:93,0
DA:96,4
DA:99,4
DA:101,4
DA:103,4
DA:104,4
DA:105,4
DA:108,4
DA:112,4
DA:125,4
DA:174,6
DA:175,6
DA:177,6
DA:178,6
DA:179,6
DA:180,6
DA:181,5
DA:184,6
DA:185,6
DA:186,6
DA:187,6
DA:188,6
DA:190,6
DA:192,6
DA:193,6
DA:194,1
DA:196,6
DA:197,1
DA:199,6
DA:200,0
DA:204,6
DA:205,0
DA:210,6
DA:212,6
DA:231,6
DA:232,0
DA:235,6
DA:238,6
LF:77
LH:63
BRDA:23,0,0,0
BRDA:23,0,1,0
BRDA:29,1,0,0
BRDA:29,1,1,0
BRDA:29,2,0,0
BRDA:29,2,1,0
BRDA:36,3,0,1
BRDA:38,4,0,5
BRDA:38,4,1,17
BRDA:41,5,0,5
BRDA:41,5,1,12
BRDA:47,6,0,0
BRDA:47,7,0,10
BRDA:49,8,0,0
BRDA:49,8,1,12
BRDA:52,9,0,12
BRDA:52,9,1,0
BRDA:60,10,0,4
BRDA:60,10,1,1
BRDA:63,11,0,5
BRDA:63,11,1,0
BRDA:64,12,0,1
BRDA:64,12,1,4
BRDA:71,13,0,5
BRDA:71,14,0,5
BRDA:71,15,0,5
BRDA:75,16,0,1
BRDA:75,16,1,4
BRDA:79,17,0,4
BRDA:79,17,1,0
BRDA:81,18,0,4
BRDA:81,18,1,0
BRDA:83,19,0,0
BRDA:83,19,1,4
BRDA:84,20,0,0
BRDA:84,20,1,4
BRDA:86,21,0,0
BRDA:86,21,1,4
BRDA:89,22,0,0
BRDA:89,22,1,4
BRDA:92,23,0,0
BRDA:92,23,1,4
BRDA:96,24,0,0
BRDA:96,24,1,4
BRDA:99,25,0,4
BRDA:99,25,1,0
BRDA:101,26,0,4
BRDA:101,26,1,0
BRDA:103,27,0,4
BRDA:103,27,1,0
BRDA:104,28,0,0
BRDA:104,28,1,4
BRDA:173,29,0,5
BRDA:173,30,0,5
BRDA:173,31,0,5
BRDA:177,32,0,6
BRDA:177,32,1,0
BRDA:179,33,0,6
BRDA:179,33,1,0
BRDA:180,34,0,5
BRDA:180,34,1,1
BRDA:184,35,0,1
BRDA:184,35,1,5
BRDA:185,36,0,1
BRDA:185,36,1,5
BRDA:186,37,0,6
BRDA:186,37,1,6
BRDA:187,38,0,6
BRDA:187,38,1,6
BRDA:190,39,0,1
BRDA:190,39,1,5
BRDA:193,40,0,1
BRDA:193,40,1,5
BRDA:196,41,0,1
BRDA:196,41,1,5
BRDA:199,42,0,0
BRDA:199,42,1,6
BRDA:204,43,0,0
BRDA:204,43,1,6
BRDA:210,44,0,1
BRDA:210,44,1,5
BRDA:231,45,0,0
BRDA:231,45,1,6
BRF:83
BRH:56
end_of_record
TN:
SF:src/reviewFormatter.js
FN:10,parseReviewJSON
FN:62,formatReviewComment
FN:89,formatReviewComments
FN:92,(anonymous_3)
FN:115,extractLineFromDiff
FN:154,computePositionFromPatch
FN:206,validateReviewComments
FN:207,(anonymous_7)
FNF:8
FNH:8
FNDA:6,parseReviewJSON
FNDA:7,formatReviewComment
FNDA:3,formatReviewComments
FNDA:6,(anonymous_3)
FNDA:6,extractLineFromDiff
FNDA:6,computePositionFromPatch
FNDA:4,validateReviewComments
FNDA:8,(anonymous_7)
DA:11,6
DA:12,1
DA:15,5
DA:16,5
DA:19,5
DA:20,5
DA:23,5
DA:24,5
DA:25,5
DA:28,5
DA:31,4
DA:32,0
DA:35,4
DA:36,1
DA:40,3
DA:41,1
DA:42,1
DA:43,0
DA:45,1
DA:46,0
DA:48,1
DA:49,0
DA:53,3
DA:55,2
DA:56,2
DA:57,2
DA:58,2
DA:63,7
DA:66,7
DA:72,7
DA:73,7
DA:76,7
DA:79,7
DA:80,1
DA:81,1
DA:82,1
DA:83,1
DA:86,7
DA:90,3
DA:92,3
DA:93,6
DA:94,2
DA:95,2
DA:98,4
DA:109,3
DA:116,6
DA:117,1
DA:120,5
DA:121,5
DA:123,5
DA:124,19
DA:127,5
DA:128,5
DA:129,5
DA:131,5
DA:134,14
DA:135,6
DA:136,6
DA:137,3
DA:139,8
DA:140,6
DA:144,2
DA:155,6
DA:156,3
DA:159,3
DA:160,3
DA:161,3
DA:162,3
DA:164,3
DA:165,16
DA:166,16
DA:168,16
DA:171,4
DA:172,4
DA:173,4
DA:174,4
DA:176,4
DA:179,12
DA:180,0
DA:184,12
DA:185,0
DA:189,12
DA:190,5
DA:191,5
DA:192,2
DA:194,7
DA:196,5
DA:197,5
DA:198,0
DA:203,1
DA:207,8
DA:208,4
DA:210,4
DA:211,4
DA:213,4
DA:214,1
DA:215,1
DA:218,3
DA:219,1
DA:220,1
DA:224,2
DA:225,2
DA:226,1
DA:227,1
DA:230,1
DA:233,4
DA:236,6
LF:107
LH:100
BRDA:11,0,0,1
BRDA:11,0,1,5
BRDA:11,1,0,6
BRDA:11,1,1,5
BRDA:24,2,0,5
BRDA:24,2,1,0
BRDA:31,3,0,0
BRDA:31,3,1,4
BRDA:31,4,0,4
BRDA:31,4,1,4
BRDA:35,5,0,1
BRDA:35,5,1,3
BRDA:35,6,0,4
BRDA:35,6,1,3
BRDA:42,7,0,0
BRDA:42,7,1,1
BRDA:42,8,0,1
BRDA:42,8,1,1
BRDA:45,9,0,0
BRDA:45,9,1,1
BRDA:45,10,0,1
BRDA:45,10,1,1
BRDA:48,11,0,0
BRDA:48,11,1,1
BRDA:48,12,0,1
BRDA:48,12,1,1
BRDA:72,13,0,7
BRDA:72,13,1,3
BRDA:73,14,0,7
BRDA:73,14,1,3
BRDA:79,15,0,1
BRDA:79,15,1,6
BRDA:79,16,0,7
BRDA:79,16,1,1
BRDA:93,17,0,2
BRDA:93,17,1,4
BRDA:93,18,0,6
BRDA:93,18,1,5
BRDA:93,18,2,4
BRDA:111,19,0,3
BRDA:111,19,1,2
BRDA:111,20,0,0
BRDA:111,20,1,2
BRDA:116,21,0,1
BRDA:116,21,1,5
BRDA:124,22,0,5
BRDA:124,22,1,14
BRDA:128,23,0,5
BRDA:128,23,1,0
BRDA:134,24,0,6
BRDA:134,24,1,8
BRDA:134,25,0,14
BRDA:134,25,1,6
BRDA:136,26,0,3
BRDA:136,26,1,3
BRDA:139,27,0,6
BRDA:139,27,1,2
BRDA:139,28,0,8
BRDA:139,28,1,6
BRDA:155,29,0,3
BRDA:155,29,1,3
BRDA:155,30,0,6
BRDA:155,30,1,4
BRDA:168,31,0,4
BRDA:168,31,1,12
BRDA:172,32,0,4
BRDA:172,32,1,0
BRDA:179,33,0,0
BRDA:179,33,1,12
BRDA:184,34,0,0
BRDA:184,34,1,12
BRDA:184,35,0,12
BRDA:184,35,1,12
BRDA:184,35,2,12
BRDA:189,36,0,5
BRDA:189,36,1,7
BRDA:191,37,0,2
BRDA:191,37,1,3
BRDA:194,38,0,5
BRDA:194,38,1,2
BRDA:197,39,0,0
BRDA:197,39,1,5
BRDA:213,40,0,1
BRDA:213,40,1,3
BRDA:218,41,0,1
BRDA:218,41,1,2
BRDA:225,42,0,1
BRDA:225,42,1,1
BRF:88
BRH:77
end_of_record
TN:
SF:src/providers/chatgpt.js
FN:1,runChatGPT
FNF:1
FNH:1
FNDA:5,runChatGPT
DA:2,5
DA:3,1
DA:7,4
DA:11,4
DA:26,4
DA:27,1
DA:31,4
DA:32,4
DA:33,4
DA:36,4
DA:38,2
DA:40,2
DA:42,0
DA:43,2
DA:45,0
DA:48,2
DA:49,2
DA:50,1
DA:52,1
DA:57,4
DA:66,4
DA:67,1
DA:68,1
DA:71,3
DA:72,3
DA:73,3
DA:74,3
DA:77,3
DA:78,1
DA:81,2
DA:83,0
DA:84,0
DA:87,2
DA:94,6
LF:34
LH:30
BRDA:1,0,0,5
BRDA:1,1,0,4
BRDA:2,2,0,1
BRDA:2,2,1,4
BRDA:7,3,0,1
BRDA:7,3,1,3
BRDA:26,4,0,1
BRDA:26,4,1,3
BRDA:26,5,0,4
BRDA:26,5,1,1
BRDA:26,5,2,0
BRDA:32,6,0,4
BRDA:32,6,1,0
BRDA:36,7,0,2
BRDA:36,7,1,2
BRDA:36,8,0,4
BRDA:36,8,1,2
BRDA:36,8,2,2
BRDA:40,9,0,0
BRDA:40,9,1,2
BRDA:40,10,0,2
BRDA:40,10,1,2
BRDA:43,11,0,0
BRDA:43,11,1,2
BRDA:43,12,0,2
BRDA:43,12,1,2
BRDA:49,13,0,1
BRDA:49,13,1,1
BRDA:66,14,0,1
BRDA:66,14,1,3
BRDA:77,15,0,1
BRDA:77,15,1,2
BRDA:81,16,0,0
BRDA:81,16,1,2
BRF:34
BRH:29
end_of_record
TN:
SF:src/providers/claude.js
FN:1,runClaude
FNF:1
FNH:1
FNDA:3,runClaude
DA:2,3
DA:3,1
DA:7,2
DA:11,2
DA:24,2
DA:34,2
DA:35,0
DA:36,0
DA:39,2
DA:40,2
DA:41,2
DA:42,0
DA:45,2
DA:52,6
LF:14
LH:11
BRDA:1,0,0,2
BRDA:2,1,0,1
BRDA:2,1,1,2
BRDA:7,2,0,1
BRDA:7,2,1,1
BRDA:13,3,0,1
BRDA:13,3,1,1
BRDA:13,4,0,2
BRDA:13,4,1,1
BRDA:13,4,2,1
BRDA:34,5,0,0
BRDA:34,5,1,2
BRDA:41,6,0,0
BRDA:41,6,1,2
BRF:14
BRH:12
end_of_record
TN:
SF:src/providers/selfHosted.js
FN:1,buildAuthHeader
FN:14,runSelfHosted
FNF:2
FNH:2
FNDA:2,buildAuthHeader
FNDA:3,runSelfHosted
DA:2,2
DA:3,1
DA:6,1
DA:7,1
DA:8,1
DA:11,0
DA:15,3
DA:16,1
DA:19,2
DA:24,2
DA:28,2
DA:43,2
DA:44,0
DA:47,2
DA:53,2
DA:54,0
DA:55,0
DA:58,2
DA:59,2
DA:60,2
DA:61,0
DA:64,2
DA:66,2
DA:73,6
LF:24
LH:19
BRDA:2,0,0,1
BRDA:2,0,1,1
BRDA:6,1,0,1
BRDA:6,1,1,1
BRDA:7,2,0,1
BRDA:7,2,1,0
BRDA:7,3,0,1
BRDA:7,3,1,1
BRDA:14,4,0,3
BRDA:15,5,0,1
BRDA:15,5,1,2
BRDA:24,6,0,0
BRDA:24,6,1,2
BRDA:43,7,0,0
BRDA:43,7,1,2
BRDA:43,8,0,2
BRDA:43,8,1,0
BRDA:43,8,2,0
BRDA:53,9,0,0
BRDA:53,9,1,2
BRDA:60,10,0,0
BRDA:60,10,1,2
BRDA:64,11,0,2
BRDA:64,11,1,1
BRDA:64,11,2,0
BRF:25
BRH:17
end_of_record
