TN:
SF:src/version.ts
FNF:0
FNH:0
DA:6,9
LF:1
LH:1
BRF:0
BRH:0
end_of_record
TN:
SF:src/analysis/IncrementalAnalyzer.ts
FN:29,(anonymous_9)
FN:39,(anonymous_10)
FN:49,(anonymous_11)
FN:58,(anonymous_12)
FN:81,(anonymous_13)
FN:105,(anonymous_14)
FN:150,(anonymous_15)
FN:186,(anonymous_16)
FN:187,(anonymous_17)
FN:193,(anonymous_18)
FN:194,(anonymous_19)
FN:200,(anonymous_20)
FN:205,(anonymous_21)
FN:210,(anonymous_22)
FN:217,(anonymous_23)
FN:227,(anonymous_24)
FNF:16
FNH:11
FNDA:21,(anonymous_9)
FNDA:14,(anonymous_10)
FNDA:23,(anonymous_11)
FNDA:23,(anonymous_12)
FNDA:4,(anonymous_13)
FNDA:23,(anonymous_14)
FNDA:3,(anonymous_15)
FNDA:2,(anonymous_16)
FNDA:4,(anonymous_17)
FNDA:2,(anonymous_18)
FNDA:2,(anonymous_19)
FNDA:0,(anonymous_20)
FNDA:0,(anonymous_21)
FNDA:0,(anonymous_22)
FNDA:0,(anonymous_23)
FNDA:0,(anonymous_24)
DA:7,3
DA:8,3
DA:28,3
DA:30,21
DA:33,21
DA:40,14
DA:42,14
DA:44,14
DA:45,23
DA:46,23
DA:49,23
DA:50,14
DA:52,14
DA:59,23
DA:60,23
DA:63,23
DA:70,23
DA:71,23
DA:72,23
DA:75,23
DA:78,23
DA:79,23
DA:80,3
DA:81,3
DA:83,4
DA:87,23
DA:92,23
DA:106,23
DA:107,3
DA:108,3
DA:111,20
DA:113,20
DA:115,19
DA:116,0
DA:117,0
DA:120,19
DA:122,19
DA:123,118
DA:124,10051
DA:125,10019
DA:130,32
DA:131,17
DA:140,19
DA:142,1
DA:143,1
DA:155,3
DA:158,3
DA:159,3
DA:168,3
DA:175,3
DA:180,3
DA:187,4
DA:194,2
DA:205,0
DA:206,0
DA:209,0
DA:210,0
DA:211,0
DA:216,0
DA:217,0
DA:220,0
DA:228,0
DA:229,0
DA:232,0
DA:233,0
DA:235,0
DA:236,0
DA:237,0
DA:243,0
DA:244,0
LF:70
LH:51
BRDA:71,0,0,23
BRDA:71,0,1,3
BRDA:72,1,0,23
BRDA:72,1,1,19
BRDA:79,2,0,3
BRDA:79,2,1,20
BRDA:79,3,0,23
BRDA:79,3,1,3
BRDA:79,3,2,3
BRDA:97,4,0,23
BRDA:97,4,1,22
BRDA:106,5,0,3
BRDA:106,5,1,20
BRDA:115,6,0,0
BRDA:115,6,1,19
BRDA:124,7,0,10019
BRDA:124,7,1,32
BRDA:124,8,0,10051
BRDA:124,8,1,10019
BRDA:130,9,0,17
BRDA:130,9,1,15
BRDA:130,10,0,32
BRDA:130,10,1,17
BRDA:202,11,0,0
BRDA:203,12,0,0
BRDA:209,13,0,0
BRDA:209,13,1,0
BRDA:210,14,0,0
BRDA:210,14,1,0
BRDA:216,15,0,0
BRDA:216,15,1,0
BRDA:228,16,0,0
BRDA:228,16,1,0
BRF:33
BRH:22
end_of_record
TN:
SF:src/analysis/OutdatedCommentCleaner.ts
FN:19,(anonymous_9)
FN:28,(anonymous_10)
FN:70,(anonymous_11)
FN:72,(anonymous_12)
FN:78,(anonymous_13)
FNF:5
FNH:2
FNDA:3,(anonymous_9)
FNDA:3,(anonymous_10)
FNDA:0,(anonymous_11)
FNDA:0,(anonymous_12)
FNDA:0,(anonymous_13)
DA:7,3
DA:18,3
DA:20,3
DA:21,3
DA:29,3
DA:31,3
DA:38,3
DA:40,3
DA:41,2
DA:43,2
DA:44,0
DA:45,0
DA:49,2
DA:50,2
DA:51,2
DA:53,2
DA:59,1
DA:60,1
DA:61,1
DA:64,3
DA:71,0
DA:72,0
DA:84,0
DA:85,0
DA:87,0
DA:93,0
DA:94,0
DA:95,0
DA:99,0
LF:29
LH:18
BRDA:43,0,0,0
BRDA:43,0,1,2
BRDA:94,1,0,0
BRDA:94,1,1,0
BRF:4
BRH:1
end_of_record
TN:
SF:src/config/ConfigLoader.ts
FN:50,(anonymous_9)
FN:133,(anonymous_10)
FN:158,(anonymous_11)
FN:169,(anonymous_12)
FN:176,(anonymous_13)
FN:182,(anonymous_14)
FN:183,(anonymous_15)
FN:189,(anonymous_16)
FN:200,(anonymous_17)
FN:210,(anonymous_18)
FN:217,(anonymous_19)
FNF:11
FNH:10
FNDA:7,(anonymous_9)
FNDA:8,(anonymous_10)
FNDA:14,(anonymous_11)
FNDA:49,(anonymous_12)
FNDA:14,(anonymous_13)
FNDA:4,(anonymous_14)
FNDA:4,(anonymous_15)
FNDA:21,(anonymous_16)
FNDA:42,(anonymous_17)
FNDA:14,(anonymous_18)
FNDA:0,(anonymous_19)
DA:7,2
DA:8,2
DA:46,2
DA:52,7
DA:53,7
DA:54,7
DA:57,7
DA:58,7
DA:59,7
DA:60,7
DA:61,7
DA:62,6
DA:64,1
DA:69,7
DA:70,7
DA:71,7
DA:72,7
DA:73,7
DA:76,7
DA:77,7
DA:86,7
DA:87,7
DA:88,7
DA:89,7
DA:92,7
DA:93,7
DA:96,7
DA:97,7
DA:100,7
DA:101,7
DA:102,7
DA:104,7
DA:134,8
DA:136,8
DA:137,8
DA:138,8
DA:139,8
DA:140,8
DA:141,0
DA:143,8
DA:144,8
DA:145,8
DA:146,2
DA:149,8
DA:159,14
DA:160,14
DA:161,0
DA:163,14
DA:170,49
DA:177,14
DA:178,14
DA:180,2
DA:182,4
DA:183,4
DA:190,21
DA:191,21
DA:193,0
DA:194,0
DA:201,42
DA:202,42
DA:204,0
DA:211,14
DA:218,0
DA:219,0
DA:220,0
DA:221,0
DA:222,0
DA:223,0
DA:224,0
DA:225,0
DA:226,0
DA:227,0
DA:228,0
DA:229,0
DA:230,0
LF:75
LH:57
BRDA:53,0,0,7
BRDA:53,0,1,0
BRDA:54,1,0,7
BRDA:54,1,1,0
BRDA:59,2,0,7
BRDA:59,2,1,0
BRDA:62,3,0,6
BRDA:62,3,1,1
BRDA:62,3,2,1
BRDA:70,4,0,7
BRDA:70,4,1,0
BRDA:93,5,0,7
BRDA:93,5,1,0
BRDA:136,6,0,2
BRDA:136,6,1,6
BRDA:137,7,0,2
BRDA:137,7,1,6
BRDA:138,8,0,2
BRDA:138,8,1,6
BRDA:138,9,0,8
BRDA:138,9,1,6
BRDA:139,10,0,2
BRDA:139,10,1,6
BRDA:140,11,0,0
BRDA:140,11,1,8
BRDA:140,12,0,8
BRDA:140,12,1,0
BRDA:143,13,0,2
BRDA:143,13,1,6
BRDA:144,14,0,1
BRDA:144,14,1,7
BRDA:145,15,0,2
BRDA:145,15,1,6
BRDA:145,16,0,8
BRDA:145,16,1,7
BRDA:160,17,0,0
BRDA:160,17,1,14
BRDA:170,18,0,49
BRDA:170,18,1,41
BRDA:176,19,0,0
BRDA:178,20,0,12
BRDA:178,20,1,2
BRDA:191,21,0,21
BRDA:191,21,1,0
BRDA:194,22,0,0
BRDA:194,22,1,0
BRDA:202,23,0,42
BRDA:202,23,1,0
BRDA:204,24,0,0
BRDA:204,24,1,0
BRF:50
BRH:35
end_of_record
TN:
SF:src/core/ActionOrchestrator.ts
FN:24,(anonymous_9)
FN:66,(anonymous_10)
FN:188,(anonymous_11)
FN:221,(anonymous_12)
FN:329,(anonymous_13)
FN:437,(anonymous_14)
FNF:6
FNH:6
FNDA:23,(anonymous_9)
FNDA:23,(anonymous_10)
FNDA:3,(anonymous_11)
FNDA:5,(anonymous_12)
FNDA:3,(anonymous_13)
FNDA:1,(anonymous_14)
DA:7,1
DA:8,1
DA:9,1
DA:10,1
DA:11,1
DA:12,1
DA:13,1
DA:14,1
DA:15,1
DA:16,1
DA:17,1
DA:18,1
DA:20,1
DA:25,23
DA:26,23
DA:28,22
DA:29,22
DA:32,21
DA:33,13
DA:36,8
DA:39,8
DA:40,3
DA:43,5
DA:44,1
DA:47,4
DA:49,3
DA:52,1
DA:53,1
DA:56,0
DA:58,1
DA:59,1
DA:67,23
DA:69,23
DA:70,23
DA:71,23
DA:74,23
DA:75,5
DA:76,5
DA:77,5
DA:80,18
DA:81,3
DA:82,3
DA:83,3
DA:86,15
DA:87,1
DA:88,1
DA:89,1
DA:93,14
DA:96,14
DA:97,13
DA:99,13
DA:100,3
DA:103,10
DA:104,1
DA:108,10
DA:109,10
DA:110,2
DA:114,8
DA:121,8
DA:124,8
DA:136,8
DA:142,8
DA:149,8
DA:158,8
DA:159,8
DA:162,8
DA:173,8
DA:174,8
DA:175,7
DA:178,7
DA:179,7
DA:180,7
DA:181,7
DA:182,7
DA:183,7
DA:184,7
DA:186,7
DA:187,2
DA:188,3
DA:192,7
DA:193,7
DA:194,7
DA:195,7
DA:196,7
DA:197,7
DA:200,7
DA:201,2
DA:203,5
DA:207,7
DA:208,7
DA:210,7
DA:211,7
DA:214,7
DA:222,5
DA:224,5
DA:225,5
DA:227,5
DA:228,0
DA:231,5
DA:232,0
DA:236,5
DA:237,5
DA:238,0
DA:242,5
DA:243,5
DA:244,0
DA:247,5
DA:248,5
DA:250,5
DA:251,1
DA:254,4
DA:257,4
DA:258,4
DA:265,4
DA:267,4
DA:273,4
DA:280,4
DA:281,4
DA:282,1
DA:285,3
DA:286,3
DA:287,3
DA:288,3
DA:290,3
DA:298,3
DA:299,3
DA:302,3
DA:309,3
DA:311,3
DA:312,3
DA:315,2
DA:316,2
DA:318,2
DA:319,2
DA:322,2
DA:330,3
DA:332,3
DA:333,3
DA:335,3
DA:336,0
DA:339,3
DA:340,0
DA:344,3
DA:345,3
DA:346,0
DA:350,3
DA:351,3
DA:352,0
DA:355,3
DA:356,3
DA:358,3
DA:359,0
DA:362,3
DA:365,3
DA:366,3
DA:373,3
DA:375,3
DA:381,3
DA:388,3
DA:389,3
DA:390,0
DA:393,3
DA:394,3
DA:395,3
DA:396,3
DA:398,3
DA:406,3
DA:407,3
DA:410,3
DA:417,3
DA:419,3
DA:420,3
DA:423,0
DA:424,0
DA:426,0
DA:427,0
DA:430,0
DA:438,1
DA:440,1
DA:441,1
DA:443,1
DA:444,0
DA:447,1
DA:448,0
DA:452,1
DA:453,1
DA:454,0
DA:458,1
DA:459,1
DA:460,0
DA:463,1
DA:464,1
DA:466,1
DA:467,0
DA:470,1
DA:473,1
DA:474,1
DA:481,1
DA:483,1
DA:490,1
DA:491,1
DA:492,0
DA:495,1
DA:496,1
DA:497,1
DA:498,1
DA:500,1
DA:508,1
DA:509,1
DA:512,1
DA:518,1
DA:520,1
DA:521,1
DA:524,0
DA:525,0
DA:527,0
DA:528,0
DA:531,0
LF:218
LH:191
BRDA:26,0,0,1
BRDA:26,0,1,22
BRDA:32,1,0,13
BRDA:32,1,1,8
BRDA:32,2,0,21
BRDA:32,2,1,9
BRDA:36,3,0,8
BRDA:36,3,1,0
BRDA:39,4,0,3
BRDA:39,4,1,5
BRDA:39,5,0,8
BRDA:39,5,1,6
BRDA:43,6,0,1
BRDA:43,6,1,4
BRDA:43,7,0,5
BRDA:43,7,1,4
BRDA:47,8,0,3
BRDA:47,8,1,1
BRDA:47,9,0,4
BRDA:47,9,1,2
BRDA:47,9,2,2
BRDA:47,9,3,1
BRDA:52,10,0,1
BRDA:52,10,1,0
BRDA:52,11,0,1
BRDA:52,11,1,0
BRDA:70,12,0,23
BRDA:70,12,1,1
BRDA:71,13,0,23
BRDA:71,13,1,15
BRDA:74,14,0,5
BRDA:74,14,1,18
BRDA:80,15,0,3
BRDA:80,15,1,15
BRDA:86,16,0,1
BRDA:86,16,1,14
BRDA:99,17,0,3
BRDA:99,17,1,10
BRDA:103,18,0,1
BRDA:103,18,1,9
BRDA:109,19,0,2
BRDA:109,19,1,8
BRDA:109,20,0,10
BRDA:109,20,1,9
BRDA:186,21,0,2
BRDA:186,21,1,5
BRDA:200,22,0,2
BRDA:200,22,1,5
BRDA:207,23,0,7
BRDA:207,23,1,0
BRDA:210,24,0,7
BRDA:210,24,1,0
BRDA:210,25,0,7
BRDA:210,25,1,7
BRDA:224,26,0,5
BRDA:224,26,1,0
BRDA:224,26,2,0
BRDA:225,27,0,5
BRDA:225,27,1,0
BRDA:227,28,0,0
BRDA:227,28,1,5
BRDA:231,29,0,0
BRDA:231,29,1,5
BRDA:237,30,0,0
BRDA:237,30,1,5
BRDA:237,31,0,5
BRDA:237,31,1,5
BRDA:243,32,0,0
BRDA:243,32,1,5
BRDA:248,33,0,5
BRDA:248,33,1,1
BRDA:250,34,0,1
BRDA:250,34,1,4
BRDA:257,35,0,4
BRDA:257,35,1,4
BRDA:280,36,0,4
BRDA:280,36,1,1
BRDA:280,36,2,1
BRDA:281,37,0,1
BRDA:281,37,1,3
BRDA:285,38,0,3
BRDA:285,38,1,0
BRDA:286,39,0,3
BRDA:286,39,1,1
BRDA:315,40,0,2
BRDA:315,40,1,0
BRDA:318,41,0,2
BRDA:318,41,1,0
BRDA:318,42,0,2
BRDA:318,42,1,2
BRDA:332,43,0,3
BRDA:332,43,1,0
BRDA:332,43,2,0
BRDA:333,44,0,3
BRDA:333,44,1,0
BRDA:335,45,0,0
BRDA:335,45,1,3
BRDA:339,46,0,0
BRDA:339,46,1,3
BRDA:345,47,0,0
BRDA:345,47,1,3
BRDA:345,48,0,3
BRDA:345,48,1,3
BRDA:351,49,0,0
BRDA:351,49,1,3
BRDA:356,50,0,3
BRDA:356,50,1,1
BRDA:358,51,0,0
BRDA:358,51,1,3
BRDA:365,52,0,3
BRDA:365,52,1,3
BRDA:388,53,0,3
BRDA:388,53,1,0
BRDA:388,53,2,0
BRDA:389,54,0,0
BRDA:389,54,1,3
BRDA:393,55,0,3
BRDA:393,55,1,0
BRDA:394,56,0,3
BRDA:394,56,1,0
BRDA:423,57,0,0
BRDA:423,57,1,0
BRDA:426,58,0,0
BRDA:426,58,1,0
BRDA:426,59,0,0
BRDA:426,59,1,0
BRDA:440,60,0,1
BRDA:440,60,1,0
BRDA:440,60,2,0
BRDA:441,61,0,1
BRDA:441,61,1,0
BRDA:443,62,0,0
BRDA:443,62,1,1
BRDA:447,63,0,0
BRDA:447,63,1,1
BRDA:453,64,0,0
BRDA:453,64,1,1
BRDA:453,65,0,1
BRDA:453,65,1,1
BRDA:459,66,0,0
BRDA:459,66,1,1
BRDA:464,67,0,1
BRDA:464,67,1,1
BRDA:466,68,0,0
BRDA:466,68,1,1
BRDA:473,69,0,1
BRDA:473,69,1,1
BRDA:490,70,0,1
BRDA:490,70,1,0
BRDA:490,70,2,0
BRDA:491,71,0,0
BRDA:491,71,1,1
BRDA:495,72,0,1
BRDA:495,72,1,0
BRDA:496,73,0,1
BRDA:496,73,1,0
BRDA:524,74,0,0
BRDA:524,74,1,0
BRDA:527,75,0,0
BRDA:527,75,1,0
BRDA:527,76,0,0
BRDA:527,76,1,0
BRF:162
BRH:109
end_of_record
TN:
SF:src/core/IncrementalReviewStrategy.ts
FN:38,(anonymous_9)
FN:46,(anonymous_10)
FN:72,(anonymous_11)
FN:148,(anonymous_12)
FN:155,(anonymous_13)
FN:161,(anonymous_14)
FN:167,(anonymous_15)
FN:175,(anonymous_16)
FN:201,(anonymous_17)
FN:234,(anonymous_18)
FN:267,(anonymous_19)
FN:273,(anonymous_20)
FN:283,(anonymous_21)
FN:298,(anonymous_22)
FNF:14
FNH:10
FNDA:18,(anonymous_9)
FNDA:18,(anonymous_10)
FNDA:1018,(anonymous_11)
FNDA:18,(anonymous_12)
FNDA:1016,(anonymous_13)
FNDA:11,(anonymous_14)
FNDA:1016,(anonymous_15)
FNDA:11,(anonymous_16)
FNDA:11,(anonymous_17)
FNDA:1016,(anonymous_18)
FNDA:0,(anonymous_19)
FNDA:0,(anonymous_20)
FNDA:0,(anonymous_21)
FNDA:0,(anonymous_22)
DA:11,3
DA:37,3
DA:39,18
DA:54,18
DA:66,18
DA:69,18
DA:72,18
DA:73,1018
DA:74,1018
DA:84,18
DA:87,18
DA:88,18
DA:89,1016
DA:90,1016
DA:91,1016
DA:92,1016
DA:97,18
DA:98,18
DA:99,11
DA:100,11
DA:101,11
DA:106,18
DA:108,18
DA:109,18
DA:110,18
DA:111,18
DA:115,18
DA:116,1016
DA:117,1016
DA:118,1015
DA:119,1015
DA:121,1
DA:126,18
DA:129,18
DA:131,18
DA:132,18
DA:133,18
DA:134,18
DA:135,18
DA:136,18
DA:138,18
DA:154,18
DA:155,18
DA:156,1016
DA:157,1016
DA:160,18
DA:161,18
DA:162,11
DA:163,11
DA:167,18
DA:168,1016
DA:169,1016
DA:170,1016
DA:175,18
DA:176,11
DA:177,11
DA:179,11
DA:181,0
DA:182,0
DA:193,11
DA:202,11
DA:204,11
DA:205,11
DA:206,7
DA:207,4
DA:208,2
DA:212,11
DA:215,11
DA:216,11
DA:217,0
DA:220,11
DA:227,0
DA:235,1016
DA:237,1016
DA:238,1016
DA:239,1007
DA:240,9
DA:241,2
DA:245,1016
DA:248,1016
DA:249,1016
DA:250,0
DA:253,1016
DA:260,0
DA:268,0
DA:269,0
DA:272,0
DA:274,0
DA:278,0
DA:279,0
DA:283,0
DA:284,0
DA:288,0
DA:290,0
DA:291,0
DA:299,0
DA:300,0
LF:97
LH:78
BRDA:74,0,0,1018
BRDA:74,0,1,1014
BRDA:74,0,2,1013
BRDA:74,0,3,1013
BRDA:74,0,4,1012
BRDA:74,0,5,1012
BRDA:74,0,6,5
BRDA:74,0,7,3
BRDA:90,1,0,1016
BRDA:90,1,1,0
BRDA:100,2,0,11
BRDA:100,2,1,0
BRDA:169,3,0,1016
BRDA:169,3,1,0
BRDA:179,4,0,0
BRDA:179,4,1,11
BRDA:181,5,0,0
BRDA:181,5,1,0
BRDA:205,6,0,7
BRDA:205,6,1,4
BRDA:205,7,0,11
BRDA:205,7,1,4
BRDA:207,8,0,2
BRDA:207,8,1,2
BRDA:207,9,0,4
BRDA:207,9,1,2
BRDA:216,10,0,0
BRDA:216,10,1,11
BRDA:238,11,0,1007
BRDA:238,11,1,9
BRDA:238,12,0,1016
BRDA:238,12,1,9
BRDA:240,13,0,2
BRDA:240,13,1,7
BRDA:240,14,0,9
BRDA:240,14,1,7
BRDA:249,15,0,0
BRDA:249,15,1,1016
BRDA:255,16,0,1016
BRDA:255,16,1,1016
BRDA:274,17,0,0
BRDA:274,17,1,0
BRDA:278,18,0,0
BRDA:278,18,1,0
BRDA:284,19,0,0
BRDA:284,19,1,0
BRDA:285,20,0,0
BRDA:285,20,1,0
BRF:48
BRH:32
end_of_record
TN:
SF:src/core/ReviewEngine.ts
FN:57,(anonymous_9)
FN:70,(anonymous_10)
FN:96,(anonymous_11)
FN:108,(anonymous_12)
FN:120,(anonymous_13)
FN:148,(anonymous_14)
FN:244,(anonymous_15)
FN:254,(anonymous_16)
FN:255,(anonymous_17)
FN:316,(anonymous_18)
FNF:10
FNH:7
FNDA:22,(anonymous_9)
FNDA:1,(anonymous_10)
FNDA:0,(anonymous_11)
FNDA:0,(anonymous_12)
FNDA:0,(anonymous_13)
FNDA:17,(anonymous_14)
FNDA:12,(anonymous_15)
FNDA:43,(anonymous_16)
FNDA:352,(anonymous_17)
FNDA:81,(anonymous_18)
DA:7,2
DA:11,2
DA:13,2
DA:14,2
DA:15,2
DA:16,2
DA:17,2
DA:18,2
DA:19,2
DA:47,2
DA:55,22
DA:58,22
DA:59,22
DA:60,22
DA:61,22
DA:62,22
DA:63,22
DA:64,22
DA:74,1
DA:84,1
DA:87,1
DA:91,1
DA:92,0
DA:94,0
DA:95,0
DA:96,0
DA:97,0
DA:98,0
DA:100,0
DA:101,0
DA:103,0
DA:106,0
DA:107,0
DA:108,0
DA:109,0
DA:110,0
DA:112,0
DA:113,0
DA:115,0
DA:118,0
DA:119,0
DA:120,0
DA:121,0
DA:122,0
DA:124,0
DA:125,0
DA:127,0
DA:131,1
DA:132,0
DA:134,1
DA:135,1
DA:138,1
DA:139,1
DA:142,1
DA:153,17
DA:155,17
DA:157,17
DA:167,17
DA:169,17
DA:170,17
DA:171,17
DA:173,15
DA:176,15
DA:179,15
DA:180,15
DA:181,15
DA:183,15
DA:185,15
DA:186,5
DA:187,5
DA:188,5
DA:192,10
DA:193,9
DA:194,9
DA:195,9
DA:196,9
DA:198,9
DA:199,1
DA:204,10
DA:205,10
DA:206,12
DA:207,12
DA:209,12
DA:210,12
DA:220,3
DA:221,3
DA:222,3
DA:229,10
DA:230,10
DA:233,2
DA:234,2
DA:235,2
DA:238,12
DA:254,12
DA:255,352
DA:256,43
DA:259,12
DA:271,12
DA:272,12
DA:273,0
DA:277,12
DA:278,12
DA:280,12
DA:283,12
DA:286,12
DA:289,10
DA:290,10
DA:291,10
DA:294,10
DA:295,10
DA:296,10
DA:299,10
DA:301,9
DA:302,0
DA:305,9
DA:306,9
DA:309,9
DA:312,9
DA:314,9
DA:315,9
DA:316,81
DA:317,9
DA:318,3
DA:319,3
DA:323,6
DA:324,6
DA:325,0
DA:326,0
DA:329,6
DA:330,6
DA:331,0
DA:332,0
DA:335,6
DA:337,6
DA:344,0
DA:345,0
DA:346,0
DA:351,9
DA:356,9
DA:360,9
DA:361,1
DA:365,9
DA:366,6
DA:367,6
DA:369,1
DA:371,1
DA:372,1
DA:381,1
DA:383,1
DA:386,1
DA:392,1
DA:393,1
DA:400,1
DA:401,1
DA:405,5
DA:407,5
DA:413,5
DA:421,5
DA:422,5
DA:426,0
DA:427,0
DA:428,0
DA:432,9
LF:163
LH:125
BRDA:62,0,0,22
BRDA:62,0,1,2
BRDA:63,1,0,22
BRDA:63,1,1,1
BRDA:64,2,0,22
BRDA:64,2,1,2
BRDA:87,3,0,1
BRDA:87,3,1,1
BRDA:87,3,2,1
BRDA:91,4,0,0
BRDA:91,4,1,1
BRDA:94,5,0,0
BRDA:94,5,1,0
BRDA:97,6,0,0
BRDA:97,6,1,0
BRDA:97,7,0,0
BRDA:97,7,1,0
BRDA:100,8,0,0
BRDA:100,8,1,0
BRDA:106,9,0,0
BRDA:106,9,1,0
BRDA:109,10,0,0
BRDA:109,10,1,0
BRDA:109,11,0,0
BRDA:109,11,1,0
BRDA:112,12,0,0
BRDA:112,12,1,0
BRDA:118,13,0,0
BRDA:118,13,1,0
BRDA:121,14,0,0
BRDA:121,14,1,0
BRDA:121,15,0,0
BRDA:121,15,1,0
BRDA:124,16,0,0
BRDA:124,16,1,0
BRDA:131,17,0,0
BRDA:131,17,1,1
BRDA:138,18,0,1
BRDA:138,18,1,0
BRDA:185,19,0,5
BRDA:185,19,1,10
BRDA:192,20,0,9
BRDA:192,20,1,1
BRDA:198,21,0,1
BRDA:198,21,1,8
BRDA:272,22,0,0
BRDA:272,22,1,12
BRDA:301,23,0,0
BRDA:301,23,1,9
BRDA:317,24,0,3
BRDA:317,24,1,6
BRDA:317,25,0,9
BRDA:317,25,1,6
BRDA:324,26,0,0
BRDA:324,26,1,6
BRDA:330,27,0,0
BRDA:330,27,1,6
BRDA:356,28,0,9
BRDA:356,28,1,9
BRDA:356,28,2,9
BRDA:360,29,0,1
BRDA:360,29,1,8
BRDA:365,30,0,6
BRDA:365,30,1,3
BRDA:367,31,0,1
BRDA:367,31,1,5
BRDA:377,32,0,1
BRDA:377,32,1,0
BRDA:387,33,0,1
BRDA:387,33,1,0
BRDA:392,34,0,1
BRDA:392,34,1,0
BRF:72
BRH:38
end_of_record
TN:
SF:src/description/DescriptionService.ts
FN:30,(anonymous_9)
FN:39,(anonymous_10)
FN:79,(anonymous_11)
FN:85,(anonymous_12)
FN:95,(anonymous_13)
FN:101,(anonymous_14)
FN:102,(anonymous_15)
FN:168,(anonymous_16)
FNF:8
FNH:5
FNDA:3,(anonymous_9)
FNDA:3,(anonymous_10)
FNDA:3,(anonymous_11)
FNDA:3,(anonymous_12)
FNDA:0,(anonymous_13)
FNDA:0,(anonymous_14)
FNDA:0,(anonymous_15)
FNDA:2,(anonymous_16)
DA:7,2
DA:10,2
DA:25,2
DA:31,3
DA:32,3
DA:33,3
DA:40,3
DA:41,3
DA:44,3
DA:47,3
DA:50,3
DA:53,3
DA:56,3
DA:57,3
DA:62,2
DA:65,2
DA:69,1
DA:71,2
DA:72,2
DA:85,3
DA:86,3
DA:89,3
DA:94,3
DA:95,3
DA:96,0
DA:97,0
DA:98,0
DA:101,3
DA:102,0
DA:103,0
DA:106,3
DA:170,2
DA:172,2
LF:33
LH:28
BRDA:71,0,0,2
BRDA:71,0,1,0
BRDA:89,1,0,0
BRDA:89,1,1,3
BRDA:96,2,0,0
BRDA:96,2,1,0
BRDA:97,3,0,0
BRDA:97,3,1,0
BRDA:115,4,0,3
BRDA:115,4,1,3
BRF:10
BRH:4
end_of_record
TN:
SF:src/github/CommentService.ts
FN:32,(anonymous_9)
FN:41,(anonymous_10)
FN:48,(anonymous_11)
FN:55,(anonymous_12)
FN:62,(anonymous_13)
FN:101,(anonymous_14)
FN:125,(anonymous_15)
FN:132,(anonymous_16)
FN:147,(anonymous_17)
FN:165,(anonymous_18)
FN:174,(anonymous_19)
FN:193,(anonymous_20)
FN:213,(anonymous_21)
FN:268,(anonymous_22)
FN:269,(anonymous_23)
FN:305,(anonymous_24)
FN:323,(anonymous_25)
FN:351,(anonymous_26)
FN:353,(anonymous_27)
FN:359,(anonymous_28)
FN:361,(anonymous_29)
FN:367,(anonymous_30)
FN:391,(anonymous_31)
FN:401,(anonymous_32)
FN:416,(anonymous_33)
FN:433,(anonymous_34)
FN:440,(anonymous_35)
FN:451,(anonymous_36)
FN:486,(anonymous_37)
FN:499,(anonymous_38)
FN:509,(anonymous_39)
FN:528,(anonymous_40)
FN:623,(anonymous_41)
FN:668,(anonymous_42)
FN:680,(anonymous_43)
FN:695,(anonymous_44)
FN:711,(anonymous_45)
FNF:37
FNH:1
FNDA:15,(anonymous_9)
FNDA:0,(anonymous_10)
FNDA:0,(anonymous_11)
FNDA:0,(anonymous_12)
FNDA:0,(anonymous_13)
FNDA:0,(anonymous_14)
FNDA:0,(anonymous_15)
FNDA:0,(anonymous_16)
FNDA:0,(anonymous_17)
FNDA:0,(anonymous_18)
FNDA:0,(anonymous_19)
FNDA:0,(anonymous_20)
FNDA:0,(anonymous_21)
FNDA:0,(anonymous_22)
FNDA:0,(anonymous_23)
FNDA:0,(anonymous_24)
FNDA:0,(anonymous_25)
FNDA:0,(anonymous_26)
FNDA:0,(anonymous_27)
FNDA:0,(anonymous_28)
FNDA:0,(anonymous_29)
FNDA:0,(anonymous_30)
FNDA:0,(anonymous_31)
FNDA:0,(anonymous_32)
FNDA:0,(anonymous_33)
FNDA:0,(anonymous_34)
FNDA:0,(anonymous_35)
FNDA:0,(anonymous_36)
FNDA:0,(anonymous_37)
FNDA:0,(anonymous_38)
FNDA:0,(anonymous_39)
FNDA:0,(anonymous_40)
FNDA:0,(anonymous_41)
FNDA:0,(anonymous_42)
FNDA:0,(anonymous_43)
FNDA:0,(anonymous_44)
FNDA:0,(anonymous_45)
DA:7,5
DA:27,5
DA:33,15
DA:34,15
DA:35,15
DA:42,0
DA:49,0
DA:56,0
DA:69,0
DA:70,0
DA:80,0
DA:82,0
DA:93,0
DA:94,0
DA:102,0
DA:103,0
DA:110,0
DA:112,0
DA:117,0
DA:118,0
DA:126,0
DA:139,0
DA:140,0
DA:147,0
DA:154,0
DA:155,0
DA:157,0
DA:158,0
DA:166,0
DA:167,0
DA:174,0
DA:185,0
DA:186,0
DA:194,0
DA:195,0
DA:202,0
DA:204,0
DA:205,0
DA:214,0
DA:216,0
DA:224,0
DA:242,0
DA:267,0
DA:268,0
DA:269,0
DA:272,0
DA:273,0
DA:274,0
DA:277,0
DA:278,0
DA:279,0
DA:283,0
DA:295,0
DA:298,0
DA:306,0
DA:307,0
DA:313,0
DA:315,0
DA:316,0
DA:328,0
DA:329,0
DA:332,0
DA:333,0
DA:341,0
DA:343,0
DA:344,0
DA:352,0
DA:353,0
DA:360,0
DA:361,0
DA:368,0
DA:369,0
DA:376,0
DA:382,0
DA:383,0
DA:392,0
DA:395,0
DA:408,0
DA:409,0
DA:416,0
DA:425,0
DA:426,0
DA:434,0
DA:435,0
DA:437,0
DA:440,0
DA:441,0
DA:445,0
DA:446,0
DA:447,0
DA:451,0
DA:452,0
DA:456,0
DA:457,0
DA:459,0
DA:460,0
DA:461,0
DA:468,0
DA:469,0
DA:471,0
DA:475,0
DA:476,0
DA:478,0
DA:479,0
DA:487,0
DA:500,0
DA:501,0
DA:509,0
DA:520,0
DA:521,0
DA:529,0
DA:530,0
DA:551,0
DA:578,0
DA:579,0
DA:581,0
DA:582,0
DA:585,0
DA:586,0
DA:588,0
DA:591,0
DA:592,0
DA:593,0
DA:604,0
DA:605,0
DA:607,0
DA:612,0
DA:613,0
DA:615,0
DA:616,0
DA:624,0
DA:642,0
DA:667,0
DA:668,0
DA:669,0
DA:673,0
DA:687,0
DA:688,0
DA:695,0
DA:703,0
DA:704,0
DA:712,0
DA:713,0
DA:719,0
DA:721,0
DA:722,0
LF:146
LH:5
BRDA:85,0,0,0
BRDA:85,0,1,0
BRDA:86,1,0,0
BRDA:86,1,1,0
BRDA:90,2,0,0
BRDA:90,2,1,0
BRDA:93,3,0,0
BRDA:93,3,1,0
BRDA:114,4,0,0
BRDA:114,4,1,0
BRDA:117,5,0,0
BRDA:117,5,1,0
BRDA:154,6,0,0
BRDA:154,6,1,0
BRDA:157,7,0,0
BRDA:157,7,1,0
BRDA:177,8,0,0
BRDA:177,8,1,0
BRDA:178,9,0,0
BRDA:178,9,1,0
BRDA:182,10,0,0
BRDA:182,10,1,0
BRDA:185,11,0,0
BRDA:185,11,1,0
BRDA:204,12,0,0
BRDA:204,12,1,0
BRDA:224,13,0,0
BRDA:224,13,1,0
BRDA:272,14,0,0
BRDA:272,14,1,0
BRDA:277,15,0,0
BRDA:277,15,1,0
BRDA:298,16,0,0
BRDA:298,16,1,0
BRDA:315,17,0,0
BRDA:315,17,1,0
BRDA:328,18,0,0
BRDA:328,18,1,0
BRDA:343,19,0,0
BRDA:343,19,1,0
BRDA:378,20,0,0
BRDA:378,20,1,0
BRDA:382,21,0,0
BRDA:382,21,1,0
BRDA:425,22,0,0
BRDA:425,22,1,0
BRDA:441,23,0,0
BRDA:441,23,1,0
BRDA:445,24,0,0
BRDA:445,24,1,0
BRDA:452,25,0,0
BRDA:452,25,1,0
BRDA:453,26,0,0
BRDA:453,26,1,0
BRDA:512,27,0,0
BRDA:512,27,1,0
BRDA:513,28,0,0
BRDA:513,28,1,0
BRDA:517,29,0,0
BRDA:517,29,1,0
BRDA:520,30,0,0
BRDA:520,30,1,0
BRDA:582,31,0,0
BRDA:582,31,1,0
BRDA:586,32,0,0
BRDA:586,32,1,0
BRDA:588,33,0,0
BRDA:588,33,1,0
BRDA:591,34,0,0
BRDA:591,34,1,0
BRDA:669,35,0,0
BRDA:669,35,1,0
BRDA:697,36,0,0
BRDA:697,36,1,0
BRDA:698,37,0,0
BRDA:698,37,1,0
BRDA:703,38,0,0
BRDA:703,38,1,0
BRDA:721,39,0,0
BRDA:721,39,1,0
BRF:80
BRH:0
end_of_record
TN:
SF:src/github/DiffParser.ts
FN:39,(anonymous_9)
FN:57,(anonymous_10)
FN:69,(anonymous_11)
FN:71,(anonymous_12)
FN:168,(anonymous_13)
FN:256,(anonymous_14)
FN:274,(anonymous_15)
FN:289,(anonymous_16)
FN:310,(anonymous_17)
FN:331,(anonymous_18)
FN:335,(anonymous_19)
FN:355,(anonymous_20)
FN:372,(anonymous_21)
FN:374,(anonymous_22)
FN:385,(anonymous_23)
FN:396,(anonymous_24)
FNF:16
FNH:5
FNDA:5,(anonymous_9)
FNDA:6,(anonymous_10)
FNDA:39,(anonymous_11)
FNDA:30,(anonymous_12)
FNDA:12,(anonymous_13)
FNDA:0,(anonymous_14)
FNDA:0,(anonymous_15)
FNDA:0,(anonymous_16)
FNDA:0,(anonymous_17)
FNDA:0,(anonymous_18)
FNDA:0,(anonymous_19)
FNDA:0,(anonymous_20)
FNDA:0,(anonymous_21)
FNDA:0,(anonymous_22)
FNDA:0,(anonymous_23)
FNDA:0,(anonymous_24)
DA:7,6
DA:35,6
DA:40,5
DA:41,5
DA:43,5
DA:44,6
DA:45,6
DA:46,6
DA:50,5
DA:51,5
DA:58,6
DA:61,6
DA:62,6
DA:64,6
DA:65,6
DA:68,6
DA:69,39
DA:70,1
DA:71,30
DA:72,1
DA:73,4
DA:74,1
DA:78,6
DA:79,6
DA:80,6
DA:81,6
DA:82,6
DA:83,6
DA:84,6
DA:86,6
DA:87,40
DA:90,40
DA:91,5
DA:92,0
DA:95,5
DA:96,5
DA:98,5
DA:99,5
DA:100,5
DA:101,5
DA:103,5
DA:112,5
DA:113,5
DA:116,35
DA:119,15
DA:127,15
DA:128,6
DA:129,6
DA:130,6
DA:131,6
DA:132,9
DA:133,3
DA:134,3
DA:135,3
DA:136,3
DA:137,6
DA:138,5
DA:139,5
DA:140,5
DA:141,5
DA:142,1
DA:144,0
DA:147,15
DA:148,15
DA:151,6
DA:152,5
DA:155,6
DA:169,12
DA:170,12
DA:171,12
DA:172,12
DA:173,12
DA:174,12
DA:175,12
DA:176,12
DA:178,12
DA:180,10047
DA:181,11
DA:182,1
DA:185,11
DA:186,11
DA:188,10
DA:189,10
DA:190,10
DA:191,10
DA:193,10
DA:202,10
DA:203,10
DA:206,10036
DA:208,10033
DA:216,10033
DA:217,10009
DA:218,10009
DA:219,10009
DA:220,10009
DA:221,24
DA:222,3
DA:223,3
DA:224,3
DA:225,3
DA:226,21
DA:227,21
DA:228,21
DA:229,21
DA:230,21
DA:231,0
DA:232,0
DA:235,10033
DA:236,10033
DA:239,12
DA:240,9
DA:243,12
DA:257,0
DA:258,0
DA:259,0
DA:260,0
DA:262,0
DA:263,0
DA:268,0
DA:275,0
DA:276,0
DA:277,0
DA:278,0
DA:283,0
DA:290,0
DA:292,0
DA:293,0
DA:294,0
DA:295,0
DA:304,0
DA:311,0
DA:313,0
DA:314,0
DA:315,0
DA:316,0
DA:325,0
DA:332,0
DA:334,0
DA:335,0
DA:337,0
DA:338,0
DA:339,0
DA:341,0
DA:342,0
DA:345,0
DA:349,0
DA:361,0
DA:373,0
DA:374,0
DA:375,0
DA:376,0
DA:379,0
DA:386,0
DA:388,0
DA:389,0
DA:390,0
DA:391,0
DA:396,0
LF:158
LH:108
BRDA:45,0,0,6
BRDA:45,0,1,0
BRDA:62,1,0,0
BRDA:62,1,1,6
BRDA:69,2,0,1
BRDA:69,2,1,5
BRDA:71,3,0,1
BRDA:71,3,1,4
BRDA:73,4,0,1
BRDA:73,4,1,3
BRDA:90,5,0,5
BRDA:90,5,1,35
BRDA:91,6,0,0
BRDA:91,6,1,5
BRDA:96,7,0,0
BRDA:96,7,1,5
BRDA:99,8,0,5
BRDA:99,8,1,0
BRDA:101,9,0,5
BRDA:101,9,1,0
BRDA:116,10,0,20
BRDA:116,10,1,15
BRDA:127,11,0,6
BRDA:127,11,1,9
BRDA:132,12,0,3
BRDA:132,12,1,6
BRDA:137,13,0,5
BRDA:137,13,1,1
BRDA:142,14,0,0
BRDA:142,14,1,1
BRDA:151,15,0,5
BRDA:151,15,1,1
BRDA:157,16,0,1
BRDA:157,16,1,5
BRDA:180,17,0,11
BRDA:180,17,1,10036
BRDA:181,18,0,1
BRDA:181,18,1,10
BRDA:186,19,0,1
BRDA:186,19,1,10
BRDA:189,20,0,10
BRDA:189,20,1,0
BRDA:191,21,0,10
BRDA:191,21,1,0
BRDA:206,22,0,3
BRDA:206,22,1,10033
BRDA:216,23,0,10009
BRDA:216,23,1,24
BRDA:221,24,0,3
BRDA:221,24,1,21
BRDA:226,25,0,21
BRDA:226,25,1,0
BRDA:231,26,0,0
BRDA:231,26,1,0
BRDA:239,27,0,9
BRDA:239,27,1,3
BRDA:259,28,0,0
BRDA:259,28,1,0
BRDA:259,29,0,0
BRDA:259,29,1,0
BRDA:262,30,0,0
BRDA:262,30,1,0
BRDA:262,31,0,0
BRDA:262,31,1,0
BRDA:277,32,0,0
BRDA:277,32,1,0
BRDA:294,33,0,0
BRDA:294,33,1,0
BRDA:294,34,0,0
BRDA:294,34,1,0
BRDA:315,35,0,0
BRDA:315,35,1,0
BRDA:315,36,0,0
BRDA:315,36,1,0
BRDA:315,36,2,0
BRDA:331,37,0,0
BRDA:337,38,0,0
BRDA:337,38,1,0
BRDA:375,39,0,0
BRDA:375,39,1,0
BRDA:375,40,0,0
BRDA:375,40,1,0
BRDA:390,41,0,0
BRDA:390,41,1,0
BRDA:390,42,0,0
BRDA:390,42,1,0
BRF:86
BRH:44
end_of_record
TN:
SF:src/github/GitHubClient.ts
FN:41,(anonymous_9)
FN:50,(anonymous_10)
FN:54,(anonymous_11)
FN:70,(anonymous_12)
FN:77,(anonymous_13)
FN:87,(anonymous_14)
FN:100,(anonymous_15)
FN:138,(anonymous_16)
FN:157,(anonymous_17)
FN:179,(anonymous_18)
FN:202,(anonymous_19)
FN:219,(anonymous_20)
FN:237,(anonymous_21)
FN:244,(anonymous_22)
FN:266,(anonymous_23)
FN:280,(anonymous_24)
FN:293,(anonymous_25)
FN:304,(anonymous_26)
FNF:18
FNH:16
FNDA:20,(anonymous_9)
FNDA:0,(anonymous_10)
FNDA:0,(anonymous_11)
FNDA:22,(anonymous_12)
FNDA:1,(anonymous_13)
FNDA:2,(anonymous_14)
FNDA:2,(anonymous_15)
FNDA:1,(anonymous_16)
FNDA:1,(anonymous_17)
FNDA:3,(anonymous_18)
FNDA:2,(anonymous_19)
FNDA:1,(anonymous_20)
FNDA:1,(anonymous_21)
FNDA:1,(anonymous_22)
FNDA:1,(anonymous_23)
FNDA:1,(anonymous_24)
FNDA:2,(anonymous_25)
FNDA:1,(anonymous_26)
DA:7,2
DA:8,2
DA:9,2
DA:10,2
DA:14,2
DA:36,2
DA:42,20
DA:43,20
DA:46,20
DA:51,0
DA:52,0
DA:55,0
DA:56,0
DA:64,20
DA:71,22
DA:78,1
DA:88,2
DA:89,2
DA:90,1
DA:92,1
DA:93,1
DA:105,2
DA:107,2
DA:113,1
DA:120,1
DA:126,1
DA:127,1
DA:144,1
DA:146,1
DA:163,1
DA:168,1
DA:180,3
DA:181,3
DA:188,2
DA:189,1
DA:192,1
DA:194,1
DA:195,1
DA:203,2
DA:204,2
DA:210,1
DA:212,1
DA:226,1
DA:232,1
DA:237,1
DA:256,1
DA:263,1
DA:266,1
DA:281,1
DA:287,1
DA:298,2
DA:299,2
DA:304,1
DA:310,1
DA:311,1
LF:55
LH:51
BRDA:48,0,0,20
BRDA:48,0,1,20
BRDA:49,1,0,20
BRDA:49,1,1,0
BRDA:59,2,0,20
BRDA:59,2,1,0
BRDA:126,3,0,1
BRDA:126,3,1,0
BRDA:188,4,0,1
BRDA:188,4,1,1
BRDA:235,5,0,1
BRDA:235,5,1,0
BRDA:236,6,0,1
BRDA:236,6,1,0
BRDA:266,7,0,1
BRDA:266,7,1,0
BRDA:310,8,0,1
BRDA:310,8,1,0
BRF:18
BRH:11
end_of_record
TN:
SF:src/github/PullRequestService.ts
FN:52,(anonymous_9)
FN:61,(anonymous_10)
FN:100,(anonymous_11)
FN:118,(anonymous_12)
FN:154,(anonymous_13)
FN:168,(anonymous_14)
FN:183,(anonymous_15)
FN:204,(anonymous_16)
FN:223,(anonymous_17)
FN:231,(anonymous_18)
FN:239,(anonymous_19)
FN:249,(anonymous_20)
FN:268,(anonymous_21)
FN:269,(anonymous_22)
FN:278,(anonymous_23)
FN:279,(anonymous_24)
FN:279,(anonymous_25)
FN:285,(anonymous_26)
FN:286,(anonymous_27)
FN:286,(anonymous_28)
FN:292,(anonymous_29)
FN:315,(anonymous_30)
FN:331,(anonymous_31)
FN:351,(anonymous_32)
FN:374,(anonymous_33)
FN:376,(anonymous_34)
FN:391,(anonymous_35)
FN:399,(anonymous_36)
FN:418,(anonymous_37)
FN:437,(anonymous_38)
FN:444,(anonymous_39)
FNF:31
FNH:1
FNDA:16,(anonymous_9)
FNDA:0,(anonymous_10)
FNDA:0,(anonymous_11)
FNDA:0,(anonymous_12)
FNDA:0,(anonymous_13)
FNDA:0,(anonymous_14)
FNDA:0,(anonymous_15)
FNDA:0,(anonymous_16)
FNDA:0,(anonymous_17)
FNDA:0,(anonymous_18)
FNDA:0,(anonymous_19)
FNDA:0,(anonymous_20)
FNDA:0,(anonymous_21)
FNDA:0,(anonymous_22)
FNDA:0,(anonymous_23)
FNDA:0,(anonymous_24)
FNDA:0,(anonymous_25)
FNDA:0,(anonymous_26)
FNDA:0,(anonymous_27)
FNDA:0,(anonymous_28)
FNDA:0,(anonymous_29)
FNDA:0,(anonymous_30)
FNDA:0,(anonymous_31)
FNDA:0,(anonymous_32)
FNDA:0,(anonymous_33)
FNDA:0,(anonymous_34)
FNDA:0,(anonymous_35)
FNDA:0,(anonymous_36)
FNDA:0,(anonymous_37)
FNDA:0,(anonymous_38)
FNDA:0,(anonymous_39)
DA:7,5
DA:47,5
DA:53,16
DA:54,16
DA:55,16
DA:62,0
DA:63,0
DA:70,0
DA:72,0
DA:92,0
DA:93,0
DA:101,0
DA:102,0
DA:103,0
DA:104,0
DA:105,0
DA:107,0
DA:108,0
DA:116,0
DA:118,0
DA:130,0
DA:131,0
DA:134,0
DA:136,0
DA:137,0
DA:139,0
DA:143,0
DA:144,0
DA:146,0
DA:147,0
DA:160,0
DA:161,0
DA:168,0
DA:175,0
DA:176,0
DA:184,0
DA:185,0
DA:194,0
DA:196,0
DA:197,0
DA:205,0
DA:206,0
DA:213,0
DA:215,0
DA:216,0
DA:224,0
DA:225,0
DA:232,0
DA:233,0
DA:239,0
DA:241,0
DA:242,0
DA:250,0
DA:251,0
DA:258,0
DA:260,0
DA:261,0
DA:269,0
DA:270,0
DA:271,0
DA:279,0
DA:286,0
DA:293,0
DA:294,0
DA:301,0
DA:302,0
DA:305,0
DA:307,0
DA:308,0
DA:320,0
DA:321,0
DA:328,0
DA:331,0
DA:343,0
DA:344,0
DA:359,0
DA:361,0
DA:362,0
DA:363,0
DA:364,0
DA:366,0
DA:367,0
DA:368,0
DA:369,0
DA:370,0
DA:373,0
DA:374,0
DA:376,0
DA:378,0
DA:392,0
DA:393,0
DA:399,0
DA:410,0
DA:411,0
DA:419,0
DA:420,0
DA:427,0
DA:429,0
DA:430,0
DA:438,0
DA:445,0
LF:101
LH:5
BRDA:75,0,0,0
BRDA:75,0,1,0
BRDA:81,1,0,0
BRDA:81,1,1,0
BRDA:85,2,0,0
BRDA:85,2,1,0
BRDA:87,3,0,0
BRDA:87,3,1,0
BRDA:88,4,0,0
BRDA:88,4,1,0
BRDA:89,5,0,0
BRDA:89,5,1,0
BRDA:92,6,0,0
BRDA:92,6,1,0
BRDA:116,7,0,0
BRDA:116,7,1,0
BRDA:131,8,0,0
BRDA:131,8,1,0
BRDA:136,9,0,0
BRDA:136,9,1,0
BRDA:146,10,0,0
BRDA:146,10,1,0
BRDA:171,11,0,0
BRDA:171,11,1,0
BRDA:172,12,0,0
BRDA:172,12,1,0
BRDA:175,13,0,0
BRDA:175,13,1,0
BRDA:196,14,0,0
BRDA:196,14,1,0
BRDA:215,15,0,0
BRDA:215,15,1,0
BRDA:241,16,0,0
BRDA:241,16,1,0
BRDA:260,17,0,0
BRDA:260,17,1,0
BRDA:271,18,0,0
BRDA:271,18,1,0
BRDA:301,19,0,0
BRDA:301,19,1,0
BRDA:331,20,0,0
BRDA:331,20,1,0
BRDA:343,21,0,0
BRDA:343,21,1,0
BRDA:367,22,0,0
BRDA:367,22,1,0
BRDA:399,23,0,0
BRDA:399,23,1,0
BRDA:410,24,0,0
BRDA:410,24,1,0
BRDA:429,25,0,0
BRDA:429,25,1,0
BRF:52
BRH:0
end_of_record
TN:
SF:src/parsers/ResponseParser.ts
FN:38,(anonymous_9)
FN:54,(anonymous_10)
FN:76,(anonymous_11)
FN:108,(anonymous_12)
FN:114,(anonymous_13)
FN:124,(anonymous_14)
FN:128,(anonymous_15)
FN:134,(anonymous_16)
FN:149,(anonymous_17)
FN:150,(anonymous_18)
FN:156,(anonymous_19)
FN:170,(anonymous_20)
FN:182,(anonymous_21)
FN:183,(anonymous_22)
FN:184,(anonymous_23)
FN:185,(anonymous_24)
FN:203,(anonymous_25)
FN:205,(anonymous_26)
FN:206,(anonymous_27)
FN:207,(anonymous_28)
FN:233,(anonymous_29)
FN:237,(anonymous_30)
FN:238,(anonymous_31)
FN:239,(anonymous_32)
FN:280,(anonymous_33)
FN:302,(anonymous_34)
FN:306,(anonymous_35)
FNF:27
FNH:15
FNDA:15,(anonymous_9)
FNDA:5,(anonymous_10)
FNDA:15,(anonymous_11)
FNDA:0,(anonymous_12)
FNDA:0,(anonymous_13)
FNDA:3,(anonymous_14)
FNDA:9,(anonymous_15)
FNDA:1,(anonymous_16)
FNDA:1,(anonymous_17)
FNDA:4,(anonymous_18)
FNDA:2,(anonymous_19)
FNDA:2,(anonymous_20)
FNDA:2,(anonymous_21)
FNDA:3,(anonymous_22)
FNDA:3,(anonymous_23)
FNDA:3,(anonymous_24)
FNDA:0,(anonymous_25)
FNDA:0,(anonymous_26)
FNDA:0,(anonymous_27)
FNDA:0,(anonymous_28)
FNDA:0,(anonymous_29)
FNDA:0,(anonymous_30)
FNDA:0,(anonymous_31)
FNDA:0,(anonymous_32)
FNDA:2,(anonymous_33)
FNDA:0,(anonymous_34)
FNDA:0,(anonymous_35)
DA:7,3
DA:8,3
DA:9,3
DA:12,3
DA:20,3
DA:34,3
DA:39,15
DA:41,15
DA:43,15
DA:44,1
DA:51,14
DA:53,14
DA:54,5
DA:55,5
DA:61,9
DA:66,0
DA:77,15
DA:79,15
DA:82,1
DA:83,1
DA:84,0
DA:85,0
DA:92,1
DA:93,1
DA:94,1
DA:95,1
DA:101,1
DA:109,0
DA:111,0
DA:112,0
DA:114,0
DA:118,0
DA:128,9
DA:135,1
DA:137,1
DA:138,3
DA:139,3
DA:140,3
DA:143,1
DA:150,4
DA:157,2
DA:158,2
DA:160,2
DA:161,1
DA:164,2
DA:171,2
DA:176,2
DA:183,3
DA:184,3
DA:185,3
DA:187,2
DA:188,2
DA:189,2
DA:190,2
DA:191,2
DA:193,2
DA:194,1
DA:197,2
DA:205,0
DA:206,0
DA:207,0
DA:209,0
DA:212,0
DA:213,0
DA:214,0
DA:215,0
DA:217,0
DA:219,0
DA:220,0
DA:224,0
DA:225,0
DA:227,0
DA:237,0
DA:238,0
DA:239,0
DA:241,0
DA:242,0
DA:243,0
DA:244,0
DA:245,0
DA:247,0
DA:248,0
DA:252,0
DA:254,0
DA:257,0
DA:258,0
DA:260,0
DA:261,0
DA:262,0
DA:263,0
DA:264,0
DA:266,0
DA:267,0
DA:269,0
DA:271,0
DA:274,0
DA:281,2
DA:282,2
DA:284,2
DA:285,5
DA:286,5
DA:287,4
DA:288,4
DA:292,2
DA:293,1
DA:296,2
DA:306,0
DA:307,0
DA:308,0
DA:309,0
DA:310,0
DA:313,0
DA:314,0
DA:315,0
DA:318,0
LF:115
LH:60
BRDA:43,0,0,1
BRDA:43,0,1,14
BRDA:53,1,0,5
BRDA:53,1,1,9
BRDA:83,2,0,0
BRDA:83,2,1,1
BRDA:93,3,0,1
BRDA:93,3,1,0
BRDA:111,4,0,0
BRDA:111,4,1,0
BRDA:138,5,0,3
BRDA:138,5,1,2
BRDA:160,6,0,1
BRDA:160,6,1,1
BRDA:176,7,0,2
BRDA:176,7,1,0
BRDA:193,8,0,1
BRDA:193,8,1,1
BRDA:213,9,0,0
BRDA:213,9,1,0
BRDA:213,10,0,0
BRDA:213,10,1,0
BRDA:214,11,0,0
BRDA:214,11,1,0
BRDA:214,12,0,0
BRDA:214,12,1,0
BRDA:215,13,0,0
BRDA:215,13,1,0
BRDA:215,14,0,0
BRDA:215,14,1,0
BRDA:217,15,0,0
BRDA:217,15,1,0
BRDA:219,16,0,0
BRDA:219,16,1,0
BRDA:224,17,0,0
BRDA:224,17,1,0
BRDA:247,18,0,0
BRDA:247,18,1,0
BRDA:266,19,0,0
BRDA:266,19,1,0
BRDA:286,20,0,4
BRDA:286,20,1,1
BRDA:292,21,0,1
BRDA:292,21,1,1
BRDA:308,22,0,0
BRDA:308,22,1,0
BRDA:313,23,0,0
BRDA:313,23,1,0
BRF:48
BRH:17
end_of_record
TN:
SF:src/prompts/PromptBuilder.ts
FN:38,(anonymous_9)
FN:51,(anonymous_10)
FN:64,(anonymous_11)
FN:72,(anonymous_12)
FN:84,(anonymous_13)
FN:85,(anonymous_14)
FN:98,(anonymous_15)
FN:114,(anonymous_16)
FN:151,(anonymous_17)
FN:168,(anonymous_18)
FNF:10
FNH:8
FNDA:6,(anonymous_9)
FNDA:0,(anonymous_10)
FNDA:0,(anonymous_11)
FNDA:2,(anonymous_12)
FNDA:1,(anonymous_13)
FNDA:1,(anonymous_14)
FNDA:1,(anonymous_15)
FNDA:1,(anonymous_16)
FNDA:3,(anonymous_17)
FNDA:3,(anonymous_18)
DA:7,3
DA:8,3
DA:34,3
DA:39,6
DA:40,6
DA:41,6
DA:43,0
DA:44,0
DA:52,0
DA:53,0
DA:54,0
DA:56,0
DA:57,0
DA:65,0
DA:66,0
DA:84,2
DA:85,2
DA:87,2
DA:98,1
DA:115,1
DA:117,1
DA:145,1
DA:152,3
DA:154,3
DA:155,3
DA:156,3
DA:157,3
DA:159,3
DA:170,3
LF:29
LH:20
BRDA:104,0,0,1
BRDA:104,0,1,0
BRDA:145,1,0,1
BRDA:145,1,1,0
BRDA:145,2,0,1
BRDA:145,2,1,0
BRDA:154,3,0,1
BRDA:154,3,1,2
BRDA:155,4,0,0
BRDA:155,4,1,3
BRDA:156,5,0,0
BRDA:156,5,1,3
BRDA:157,6,0,1
BRDA:157,6,1,2
BRDA:157,7,0,3
BRDA:157,7,1,3
BRF:16
BRH:11
end_of_record
TN:
SF:src/prompts/TemplateLoader.ts
FN:18,(anonymous_10)
FN:40,(anonymous_11)
FN:47,(anonymous_12)
FN:55,(anonymous_13)
FN:62,(anonymous_14)
FN:64,(anonymous_15)
FN:67,(anonymous_16)
FN:70,(anonymous_17)
FN:76,(anonymous_18)
FN:82,(anonymous_19)
FN:85,(anonymous_20)
FN:93,(anonymous_21)
FNF:12
FNH:4
FNDA:6,(anonymous_10)
FNDA:0,(anonymous_11)
FNDA:6,(anonymous_12)
FNDA:18,(anonymous_13)
FNDA:3,(anonymous_14)
FNDA:0,(anonymous_15)
FNDA:0,(anonymous_16)
FNDA:0,(anonymous_17)
FNDA:0,(anonymous_18)
FNDA:0,(anonymous_19)
FNDA:0,(anonymous_20)
FNDA:0,(anonymous_21)
DA:7,3
DA:8,3
DA:9,3
DA:10,3
DA:12,3
DA:13,3
DA:20,6
DA:21,5
DA:24,1
DA:25,1
DA:26,1
DA:27,1
DA:29,1
DA:30,1
DA:32,0
DA:33,0
DA:41,0
DA:48,6
DA:49,6
DA:56,18
DA:64,3
DA:67,3
DA:70,3
DA:71,0
DA:72,0
DA:76,3
DA:77,0
DA:78,0
DA:82,3
DA:85,3
DA:86,0
DA:94,0
DA:99,3
LF:33
LH:24
BRDA:20,0,0,5
BRDA:20,0,1,1
BRDA:71,1,0,0
BRDA:71,1,1,0
BRDA:77,2,0,0
BRDA:77,2,1,0
BRF:6
BRH:2
end_of_record
TN:
SF:src/providers/BaseProvider.ts
FN:44,(anonymous_0)
FN:61,(anonymous_1)
FNF:2
FNH:2
FNDA:22,(anonymous_0)
FNDA:2,(anonymous_1)
DA:36,5
DA:45,22
DA:46,22
DA:47,22
DA:48,22
DA:49,22
DA:50,22
DA:62,2
LF:8
LH:8
BRDA:47,0,0,22
BRDA:47,0,1,0
BRDA:48,1,0,22
BRDA:48,1,1,22
BRDA:49,2,0,22
BRDA:49,2,1,0
BRDA:50,3,0,22
BRDA:50,3,1,22
BRF:8
BRH:6
end_of_record
TN:
SF:src/providers/OpenAIProvider.ts
FN:20,(anonymous_10)
FN:29,(anonymous_11)
FN:36,(anonymous_12)
FN:113,(anonymous_13)
FN:120,(anonymous_14)
FN:141,(anonymous_15)
FN:159,(anonymous_16)
FN:169,(anonymous_17)
FN:170,(anonymous_18)
FNF:9
FNH:4
FNDA:7,(anonymous_10)
FNDA:5,(anonymous_11)
FNDA:6,(anonymous_12)
FNDA:1,(anonymous_13)
FNDA:0,(anonymous_14)
FNDA:0,(anonymous_15)
FNDA:0,(anonymous_16)
FNDA:0,(anonymous_17)
FNDA:0,(anonymous_18)
DA:7,3
DA:8,3
DA:9,3
DA:16,3
DA:21,7
DA:22,7
DA:23,7
DA:30,5
DA:31,5
DA:34,5
DA:36,6
DA:45,5
DA:46,5
DA:47,5
DA:51,5
DA:52,0
DA:54,5
DA:57,5
DA:70,3
DA:71,3
DA:73,3
DA:86,3
DA:87,3
DA:89,2
DA:90,0
DA:91,0
DA:93,0
DA:95,0
DA:96,0
DA:97,0
DA:98,0
DA:99,0
DA:100,0
DA:103,0
DA:106,2
DA:114,1
DA:122,0
DA:130,0
DA:132,0
DA:133,0
DA:135,0
DA:142,0
DA:143,0
DA:149,0
DA:151,0
DA:152,0
DA:160,0
DA:161,0
DA:168,0
DA:169,0
DA:170,0
DA:172,0
DA:173,0
LF:53
LH:25
BRDA:22,0,0,7
BRDA:22,0,1,7
BRDA:45,1,0,5
BRDA:45,1,1,4
BRDA:46,2,0,5
BRDA:46,2,1,0
BRDA:51,3,0,0
BRDA:51,3,1,5
BRDA:64,4,0,5
BRDA:64,4,1,0
BRDA:75,5,0,2
BRDA:75,5,1,1
BRDA:76,6,0,1
BRDA:76,6,1,0
BRDA:77,7,0,0
BRDA:77,7,1,0
BRDA:89,8,0,0
BRDA:89,8,1,2
BRDA:91,9,0,0
BRDA:91,9,1,0
BRDA:95,10,0,0
BRDA:95,10,1,0
BRDA:97,11,0,0
BRDA:97,11,1,0
BRDA:99,12,0,0
BRDA:99,12,1,0
BRDA:99,13,0,0
BRDA:99,13,1,0
BRDA:130,14,0,0
BRDA:130,14,1,0
BRF:30
BRH:11
end_of_record
TN:
SF:src/providers/OpenWebUIProvider.ts
FN:18,(anonymous_10)
FN:32,(anonymous_11)
FN:41,(anonymous_12)
FN:115,(anonymous_13)
FN:122,(anonymous_14)
FNF:5
FNH:4
FNDA:15,(anonymous_10)
FNDA:9,(anonymous_11)
FNDA:10,(anonymous_12)
FNDA:1,(anonymous_13)
FNDA:0,(anonymous_14)
DA:7,3
DA:8,3
DA:9,3
DA:15,3
DA:19,15
DA:21,15
DA:22,15
DA:24,2
DA:26,15
DA:33,9
DA:34,9
DA:35,9
DA:37,9
DA:41,10
DA:60,8
DA:61,8
DA:63,8
DA:64,0
DA:67,8
DA:74,8
DA:76,8
DA:88,8
DA:89,8
DA:91,1
DA:92,0
DA:93,0
DA:95,0
DA:97,0
DA:98,0
DA:99,0
DA:100,0
DA:101,0
DA:102,0
DA:105,0
DA:108,1
DA:116,1
DA:123,0
DA:125,0
DA:131,0
DA:133,0
DA:134,0
LF:41
LH:25
BRDA:22,0,0,2
BRDA:22,0,1,13
BRDA:63,1,0,0
BRDA:63,1,1,8
BRDA:67,2,0,8
BRDA:67,2,1,1
BRDA:74,3,0,8
BRDA:74,3,1,1
BRDA:74,3,2,0
BRDA:74,3,3,0
BRDA:78,4,0,8
BRDA:78,4,1,0
BRDA:79,5,0,0
BRDA:79,5,1,0
BRDA:81,6,0,8
BRDA:81,6,1,1
BRDA:82,7,0,8
BRDA:82,7,1,1
BRDA:83,8,0,8
BRDA:83,8,1,1
BRDA:85,9,0,8
BRDA:85,9,1,8
BRDA:91,10,0,0
BRDA:91,10,1,1
BRDA:93,11,0,0
BRDA:93,11,1,0
BRDA:97,12,0,0
BRDA:97,12,1,0
BRDA:99,13,0,0
BRDA:99,13,1,0
BRDA:101,14,0,0
BRDA:101,14,1,0
BRDA:101,15,0,0
BRDA:101,15,1,0
BRF:34
BRH:17
end_of_record
TN:
SF:src/providers/ProviderFactory.ts
FN:35,(anonymous_9)
FN:72,(anonymous_10)
FN:114,(anonymous_11)
FNF:3
FNH:2
FNDA:9,(anonymous_9)
FNDA:4,(anonymous_10)
FNDA:0,(anonymous_11)
DA:7,2
DA:9,2
DA:10,2
DA:31,2
DA:36,9
DA:38,9
DA:40,5
DA:52,3
DA:53,1
DA:55,2
DA:65,1
DA:74,4
DA:75,4
DA:76,3
DA:77,3
DA:79,3
DA:91,1
DA:92,1
DA:94,1
DA:95,1
DA:96,1
DA:98,1
DA:108,0
DA:115,0
DA:117,0
DA:118,0
DA:121,0
DA:122,0
DA:125,0
DA:126,0
DA:129,0
DA:130,0
DA:133,0
DA:134,0
DA:137,0
LF:35
LH:22
BRDA:38,0,0,5
BRDA:38,0,1,3
BRDA:38,0,2,1
BRDA:52,1,0,1
BRDA:52,1,1,2
BRDA:74,2,0,4
BRDA:74,2,1,1
BRDA:75,3,0,3
BRDA:75,3,1,1
BRDA:76,4,0,3
BRDA:76,4,1,2
BRDA:83,5,0,3
BRDA:83,5,1,3
BRDA:84,6,0,3
BRDA:84,6,1,3
BRDA:91,7,0,1
BRDA:91,7,1,0
BRDA:94,8,0,1
BRDA:94,8,1,0
BRDA:94,9,0,1
BRDA:94,9,1,1
BRDA:95,10,0,1
BRDA:95,10,1,0
BRDA:103,11,0,1
BRDA:103,11,1,1
BRDA:104,12,0,1
BRDA:104,12,1,1
BRDA:117,13,0,0
BRDA:117,13,1,0
BRDA:121,14,0,0
BRDA:121,14,1,0
BRDA:125,15,0,0
BRDA:125,15,1,0
BRDA:125,16,0,0
BRDA:125,16,1,0
BRDA:129,17,0,0
BRDA:129,17,1,0
BRDA:129,18,0,0
BRDA:129,18,1,0
BRDA:133,19,0,0
BRDA:133,19,1,0
BRDA:133,20,0,0
BRDA:133,20,1,0
BRDA:133,20,2,0
BRF:44
BRH:24
end_of_record
TN:
SF:src/storage/CheckRunStorage.ts
FN:34,(anonymous_9)
FN:44,(anonymous_10)
FN:84,(anonymous_11)
FN:115,(anonymous_12)
FN:132,(anonymous_13)
FN:157,(anonymous_14)
FN:187,(anonymous_15)
FN:215,(anonymous_16)
FN:241,(anonymous_17)
FN:267,(anonymous_18)
FN:301,(anonymous_19)
FN:335,(anonymous_20)
FN:345,(anonymous_21)
FN:369,(anonymous_22)
FNF:14
FNH:10
FNDA:18,(anonymous_9)
FNDA:3,(anonymous_10)
FNDA:5,(anonymous_11)
FNDA:2,(anonymous_12)
FNDA:77,(anonymous_13)
FNDA:2,(anonymous_14)
FNDA:1,(anonymous_15)
FNDA:0,(anonymous_16)
FNDA:0,(anonymous_17)
FNDA:0,(anonymous_18)
FNDA:2,(anonymous_19)
FNDA:3,(anonymous_20)
FNDA:2,(anonymous_21)
FNDA:0,(anonymous_22)
DA:10,6
DA:28,6
DA:35,18
DA:36,18
DA:37,18
DA:38,18
DA:45,3
DA:46,3
DA:59,2
DA:73,2
DA:74,2
DA:76,1
DA:77,1
DA:90,5
DA:91,5
DA:104,5
DA:105,4
DA:107,1
DA:108,1
DA:117,2
DA:119,2
DA:120,3
DA:123,2
DA:124,2
DA:125,3
DA:132,77
DA:146,3
DA:149,0
DA:150,0
DA:164,2
DA:165,2
DA:172,2
DA:173,0
DA:176,2
DA:177,2
DA:179,0
DA:180,0
DA:194,1
DA:196,1
DA:209,1
DA:216,0
DA:219,0
DA:222,0
DA:225,0
DA:227,0
DA:235,0
DA:242,0
DA:243,0
DA:245,0
DA:268,0
DA:302,2
DA:303,2
DA:309,1
DA:311,1
DA:327,1
DA:328,1
DA:336,3
DA:337,3
DA:345,2
DA:361,1
DA:362,1
DA:376,0
DA:382,0
LF:63
LH:46
BRDA:38,0,0,18
BRDA:38,0,1,1
BRDA:65,1,0,2
BRDA:65,1,1,0
BRDA:76,2,0,1
BRDA:76,2,1,0
BRDA:96,3,0,5
BRDA:96,3,1,5
BRDA:98,4,0,5
BRDA:98,4,1,0
BRDA:100,5,0,5
BRDA:100,5,1,4
BRDA:107,6,0,1
BRDA:107,6,1,0
BRDA:149,7,0,0
BRDA:149,7,1,0
BRDA:172,8,0,0
BRDA:172,8,1,2
BRDA:172,9,0,2
BRDA:172,9,1,0
BRDA:179,10,0,0
BRDA:179,10,1,0
BRDA:225,11,0,0
BRDA:225,11,1,0
BRDA:317,12,0,1
BRDA:317,12,1,0
BRDA:318,13,0,1
BRDA:318,13,1,0
BRDA:320,14,0,1
BRDA:320,14,1,0
BRDA:321,15,0,1
BRDA:321,15,1,0
BRDA:322,16,0,1
BRDA:322,16,1,1
BRDA:324,17,0,1
BRDA:324,17,1,1
BRDA:327,18,0,1
BRDA:327,18,1,0
BRDA:351,19,0,2
BRDA:351,19,1,0
BRDA:352,20,0,2
BRDA:352,20,1,0
BRDA:354,21,0,2
BRDA:354,21,1,2
BRDA:355,22,0,2
BRDA:355,22,1,2
BRDA:356,23,0,2
BRDA:356,23,1,2
BRDA:358,24,0,2
BRDA:358,24,1,2
BRDA:361,25,0,1
BRDA:361,25,1,0
BRDA:388,26,0,0
BRDA:388,26,1,0
BRF:54
BRH:32
end_of_record
TN:
SF:src/storage/CommentStateStorage.ts
FN:30,(anonymous_9)
FN:43,(anonymous_10)
FN:51,(anonymous_11)
FN:70,(anonymous_12)
FN:146,(anonymous_13)
FN:237,(anonymous_14)
FN:239,(anonymous_15)
FN:245,(anonymous_16)
FN:273,(anonymous_17)
FN:299,(anonymous_18)
FN:335,(anonymous_19)
FN:337,(anonymous_20)
FN:343,(anonymous_21)
FN:360,(anonymous_22)
FNF:14
FNH:11
FNDA:10,(anonymous_9)
FNDA:1,(anonymous_10)
FNDA:2,(anonymous_11)
FNDA:1,(anonymous_12)
FNDA:3,(anonymous_13)
FNDA:1,(anonymous_14)
FNDA:0,(anonymous_15)
FNDA:3,(anonymous_16)
FNDA:2,(anonymous_17)
FNDA:1,(anonymous_18)
FNDA:0,(anonymous_19)
FNDA:0,(anonymous_20)
FNDA:2,(anonymous_21)
FNDA:1,(anonymous_22)
DA:10,6
DA:25,6
DA:31,10
DA:32,10
DA:33,10
DA:36,10
DA:37,10
DA:44,1
DA:45,1
DA:52,2
DA:54,2
DA:55,0
DA:58,2
DA:59,2
DA:60,2
DA:62,0
DA:63,0
DA:80,1
DA:89,1
DA:91,1
DA:94,1
DA:96,1
DA:105,1
DA:108,0
DA:114,0
DA:117,1
DA:119,1
DA:138,0
DA:139,0
DA:147,3
DA:149,3
DA:151,3
DA:152,3
DA:153,3
DA:156,3
DA:163,3
DA:164,2
DA:166,2
DA:168,2
DA:169,0
DA:172,2
DA:192,3
DA:199,3
DA:200,0
DA:202,0
DA:204,0
DA:205,0
DA:208,0
DA:226,3
DA:227,3
DA:229,0
DA:230,0
DA:238,1
DA:239,1
DA:246,3
DA:247,3
DA:248,2
DA:255,1
DA:263,3
DA:265,0
DA:266,0
DA:274,2
DA:275,2
DA:276,1
DA:282,1
DA:289,2
DA:291,0
DA:292,0
DA:300,1
DA:301,1
DA:303,1
DA:304,1
DA:310,1
DA:311,1
DA:314,0
DA:320,0
DA:321,0
DA:325,1
DA:327,0
DA:328,0
DA:336,0
DA:337,0
DA:344,2
DA:346,2
DA:347,0
DA:350,2
DA:351,0
DA:354,2
DA:366,1
DA:367,1
DA:368,1
DA:369,1
DA:371,1
DA:372,1
DA:373,1
DA:375,1
DA:376,0
DA:380,1
LF:98
LH:69
BRDA:54,0,0,0
BRDA:54,0,1,2
BRDA:62,1,0,0
BRDA:62,1,1,0
BRDA:82,2,0,1
BRDA:82,2,1,0
BRDA:94,3,0,1
BRDA:94,3,1,0
BRDA:94,4,0,1
BRDA:94,4,1,1
BRDA:138,5,0,0
BRDA:138,5,1,0
BRDA:152,6,0,3
BRDA:152,6,1,0
BRDA:153,7,0,3
BRDA:153,7,1,0
BRDA:164,8,0,0
BRDA:164,8,1,2
BRDA:168,9,0,0
BRDA:168,9,1,2
BRDA:200,10,0,0
BRDA:200,10,1,0
BRDA:204,11,0,0
BRDA:204,11,1,0
BRDA:229,12,0,0
BRDA:229,12,1,0
BRDA:245,13,0,0
BRDA:247,14,0,2
BRDA:247,14,1,1
BRDA:265,15,0,0
BRDA:265,15,1,0
BRDA:273,16,0,0
BRDA:275,17,0,1
BRDA:275,17,1,1
BRDA:291,18,0,0
BRDA:291,18,1,0
BRDA:299,19,0,0
BRDA:303,20,0,1
BRDA:303,20,1,0
BRDA:310,21,0,1
BRDA:310,21,1,0
BRDA:320,22,0,0
BRDA:320,22,1,0
BRDA:320,23,0,0
BRDA:320,23,1,0
BRDA:327,24,0,0
BRDA:327,24,1,0
BRDA:337,25,0,0
BRDA:337,25,1,0
BRDA:346,26,0,0
BRDA:346,26,1,2
BRDA:346,27,0,2
BRDA:346,27,1,2
BRDA:346,27,2,2
BRDA:350,28,0,0
BRDA:350,28,1,2
BRDA:350,29,0,2
BRDA:350,29,1,2
BRDA:350,29,2,2
BRDA:372,30,0,1
BRDA:372,30,1,1
BRDA:375,31,0,0
BRDA:375,31,1,1
BRF:63
BRH:26
end_of_record
TN:
SF:src/storage/GitHubCacheStorage.ts
FN:30,(anonymous_9)
FN:39,(anonymous_10)
FN:46,(anonymous_11)
FN:57,(anonymous_12)
FN:63,(anonymous_13)
FN:80,(anonymous_14)
FN:97,(anonymous_15)
FN:126,(anonymous_16)
FN:140,(anonymous_17)
FN:159,(anonymous_18)
FN:191,(anonymous_19)
FN:209,(anonymous_20)
FN:243,(anonymous_21)
FNF:13
FNH:12
FNDA:19,(anonymous_9)
FNDA:14,(anonymous_10)
FNDA:9,(anonymous_11)
FNDA:4,(anonymous_12)
FNDA:4,(anonymous_13)
FNDA:9,(anonymous_14)
FNDA:5,(anonymous_15)
FNDA:3,(anonymous_16)
FNDA:1,(anonymous_17)
FNDA:1,(anonymous_18)
FNDA:0,(anonymous_19)
FNDA:1,(anonymous_20)
FNDA:2,(anonymous_21)
DA:10,6
DA:11,6
DA:25,6
DA:31,19
DA:32,19
DA:33,19
DA:40,14
DA:47,9
DA:58,4
DA:59,4
DA:61,4
DA:63,8
DA:64,4
DA:67,3
DA:69,3
DA:70,3
DA:72,1
DA:73,1
DA:81,9
DA:82,9
DA:83,9
DA:85,9
DA:87,9
DA:89,8
DA:90,3
DA:91,3
DA:94,5
DA:97,10
DA:98,5
DA:99,5
DA:102,5
DA:103,0
DA:104,0
DA:108,5
DA:109,3
DA:111,3
DA:112,0
DA:113,0
DA:116,3
DA:118,3
DA:119,3
DA:133,3
DA:135,3
DA:136,2
DA:140,1
DA:142,1
DA:143,0
DA:144,0
DA:148,1
DA:149,0
DA:150,0
DA:153,1
DA:166,1
DA:168,1
DA:169,1
DA:191,1
DA:193,1
DA:194,0
DA:196,1
DA:200,1
DA:203,1
DA:210,1
DA:211,1
DA:217,1
DA:237,1
DA:251,2
DA:253,2
DA:254,1
DA:269,1
LF:69
LH:60
BRDA:30,0,0,1
BRDA:31,1,0,19
BRDA:31,1,1,3
BRDA:32,2,0,19
BRDA:32,2,1,3
BRDA:33,3,0,19
BRDA:33,3,1,2
BRDA:72,4,0,1
BRDA:72,4,1,0
BRDA:89,5,0,3
BRDA:89,5,1,5
BRDA:102,6,0,0
BRDA:102,6,1,5
BRDA:102,7,0,5
BRDA:102,7,1,5
BRDA:102,7,2,5
BRDA:111,8,0,0
BRDA:111,8,1,3
BRDA:118,9,0,3
BRDA:118,9,1,0
BRDA:135,10,0,2
BRDA:135,10,1,1
BRDA:142,11,0,0
BRDA:142,11,1,1
BRDA:148,12,0,0
BRDA:148,12,1,1
BRDA:168,13,0,1
BRDA:168,13,1,0
BRDA:193,14,0,0
BRDA:193,14,1,1
BRDA:253,15,0,1
BRDA:253,15,1,1
BRF:32
BRH:24
end_of_record
TN:
SF:src/storage/StorageManager.ts
FN:42,(anonymous_9)
FN:70,(anonymous_10)
FN:89,(anonymous_11)
FN:120,(anonymous_12)
FN:145,(anonymous_13)
FN:167,(anonymous_14)
FN:174,(anonymous_15)
FN:181,(anonymous_16)
FN:201,(anonymous_17)
FN:245,(anonymous_18)
FN:273,(anonymous_19)
FN:295,(anonymous_20)
FN:312,(anonymous_21)
FN:327,(anonymous_22)
FN:360,(anonymous_23)
FN:372,(anonymous_24)
FN:385,(anonymous_25)
FNF:17
FNH:4
FNDA:6,(anonymous_9)
FNDA:1,(anonymous_10)
FNDA:1,(anonymous_11)
FNDA:0,(anonymous_12)
FNDA:0,(anonymous_13)
FNDA:1,(anonymous_14)
FNDA:0,(anonymous_15)
FNDA:0,(anonymous_16)
FNDA:0,(anonymous_17)
FNDA:0,(anonymous_18)
FNDA:0,(anonymous_19)
FNDA:0,(anonymous_20)
FNDA:0,(anonymous_21)
FNDA:0,(anonymous_22)
FNDA:0,(anonymous_23)
FNDA:0,(anonymous_24)
FNDA:0,(anonymous_25)
DA:8,5
DA:10,5
DA:11,5
DA:12,5
DA:35,5
DA:43,6
DA:44,6
DA:47,6
DA:49,6
DA:55,6
DA:64,6
DA:74,1
DA:76,1
DA:81,1
DA:83,1
DA:95,1
DA:98,1
DA:113,1
DA:114,1
DA:130,0
DA:152,0
DA:168,1
DA:175,0
DA:182,0
DA:184,0
DA:185,0
DA:186,0
DA:187,0
DA:188,0
DA:190,0
DA:194,0
DA:195,0
DA:206,0
DA:207,0
DA:210,0
DA:224,0
DA:233,0
DA:249,0
DA:250,0
DA:254,0
DA:257,0
DA:259,0
DA:278,0
DA:279,0
DA:283,0
DA:284,0
DA:285,0
DA:288,0
DA:289,0
DA:300,0
DA:316,0
DA:341,0
DA:346,0
DA:361,0
DA:363,0
DA:366,0
DA:379,0
DA:386,0
LF:58
LH:20
BRDA:55,0,0,5
BRDA:55,0,1,1
BRDA:149,1,0,0
BRDA:206,2,0,0
BRDA:206,2,1,0
BRDA:249,3,0,0
BRDA:249,3,1,0
BRDA:278,4,0,0
BRDA:278,4,1,0
BRF:9
BRH:2
end_of_record
TN:
SF:src/suggestion/SuggestionService.ts
FN:30,(anonymous_9)
FN:40,(anonymous_10)
FN:92,(anonymous_11)
FN:144,(anonymous_12)
FN:149,(anonymous_13)
FN:171,(anonymous_14)
FN:185,(anonymous_15)
FN:215,(anonymous_16)
FN:239,(anonymous_17)
FN:250,(anonymous_18)
FN:268,(anonymous_19)
FN:275,(anonymous_20)
FNF:12
FNH:6
FNDA:2,(anonymous_9)
FNDA:2,(anonymous_10)
FNDA:2,(anonymous_11)
FNDA:2,(anonymous_12)
FNDA:0,(anonymous_13)
FNDA:1,(anonymous_14)
FNDA:0,(anonymous_15)
FNDA:0,(anonymous_16)
FNDA:0,(anonymous_17)
FNDA:1,(anonymous_18)
FNDA:0,(anonymous_19)
FNDA:0,(anonymous_20)
DA:7,2
DA:11,2
DA:12,2
DA:21,2
DA:28,2
DA:31,2
DA:32,2
DA:33,2
DA:34,2
DA:41,2
DA:42,2
DA:45,2
DA:48,2
DA:51,2
DA:54,2
DA:55,2
DA:60,1
DA:62,1
DA:63,1
DA:64,1
DA:65,1
DA:69,0
DA:72,0
DA:74,0
DA:82,0
DA:84,1
DA:85,1
DA:94,2
DA:96,2
DA:145,2
DA:146,2
DA:149,0
DA:150,0
DA:151,0
DA:153,0
DA:155,0
DA:156,0
DA:157,0
DA:158,0
DA:159,0
DA:161,0
DA:164,0
DA:175,1
DA:176,1
DA:177,0
DA:179,0
DA:180,0
DA:181,0
DA:184,0
DA:185,0
DA:186,0
DA:187,0
DA:188,0
DA:192,0
DA:193,0
DA:194,0
DA:195,0
DA:199,0
DA:200,0
DA:202,0
DA:205,0
DA:207,1
DA:208,1
DA:216,0
DA:217,0
DA:220,0
DA:221,0
DA:223,0
DA:224,0
DA:229,0
DA:231,0
DA:232,0
DA:240,0
DA:251,1
DA:261,1
DA:269,0
DA:270,0
DA:272,0
DA:275,0
DA:276,0
DA:280,0
DA:281,0
DA:283,0
DA:284,0
DA:286,0
DA:287,0
DA:290,0
DA:291,0
DA:292,0
DA:293,0
DA:295,0
DA:299,0
DA:301,0
DA:305,0
DA:308,0
LF:95
LH:33
BRDA:62,0,0,1
BRDA:62,0,1,0
BRDA:84,1,0,1
BRDA:84,1,1,0
BRDA:105,2,0,2
BRDA:105,2,1,0
BRDA:145,3,0,2
BRDA:145,3,1,0
BRDA:153,4,0,0
BRDA:153,4,1,0
BRDA:158,5,0,0
BRDA:158,5,1,0
BRDA:179,6,0,0
BRDA:179,6,1,0
BRDA:179,7,0,0
BRDA:179,7,1,0
BRDA:186,8,0,0
BRDA:186,8,1,0
BRDA:186,9,0,0
BRDA:186,9,1,0
BRDA:193,10,0,0
BRDA:193,10,1,0
BRDA:199,11,0,0
BRDA:199,11,1,0
BRDA:199,12,0,0
BRDA:199,12,1,0
BRDA:207,13,0,1
BRDA:207,13,1,0
BRDA:223,14,0,0
BRDA:223,14,1,0
BRDA:231,15,0,0
BRDA:231,15,1,0
BRDA:276,16,0,0
BRDA:276,16,1,0
BRDA:280,17,0,0
BRDA:280,17,1,0
BRDA:295,18,0,0
BRDA:295,18,1,0
BRDA:301,19,0,0
BRDA:301,19,1,0
BRDA:308,20,0,0
BRDA:308,20,1,0
BRF:42
BRH:5
end_of_record
TN:
SF:src/summary/SummaryService.ts
FN:43,(anonymous_9)
FN:53,(anonymous_10)
FN:94,(anonymous_11)
FN:107,(anonymous_12)
FN:130,(anonymous_13)
FN:177,(anonymous_14)
FN:182,(anonymous_15)
FN:184,(anonymous_16)
FN:197,(anonymous_17)
FN:202,(anonymous_18)
FN:210,(anonymous_19)
FN:233,(anonymous_20)
FN:251,(anonymous_21)
FN:285,(anonymous_22)
FN:319,(anonymous_23)
FN:325,(anonymous_24)
FNF:16
FNH:11
FNDA:3,(anonymous_9)
FNDA:3,(anonymous_10)
FNDA:2,(anonymous_11)
FNDA:0,(anonymous_12)
FNDA:2,(anonymous_13)
FNDA:2,(anonymous_14)
FNDA:4,(anonymous_15)
FNDA:0,(anonymous_16)
FNDA:2,(anonymous_17)
FNDA:0,(anonymous_18)
FNDA:1,(anonymous_19)
FNDA:0,(anonymous_20)
FNDA:1,(anonymous_21)
FNDA:1,(anonymous_22)
FNDA:1,(anonymous_23)
FNDA:0,(anonymous_24)
DA:7,2
DA:11,2
DA:34,2
DA:41,2
DA:44,3
DA:45,3
DA:46,3
DA:47,3
DA:54,3
DA:55,3
DA:58,3
DA:61,2
DA:64,2
DA:67,2
DA:70,2
DA:71,2
DA:76,1
DA:79,1
DA:82,1
DA:84,1
DA:86,2
DA:87,2
DA:100,2
DA:102,2
DA:103,4
DA:104,4
DA:105,4
DA:107,0
DA:116,0
DA:117,0
DA:124,2
DA:132,2
DA:135,2
DA:138,2
DA:178,2
DA:179,0
DA:182,2
DA:183,4
DA:184,0
DA:187,4
DA:198,2
DA:199,2
DA:202,0
DA:203,0
DA:211,1
DA:214,1
DA:215,1
DA:218,1
DA:219,1
DA:222,1
DA:223,1
DA:226,1
DA:227,1
DA:230,1
DA:231,0
DA:232,0
DA:233,0
DA:234,0
DA:236,0
DA:240,1
DA:241,1
DA:242,1
DA:243,1
DA:245,1
DA:252,1
DA:253,1
DA:254,1
DA:256,1
DA:257,1
DA:260,1
DA:261,0
DA:262,0
DA:266,1
DA:267,0
DA:271,1
DA:272,0
DA:273,0
DA:274,0
DA:279,1
DA:286,1
DA:287,1
DA:288,1
DA:290,1
DA:291,1
DA:294,1
DA:296,0
DA:297,0
DA:301,1
DA:302,0
DA:306,1
DA:307,0
DA:310,1
DA:313,1
DA:320,1
DA:321,1
DA:323,1
DA:325,1
DA:326,0
DA:329,0
DA:330,0
DA:332,0
DA:333,0
DA:334,0
DA:337,0
DA:340,1
LF:105
LH:76
BRDA:86,0,0,2
BRDA:86,0,1,0
BRDA:148,1,0,2
BRDA:148,1,1,0
BRDA:178,2,0,0
BRDA:178,2,1,2
BRDA:183,3,0,0
BRDA:183,3,1,4
BRDA:198,4,0,2
BRDA:198,4,1,0
BRDA:230,5,0,0
BRDA:230,5,1,1
BRDA:260,6,0,0
BRDA:260,6,1,1
BRDA:260,7,0,1
BRDA:260,7,1,1
BRDA:266,8,0,0
BRDA:266,8,1,1
BRDA:266,9,0,1
BRDA:266,9,1,0
BRDA:266,9,2,0
BRDA:266,9,3,0
BRDA:271,10,0,0
BRDA:271,10,1,1
BRDA:271,11,0,1
BRDA:271,11,1,0
BRDA:271,11,2,0
BRDA:271,11,3,0
BRDA:273,12,0,0
BRDA:273,12,1,0
BRDA:294,13,0,0
BRDA:294,13,1,1
BRDA:294,14,0,1
BRDA:294,14,1,1
BRDA:294,14,2,0
BRDA:294,14,3,0
BRDA:301,15,0,0
BRDA:301,15,1,1
BRDA:301,16,0,1
BRDA:301,16,1,0
BRDA:306,17,0,0
BRDA:306,17,1,1
BRDA:329,18,0,0
BRDA:329,18,1,0
BRDA:340,19,0,1
BRDA:340,19,1,0
BRF:46
BRH:20
end_of_record
TN:
SF:src/utils/Logger.ts
FN:15,(anonymous_9)
FN:22,(anonymous_10)
FN:29,(anonymous_11)
FN:36,(anonymous_12)
FN:43,(anonymous_13)
FN:50,(anonymous_14)
FN:57,(anonymous_15)
FN:64,(anonymous_16)
FN:71,(anonymous_17)
FN:78,(anonymous_18)
FN:85,(anonymous_19)
FN:92,(anonymous_20)
FN:94,(anonymous_21)
FNF:13
FNH:6
FNDA:22,(anonymous_9)
FNDA:125,(anonymous_10)
FNDA:117,(anonymous_11)
FNDA:1,(anonymous_12)
FNDA:1,(anonymous_13)
FNDA:6,(anonymous_14)
FNDA:0,(anonymous_15)
FNDA:0,(anonymous_16)
FNDA:0,(anonymous_17)
FNDA:0,(anonymous_18)
FNDA:0,(anonymous_19)
FNDA:0,(anonymous_20)
FNDA:0,(anonymous_21)
DA:7,3
DA:9,3
DA:10,3
DA:16,22
DA:23,125
DA:30,117
DA:37,1
DA:44,1
DA:51,6
DA:58,0
DA:65,0
DA:72,0
DA:79,0
DA:86,0
DA:93,0
DA:94,0
DA:96,0
LF:17
LH:9
BRDA:23,0,0,125
BRDA:23,0,1,0
BRF:2
BRH:1
end_of_record
TN:
SF:src/utils/Retry.ts
FN:21,(anonymous_9)
FN:42,(anonymous_10)
FN:63,(anonymous_11)
FN:64,(anonymous_12)
FN:70,(anonymous_13)
FN:80,(anonymous_14)
FN:94,(anonymous_15)
FNF:7
FNH:7
FNDA:12,(anonymous_9)
FNDA:6,(anonymous_10)
FNDA:12,(anonymous_11)
FNDA:12,(anonymous_12)
FNDA:1,(anonymous_13)
FNDA:1,(anonymous_14)
FNDA:1,(anonymous_15)
DA:7,1
DA:17,1
DA:25,12
DA:26,12
DA:27,12
DA:28,12
DA:29,12
DA:32,12
DA:34,12
DA:35,23
DA:36,23
DA:38,16
DA:41,16
DA:42,6
DA:44,16
DA:45,4
DA:48,12
DA:52,12
DA:53,12
DA:57,1
DA:64,12
DA:74,1
DA:83,1
DA:97,1
LF:24
LH:24
BRDA:23,0,0,0
BRDA:25,1,0,12
BRDA:25,1,1,0
BRDA:26,2,0,12
BRDA:26,2,1,1
BRDA:27,3,0,12
BRDA:27,3,1,9
BRDA:28,4,0,12
BRDA:28,4,1,11
BRDA:29,5,0,12
BRDA:29,5,1,8
BRDA:38,6,0,16
BRDA:38,6,1,0
BRDA:41,7,0,16
BRDA:41,7,1,6
BRDA:44,8,0,4
BRDA:44,8,1,12
BRDA:44,9,0,16
BRDA:44,9,1,15
BRDA:57,10,0,1
BRDA:57,10,1,1
BRDA:72,11,0,0
BRF:22
BRH:18
end_of_record
TN:
SF:src/utils/TokenCounter.ts
FN:12,(anonymous_0)
FN:24,(anonymous_1)
FN:44,(anonymous_2)
FN:69,(anonymous_3)
FN:76,(anonymous_4)
FN:91,(anonymous_5)
FNF:6
FNH:6
FNDA:23,(anonymous_0)
FNDA:2,(anonymous_1)
FNDA:1,(anonymous_2)
FNDA:2,(anonymous_3)
FNDA:2,(anonymous_4)
FNDA:1,(anonymous_5)
DA:7,3
DA:14,23
DA:18,23
DA:25,2
DA:27,2
DA:29,2
DA:32,2
DA:36,2
DA:38,2
DA:50,1
DA:58,1
DA:60,1
DA:61,1
DA:63,1
DA:70,2
DA:77,2
DA:79,2
DA:80,1
DA:84,1
DA:85,1
DA:97,1
LF:21
LH:21
BRDA:58,0,0,1
BRDA:58,0,1,0
BRDA:79,1,0,1
BRDA:79,1,1,1
BRF:4
BRH:3
end_of_record
