<?xml version="1.0" encoding="UTF-8"?>
<coverage generated="1763504886949" clover="3.2.0">
  <project timestamp="1763504886949" name="All files">
    <metrics statements="38" coveredstatements="30" conditionals="5" coveredconditionals="3" methods="19" coveredmethods="12" elements="62" coveredelements="45" complexity="0" loc="38" ncloc="38" packages="1" files="2" classes="2"/>
    <file name="Logger.ts" path="/home/runner/work/ai-code-reviewer/ai-code-reviewer/v2/src/utils/Logger.ts">
      <metrics statements="17" coveredstatements="9" conditionals="2" coveredconditionals="1" methods="13" coveredmethods="6"/>
      <line num="7" count="1" type="stmt"/>
      <line num="9" count="1" type="stmt"/>
      <line num="10" count="1" type="stmt"/>
      <line num="16" count="5" type="stmt"/>
      <line num="23" count="5" type="cond" truecount="1" falsecount="1"/>
      <line num="30" count="2" type="stmt"/>
      <line num="37" count="1" type="stmt"/>
      <line num="44" count="1" type="stmt"/>
      <line num="51" count="1" type="stmt"/>
      <line num="58" count="0" type="stmt"/>
      <line num="65" count="0" type="stmt"/>
      <line num="72" count="0" type="stmt"/>
      <line num="79" count="0" type="stmt"/>
      <line num="86" count="0" type="stmt"/>
      <line num="93" count="0" type="stmt"/>
      <line num="94" count="0" type="stmt"/>
      <line num="96" count="0" type="stmt"/>
    </file>
    <file name="TokenCounter.ts" path="/home/runner/work/ai-code-reviewer/ai-code-reviewer/v2/src/utils/TokenCounter.ts">
      <metrics statements="21" coveredstatements="21" conditionals="3" coveredconditionals="2" methods="6" coveredmethods="6"/>
      <line num="7" count="1" type="stmt"/>
      <line num="14" count="11" type="stmt"/>
      <line num="18" count="11" type="stmt"/>
      <line num="25" count="2" type="stmt"/>
      <line num="27" count="2" type="stmt"/>
      <line num="29" count="2" type="stmt"/>
      <line num="32" count="2" type="stmt"/>
      <line num="36" count="2" type="stmt"/>
      <line num="38" count="2" type="stmt"/>
      <line num="50" count="1" type="stmt"/>
      <line num="58" count="1" type="cond" truecount="1" falsecount="1"/>
      <line num="60" count="1" type="stmt"/>
      <line num="61" count="1" type="stmt"/>
      <line num="63" count="1" type="stmt"/>
      <line num="70" count="2" type="stmt"/>
      <line num="77" count="2" type="stmt"/>
      <line num="79" count="2" type="cond" truecount="1" falsecount="0"/>
      <line num="80" count="1" type="stmt"/>
      <line num="84" count="1" type="stmt"/>
      <line num="85" count="1" type="stmt"/>
      <line num="97" count="1" type="stmt"/>
    </file>
  </project>
</coverage>
