{"/Users/saym/Documents/GitHub/ai-code-reviewer/v2/src/utils/Logger.ts": {"path":"/Users/saym/Documents/GitHub/ai-code-reviewer/v2/src/utils/Logger.ts","statementMap":{"0":{"start":{"line":7,"column":0},"end":{"line":7,"column":38}},"1":{"start":{"line":10,"column":35},"end":{"line":10,"column":37}},"2":{"start":{"line":16,"column":4},"end":{"line":16,"column":27}},"3":{"start":{"line":23,"column":4},"end":{"line":23,"column":67}},"4":{"start":{"line":30,"column":4},"end":{"line":30,"column":36}},"5":{"start":{"line":37,"column":4},"end":{"line":37,"column":37}},"6":{"start":{"line":44,"column":4},"end":{"line":44,"column":39}},"7":{"start":{"line":51,"column":4},"end":{"line":51,"column":37}},"8":{"start":{"line":58,"column":4},"end":{"line":58,"column":39}},"9":{"start":{"line":65,"column":4},"end":{"line":65,"column":20}},"10":{"start":{"line":72,"column":4},"end":{"line":72,"column":50}},"11":{"start":{"line":79,"column":4},"end":{"line":79,"column":29}},"12":{"start":{"line":86,"column":4},"end":{"line":86,"column":30}},"13":{"start":{"line":93,"column":22},"end":{"line":95,"column":17}},"14":{"start":{"line":94,"column":29},"end":{"line":94,"column":47}},"15":{"start":{"line":96,"column":4},"end":{"line":96,"column":40}},"16":{"start":{"line":9,"column":0},"end":{"line":9,"column":13}}},"fnMap":{"0":{"name":"(anonymous_9)","decl":{"start":{"line":15,"column":2},"end":{"line":15,"column":8}},"loc":{"start":{"line":15,"column":35},"end":{"line":17,"column":3}}},"1":{"name":"(anonymous_10)","decl":{"start":{"line":22,"column":10},"end":{"line":22,"column":16}},"loc":{"start":{"line":22,"column":39},"end":{"line":24,"column":3}}},"2":{"name":"(anonymous_11)","decl":{"start":{"line":29,"column":2},"end":{"line":29,"column":8}},"loc":{"start":{"line":29,"column":29},"end":{"line":31,"column":3}}},"3":{"name":"(anonymous_12)","decl":{"start":{"line":36,"column":2},"end":{"line":36,"column":8}},"loc":{"start":{"line":36,"column":30},"end":{"line":38,"column":3}}},"4":{"name":"(anonymous_13)","decl":{"start":{"line":43,"column":2},"end":{"line":43,"column":8}},"loc":{"start":{"line":43,"column":32},"end":{"line":45,"column":3}}},"5":{"name":"(anonymous_14)","decl":{"start":{"line":50,"column":2},"end":{"line":50,"column":8}},"loc":{"start":{"line":50,"column":30},"end":{"line":52,"column":3}}},"6":{"name":"(anonymous_15)","decl":{"start":{"line":57,"column":2},"end":{"line":57,"column":8}},"loc":{"start":{"line":57,"column":32},"end":{"line":59,"column":3}}},"7":{"name":"(anonymous_16)","decl":{"start":{"line":64,"column":2},"end":{"line":64,"column":8}},"loc":{"start":{"line":64,"column":17},"end":{"line":66,"column":3}}},"8":{"name":"(anonymous_17)","decl":{"start":{"line":71,"column":2},"end":{"line":71,"column":8}},"loc":{"start":{"line":71,"column":45},"end":{"line":73,"column":3}}},"9":{"name":"(anonymous_18)","decl":{"start":{"line":78,"column":2},"end":{"line":78,"column":8}},"loc":{"start":{"line":78,"column":32},"end":{"line":80,"column":3}}},"10":{"name":"(anonymous_19)","decl":{"start":{"line":85,"column":2},"end":{"line":85,"column":8}},"loc":{"start":{"line":85,"column":33},"end":{"line":87,"column":3}}},"11":{"name":"(anonymous_20)","decl":{"start":{"line":92,"column":2},"end":{"line":92,"column":8}},"loc":{"start":{"line":92,"column":45},"end":{"line":97,"column":3}}},"12":{"name":"(anonymous_21)","decl":{"start":{"line":94,"column":11},"end":{"line":94,"column":12}},"loc":{"start":{"line":94,"column":29},"end":{"line":94,"column":47}}}},"branchMap":{"0":{"loc":{"start":{"line":23,"column":11},"end":{"line":23,"column":66}},"type":"cond-expr","locations":[{"start":{"line":23,"column":26},"end":{"line":23,"column":56}},{"start":{"line":23,"column":59},"end":{"line":23,"column":66}}]}},"s":{"0":1,"1":1,"2":5,"3":5,"4":2,"5":1,"6":1,"7":1,"8":0,"9":0,"10":0,"11":0,"12":0,"13":0,"14":0,"15":0,"16":1},"f":{"0":5,"1":5,"2":2,"3":1,"4":1,"5":1,"6":0,"7":0,"8":0,"9":0,"10":0,"11":0,"12":0},"b":{"0":[5,0]}}
,"/Users/saym/Documents/GitHub/ai-code-reviewer/v2/src/utils/TokenCounter.ts": {"path":"/Users/saym/Documents/GitHub/ai-code-reviewer/v2/src/utils/TokenCounter.ts","statementMap":{"0":{"start":{"line":14,"column":23},"end":{"line":14,"column":55}},"1":{"start":{"line":18,"column":4},"end":{"line":18,"column":44}},"2":{"start":{"line":25,"column":17},"end":{"line":25,"column":18}},"3":{"start":{"line":27,"column":4},"end":{"line":33,"column":5}},"4":{"start":{"line":29,"column":6},"end":{"line":29,"column":47}},"5":{"start":{"line":32,"column":6},"end":{"line":32,"column":18}},"6":{"start":{"line":36,"column":4},"end":{"line":36,"column":16}},"7":{"start":{"line":38,"column":4},"end":{"line":38,"column":18}},"8":{"start":{"line":50,"column":76},"end":{"line":56,"column":6}},"9":{"start":{"line":58,"column":18},"end":{"line":58,"column":57}},"10":{"start":{"line":60,"column":23},"end":{"line":60,"column":64}},"11":{"start":{"line":61,"column":27},"end":{"line":61,"column":76}},"12":{"start":{"line":63,"column":4},"end":{"line":63,"column":39}},"13":{"start":{"line":70,"column":4},"end":{"line":70,"column":39}},"14":{"start":{"line":77,"column":19},"end":{"line":77,"column":38}},"15":{"start":{"line":79,"column":4},"end":{"line":81,"column":5}},"16":{"start":{"line":80,"column":6},"end":{"line":80,"column":18}},"17":{"start":{"line":84,"column":21},"end":{"line":84,"column":34}},"18":{"start":{"line":85,"column":4},"end":{"line":85,"column":59}},"19":{"start":{"line":97,"column":4},"end":{"line":102,"column":6}},"20":{"start":{"line":7,"column":0},"end":{"line":7,"column":13}}},"fnMap":{"0":{"name":"(anonymous_0)","decl":{"start":{"line":12,"column":2},"end":{"line":12,"column":8}},"loc":{"start":{"line":12,"column":30},"end":{"line":19,"column":3}}},"1":{"name":"(anonymous_1)","decl":{"start":{"line":24,"column":2},"end":{"line":24,"column":8}},"loc":{"start":{"line":24,"column":76},"end":{"line":39,"column":3}}},"2":{"name":"(anonymous_2)","decl":{"start":{"line":44,"column":2},"end":{"line":44,"column":8}},"loc":{"start":{"line":47,"column":28},"end":{"line":64,"column":3}}},"3":{"name":"(anonymous_3)","decl":{"start":{"line":69,"column":2},"end":{"line":69,"column":8}},"loc":{"start":{"line":69,"column":49},"end":{"line":71,"column":3}}},"4":{"name":"(anonymous_4)","decl":{"start":{"line":76,"column":2},"end":{"line":76,"column":8}},"loc":{"start":{"line":76,"column":49},"end":{"line":86,"column":3}}},"5":{"name":"(anonymous_5)","decl":{"start":{"line":91,"column":2},"end":{"line":91,"column":8}},"loc":{"start":{"line":91,"column":30},"end":{"line":103,"column":3}}}},"branchMap":{"0":{"loc":{"start":{"line":58,"column":18},"end":{"line":58,"column":57}},"type":"binary-expr","locations":[{"start":{"line":58,"column":18},"end":{"line":58,"column":32}},{"start":{"line":58,"column":36},"end":{"line":58,"column":57}}]},"1":{"loc":{"start":{"line":79,"column":4},"end":{"line":81,"column":5}},"type":"if","locations":[{"start":{"line":79,"column":4},"end":{"line":81,"column":5}}]}},"s":{"0":11,"1":11,"2":2,"3":2,"4":2,"5":2,"6":2,"7":2,"8":1,"9":1,"10":1,"11":1,"12":1,"13":2,"14":2,"15":2,"16":1,"17":1,"18":1,"19":1,"20":1},"f":{"0":11,"1":2,"2":1,"3":2,"4":2,"5":1},"b":{"0":[1,0],"1":[1]}}
}
