{"/home/runner/work/ai-code-reviewer/ai-code-reviewer/v2/src/version.ts": {"path":"/home/runner/work/ai-code-reviewer/ai-code-reviewer/v2/src/version.ts","statementMap":{"0":{"start":{"line":6,"column":13},"end":{"line":6,"column":31}}},"fnMap":{},"branchMap":{},"s":{"0":9},"f":{},"b":{}}
,"/home/runner/work/ai-code-reviewer/ai-code-reviewer/v2/src/analysis/IncrementalAnalyzer.ts": {"path":"/home/runner/work/ai-code-reviewer/ai-code-reviewer/v2/src/analysis/IncrementalAnalyzer.ts","statementMap":{"0":{"start":{"line":7,"column":0},"end":{"line":7,"column":38}},"1":{"start":{"line":8,"column":0},"end":{"line":8,"column":50}},"2":{"start":{"line":30,"column":12},"end":{"line":30,"column":35}},"3":{"start":{"line":33,"column":12},"end":{"line":33,"column":28}},"4":{"start":{"line":40,"column":4},"end":{"line":40,"column":67}},"5":{"start":{"line":42,"column":37},"end":{"line":42,"column":39}},"6":{"start":{"line":44,"column":4},"end":{"line":47,"column":5}},"7":{"start":{"line":45,"column":23},"end":{"line":45,"column":51}},"8":{"start":{"line":46,"column":6},"end":{"line":46,"column":30}},"9":{"start":{"line":49,"column":24},"end":{"line":49,"column":66}},"10":{"start":{"line":49,"column":45},"end":{"line":49,"column":58}},"11":{"start":{"line":50,"column":4},"end":{"line":50,"column":87}},"12":{"start":{"line":52,"column":4},"end":{"line":52,"column":20}},"13":{"start":{"line":59,"column":21},"end":{"line":59,"column":34}},"14":{"start":{"line":60,"column":23},"end":{"line":60,"column":31}},"15":{"start":{"line":63,"column":19},"end":{"line":66,"column":null}},"16":{"start":{"line":70,"column":22},"end":{"line":70,"column":45}},"17":{"start":{"line":71,"column":23},"end":{"line":71,"column":59}},"18":{"start":{"line":72,"column":24},"end":{"line":72,"column":47}},"19":{"start":{"line":75,"column":25},"end":{"line":75,"column":55}},"20":{"start":{"line":78,"column":24},"end":{"line":78,"column":36}},"21":{"start":{"line":79,"column":4},"end":{"line":85,"column":5}},"22":{"start":{"line":80,"column":34},"end":{"line":80,"column":71}},"23":{"start":{"line":81,"column":6},"end":{"line":84,"column":9}},"24":{"start":{"line":83,"column":8},"end":{"line":83,"column":62}},"25":{"start":{"line":87,"column":4},"end":{"line":90,"column":6}},"26":{"start":{"line":92,"column":4},"end":{"line":99,"column":6}},"27":{"start":{"line":106,"column":4},"end":{"line":109,"column":5}},"28":{"start":{"line":107,"column":6},"end":{"line":107,"column":56}},"29":{"start":{"line":108,"column":6},"end":{"line":108,"column":16}},"30":{"start":{"line":111,"column":4},"end":{"line":144,"column":5}},"31":{"start":{"line":113,"column":19},"end":{"line":113,"column":67}},"32":{"start":{"line":115,"column":6},"end":{"line":118,"column":7}},"33":{"start":{"line":116,"column":8},"end":{"line":116,"column":61}},"34":{"start":{"line":117,"column":8},"end":{"line":117,"column":18}},"35":{"start":{"line":120,"column":35},"end":{"line":120,"column":37}},"36":{"start":{"line":122,"column":6},"end":{"line":138,"column":7}},"37":{"start":{"line":123,"column":8},"end":{"line":137,"column":9}},"38":{"start":{"line":124,"column":10},"end":{"line":136,"column":11}},"39":{"start":{"line":125,"column":12},"end":{"line":129,"column":15}},"40":{"start":{"line":130,"column":17},"end":{"line":136,"column":11}},"41":{"start":{"line":131,"column":12},"end":{"line":135,"column":15}},"42":{"start":{"line":140,"column":6},"end":{"line":140,"column":19}},"43":{"start":{"line":142,"column":6},"end":{"line":142,"column":74}},"44":{"start":{"line":143,"column":6},"end":{"line":143,"column":16}},"45":{"start":{"line":155,"column":46},"end":{"line":155,"column":48}},"46":{"start":{"line":158,"column":4},"end":{"line":166,"column":5}},"47":{"start":{"line":159,"column":6},"end":{"line":165,"column":8}},"48":{"start":{"line":168,"column":37},"end":{"line":173,"column":6}},"49":{"start":{"line":175,"column":4},"end":{"line":178,"column":6}},"50":{"start":{"line":180,"column":4},"end":{"line":180,"column":82}},"51":{"start":{"line":187,"column":4},"end":{"line":187,"column":47}},"52":{"start":{"line":187,"column":32},"end":{"line":187,"column":45}},"53":{"start":{"line":194,"column":4},"end":{"line":194,"column":71}},"54":{"start":{"line":194,"column":39},"end":{"line":194,"column":66}},"55":{"start":{"line":205,"column":4},"end":{"line":221,"column":7}},"56":{"start":{"line":206,"column":23},"end":{"line":206,"column":40}},"57":{"start":{"line":209,"column":6},"end":{"line":213,"column":7}},"58":{"start":{"line":210,"column":8},"end":{"line":212,"column":9}},"59":{"start":{"line":210,"column":44},"end":{"line":210,"column":66}},"60":{"start":{"line":211,"column":10},"end":{"line":211,"column":23}},"61":{"start":{"line":216,"column":6},"end":{"line":218,"column":7}},"62":{"start":{"line":217,"column":8},"end":{"line":217,"column":71}},"63":{"start":{"line":217,"column":47},"end":{"line":217,"column":69}},"64":{"start":{"line":220,"column":6},"end":{"line":220,"column":18}},"65":{"start":{"line":228,"column":4},"end":{"line":230,"column":5}},"66":{"start":{"line":229,"column":6},"end":{"line":229,"column":24}},"67":{"start":{"line":232,"column":35},"end":{"line":232,"column":37}},"68":{"start":{"line":233,"column":18},"end":{"line":233,"column":39}},"69":{"start":{"line":235,"column":4},"end":{"line":241,"column":5}},"70":{"start":{"line":235,"column":17},"end":{"line":235,"column":18}},"71":{"start":{"line":236,"column":20},"end":{"line":236,"column":56}},"72":{"start":{"line":237,"column":6},"end":{"line":240,"column":9}},"73":{"start":{"line":243,"column":4},"end":{"line":243,"column":76}},"74":{"start":{"line":244,"column":4},"end":{"line":244,"column":18}},"75":{"start":{"line":28,"column":0},"end":{"line":28,"column":13}}},"fnMap":{"0":{"name":"(anonymous_9)","decl":{"start":{"line":29,"column":2},"end":{"line":29,"column":null}},"loc":{"start":{"line":33,"column":28},"end":{"line":34,"column":6}}},"1":{"name":"(anonymous_10)","decl":{"start":{"line":39,"column":2},"end":{"line":39,"column":7}},"loc":{"start":{"line":39,"column":36},"end":{"line":53,"column":3}}},"2":{"name":"(anonymous_11)","decl":{"start":{"line":49,"column":40},"end":{"line":49,"column":41}},"loc":{"start":{"line":49,"column":45},"end":{"line":49,"column":58}}},"3":{"name":"(anonymous_12)","decl":{"start":{"line":58,"column":10},"end":{"line":58,"column":15}},"loc":{"start":{"line":58,"column":40},"end":{"line":100,"column":3}}},"4":{"name":"(anonymous_13)","decl":{"start":{"line":81,"column":42},"end":{"line":81,"column":46}},"loc":{"start":{"line":81,"column":49},"end":{"line":84,"column":7}}},"5":{"name":"(anonymous_14)","decl":{"start":{"line":105,"column":10},"end":{"line":105,"column":29}},"loc":{"start":{"line":105,"column":42},"end":{"line":145,"column":3}}},"6":{"name":"(anonymous_15)","decl":{"start":{"line":150,"column":2},"end":{"line":150,"column":7}},"loc":{"start":{"line":153,"column":115},"end":{"line":181,"column":3}}},"7":{"name":"(anonymous_16)","decl":{"start":{"line":186,"column":2},"end":{"line":186,"column":8}},"loc":{"start":{"line":186,"column":55},"end":{"line":188,"column":3}}},"8":{"name":"(anonymous_17)","decl":{"start":{"line":187,"column":27},"end":{"line":187,"column":28}},"loc":{"start":{"line":187,"column":32},"end":{"line":187,"column":45}}},"9":{"name":"(anonymous_18)","decl":{"start":{"line":193,"column":2},"end":{"line":193,"column":8}},"loc":{"start":{"line":193,"column":47},"end":{"line":195,"column":3}}},"10":{"name":"(anonymous_19)","decl":{"start":{"line":194,"column":27},"end":{"line":194,"column":28}},"loc":{"start":{"line":194,"column":39},"end":{"line":194,"column":66}}},"11":{"name":"(anonymous_20)","decl":{"start":{"line":200,"column":2},"end":{"line":200,"column":8}},"loc":{"start":{"line":203,"column":34},"end":{"line":222,"column":3}}},"12":{"name":"(anonymous_21)","decl":{"start":{"line":205,"column":27},"end":{"line":205,"column":35}},"loc":{"start":{"line":205,"column":38},"end":{"line":221,"column":5}}},"13":{"name":"(anonymous_22)","decl":{"start":{"line":210,"column":33},"end":{"line":210,"column":40}},"loc":{"start":{"line":210,"column":44},"end":{"line":210,"column":66}}},"14":{"name":"(anonymous_23)","decl":{"start":{"line":217,"column":36},"end":{"line":217,"column":43}},"loc":{"start":{"line":217,"column":47},"end":{"line":217,"column":69}}},"15":{"name":"(anonymous_24)","decl":{"start":{"line":227,"column":2},"end":{"line":227,"column":8}},"loc":{"start":{"line":227,"column":71},"end":{"line":245,"column":3}}}},"branchMap":{"0":{"loc":{"start":{"line":71,"column":23},"end":{"line":71,"column":59}},"type":"binary-expr","locations":[{"start":{"line":71,"column":23},"end":{"line":71,"column":30}},{"start":{"line":71,"column":34},"end":{"line":71,"column":59}}]},"1":{"loc":{"start":{"line":72,"column":24},"end":{"line":72,"column":47}},"type":"binary-expr","locations":[{"start":{"line":72,"column":24},"end":{"line":72,"column":33}},{"start":{"line":72,"column":37},"end":{"line":72,"column":47}}]},"2":{"loc":{"start":{"line":79,"column":4},"end":{"line":85,"column":5}},"type":"if","locations":[{"start":{"line":79,"column":4},"end":{"line":85,"column":5}}]},"3":{"loc":{"start":{"line":79,"column":8},"end":{"line":79,"column":44}},"type":"binary-expr","locations":[{"start":{"line":79,"column":8},"end":{"line":79,"column":14}},{"start":{"line":79,"column":18},"end":{"line":79,"column":30}},{"start":{"line":79,"column":34},"end":{"line":79,"column":44}}]},"4":{"loc":{"start":{"line":97,"column":19},"end":{"line":97,"column":58}},"type":"binary-expr","locations":[{"start":{"line":97,"column":19},"end":{"line":97,"column":30}},{"start":{"line":97,"column":34},"end":{"line":97,"column":58}}]},"5":{"loc":{"start":{"line":106,"column":4},"end":{"line":109,"column":5}},"type":"if","locations":[{"start":{"line":106,"column":4},"end":{"line":109,"column":5}}]},"6":{"loc":{"start":{"line":115,"column":6},"end":{"line":118,"column":7}},"type":"if","locations":[{"start":{"line":115,"column":6},"end":{"line":118,"column":7}}]},"7":{"loc":{"start":{"line":124,"column":10},"end":{"line":136,"column":11}},"type":"if","locations":[{"start":{"line":124,"column":10},"end":{"line":136,"column":11}},{"start":{"line":130,"column":17},"end":{"line":136,"column":11}}]},"8":{"loc":{"start":{"line":124,"column":14},"end":{"line":124,"column":64}},"type":"binary-expr","locations":[{"start":{"line":124,"column":14},"end":{"line":124,"column":33}},{"start":{"line":124,"column":37},"end":{"line":124,"column":64}}]},"9":{"loc":{"start":{"line":130,"column":17},"end":{"line":136,"column":11}},"type":"if","locations":[{"start":{"line":130,"column":17},"end":{"line":136,"column":11}}]},"10":{"loc":{"start":{"line":130,"column":21},"end":{"line":130,"column":74}},"type":"binary-expr","locations":[{"start":{"line":130,"column":21},"end":{"line":130,"column":43}},{"start":{"line":130,"column":47},"end":{"line":130,"column":74}}]},"11":{"loc":{"start":{"line":202,"column":4},"end":{"line":202,"column":34}},"type":"default-arg","locations":[{"start":{"line":202,"column":32},"end":{"line":202,"column":34}}]},"12":{"loc":{"start":{"line":203,"column":4},"end":{"line":203,"column":34}},"type":"default-arg","locations":[{"start":{"line":203,"column":32},"end":{"line":203,"column":34}}]},"13":{"loc":{"start":{"line":209,"column":6},"end":{"line":213,"column":7}},"type":"if","locations":[{"start":{"line":209,"column":6},"end":{"line":213,"column":7}}]},"14":{"loc":{"start":{"line":210,"column":8},"end":{"line":212,"column":9}},"type":"if","locations":[{"start":{"line":210,"column":8},"end":{"line":212,"column":9}}]},"15":{"loc":{"start":{"line":216,"column":6},"end":{"line":218,"column":7}},"type":"if","locations":[{"start":{"line":216,"column":6},"end":{"line":218,"column":7}}]},"16":{"loc":{"start":{"line":228,"column":4},"end":{"line":230,"column":5}},"type":"if","locations":[{"start":{"line":228,"column":4},"end":{"line":230,"column":5}}]}},"s":{"0":3,"1":3,"2":21,"3":21,"4":14,"5":14,"6":14,"7":23,"8":23,"9":14,"10":23,"11":14,"12":14,"13":23,"14":23,"15":23,"16":23,"17":23,"18":23,"19":23,"20":23,"21":23,"22":3,"23":3,"24":4,"25":23,"26":23,"27":23,"28":3,"29":3,"30":20,"31":20,"32":19,"33":0,"34":0,"35":19,"36":19,"37":118,"38":10051,"39":10019,"40":32,"41":17,"42":19,"43":1,"44":1,"45":3,"46":3,"47":3,"48":3,"49":3,"50":3,"51":2,"52":4,"53":2,"54":2,"55":0,"56":0,"57":0,"58":0,"59":0,"60":0,"61":0,"62":0,"63":0,"64":0,"65":0,"66":0,"67":0,"68":0,"69":0,"70":0,"71":0,"72":0,"73":0,"74":0,"75":3},"f":{"0":21,"1":14,"2":23,"3":23,"4":4,"5":23,"6":3,"7":2,"8":4,"9":2,"10":2,"11":0,"12":0,"13":0,"14":0,"15":0},"b":{"0":[23,3],"1":[23,19],"2":[3],"3":[23,3,3],"4":[23,22],"5":[3],"6":[0],"7":[10019,32],"8":[10051,10019],"9":[17],"10":[32,17],"11":[0],"12":[0],"13":[0],"14":[0],"15":[0],"16":[0]}}
,"/home/runner/work/ai-code-reviewer/ai-code-reviewer/v2/src/analysis/OutdatedCommentCleaner.ts": {"path":"/home/runner/work/ai-code-reviewer/ai-code-reviewer/v2/src/analysis/OutdatedCommentCleaner.ts","statementMap":{"0":{"start":{"line":7,"column":0},"end":{"line":7,"column":38}},"1":{"start":{"line":20,"column":12},"end":{"line":20,"column":35}},"2":{"start":{"line":21,"column":12},"end":{"line":21,"column":28}},"3":{"start":{"line":29,"column":4},"end":{"line":29,"column":54}},"4":{"start":{"line":31,"column":40},"end":{"line":36,"column":6}},"5":{"start":{"line":38,"column":4},"end":{"line":62,"column":5}},"6":{"start":{"line":40,"column":23},"end":{"line":40,"column":70}},"7":{"start":{"line":41,"column":6},"end":{"line":41,"column":45}},"8":{"start":{"line":43,"column":6},"end":{"line":46,"column":7}},"9":{"start":{"line":44,"column":8},"end":{"line":44,"column":42}},"10":{"start":{"line":45,"column":8},"end":{"line":45,"column":22}},"11":{"start":{"line":49,"column":21},"end":{"line":49,"column":94}},"12":{"start":{"line":50,"column":6},"end":{"line":50,"column":37}},"13":{"start":{"line":51,"column":6},"end":{"line":51,"column":39}},"14":{"start":{"line":53,"column":6},"end":{"line":56,"column":8}},"15":{"start":{"line":59,"column":23},"end":{"line":59,"column":64}},"16":{"start":{"line":60,"column":6},"end":{"line":60,"column":35}},"17":{"start":{"line":61,"column":6},"end":{"line":61,"column":27}},"18":{"start":{"line":64,"column":4},"end":{"line":64,"column":18}},"19":{"start":{"line":71,"column":24},"end":{"line":71,"column":71}},"20":{"start":{"line":72,"column":4},"end":{"line":72,"column":49}},"21":{"start":{"line":72,"column":35},"end":{"line":72,"column":47}},"22":{"start":{"line":84,"column":21},"end":{"line":84,"column":68}},"23":{"start":{"line":85,"column":21},"end":{"line":85,"column":53}},"24":{"start":{"line":87,"column":47},"end":{"line":91,"column":6}},"25":{"start":{"line":93,"column":4},"end":{"line":97,"column":5}},"26":{"start":{"line":94,"column":6},"end":{"line":96,"column":7}},"27":{"start":{"line":95,"column":8},"end":{"line":95,"column":39}},"28":{"start":{"line":99,"column":4},"end":{"line":104,"column":6}},"29":{"start":{"line":18,"column":0},"end":{"line":18,"column":13}}},"fnMap":{"0":{"name":"(anonymous_9)","decl":{"start":{"line":19,"column":2},"end":{"line":19,"column":null}},"loc":{"start":{"line":21,"column":28},"end":{"line":22,"column":6}}},"1":{"name":"(anonymous_10)","decl":{"start":{"line":28,"column":2},"end":{"line":28,"column":7}},"loc":{"start":{"line":28,"column":53},"end":{"line":65,"column":3}}},"2":{"name":"(anonymous_11)","decl":{"start":{"line":70,"column":2},"end":{"line":70,"column":7}},"loc":{"start":{"line":70,"column":27},"end":{"line":73,"column":3}}},"3":{"name":"(anonymous_12)","decl":{"start":{"line":72,"column":30},"end":{"line":72,"column":31}},"loc":{"start":{"line":72,"column":35},"end":{"line":72,"column":47}}},"4":{"name":"(anonymous_13)","decl":{"start":{"line":78,"column":2},"end":{"line":78,"column":7}},"loc":{"start":{"line":78,"column":23},"end":{"line":105,"column":3}}}},"branchMap":{"0":{"loc":{"start":{"line":43,"column":6},"end":{"line":46,"column":7}},"type":"if","locations":[{"start":{"line":43,"column":6},"end":{"line":46,"column":7}}]},"1":{"loc":{"start":{"line":94,"column":6},"end":{"line":96,"column":7}},"type":"if","locations":[{"start":{"line":94,"column":6},"end":{"line":96,"column":7}}]}},"s":{"0":3,"1":3,"2":3,"3":3,"4":3,"5":3,"6":3,"7":2,"8":2,"9":0,"10":0,"11":2,"12":2,"13":2,"14":2,"15":1,"16":1,"17":1,"18":3,"19":0,"20":0,"21":0,"22":0,"23":0,"24":0,"25":0,"26":0,"27":0,"28":0,"29":3},"f":{"0":3,"1":3,"2":0,"3":0,"4":0},"b":{"0":[0],"1":[0]}}
,"/home/runner/work/ai-code-reviewer/ai-code-reviewer/v2/src/config/ConfigLoader.ts": {"path":"/home/runner/work/ai-code-reviewer/ai-code-reviewer/v2/src/config/ConfigLoader.ts","statementMap":{"0":{"start":{"line":7,"column":0},"end":{"line":7,"column":38}},"1":{"start":{"line":8,"column":0},"end":{"line":8,"column":34}},"2":{"start":{"line":51,"column":18},"end":{"line":51,"column":55}},"3":{"start":{"line":52,"column":23},"end":{"line":52,"column":61}},"4":{"start":{"line":55,"column":19},"end":{"line":55,"column":20}},"5":{"start":{"line":56,"column":22},"end":{"line":56,"column":54}},"6":{"start":{"line":57,"column":4},"end":{"line":64,"column":5}},"7":{"start":{"line":58,"column":6},"end":{"line":63,"column":7}},"8":{"start":{"line":59,"column":22},"end":{"line":59,"column":65}},"9":{"start":{"line":60,"column":8},"end":{"line":60,"column":74}},"10":{"start":{"line":62,"column":8},"end":{"line":62,"column":62}},"11":{"start":{"line":67,"column":21},"end":{"line":67,"column":82}},"12":{"start":{"line":68,"column":18},"end":{"line":68,"column":70}},"13":{"start":{"line":69,"column":19},"end":{"line":69,"column":51}},"14":{"start":{"line":70,"column":24},"end":{"line":71,"column":null}},"15":{"start":{"line":73,"column":36},"end":{"line":73,"column":93}},"16":{"start":{"line":76,"column":28},"end":{"line":76,"column":110}},"17":{"start":{"line":77,"column":28},"end":{"line":85,"column":6}},"18":{"start":{"line":86,"column":29},"end":{"line":86,"column":75}},"19":{"start":{"line":87,"column":28},"end":{"line":87,"column":74}},"20":{"start":{"line":88,"column":30},"end":{"line":88,"column":79}},"21":{"start":{"line":89,"column":28},"end":{"line":89,"column":74}},"22":{"start":{"line":92,"column":28},"end":{"line":92,"column":75}},"23":{"start":{"line":93,"column":22},"end":{"line":93,"column":105}},"24":{"start":{"line":96,"column":29},"end":{"line":96,"column":64}},"25":{"start":{"line":97,"column":24},"end":{"line":97,"column":53}},"26":{"start":{"line":100,"column":25},"end":{"line":100,"column":68}},"27":{"start":{"line":101,"column":25},"end":{"line":101,"column":65}},"28":{"start":{"line":102,"column":22},"end":{"line":102,"column":63}},"29":{"start":{"line":104,"column":4},"end":{"line":126,"column":6}},"30":{"start":{"line":133,"column":29},"end":{"line":133,"column":31}},"31":{"start":{"line":135,"column":4},"end":{"line":135,"column":63}},"32":{"start":{"line":135,"column":23},"end":{"line":135,"column":63}},"33":{"start":{"line":136,"column":4},"end":{"line":136,"column":66}},"34":{"start":{"line":136,"column":28},"end":{"line":136,"column":66}},"35":{"start":{"line":137,"column":4},"end":{"line":137,"column":93}},"36":{"start":{"line":137,"column":50},"end":{"line":137,"column":93}},"37":{"start":{"line":138,"column":4},"end":{"line":138,"column":59}},"38":{"start":{"line":138,"column":24},"end":{"line":138,"column":59}},"39":{"start":{"line":139,"column":4},"end":{"line":139,"column":85}},"40":{"start":{"line":139,"column":38},"end":{"line":139,"column":85}},"41":{"start":{"line":140,"column":4},"end":{"line":140,"column":83}},"42":{"start":{"line":140,"column":37},"end":{"line":140,"column":83}},"43":{"start":{"line":141,"column":4},"end":{"line":143,"column":5}},"44":{"start":{"line":142,"column":6},"end":{"line":142,"column":60}},"45":{"start":{"line":145,"column":4},"end":{"line":148,"column":6}},"46":{"start":{"line":155,"column":18},"end":{"line":155,"column":37}},"47":{"start":{"line":156,"column":4},"end":{"line":158,"column":5}},"48":{"start":{"line":157,"column":6},"end":{"line":157,"column":53}},"49":{"start":{"line":159,"column":4},"end":{"line":159,"column":17}},"50":{"start":{"line":166,"column":4},"end":{"line":166,"column":47}},"51":{"start":{"line":173,"column":18},"end":{"line":173,"column":37}},"52":{"start":{"line":174,"column":4},"end":{"line":174,"column":36}},"53":{"start":{"line":174,"column":16},"end":{"line":174,"column":36}},"54":{"start":{"line":176,"column":4},"end":{"line":179,"column":33}},"55":{"start":{"line":178,"column":16},"end":{"line":178,"column":24}},"56":{"start":{"line":179,"column":19},"end":{"line":179,"column":31}},"57":{"start":{"line":186,"column":18},"end":{"line":186,"column":37}},"58":{"start":{"line":187,"column":4},"end":{"line":187,"column":36}},"59":{"start":{"line":187,"column":16},"end":{"line":187,"column":36}},"60":{"start":{"line":189,"column":16},"end":{"line":189,"column":35}},"61":{"start":{"line":190,"column":4},"end":{"line":190,"column":43}},"62":{"start":{"line":197,"column":18},"end":{"line":197,"column":37}},"63":{"start":{"line":198,"column":4},"end":{"line":198,"column":36}},"64":{"start":{"line":198,"column":16},"end":{"line":198,"column":36}},"65":{"start":{"line":200,"column":4},"end":{"line":200,"column":59}},"66":{"start":{"line":207,"column":4},"end":{"line":207,"column":29}},"67":{"start":{"line":214,"column":4},"end":{"line":214,"column":35}},"68":{"start":{"line":215,"column":4},"end":{"line":215,"column":52}},"69":{"start":{"line":216,"column":4},"end":{"line":216,"column":49}},"70":{"start":{"line":217,"column":4},"end":{"line":217,"column":48}},"71":{"start":{"line":218,"column":4},"end":{"line":218,"column":42}},"72":{"start":{"line":219,"column":4},"end":{"line":219,"column":63}},"73":{"start":{"line":220,"column":4},"end":{"line":220,"column":61}},"74":{"start":{"line":221,"column":4},"end":{"line":221,"column":68}},"75":{"start":{"line":222,"column":4},"end":{"line":222,"column":63}},"76":{"start":{"line":223,"column":4},"end":{"line":223,"column":57}},"77":{"start":{"line":224,"column":4},"end":{"line":224,"column":84}},"78":{"start":{"line":225,"column":4},"end":{"line":225,"column":51}},"79":{"start":{"line":45,"column":0},"end":{"line":45,"column":13}}},"fnMap":{"0":{"name":"(anonymous_9)","decl":{"start":{"line":49,"column":2},"end":{"line":49,"column":8}},"loc":{"start":{"line":49,"column":13},"end":{"line":127,"column":3}}},"1":{"name":"(anonymous_10)","decl":{"start":{"line":132,"column":2},"end":{"line":132,"column":8}},"loc":{"start":{"line":132,"column":38},"end":{"line":149,"column":3}}},"2":{"name":"(anonymous_11)","decl":{"start":{"line":154,"column":10},"end":{"line":154,"column":16}},"loc":{"start":{"line":154,"column":46},"end":{"line":160,"column":3}}},"3":{"name":"(anonymous_12)","decl":{"start":{"line":165,"column":10},"end":{"line":165,"column":16}},"loc":{"start":{"line":165,"column":61},"end":{"line":167,"column":3}}},"4":{"name":"(anonymous_13)","decl":{"start":{"line":172,"column":10},"end":{"line":172,"column":16}},"loc":{"start":{"line":172,"column":72},"end":{"line":180,"column":3}}},"5":{"name":"(anonymous_14)","decl":{"start":{"line":178,"column":11},"end":{"line":178,"column":12}},"loc":{"start":{"line":178,"column":16},"end":{"line":178,"column":24}}},"6":{"name":"(anonymous_15)","decl":{"start":{"line":179,"column":14},"end":{"line":179,"column":15}},"loc":{"start":{"line":179,"column":19},"end":{"line":179,"column":31}}},"7":{"name":"(anonymous_16)","decl":{"start":{"line":185,"column":10},"end":{"line":185,"column":16}},"loc":{"start":{"line":185,"column":66},"end":{"line":191,"column":3}}},"8":{"name":"(anonymous_17)","decl":{"start":{"line":196,"column":10},"end":{"line":196,"column":16}},"loc":{"start":{"line":196,"column":68},"end":{"line":201,"column":3}}},"9":{"name":"(anonymous_18)","decl":{"start":{"line":206,"column":10},"end":{"line":206,"column":16}},"loc":{"start":{"line":206,"column":36},"end":{"line":208,"column":3}}},"10":{"name":"(anonymous_19)","decl":{"start":{"line":213,"column":2},"end":{"line":213,"column":8}},"loc":{"start":{"line":213,"column":35},"end":{"line":226,"column":3}}}},"branchMap":{"0":{"loc":{"start":{"line":52,"column":23},"end":{"line":52,"column":61}},"type":"binary-expr","locations":[{"start":{"line":52,"column":23},"end":{"line":52,"column":55}},{"start":{"line":52,"column":59},"end":{"line":52,"column":61}}]},"1":{"loc":{"start":{"line":57,"column":4},"end":{"line":64,"column":5}},"type":"if","locations":[{"start":{"line":57,"column":4},"end":{"line":64,"column":5}}]},"2":{"loc":{"start":{"line":60,"column":19},"end":{"line":60,"column":73}},"type":"binary-expr","locations":[{"start":{"line":60,"column":19},"end":{"line":60,"column":45}},{"start":{"line":60,"column":49},"end":{"line":60,"column":68}},{"start":{"line":60,"column":72},"end":{"line":60,"column":73}}]},"3":{"loc":{"start":{"line":68,"column":18},"end":{"line":68,"column":70}},"type":"binary-expr","locations":[{"start":{"line":68,"column":18},"end":{"line":68,"column":54}},{"start":{"line":68,"column":58},"end":{"line":68,"column":70}}]},"4":{"loc":{"start":{"line":71,"column":6},"end":{"line":71,"column":68}},"type":"cond-expr","locations":[{"start":{"line":71,"column":33},"end":{"line":71,"column":56}},{"start":{"line":71,"column":59},"end":{"line":71,"column":68}}]},"5":{"loc":{"start":{"line":93,"column":22},"end":{"line":93,"column":105}},"type":"binary-expr","locations":[{"start":{"line":93,"column":22},"end":{"line":93,"column":76}},{"start":{"line":93,"column":80},"end":{"line":93,"column":105}}]},"6":{"loc":{"start":{"line":135,"column":4},"end":{"line":135,"column":63}},"type":"if","locations":[{"start":{"line":135,"column":4},"end":{"line":135,"column":63}}]},"7":{"loc":{"start":{"line":136,"column":4},"end":{"line":136,"column":66}},"type":"if","locations":[{"start":{"line":136,"column":4},"end":{"line":136,"column":66}}]},"8":{"loc":{"start":{"line":137,"column":4},"end":{"line":137,"column":93}},"type":"if","locations":[{"start":{"line":137,"column":4},"end":{"line":137,"column":93}}]},"9":{"loc":{"start":{"line":137,"column":8},"end":{"line":137,"column":48}},"type":"binary-expr","locations":[{"start":{"line":137,"column":8},"end":{"line":137,"column":24}},{"start":{"line":137,"column":28},"end":{"line":137,"column":48}}]},"10":{"loc":{"start":{"line":138,"column":4},"end":{"line":138,"column":59}},"type":"if","locations":[{"start":{"line":138,"column":4},"end":{"line":138,"column":59}}]},"11":{"loc":{"start":{"line":139,"column":4},"end":{"line":139,"column":85}},"type":"if","locations":[{"start":{"line":139,"column":4},"end":{"line":139,"column":85}}]},"12":{"loc":{"start":{"line":140,"column":4},"end":{"line":140,"column":83}},"type":"if","locations":[{"start":{"line":140,"column":4},"end":{"line":140,"column":83}}]},"13":{"loc":{"start":{"line":141,"column":4},"end":{"line":143,"column":5}},"type":"if","locations":[{"start":{"line":141,"column":4},"end":{"line":143,"column":5}}]},"14":{"loc":{"start":{"line":141,"column":8},"end":{"line":141,"column":58}},"type":"binary-expr","locations":[{"start":{"line":141,"column":8},"end":{"line":141,"column":31}},{"start":{"line":141,"column":35},"end":{"line":141,"column":58}}]},"15":{"loc":{"start":{"line":156,"column":4},"end":{"line":158,"column":5}},"type":"if","locations":[{"start":{"line":156,"column":4},"end":{"line":158,"column":5}}]},"16":{"loc":{"start":{"line":166,"column":11},"end":{"line":166,"column":46}},"type":"binary-expr","locations":[{"start":{"line":166,"column":11},"end":{"line":166,"column":30}},{"start":{"line":166,"column":34},"end":{"line":166,"column":46}}]},"17":{"loc":{"start":{"line":172,"column":45},"end":{"line":172,"column":72}},"type":"default-arg","locations":[{"start":{"line":172,"column":70},"end":{"line":172,"column":72}}]},"18":{"loc":{"start":{"line":174,"column":4},"end":{"line":174,"column":36}},"type":"if","locations":[{"start":{"line":174,"column":4},"end":{"line":174,"column":36}}]},"19":{"loc":{"start":{"line":187,"column":4},"end":{"line":187,"column":36}},"type":"if","locations":[{"start":{"line":187,"column":4},"end":{"line":187,"column":36}}]},"20":{"loc":{"start":{"line":190,"column":11},"end":{"line":190,"column":42}},"type":"cond-expr","locations":[{"start":{"line":190,"column":24},"end":{"line":190,"column":36}},{"start":{"line":190,"column":39},"end":{"line":190,"column":42}}]},"21":{"loc":{"start":{"line":198,"column":4},"end":{"line":198,"column":36}},"type":"if","locations":[{"start":{"line":198,"column":4},"end":{"line":198,"column":36}}]},"22":{"loc":{"start":{"line":200,"column":11},"end":{"line":200,"column":58}},"type":"binary-expr","locations":[{"start":{"line":200,"column":11},"end":{"line":200,"column":41}},{"start":{"line":200,"column":45},"end":{"line":200,"column":58}}]}},"s":{"0":2,"1":2,"2":7,"3":7,"4":7,"5":7,"6":7,"7":7,"8":7,"9":6,"10":1,"11":7,"12":7,"13":7,"14":7,"15":7,"16":7,"17":7,"18":7,"19":7,"20":7,"21":7,"22":7,"23":7,"24":7,"25":7,"26":7,"27":7,"28":7,"29":7,"30":8,"31":8,"32":2,"33":8,"34":2,"35":8,"36":2,"37":8,"38":2,"39":8,"40":2,"41":8,"42":1,"43":8,"44":2,"45":8,"46":14,"47":14,"48":0,"49":14,"50":42,"51":14,"52":14,"53":12,"54":2,"55":4,"56":4,"57":21,"58":21,"59":21,"60":0,"61":0,"62":42,"63":42,"64":42,"65":0,"66":14,"67":0,"68":0,"69":0,"70":0,"71":0,"72":0,"73":0,"74":0,"75":0,"76":0,"77":0,"78":0,"79":2},"f":{"0":7,"1":8,"2":14,"3":42,"4":14,"5":4,"6":4,"7":21,"8":42,"9":14,"10":0},"b":{"0":[7,0],"1":[7],"2":[6,1,1],"3":[7,0],"4":[0,7],"5":[7,0],"6":[2],"7":[2],"8":[2],"9":[8,6],"10":[2],"11":[2],"12":[1],"13":[2],"14":[8,7],"15":[0],"16":[42,34],"17":[0],"18":[12],"19":[21],"20":[0,0],"21":[42],"22":[0,0]}}
,"/home/runner/work/ai-code-reviewer/ai-code-reviewer/v2/src/core/ActionOrchestrator.ts": {"path":"/home/runner/work/ai-code-reviewer/ai-code-reviewer/v2/src/core/ActionOrchestrator.ts","statementMap":{"0":{"start":{"line":7,"column":0},"end":{"line":7,"column":38}},"1":{"start":{"line":8,"column":0},"end":{"line":8,"column":54}},"2":{"start":{"line":9,"column":0},"end":{"line":9,"column":59}},"3":{"start":{"line":10,"column":0},"end":{"line":10,"column":54}},"4":{"start":{"line":11,"column":0},"end":{"line":11,"column":66}},"5":{"start":{"line":12,"column":0},"end":{"line":12,"column":58}},"6":{"start":{"line":13,"column":0},"end":{"line":13,"column":63}},"7":{"start":{"line":14,"column":0},"end":{"line":14,"column":46}},"8":{"start":{"line":15,"column":0},"end":{"line":15,"column":59}},"9":{"start":{"line":16,"column":0},"end":{"line":16,"column":68}},"10":{"start":{"line":17,"column":0},"end":{"line":17,"column":71}},"11":{"start":{"line":18,"column":0},"end":{"line":18,"column":34}},"12":{"start":{"line":25,"column":22},"end":{"line":25,"column":51}},"13":{"start":{"line":26,"column":4},"end":{"line":26,"column":32}},"14":{"start":{"line":26,"column":20},"end":{"line":26,"column":32}},"15":{"start":{"line":28,"column":4},"end":{"line":60,"column":5}},"16":{"start":{"line":29,"column":20},"end":{"line":29,"column":63}},"17":{"start":{"line":32,"column":6},"end":{"line":34,"column":7}},"18":{"start":{"line":33,"column":8},"end":{"line":33,"column":20}},"19":{"start":{"line":36,"column":26},"end":{"line":36,"column":72}},"20":{"start":{"line":39,"column":6},"end":{"line":41,"column":7}},"21":{"start":{"line":40,"column":8},"end":{"line":40,"column":25}},"22":{"start":{"line":43,"column":6},"end":{"line":45,"column":7}},"23":{"start":{"line":44,"column":8},"end":{"line":44,"column":24}},"24":{"start":{"line":47,"column":6},"end":{"line":50,"column":7}},"25":{"start":{"line":49,"column":8},"end":{"line":49,"column":28}},"26":{"start":{"line":52,"column":6},"end":{"line":54,"column":7}},"27":{"start":{"line":53,"column":8},"end":{"line":53,"column":29}},"28":{"start":{"line":56,"column":6},"end":{"line":56,"column":18}},"29":{"start":{"line":58,"column":6},"end":{"line":58,"column":79}},"30":{"start":{"line":59,"column":6},"end":{"line":59,"column":18}},"31":{"start":{"line":67,"column":4},"end":{"line":214,"column":5}},"32":{"start":{"line":69,"column":29},"end":{"line":69,"column":53}},"33":{"start":{"line":70,"column":24},"end":{"line":70,"column":72}},"34":{"start":{"line":71,"column":19},"end":{"line":71,"column":46}},"35":{"start":{"line":74,"column":6},"end":{"line":78,"column":7}},"36":{"start":{"line":75,"column":8},"end":{"line":75,"column":65}},"37":{"start":{"line":76,"column":8},"end":{"line":76,"column":36}},"38":{"start":{"line":77,"column":8},"end":{"line":77,"column":15}},"39":{"start":{"line":80,"column":6},"end":{"line":84,"column":7}},"40":{"start":{"line":81,"column":8},"end":{"line":81,"column":66}},"41":{"start":{"line":82,"column":8},"end":{"line":82,"column":39}},"42":{"start":{"line":83,"column":8},"end":{"line":83,"column":15}},"43":{"start":{"line":86,"column":6},"end":{"line":90,"column":7}},"44":{"start":{"line":87,"column":8},"end":{"line":87,"column":66}},"45":{"start":{"line":88,"column":8},"end":{"line":88,"column":40}},"46":{"start":{"line":89,"column":8},"end":{"line":89,"column":15}},"47":{"start":{"line":93,"column":6},"end":{"line":93,"column":57}},"48":{"start":{"line":96,"column":21},"end":{"line":96,"column":40}},"49":{"start":{"line":97,"column":25},"end":{"line":97,"column":54}},"50":{"start":{"line":99,"column":6},"end":{"line":101,"column":7}},"51":{"start":{"line":100,"column":8},"end":{"line":100,"column":82}},"52":{"start":{"line":103,"column":6},"end":{"line":105,"column":7}},"53":{"start":{"line":104,"column":8},"end":{"line":104,"column":35}},"54":{"start":{"line":108,"column":28},"end":{"line":108,"column":56}},"55":{"start":{"line":109,"column":6},"end":{"line":111,"column":7}},"56":{"start":{"line":110,"column":8},"end":{"line":110,"column":75}},"57":{"start":{"line":114,"column":27},"end":{"line":118,"column":8}},"58":{"start":{"line":120,"column":22},"end":{"line":120,"column":47}},"59":{"start":{"line":123,"column":29},"end":{"line":132,"column":8}},"60":{"start":{"line":135,"column":24},"end":{"line":139,"column":8}},"61":{"start":{"line":141,"column":29},"end":{"line":145,"column":8}},"62":{"start":{"line":148,"column":25},"end":{"line":154,"column":8}},"63":{"start":{"line":157,"column":27},"end":{"line":157,"column":55}},"64":{"start":{"line":158,"column":6},"end":{"line":158,"column":68}},"65":{"start":{"line":161,"column":27},"end":{"line":169,"column":8}},"66":{"start":{"line":172,"column":6},"end":{"line":172,"column":45}},"67":{"start":{"line":173,"column":21},"end":{"line":173,"column":83}},"68":{"start":{"line":174,"column":6},"end":{"line":174,"column":22}},"69":{"start":{"line":177,"column":6},"end":{"line":177,"column":20}},"70":{"start":{"line":178,"column":6},"end":{"line":178,"column":38}},"71":{"start":{"line":179,"column":6},"end":{"line":179,"column":61}},"72":{"start":{"line":180,"column":6},"end":{"line":180,"column":65}},"73":{"start":{"line":181,"column":6},"end":{"line":181,"column":65}},"74":{"start":{"line":182,"column":6},"end":{"line":182,"column":78}},"75":{"start":{"line":183,"column":6},"end":{"line":183,"column":64}},"76":{"start":{"line":185,"column":6},"end":{"line":188,"column":7}},"77":{"start":{"line":186,"column":8},"end":{"line":186,"column":68}},"78":{"start":{"line":187,"column":8},"end":{"line":187,"column":69}},"79":{"start":{"line":187,"column":39},"end":{"line":187,"column":67}},"80":{"start":{"line":191,"column":6},"end":{"line":191,"column":61}},"81":{"start":{"line":192,"column":6},"end":{"line":192,"column":65}},"82":{"start":{"line":193,"column":6},"end":{"line":193,"column":65}},"83":{"start":{"line":194,"column":6},"end":{"line":194,"column":61}},"84":{"start":{"line":195,"column":6},"end":{"line":195,"column":52}},"85":{"start":{"line":196,"column":6},"end":{"line":196,"column":48}},"86":{"start":{"line":199,"column":6},"end":{"line":203,"column":7}},"87":{"start":{"line":200,"column":8},"end":{"line":200,"column":55}},"88":{"start":{"line":202,"column":8},"end":{"line":202,"column":53}},"89":{"start":{"line":206,"column":27},"end":{"line":206,"column":81}},"90":{"start":{"line":207,"column":6},"end":{"line":207,"column":53}},"91":{"start":{"line":209,"column":6},"end":{"line":211,"column":7}},"92":{"start":{"line":210,"column":8},"end":{"line":210,"column":32}},"93":{"start":{"line":213,"column":6},"end":{"line":213,"column":35}},"94":{"start":{"line":221,"column":4},"end":{"line":320,"column":5}},"95":{"start":{"line":223,"column":20},"end":{"line":223,"column":83}},"96":{"start":{"line":224,"column":25},"end":{"line":224,"column":60}},"97":{"start":{"line":226,"column":6},"end":{"line":228,"column":7}},"98":{"start":{"line":227,"column":8},"end":{"line":227,"column":52}},"99":{"start":{"line":230,"column":6},"end":{"line":232,"column":7}},"100":{"start":{"line":231,"column":8},"end":{"line":231,"column":78}},"101":{"start":{"line":235,"column":28},"end":{"line":235,"column":49}},"102":{"start":{"line":236,"column":6},"end":{"line":238,"column":7}},"103":{"start":{"line":237,"column":8},"end":{"line":237,"column":68}},"104":{"start":{"line":241,"column":24},"end":{"line":241,"column":53}},"105":{"start":{"line":242,"column":6},"end":{"line":244,"column":7}},"106":{"start":{"line":243,"column":8},"end":{"line":243,"column":55}},"107":{"start":{"line":246,"column":20},"end":{"line":246,"column":63}},"108":{"start":{"line":247,"column":23},"end":{"line":247,"column":72}},"109":{"start":{"line":249,"column":6},"end":{"line":251,"column":7}},"110":{"start":{"line":250,"column":8},"end":{"line":250,"column":68}},"111":{"start":{"line":253,"column":6},"end":{"line":253,"column":61}},"112":{"start":{"line":256,"column":27},"end":{"line":260,"column":8}},"113":{"start":{"line":262,"column":22},"end":{"line":262,"column":47}},"114":{"start":{"line":264,"column":24},"end":{"line":268,"column":8}},"115":{"start":{"line":270,"column":29},"end":{"line":274,"column":8}},"116":{"start":{"line":277,"column":21},"end":{"line":277,"column":81}},"117":{"start":{"line":278,"column":6},"end":{"line":280,"column":7}},"118":{"start":{"line":279,"column":8},"end":{"line":279,"column":70}},"119":{"start":{"line":282,"column":23},"end":{"line":282,"column":81}},"120":{"start":{"line":283,"column":20},"end":{"line":283,"column":79}},"121":{"start":{"line":284,"column":26},"end":{"line":284,"column":76}},"122":{"start":{"line":285,"column":38},"end":{"line":285,"column":109}},"123":{"start":{"line":287,"column":25},"end":{"line":293,"column":8}},"124":{"start":{"line":295,"column":27},"end":{"line":295,"column":55}},"125":{"start":{"line":296,"column":6},"end":{"line":296,"column":61}},"126":{"start":{"line":299,"column":29},"end":{"line":304,"column":8}},"127":{"start":{"line":306,"column":6},"end":{"line":306,"column":45}},"128":{"start":{"line":308,"column":6},"end":{"line":308,"column":52}},"129":{"start":{"line":309,"column":6},"end":{"line":309,"column":38}},"130":{"start":{"line":312,"column":27},"end":{"line":312,"column":81}},"131":{"start":{"line":313,"column":6},"end":{"line":313,"column":65}},"132":{"start":{"line":315,"column":6},"end":{"line":317,"column":7}},"133":{"start":{"line":316,"column":8},"end":{"line":316,"column":32}},"134":{"start":{"line":319,"column":6},"end":{"line":319,"column":35}},"135":{"start":{"line":327,"column":4},"end":{"line":426,"column":5}},"136":{"start":{"line":329,"column":20},"end":{"line":329,"column":83}},"137":{"start":{"line":330,"column":25},"end":{"line":330,"column":60}},"138":{"start":{"line":332,"column":6},"end":{"line":334,"column":7}},"139":{"start":{"line":333,"column":8},"end":{"line":333,"column":52}},"140":{"start":{"line":336,"column":6},"end":{"line":338,"column":7}},"141":{"start":{"line":337,"column":8},"end":{"line":337,"column":78}},"142":{"start":{"line":341,"column":28},"end":{"line":341,"column":49}},"143":{"start":{"line":342,"column":6},"end":{"line":344,"column":7}},"144":{"start":{"line":343,"column":8},"end":{"line":343,"column":68}},"145":{"start":{"line":347,"column":24},"end":{"line":347,"column":53}},"146":{"start":{"line":348,"column":6},"end":{"line":350,"column":7}},"147":{"start":{"line":349,"column":8},"end":{"line":349,"column":55}},"148":{"start":{"line":352,"column":20},"end":{"line":352,"column":63}},"149":{"start":{"line":353,"column":23},"end":{"line":353,"column":72}},"150":{"start":{"line":355,"column":6},"end":{"line":357,"column":7}},"151":{"start":{"line":356,"column":8},"end":{"line":356,"column":68}},"152":{"start":{"line":359,"column":6},"end":{"line":359,"column":65}},"153":{"start":{"line":362,"column":27},"end":{"line":366,"column":8}},"154":{"start":{"line":368,"column":22},"end":{"line":368,"column":47}},"155":{"start":{"line":370,"column":24},"end":{"line":374,"column":8}},"156":{"start":{"line":376,"column":29},"end":{"line":380,"column":8}},"157":{"start":{"line":383,"column":21},"end":{"line":383,"column":81}},"158":{"start":{"line":384,"column":6},"end":{"line":386,"column":7}},"159":{"start":{"line":385,"column":8},"end":{"line":385,"column":73}},"160":{"start":{"line":388,"column":23},"end":{"line":388,"column":81}},"161":{"start":{"line":389,"column":20},"end":{"line":389,"column":79}},"162":{"start":{"line":390,"column":26},"end":{"line":390,"column":76}},"163":{"start":{"line":391,"column":38},"end":{"line":391,"column":109}},"164":{"start":{"line":393,"column":25},"end":{"line":399,"column":8}},"165":{"start":{"line":401,"column":27},"end":{"line":401,"column":55}},"166":{"start":{"line":402,"column":6},"end":{"line":402,"column":61}},"167":{"start":{"line":405,"column":32},"end":{"line":410,"column":8}},"168":{"start":{"line":412,"column":6},"end":{"line":412,"column":52}},"169":{"start":{"line":414,"column":6},"end":{"line":414,"column":56}},"170":{"start":{"line":415,"column":6},"end":{"line":415,"column":38}},"171":{"start":{"line":418,"column":27},"end":{"line":418,"column":81}},"172":{"start":{"line":419,"column":6},"end":{"line":419,"column":68}},"173":{"start":{"line":421,"column":6},"end":{"line":423,"column":7}},"174":{"start":{"line":422,"column":8},"end":{"line":422,"column":32}},"175":{"start":{"line":425,"column":6},"end":{"line":425,"column":35}},"176":{"start":{"line":433,"column":4},"end":{"line":525,"column":5}},"177":{"start":{"line":435,"column":20},"end":{"line":435,"column":83}},"178":{"start":{"line":436,"column":25},"end":{"line":436,"column":60}},"179":{"start":{"line":438,"column":6},"end":{"line":440,"column":7}},"180":{"start":{"line":439,"column":8},"end":{"line":439,"column":52}},"181":{"start":{"line":442,"column":6},"end":{"line":444,"column":7}},"182":{"start":{"line":443,"column":8},"end":{"line":443,"column":78}},"183":{"start":{"line":447,"column":28},"end":{"line":447,"column":49}},"184":{"start":{"line":448,"column":6},"end":{"line":450,"column":7}},"185":{"start":{"line":449,"column":8},"end":{"line":449,"column":68}},"186":{"start":{"line":453,"column":24},"end":{"line":453,"column":53}},"187":{"start":{"line":454,"column":6},"end":{"line":456,"column":7}},"188":{"start":{"line":455,"column":8},"end":{"line":455,"column":55}},"189":{"start":{"line":458,"column":20},"end":{"line":458,"column":63}},"190":{"start":{"line":459,"column":23},"end":{"line":459,"column":72}},"191":{"start":{"line":461,"column":6},"end":{"line":463,"column":7}},"192":{"start":{"line":462,"column":8},"end":{"line":462,"column":68}},"193":{"start":{"line":465,"column":6},"end":{"line":465,"column":65}},"194":{"start":{"line":468,"column":27},"end":{"line":472,"column":8}},"195":{"start":{"line":474,"column":22},"end":{"line":474,"column":47}},"196":{"start":{"line":476,"column":24},"end":{"line":480,"column":8}},"197":{"start":{"line":483,"column":21},"end":{"line":483,"column":81}},"198":{"start":{"line":484,"column":6},"end":{"line":486,"column":7}},"199":{"start":{"line":485,"column":8},"end":{"line":485,"column":74}},"200":{"start":{"line":488,"column":23},"end":{"line":488,"column":81}},"201":{"start":{"line":489,"column":20},"end":{"line":489,"column":79}},"202":{"start":{"line":490,"column":26},"end":{"line":490,"column":76}},"203":{"start":{"line":491,"column":38},"end":{"line":491,"column":109}},"204":{"start":{"line":493,"column":25},"end":{"line":499,"column":8}},"205":{"start":{"line":501,"column":27},"end":{"line":501,"column":55}},"206":{"start":{"line":502,"column":6},"end":{"line":502,"column":61}},"207":{"start":{"line":505,"column":33},"end":{"line":509,"column":8}},"208":{"start":{"line":511,"column":6},"end":{"line":511,"column":53}},"209":{"start":{"line":513,"column":6},"end":{"line":513,"column":56}},"210":{"start":{"line":514,"column":6},"end":{"line":514,"column":38}},"211":{"start":{"line":517,"column":27},"end":{"line":517,"column":81}},"212":{"start":{"line":518,"column":6},"end":{"line":518,"column":69}},"213":{"start":{"line":520,"column":6},"end":{"line":522,"column":7}},"214":{"start":{"line":521,"column":8},"end":{"line":521,"column":32}},"215":{"start":{"line":524,"column":6},"end":{"line":524,"column":35}},"216":{"start":{"line":20,"column":0},"end":{"line":20,"column":13}}},"fnMap":{"0":{"name":"(anonymous_9)","decl":{"start":{"line":24,"column":10},"end":{"line":24,"column":16}},"loc":{"start":{"line":24,"column":34},"end":{"line":61,"column":3}}},"1":{"name":"(anonymous_10)","decl":{"start":{"line":66,"column":2},"end":{"line":66,"column":8}},"loc":{"start":{"line":66,"column":22},"end":{"line":215,"column":3}}},"2":{"name":"(anonymous_11)","decl":{"start":{"line":187,"column":30},"end":{"line":187,"column":35}},"loc":{"start":{"line":187,"column":39},"end":{"line":187,"column":67}}},"3":{"name":"(anonymous_12)","decl":{"start":{"line":220,"column":10},"end":{"line":220,"column":16}},"loc":{"start":{"line":220,"column":37},"end":{"line":321,"column":3}}},"4":{"name":"(anonymous_13)","decl":{"start":{"line":326,"column":10},"end":{"line":326,"column":16}},"loc":{"start":{"line":326,"column":40},"end":{"line":427,"column":3}}},"5":{"name":"(anonymous_14)","decl":{"start":{"line":432,"column":10},"end":{"line":432,"column":16}},"loc":{"start":{"line":432,"column":41},"end":{"line":526,"column":3}}}},"branchMap":{"0":{"loc":{"start":{"line":26,"column":4},"end":{"line":26,"column":32}},"type":"if","locations":[{"start":{"line":26,"column":4},"end":{"line":26,"column":32}}]},"1":{"loc":{"start":{"line":32,"column":6},"end":{"line":34,"column":7}},"type":"if","locations":[{"start":{"line":32,"column":6},"end":{"line":34,"column":7}}]},"2":{"loc":{"start":{"line":32,"column":10},"end":{"line":32,"column":54}},"type":"binary-expr","locations":[{"start":{"line":32,"column":10},"end":{"line":32,"column":36}},{"start":{"line":32,"column":40},"end":{"line":32,"column":54}}]},"3":{"loc":{"start":{"line":36,"column":26},"end":{"line":36,"column":72}},"type":"binary-expr","locations":[{"start":{"line":36,"column":26},"end":{"line":36,"column":66}},{"start":{"line":36,"column":70},"end":{"line":36,"column":72}}]},"4":{"loc":{"start":{"line":39,"column":6},"end":{"line":41,"column":7}},"type":"if","locations":[{"start":{"line":39,"column":6},"end":{"line":41,"column":7}}]},"5":{"loc":{"start":{"line":39,"column":10},"end":{"line":39,"column":75}},"type":"binary-expr","locations":[{"start":{"line":39,"column":10},"end":{"line":39,"column":36}},{"start":{"line":39,"column":40},"end":{"line":39,"column":75}}]},"6":{"loc":{"start":{"line":43,"column":6},"end":{"line":45,"column":7}},"type":"if","locations":[{"start":{"line":43,"column":6},"end":{"line":45,"column":7}}]},"7":{"loc":{"start":{"line":43,"column":10},"end":{"line":43,"column":73}},"type":"binary-expr","locations":[{"start":{"line":43,"column":10},"end":{"line":43,"column":35}},{"start":{"line":43,"column":39},"end":{"line":43,"column":73}}]},"8":{"loc":{"start":{"line":47,"column":6},"end":{"line":50,"column":7}},"type":"if","locations":[{"start":{"line":47,"column":6},"end":{"line":50,"column":7}}]},"9":{"loc":{"start":{"line":47,"column":10},"end":{"line":48,"column":83}},"type":"binary-expr","locations":[{"start":{"line":47,"column":10},"end":{"line":47,"column":39}},{"start":{"line":47,"column":43},"end":{"line":47,"column":81}},{"start":{"line":48,"column":10},"end":{"line":48,"column":40}},{"start":{"line":48,"column":44},"end":{"line":48,"column":83}}]},"10":{"loc":{"start":{"line":52,"column":6},"end":{"line":54,"column":7}},"type":"if","locations":[{"start":{"line":52,"column":6},"end":{"line":54,"column":7}}]},"11":{"loc":{"start":{"line":52,"column":10},"end":{"line":52,"column":83}},"type":"binary-expr","locations":[{"start":{"line":52,"column":10},"end":{"line":52,"column":40}},{"start":{"line":52,"column":44},"end":{"line":52,"column":83}}]},"12":{"loc":{"start":{"line":70,"column":24},"end":{"line":70,"column":72}},"type":"binary-expr","locations":[{"start":{"line":70,"column":24},"end":{"line":70,"column":60}},{"start":{"line":70,"column":64},"end":{"line":70,"column":72}}]},"13":{"loc":{"start":{"line":71,"column":19},"end":{"line":71,"column":46}},"type":"binary-expr","locations":[{"start":{"line":71,"column":19},"end":{"line":71,"column":33}},{"start":{"line":71,"column":37},"end":{"line":71,"column":46}}]},"14":{"loc":{"start":{"line":74,"column":6},"end":{"line":78,"column":7}},"type":"if","locations":[{"start":{"line":74,"column":6},"end":{"line":78,"column":7}}]},"15":{"loc":{"start":{"line":80,"column":6},"end":{"line":84,"column":7}},"type":"if","locations":[{"start":{"line":80,"column":6},"end":{"line":84,"column":7}}]},"16":{"loc":{"start":{"line":86,"column":6},"end":{"line":90,"column":7}},"type":"if","locations":[{"start":{"line":86,"column":6},"end":{"line":90,"column":7}}]},"17":{"loc":{"start":{"line":99,"column":6},"end":{"line":101,"column":7}},"type":"if","locations":[{"start":{"line":99,"column":6},"end":{"line":101,"column":7}}]},"18":{"loc":{"start":{"line":103,"column":6},"end":{"line":105,"column":7}},"type":"if","locations":[{"start":{"line":103,"column":6},"end":{"line":105,"column":7}}]},"19":{"loc":{"start":{"line":109,"column":6},"end":{"line":111,"column":7}},"type":"if","locations":[{"start":{"line":109,"column":6},"end":{"line":111,"column":7}}]},"20":{"loc":{"start":{"line":109,"column":10},"end":{"line":109,"column":25}},"type":"binary-expr","locations":[{"start":{"line":109,"column":10},"end":{"line":109,"column":16}},{"start":{"line":109,"column":20},"end":{"line":109,"column":25}}]},"21":{"loc":{"start":{"line":185,"column":6},"end":{"line":188,"column":7}},"type":"if","locations":[{"start":{"line":185,"column":6},"end":{"line":188,"column":7}}]},"22":{"loc":{"start":{"line":199,"column":6},"end":{"line":203,"column":7}},"type":"if","locations":[{"start":{"line":199,"column":6},"end":{"line":203,"column":7}},{"start":{"line":201,"column":13},"end":{"line":203,"column":7}}]},"23":{"loc":{"start":{"line":206,"column":27},"end":{"line":206,"column":81}},"type":"cond-expr","locations":[{"start":{"line":206,"column":52},"end":{"line":206,"column":65}},{"start":{"line":206,"column":68},"end":{"line":206,"column":81}}]},"24":{"loc":{"start":{"line":209,"column":6},"end":{"line":211,"column":7}},"type":"if","locations":[{"start":{"line":209,"column":6},"end":{"line":211,"column":7}}]},"25":{"loc":{"start":{"line":209,"column":10},"end":{"line":209,"column":47}},"type":"binary-expr","locations":[{"start":{"line":209,"column":10},"end":{"line":209,"column":32}},{"start":{"line":209,"column":36},"end":{"line":209,"column":47}}]},"26":{"loc":{"start":{"line":223,"column":20},"end":{"line":223,"column":83}},"type":"binary-expr","locations":[{"start":{"line":223,"column":20},"end":{"line":223,"column":49}},{"start":{"line":223,"column":53},"end":{"line":223,"column":77}},{"start":{"line":223,"column":81},"end":{"line":223,"column":83}}]},"27":{"loc":{"start":{"line":224,"column":25},"end":{"line":224,"column":60}},"type":"binary-expr","locations":[{"start":{"line":224,"column":25},"end":{"line":224,"column":54}},{"start":{"line":224,"column":58},"end":{"line":224,"column":60}}]},"28":{"loc":{"start":{"line":226,"column":6},"end":{"line":228,"column":7}},"type":"if","locations":[{"start":{"line":226,"column":6},"end":{"line":228,"column":7}}]},"29":{"loc":{"start":{"line":230,"column":6},"end":{"line":232,"column":7}},"type":"if","locations":[{"start":{"line":230,"column":6},"end":{"line":232,"column":7}}]},"30":{"loc":{"start":{"line":236,"column":6},"end":{"line":238,"column":7}},"type":"if","locations":[{"start":{"line":236,"column":6},"end":{"line":238,"column":7}}]},"31":{"loc":{"start":{"line":236,"column":10},"end":{"line":236,"column":25}},"type":"binary-expr","locations":[{"start":{"line":236,"column":10},"end":{"line":236,"column":16}},{"start":{"line":236,"column":20},"end":{"line":236,"column":25}}]},"32":{"loc":{"start":{"line":242,"column":6},"end":{"line":244,"column":7}},"type":"if","locations":[{"start":{"line":242,"column":6},"end":{"line":244,"column":7}}]},"33":{"loc":{"start":{"line":247,"column":23},"end":{"line":247,"column":72}},"type":"binary-expr","locations":[{"start":{"line":247,"column":23},"end":{"line":247,"column":42}},{"start":{"line":247,"column":46},"end":{"line":247,"column":72}}]},"34":{"loc":{"start":{"line":249,"column":6},"end":{"line":251,"column":7}},"type":"if","locations":[{"start":{"line":249,"column":6},"end":{"line":251,"column":7}}]},"35":{"loc":{"start":{"line":277,"column":21},"end":{"line":277,"column":81}},"type":"binary-expr","locations":[{"start":{"line":277,"column":21},"end":{"line":277,"column":45}},{"start":{"line":277,"column":49},"end":{"line":277,"column":75}},{"start":{"line":277,"column":79},"end":{"line":277,"column":81}}]},"36":{"loc":{"start":{"line":278,"column":6},"end":{"line":280,"column":7}},"type":"if","locations":[{"start":{"line":278,"column":6},"end":{"line":280,"column":7}}]},"37":{"loc":{"start":{"line":282,"column":23},"end":{"line":282,"column":81}},"type":"binary-expr","locations":[{"start":{"line":282,"column":23},"end":{"line":282,"column":69}},{"start":{"line":282,"column":73},"end":{"line":282,"column":81}}]},"38":{"loc":{"start":{"line":283,"column":20},"end":{"line":283,"column":79}},"type":"binary-expr","locations":[{"start":{"line":283,"column":20},"end":{"line":283,"column":63}},{"start":{"line":283,"column":67},"end":{"line":283,"column":79}}]},"39":{"loc":{"start":{"line":312,"column":27},"end":{"line":312,"column":81}},"type":"cond-expr","locations":[{"start":{"line":312,"column":52},"end":{"line":312,"column":65}},{"start":{"line":312,"column":68},"end":{"line":312,"column":81}}]},"40":{"loc":{"start":{"line":315,"column":6},"end":{"line":317,"column":7}},"type":"if","locations":[{"start":{"line":315,"column":6},"end":{"line":317,"column":7}}]},"41":{"loc":{"start":{"line":315,"column":10},"end":{"line":315,"column":47}},"type":"binary-expr","locations":[{"start":{"line":315,"column":10},"end":{"line":315,"column":32}},{"start":{"line":315,"column":36},"end":{"line":315,"column":47}}]},"42":{"loc":{"start":{"line":329,"column":20},"end":{"line":329,"column":83}},"type":"binary-expr","locations":[{"start":{"line":329,"column":20},"end":{"line":329,"column":49}},{"start":{"line":329,"column":53},"end":{"line":329,"column":77}},{"start":{"line":329,"column":81},"end":{"line":329,"column":83}}]},"43":{"loc":{"start":{"line":330,"column":25},"end":{"line":330,"column":60}},"type":"binary-expr","locations":[{"start":{"line":330,"column":25},"end":{"line":330,"column":54}},{"start":{"line":330,"column":58},"end":{"line":330,"column":60}}]},"44":{"loc":{"start":{"line":332,"column":6},"end":{"line":334,"column":7}},"type":"if","locations":[{"start":{"line":332,"column":6},"end":{"line":334,"column":7}}]},"45":{"loc":{"start":{"line":336,"column":6},"end":{"line":338,"column":7}},"type":"if","locations":[{"start":{"line":336,"column":6},"end":{"line":338,"column":7}}]},"46":{"loc":{"start":{"line":342,"column":6},"end":{"line":344,"column":7}},"type":"if","locations":[{"start":{"line":342,"column":6},"end":{"line":344,"column":7}}]},"47":{"loc":{"start":{"line":342,"column":10},"end":{"line":342,"column":25}},"type":"binary-expr","locations":[{"start":{"line":342,"column":10},"end":{"line":342,"column":16}},{"start":{"line":342,"column":20},"end":{"line":342,"column":25}}]},"48":{"loc":{"start":{"line":348,"column":6},"end":{"line":350,"column":7}},"type":"if","locations":[{"start":{"line":348,"column":6},"end":{"line":350,"column":7}}]},"49":{"loc":{"start":{"line":353,"column":23},"end":{"line":353,"column":72}},"type":"binary-expr","locations":[{"start":{"line":353,"column":23},"end":{"line":353,"column":42}},{"start":{"line":353,"column":46},"end":{"line":353,"column":72}}]},"50":{"loc":{"start":{"line":355,"column":6},"end":{"line":357,"column":7}},"type":"if","locations":[{"start":{"line":355,"column":6},"end":{"line":357,"column":7}}]},"51":{"loc":{"start":{"line":383,"column":21},"end":{"line":383,"column":81}},"type":"binary-expr","locations":[{"start":{"line":383,"column":21},"end":{"line":383,"column":45}},{"start":{"line":383,"column":49},"end":{"line":383,"column":75}},{"start":{"line":383,"column":79},"end":{"line":383,"column":81}}]},"52":{"loc":{"start":{"line":384,"column":6},"end":{"line":386,"column":7}},"type":"if","locations":[{"start":{"line":384,"column":6},"end":{"line":386,"column":7}}]},"53":{"loc":{"start":{"line":388,"column":23},"end":{"line":388,"column":81}},"type":"binary-expr","locations":[{"start":{"line":388,"column":23},"end":{"line":388,"column":69}},{"start":{"line":388,"column":73},"end":{"line":388,"column":81}}]},"54":{"loc":{"start":{"line":389,"column":20},"end":{"line":389,"column":79}},"type":"binary-expr","locations":[{"start":{"line":389,"column":20},"end":{"line":389,"column":63}},{"start":{"line":389,"column":67},"end":{"line":389,"column":79}}]},"55":{"loc":{"start":{"line":418,"column":27},"end":{"line":418,"column":81}},"type":"cond-expr","locations":[{"start":{"line":418,"column":52},"end":{"line":418,"column":65}},{"start":{"line":418,"column":68},"end":{"line":418,"column":81}}]},"56":{"loc":{"start":{"line":421,"column":6},"end":{"line":423,"column":7}},"type":"if","locations":[{"start":{"line":421,"column":6},"end":{"line":423,"column":7}}]},"57":{"loc":{"start":{"line":421,"column":10},"end":{"line":421,"column":47}},"type":"binary-expr","locations":[{"start":{"line":421,"column":10},"end":{"line":421,"column":32}},{"start":{"line":421,"column":36},"end":{"line":421,"column":47}}]},"58":{"loc":{"start":{"line":435,"column":20},"end":{"line":435,"column":83}},"type":"binary-expr","locations":[{"start":{"line":435,"column":20},"end":{"line":435,"column":49}},{"start":{"line":435,"column":53},"end":{"line":435,"column":77}},{"start":{"line":435,"column":81},"end":{"line":435,"column":83}}]},"59":{"loc":{"start":{"line":436,"column":25},"end":{"line":436,"column":60}},"type":"binary-expr","locations":[{"start":{"line":436,"column":25},"end":{"line":436,"column":54}},{"start":{"line":436,"column":58},"end":{"line":436,"column":60}}]},"60":{"loc":{"start":{"line":438,"column":6},"end":{"line":440,"column":7}},"type":"if","locations":[{"start":{"line":438,"column":6},"end":{"line":440,"column":7}}]},"61":{"loc":{"start":{"line":442,"column":6},"end":{"line":444,"column":7}},"type":"if","locations":[{"start":{"line":442,"column":6},"end":{"line":444,"column":7}}]},"62":{"loc":{"start":{"line":448,"column":6},"end":{"line":450,"column":7}},"type":"if","locations":[{"start":{"line":448,"column":6},"end":{"line":450,"column":7}}]},"63":{"loc":{"start":{"line":448,"column":10},"end":{"line":448,"column":25}},"type":"binary-expr","locations":[{"start":{"line":448,"column":10},"end":{"line":448,"column":16}},{"start":{"line":448,"column":20},"end":{"line":448,"column":25}}]},"64":{"loc":{"start":{"line":454,"column":6},"end":{"line":456,"column":7}},"type":"if","locations":[{"start":{"line":454,"column":6},"end":{"line":456,"column":7}}]},"65":{"loc":{"start":{"line":459,"column":23},"end":{"line":459,"column":72}},"type":"binary-expr","locations":[{"start":{"line":459,"column":23},"end":{"line":459,"column":42}},{"start":{"line":459,"column":46},"end":{"line":459,"column":72}}]},"66":{"loc":{"start":{"line":461,"column":6},"end":{"line":463,"column":7}},"type":"if","locations":[{"start":{"line":461,"column":6},"end":{"line":463,"column":7}}]},"67":{"loc":{"start":{"line":483,"column":21},"end":{"line":483,"column":81}},"type":"binary-expr","locations":[{"start":{"line":483,"column":21},"end":{"line":483,"column":45}},{"start":{"line":483,"column":49},"end":{"line":483,"column":75}},{"start":{"line":483,"column":79},"end":{"line":483,"column":81}}]},"68":{"loc":{"start":{"line":484,"column":6},"end":{"line":486,"column":7}},"type":"if","locations":[{"start":{"line":484,"column":6},"end":{"line":486,"column":7}}]},"69":{"loc":{"start":{"line":488,"column":23},"end":{"line":488,"column":81}},"type":"binary-expr","locations":[{"start":{"line":488,"column":23},"end":{"line":488,"column":69}},{"start":{"line":488,"column":73},"end":{"line":488,"column":81}}]},"70":{"loc":{"start":{"line":489,"column":20},"end":{"line":489,"column":79}},"type":"binary-expr","locations":[{"start":{"line":489,"column":20},"end":{"line":489,"column":63}},{"start":{"line":489,"column":67},"end":{"line":489,"column":79}}]},"71":{"loc":{"start":{"line":517,"column":27},"end":{"line":517,"column":81}},"type":"cond-expr","locations":[{"start":{"line":517,"column":52},"end":{"line":517,"column":65}},{"start":{"line":517,"column":68},"end":{"line":517,"column":81}}]},"72":{"loc":{"start":{"line":520,"column":6},"end":{"line":522,"column":7}},"type":"if","locations":[{"start":{"line":520,"column":6},"end":{"line":522,"column":7}}]},"73":{"loc":{"start":{"line":520,"column":10},"end":{"line":520,"column":47}},"type":"binary-expr","locations":[{"start":{"line":520,"column":10},"end":{"line":520,"column":32}},{"start":{"line":520,"column":36},"end":{"line":520,"column":47}}]}},"s":{"0":1,"1":1,"2":1,"3":1,"4":1,"5":1,"6":1,"7":1,"8":1,"9":1,"10":1,"11":1,"12":23,"13":23,"14":1,"15":22,"16":22,"17":21,"18":13,"19":8,"20":8,"21":3,"22":5,"23":1,"24":4,"25":3,"26":1,"27":1,"28":0,"29":1,"30":1,"31":23,"32":23,"33":23,"34":23,"35":23,"36":5,"37":5,"38":5,"39":18,"40":3,"41":3,"42":3,"43":15,"44":1,"45":1,"46":1,"47":14,"48":14,"49":13,"50":13,"51":3,"52":10,"53":1,"54":10,"55":10,"56":2,"57":8,"58":8,"59":8,"60":8,"61":8,"62":8,"63":8,"64":8,"65":8,"66":8,"67":8,"68":7,"69":7,"70":7,"71":7,"72":7,"73":7,"74":7,"75":7,"76":7,"77":2,"78":2,"79":3,"80":7,"81":7,"82":7,"83":7,"84":7,"85":7,"86":7,"87":2,"88":5,"89":7,"90":7,"91":7,"92":7,"93":7,"94":5,"95":5,"96":5,"97":5,"98":0,"99":5,"100":0,"101":5,"102":5,"103":0,"104":5,"105":5,"106":0,"107":5,"108":5,"109":5,"110":1,"111":4,"112":4,"113":4,"114":4,"115":4,"116":4,"117":4,"118":1,"119":3,"120":3,"121":3,"122":3,"123":3,"124":3,"125":3,"126":3,"127":3,"128":3,"129":3,"130":2,"131":2,"132":2,"133":2,"134":2,"135":3,"136":3,"137":3,"138":3,"139":0,"140":3,"141":0,"142":3,"143":3,"144":0,"145":3,"146":3,"147":0,"148":3,"149":3,"150":3,"151":0,"152":3,"153":3,"154":3,"155":3,"156":3,"157":3,"158":3,"159":0,"160":3,"161":3,"162":3,"163":3,"164":3,"165":3,"166":3,"167":3,"168":3,"169":3,"170":3,"171":0,"172":0,"173":0,"174":0,"175":0,"176":1,"177":1,"178":1,"179":1,"180":0,"181":1,"182":0,"183":1,"184":1,"185":0,"186":1,"187":1,"188":0,"189":1,"190":1,"191":1,"192":0,"193":1,"194":1,"195":1,"196":1,"197":1,"198":1,"199":0,"200":1,"201":1,"202":1,"203":1,"204":1,"205":1,"206":1,"207":1,"208":1,"209":1,"210":1,"211":0,"212":0,"213":0,"214":0,"215":0,"216":1},"f":{"0":23,"1":23,"2":3,"3":5,"4":3,"5":1},"b":{"0":[1],"1":[13],"2":[21,9],"3":[8,0],"4":[3],"5":[8,6],"6":[1],"7":[5,4],"8":[3],"9":[4,2,2,1],"10":[1],"11":[1,0],"12":[23,1],"13":[23,15],"14":[5],"15":[3],"16":[1],"17":[3],"18":[1],"19":[2],"20":[10,9],"21":[2],"22":[2,5],"23":[7,0],"24":[7],"25":[7,7],"26":[5,0,0],"27":[5,0],"28":[0],"29":[0],"30":[0],"31":[5,5],"32":[0],"33":[5,1],"34":[1],"35":[4,1,1],"36":[1],"37":[3,0],"38":[3,1],"39":[2,0],"40":[2],"41":[2,2],"42":[3,0,0],"43":[3,0],"44":[0],"45":[0],"46":[0],"47":[3,3],"48":[0],"49":[3,1],"50":[0],"51":[3,0,0],"52":[0],"53":[3,0],"54":[3,0],"55":[0,0],"56":[0],"57":[0,0],"58":[1,0,0],"59":[1,0],"60":[0],"61":[0],"62":[0],"63":[1,1],"64":[0],"65":[1,1],"66":[0],"67":[1,0,0],"68":[0],"69":[1,0],"70":[1,0],"71":[0,0],"72":[0],"73":[0,0]}}
,"/home/runner/work/ai-code-reviewer/ai-code-reviewer/v2/src/core/IncrementalReviewStrategy.ts": {"path":"/home/runner/work/ai-code-reviewer/ai-code-reviewer/v2/src/core/IncrementalReviewStrategy.ts","statementMap":{"0":{"start":{"line":11,"column":0},"end":{"line":11,"column":38}},"1":{"start":{"line":39,"column":12},"end":{"line":39,"column":42}},"2":{"start":{"line":54,"column":44},"end":{"line":64,"column":6}},"3":{"start":{"line":66,"column":4},"end":{"line":66,"column":52}},"4":{"start":{"line":69,"column":30},"end":{"line":69,"column":84}},"5":{"start":{"line":72,"column":24},"end":{"line":82,"column":6}},"6":{"start":{"line":73,"column":19},"end":{"line":73,"column":39}},"7":{"start":{"line":74,"column":6},"end":{"line":81,"column":42}},"8":{"start":{"line":84,"column":4},"end":{"line":84,"column":86}},"9":{"start":{"line":87,"column":96},"end":{"line":87,"column":98}},"10":{"start":{"line":88,"column":4},"end":{"line":94,"column":5}},"11":{"start":{"line":89,"column":20},"end":{"line":89,"column":57}},"12":{"start":{"line":90,"column":6},"end":{"line":93,"column":7}},"13":{"start":{"line":91,"column":8},"end":{"line":91,"column":30}},"14":{"start":{"line":92,"column":8},"end":{"line":92,"column":37}},"15":{"start":{"line":97,"column":96},"end":{"line":97,"column":98}},"16":{"start":{"line":98,"column":4},"end":{"line":103,"column":5}},"17":{"start":{"line":99,"column":20},"end":{"line":99,"column":60}},"18":{"start":{"line":100,"column":6},"end":{"line":102,"column":7}},"19":{"start":{"line":101,"column":8},"end":{"line":101,"column":30}},"20":{"start":{"line":106,"column":4},"end":{"line":106,"column":57}},"21":{"start":{"line":108,"column":4},"end":{"line":108,"column":37}},"22":{"start":{"line":109,"column":4},"end":{"line":109,"column":71}},"23":{"start":{"line":110,"column":4},"end":{"line":110,"column":69}},"24":{"start":{"line":111,"column":4},"end":{"line":111,"column":61}},"25":{"start":{"line":115,"column":4},"end":{"line":123,"column":5}},"26":{"start":{"line":116,"column":6},"end":{"line":122,"column":7}},"27":{"start":{"line":117,"column":8},"end":{"line":117,"column":66}},"28":{"start":{"line":118,"column":8},"end":{"line":118,"column":33}},"29":{"start":{"line":119,"column":8},"end":{"line":119,"column":61}},"30":{"start":{"line":121,"column":8},"end":{"line":121,"column":74}},"31":{"start":{"line":126,"column":4},"end":{"line":126,"column":86}},"32":{"start":{"line":129,"column":4},"end":{"line":129,"column":84}},"33":{"start":{"line":131,"column":4},"end":{"line":131,"column":49}},"34":{"start":{"line":132,"column":4},"end":{"line":132,"column":70}},"35":{"start":{"line":133,"column":4},"end":{"line":133,"column":66}},"36":{"start":{"line":134,"column":4},"end":{"line":134,"column":72}},"37":{"start":{"line":135,"column":4},"end":{"line":135,"column":70}},"38":{"start":{"line":136,"column":4},"end":{"line":136,"column":71}},"39":{"start":{"line":138,"column":4},"end":{"line":138,"column":18}},"40":{"start":{"line":154,"column":19},"end":{"line":154,"column":75}},"41":{"start":{"line":155,"column":4},"end":{"line":158,"column":7}},"42":{"start":{"line":156,"column":18},"end":{"line":156,"column":47}},"43":{"start":{"line":157,"column":6},"end":{"line":157,"column":76}},"44":{"start":{"line":160,"column":19},"end":{"line":160,"column":75}},"45":{"start":{"line":161,"column":4},"end":{"line":164,"column":7}},"46":{"start":{"line":162,"column":18},"end":{"line":162,"column":47}},"47":{"start":{"line":163,"column":6},"end":{"line":163,"column":76}},"48":{"start":{"line":167,"column":4},"end":{"line":172,"column":7}},"49":{"start":{"line":168,"column":18},"end":{"line":168,"column":53}},"50":{"start":{"line":169,"column":6},"end":{"line":171,"column":7}},"51":{"start":{"line":170,"column":8},"end":{"line":170,"column":45}},"52":{"start":{"line":175,"column":4},"end":{"line":195,"column":7}},"53":{"start":{"line":176,"column":18},"end":{"line":176,"column":53}},"54":{"start":{"line":177,"column":22},"end":{"line":177,"column":37}},"55":{"start":{"line":179,"column":6},"end":{"line":194,"column":7}},"56":{"start":{"line":181,"column":8},"end":{"line":189,"column":9}},"57":{"start":{"line":182,"column":10},"end":{"line":188,"column":13}},"58":{"start":{"line":193,"column":8},"end":{"line":193,"column":40}},"59":{"start":{"line":202,"column":4},"end":{"line":228,"column":5}},"60":{"start":{"line":204,"column":21},"end":{"line":204,"column":27}},"61":{"start":{"line":205,"column":6},"end":{"line":209,"column":7}},"62":{"start":{"line":206,"column":8},"end":{"line":206,"column":27}},"63":{"start":{"line":207,"column":13},"end":{"line":209,"column":7}},"64":{"start":{"line":208,"column":8},"end":{"line":208,"column":29}},"65":{"start":{"line":212,"column":20},"end":{"line":212,"column":44}},"66":{"start":{"line":215,"column":20},"end":{"line":215,"column":82}},"67":{"start":{"line":216,"column":6},"end":{"line":218,"column":7}},"68":{"start":{"line":217,"column":8},"end":{"line":217,"column":51}},"69":{"start":{"line":220,"column":6},"end":{"line":225,"column":8}},"70":{"start":{"line":227,"column":6},"end":{"line":227,"column":18}},"71":{"start":{"line":235,"column":4},"end":{"line":261,"column":5}},"72":{"start":{"line":237,"column":21},"end":{"line":237,"column":27}},"73":{"start":{"line":238,"column":6},"end":{"line":242,"column":7}},"74":{"start":{"line":239,"column":8},"end":{"line":239,"column":27}},"75":{"start":{"line":240,"column":13},"end":{"line":242,"column":7}},"76":{"start":{"line":241,"column":8},"end":{"line":241,"column":29}},"77":{"start":{"line":245,"column":20},"end":{"line":245,"column":44}},"78":{"start":{"line":248,"column":20},"end":{"line":248,"column":82}},"79":{"start":{"line":249,"column":6},"end":{"line":251,"column":7}},"80":{"start":{"line":250,"column":8},"end":{"line":250,"column":51}},"81":{"start":{"line":253,"column":6},"end":{"line":258,"column":8}},"82":{"start":{"line":260,"column":6},"end":{"line":260,"column":18}},"83":{"start":{"line":268,"column":4},"end":{"line":292,"column":5}},"84":{"start":{"line":269,"column":22},"end":{"line":269,"column":69}},"85":{"start":{"line":272,"column":34},"end":{"line":275,"column":null}},"86":{"start":{"line":274,"column":10},"end":{"line":275,"column":46}},"87":{"start":{"line":278,"column":6},"end":{"line":280,"column":7}},"88":{"start":{"line":279,"column":8},"end":{"line":279,"column":20}},"89":{"start":{"line":283,"column":6},"end":{"line":286,"column":8}},"90":{"start":{"line":284,"column":8},"end":{"line":285,"column":47}},"91":{"start":{"line":288,"column":6},"end":{"line":288,"column":39}},"92":{"start":{"line":290,"column":6},"end":{"line":290,"column":61}},"93":{"start":{"line":291,"column":6},"end":{"line":291,"column":18}},"94":{"start":{"line":299,"column":25},"end":{"line":299,"column":62}},"95":{"start":{"line":300,"column":4},"end":{"line":300,"column":33}},"96":{"start":{"line":37,"column":0},"end":{"line":37,"column":13}}},"fnMap":{"0":{"name":"(anonymous_9)","decl":{"start":{"line":38,"column":2},"end":{"line":38,"column":null}},"loc":{"start":{"line":39,"column":42},"end":{"line":40,"column":6}}},"1":{"name":"(anonymous_10)","decl":{"start":{"line":46,"column":2},"end":{"line":46,"column":7}},"loc":{"start":{"line":52,"column":29},"end":{"line":139,"column":3}}},"2":{"name":"(anonymous_11)","decl":{"start":{"line":72,"column":49},"end":{"line":72,"column":50}},"loc":{"start":{"line":72,"column":53},"end":{"line":82,"column":5}}},"3":{"name":"(anonymous_12)","decl":{"start":{"line":148,"column":10},"end":{"line":148,"column":27}},"loc":{"start":{"line":151,"column":35},"end":{"line":196,"column":3}}},"4":{"name":"(anonymous_13)","decl":{"start":{"line":155,"column":22},"end":{"line":155,"column":27}},"loc":{"start":{"line":155,"column":30},"end":{"line":158,"column":5}}},"5":{"name":"(anonymous_14)","decl":{"start":{"line":161,"column":22},"end":{"line":161,"column":27}},"loc":{"start":{"line":161,"column":30},"end":{"line":164,"column":5}}},"6":{"name":"(anonymous_15)","decl":{"start":{"line":167,"column":22},"end":{"line":167,"column":30}},"loc":{"start":{"line":167,"column":33},"end":{"line":172,"column":5}}},"7":{"name":"(anonymous_16)","decl":{"start":{"line":175,"column":22},"end":{"line":175,"column":30}},"loc":{"start":{"line":175,"column":33},"end":{"line":195,"column":5}}},"8":{"name":"(anonymous_17)","decl":{"start":{"line":201,"column":10},"end":{"line":201,"column":36}},"loc":{"start":{"line":201,"column":94},"end":{"line":229,"column":3}}},"9":{"name":"(anonymous_18)","decl":{"start":{"line":234,"column":10},"end":{"line":234,"column":33}},"loc":{"start":{"line":234,"column":94},"end":{"line":262,"column":3}}},"10":{"name":"(anonymous_19)","decl":{"start":{"line":267,"column":2},"end":{"line":267,"column":7}},"loc":{"start":{"line":267,"column":41},"end":{"line":293,"column":3}}},"11":{"name":"(anonymous_20)","decl":{"start":{"line":273,"column":8},"end":{"line":273,"column":9}},"loc":{"start":{"line":274,"column":10},"end":{"line":275,"column":46}}},"12":{"name":"(anonymous_21)","decl":{"start":{"line":283,"column":31},"end":{"line":283,"column":32}},"loc":{"start":{"line":284,"column":8},"end":{"line":285,"column":47}}},"13":{"name":"(anonymous_22)","decl":{"start":{"line":298,"column":2},"end":{"line":298,"column":7}},"loc":{"start":{"line":298,"column":49},"end":{"line":301,"column":3}}}},"branchMap":{"0":{"loc":{"start":{"line":74,"column":13},"end":{"line":81,"column":41}},"type":"binary-expr","locations":[{"start":{"line":74,"column":13},"end":{"line":74,"column":43}},{"start":{"line":75,"column":13},"end":{"line":75,"column":44}},{"start":{"line":76,"column":13},"end":{"line":76,"column":34}},{"start":{"line":77,"column":13},"end":{"line":77,"column":46}},{"start":{"line":78,"column":13},"end":{"line":78,"column":47}},{"start":{"line":79,"column":13},"end":{"line":79,"column":42}},{"start":{"line":80,"column":13},"end":{"line":80,"column":44}},{"start":{"line":81,"column":13},"end":{"line":81,"column":41}}]},"1":{"loc":{"start":{"line":90,"column":6},"end":{"line":93,"column":7}},"type":"if","locations":[{"start":{"line":90,"column":6},"end":{"line":93,"column":7}}]},"2":{"loc":{"start":{"line":100,"column":6},"end":{"line":102,"column":7}},"type":"if","locations":[{"start":{"line":100,"column":6},"end":{"line":102,"column":7}}]},"3":{"loc":{"start":{"line":169,"column":6},"end":{"line":171,"column":7}},"type":"if","locations":[{"start":{"line":169,"column":6},"end":{"line":171,"column":7}}]},"4":{"loc":{"start":{"line":179,"column":6},"end":{"line":194,"column":7}},"type":"if","locations":[{"start":{"line":179,"column":6},"end":{"line":194,"column":7}},{"start":{"line":191,"column":13},"end":{"line":194,"column":7}}]},"5":{"loc":{"start":{"line":181,"column":8},"end":{"line":189,"column":9}},"type":"if","locations":[{"start":{"line":181,"column":8},"end":{"line":189,"column":9}}]},"6":{"loc":{"start":{"line":205,"column":6},"end":{"line":209,"column":7}},"type":"if","locations":[{"start":{"line":205,"column":6},"end":{"line":209,"column":7}},{"start":{"line":207,"column":13},"end":{"line":209,"column":7}}]},"7":{"loc":{"start":{"line":205,"column":10},"end":{"line":205,"column":89}},"type":"binary-expr","locations":[{"start":{"line":205,"column":10},"end":{"line":205,"column":37}},{"start":{"line":205,"column":41},"end":{"line":205,"column":89}}]},"8":{"loc":{"start":{"line":207,"column":13},"end":{"line":209,"column":7}},"type":"if","locations":[{"start":{"line":207,"column":13},"end":{"line":209,"column":7}}]},"9":{"loc":{"start":{"line":207,"column":17},"end":{"line":207,"column":98}},"type":"binary-expr","locations":[{"start":{"line":207,"column":17},"end":{"line":207,"column":44}},{"start":{"line":207,"column":48},"end":{"line":207,"column":98}}]},"10":{"loc":{"start":{"line":216,"column":6},"end":{"line":218,"column":7}},"type":"if","locations":[{"start":{"line":216,"column":6},"end":{"line":218,"column":7}}]},"11":{"loc":{"start":{"line":238,"column":6},"end":{"line":242,"column":7}},"type":"if","locations":[{"start":{"line":238,"column":6},"end":{"line":242,"column":7}},{"start":{"line":240,"column":13},"end":{"line":242,"column":7}}]},"12":{"loc":{"start":{"line":238,"column":10},"end":{"line":238,"column":85}},"type":"binary-expr","locations":[{"start":{"line":238,"column":10},"end":{"line":238,"column":37}},{"start":{"line":238,"column":41},"end":{"line":238,"column":85}}]},"13":{"loc":{"start":{"line":240,"column":13},"end":{"line":242,"column":7}},"type":"if","locations":[{"start":{"line":240,"column":13},"end":{"line":242,"column":7}}]},"14":{"loc":{"start":{"line":240,"column":17},"end":{"line":240,"column":94}},"type":"binary-expr","locations":[{"start":{"line":240,"column":17},"end":{"line":240,"column":44}},{"start":{"line":240,"column":48},"end":{"line":240,"column":94}}]},"15":{"loc":{"start":{"line":249,"column":6},"end":{"line":251,"column":7}},"type":"if","locations":[{"start":{"line":249,"column":6},"end":{"line":251,"column":7}}]},"16":{"loc":{"start":{"line":255,"column":14},"end":{"line":255,"column":31}},"type":"binary-expr","locations":[{"start":{"line":255,"column":14},"end":{"line":255,"column":26}},{"start":{"line":255,"column":30},"end":{"line":255,"column":31}}]},"17":{"loc":{"start":{"line":274,"column":10},"end":{"line":275,"column":46}},"type":"binary-expr","locations":[{"start":{"line":274,"column":10},"end":{"line":274,"column":49}},{"start":{"line":275,"column":10},"end":{"line":275,"column":46}}]},"18":{"loc":{"start":{"line":278,"column":6},"end":{"line":280,"column":7}},"type":"if","locations":[{"start":{"line":278,"column":6},"end":{"line":280,"column":7}}]},"19":{"loc":{"start":{"line":284,"column":17},"end":{"line":284,"column":36}},"type":"binary-expr","locations":[{"start":{"line":284,"column":17},"end":{"line":284,"column":31}},{"start":{"line":284,"column":35},"end":{"line":284,"column":36}}]},"20":{"loc":{"start":{"line":285,"column":17},"end":{"line":285,"column":36}},"type":"binary-expr","locations":[{"start":{"line":285,"column":17},"end":{"line":285,"column":31}},{"start":{"line":285,"column":35},"end":{"line":285,"column":36}}]}},"s":{"0":3,"1":18,"2":18,"3":18,"4":18,"5":18,"6":1018,"7":1018,"8":18,"9":18,"10":18,"11":1016,"12":1016,"13":1016,"14":1016,"15":18,"16":18,"17":11,"18":11,"19":11,"20":18,"21":18,"22":18,"23":18,"24":18,"25":18,"26":1016,"27":1016,"28":1015,"29":1015,"30":1,"31":18,"32":18,"33":18,"34":18,"35":18,"36":18,"37":18,"38":18,"39":18,"40":18,"41":18,"42":1016,"43":1016,"44":18,"45":18,"46":11,"47":11,"48":18,"49":1016,"50":1016,"51":1016,"52":18,"53":11,"54":11,"55":11,"56":0,"57":0,"58":11,"59":11,"60":11,"61":11,"62":7,"63":4,"64":2,"65":11,"66":11,"67":11,"68":0,"69":11,"70":0,"71":1016,"72":1016,"73":1016,"74":1007,"75":9,"76":2,"77":1016,"78":1016,"79":1016,"80":0,"81":1016,"82":0,"83":0,"84":0,"85":0,"86":0,"87":0,"88":0,"89":0,"90":0,"91":0,"92":0,"93":0,"94":0,"95":0,"96":3},"f":{"0":18,"1":18,"2":1018,"3":18,"4":1016,"5":11,"6":1016,"7":11,"8":11,"9":1016,"10":0,"11":0,"12":0,"13":0},"b":{"0":[1018,1014,1013,1013,1012,1012,5,3],"1":[1016],"2":[11],"3":[1016],"4":[0,11],"5":[0],"6":[7,4],"7":[11,4],"8":[2],"9":[4,2],"10":[0],"11":[1007,9],"12":[1016,9],"13":[2],"14":[9,7],"15":[0],"16":[1016,1016],"17":[0,0],"18":[0],"19":[0,0],"20":[0,0]}}
[...]
d":{"line":210,"column":23}},"loc":{"start":{"line":210,"column":57},"end":{"line":246,"column":3}}},"11":{"name":"(anonymous_20)","decl":{"start":{"line":233,"column":23},"end":{"line":233,"column":24}},"loc":{"start":{"line":233,"column":55},"end":{"line":235,"column":7}}},"12":{"name":"(anonymous_21)","decl":{"start":{"line":251,"column":10},"end":{"line":251,"column":25}},"loc":{"start":{"line":251,"column":43},"end":{"line":280,"column":3}}},"13":{"name":"(anonymous_22)","decl":{"start":{"line":285,"column":10},"end":{"line":285,"column":35}},"loc":{"start":{"line":285,"column":53},"end":{"line":314,"column":3}}},"14":{"name":"(anonymous_23)","decl":{"start":{"line":319,"column":10},"end":{"line":319,"column":15}},"loc":{"start":{"line":319,"column":34},"end":{"line":342,"column":3}}},"15":{"name":"(anonymous_24)","decl":{"start":{"line":325,"column":46},"end":{"line":325,"column":47}},"loc":{"start":{"line":326,"column":8},"end":{"line":326,"column":61}}}},"branchMap":{"0":{"loc":{"start":{"line":86,"column":48},"end":{"line":86,"column":102}},"type":"cond-expr","locations":[{"start":{"line":86,"column":73},"end":{"line":86,"column":86}},{"start":{"line":86,"column":89},"end":{"line":86,"column":102}}]},"1":{"loc":{"start":{"line":148,"column":2},"end":{"line":148,"column":42}},"type":"binary-expr","locations":[{"start":{"line":148,"column":2},"end":{"line":148,"column":13}},{"start":{"line":148,"column":17},"end":{"line":148,"column":42}}]},"2":{"loc":{"start":{"line":178,"column":4},"end":{"line":180,"column":5}},"type":"if","locations":[{"start":{"line":178,"column":4},"end":{"line":180,"column":5}}]},"3":{"loc":{"start":{"line":183,"column":24},"end":{"line":185,"column":26}},"type":"cond-expr","locations":[{"start":{"line":184,"column":10},"end":{"line":184,"column":112}},{"start":{"line":185,"column":10},"end":{"line":185,"column":26}}]},"4":{"loc":{"start":{"line":198,"column":4},"end":{"line":200,"column":5}},"type":"if","locations":[{"start":{"line":198,"column":4},"end":{"line":200,"column":5}}]},"5":{"loc":{"start":{"line":230,"column":4},"end":{"line":237,"column":5}},"type":"if","locations":[{"start":{"line":230,"column":4},"end":{"line":237,"column":5}}]},"6":{"loc":{"start":{"line":260,"column":6},"end":{"line":263,"column":7}},"type":"if","locations":[{"start":{"line":260,"column":6},"end":{"line":263,"column":7}}]},"7":{"loc":{"start":{"line":260,"column":10},"end":{"line":260,"column":106}},"type":"binary-expr","locations":[{"start":{"line":260,"column":10},"end":{"line":260,"column":52}},{"start":{"line":260,"column":56},"end":{"line":260,"column":106}}]},"8":{"loc":{"start":{"line":266,"column":6},"end":{"line":268,"column":7}},"type":"if","locations":[{"start":{"line":266,"column":6},"end":{"line":268,"column":7}}]},"9":{"loc":{"start":{"line":266,"column":10},"end":{"line":266,"column":130}},"type":"binary-expr","locations":[{"start":{"line":266,"column":10},"end":{"line":266,"column":27}},{"start":{"line":266,"column":32},"end":{"line":266,"column":56}},{"start":{"line":266,"column":60},"end":{"line":266,"column":85}},{"start":{"line":266,"column":89},"end":{"line":266,"column":129}}]},"10":{"loc":{"start":{"line":271,"column":6},"end":{"line":276,"column":7}},"type":"if","locations":[{"start":{"line":271,"column":6},"end":{"line":276,"column":7}}]},"11":{"loc":{"start":{"line":271,"column":10},"end":{"line":271,"column":112}},"type":"binary-expr","locations":[{"start":{"line":271,"column":10},"end":{"line":271,"column":27}},{"start":{"line":271,"column":32},"end":{"line":271,"column":57}},{"start":{"line":271,"column":61},"end":{"line":271,"column":84}},{"start":{"line":271,"column":88},"end":{"line":271,"column":111}}]},"12":{"loc":{"start":{"line":273,"column":8},"end":{"line":275,"column":9}},"type":"if","locations":[{"start":{"line":273,"column":8},"end":{"line":275,"column":9}}]},"13":{"loc":{"start":{"line":294,"column":6},"end":{"line":298,"column":7}},"type":"if","locations":[{"start":{"line":294,"column":6},"end":{"line":298,"column":7}}]},"14":{"loc":{"start":{"line":294,"column":10},"end":{"line":295,"column":111}},"type":"binary-expr","locations":[{"start":{"line":294,"column":10},"end":{"line":294,"column":60}},{"start":{"line":295,"column":11},"end":{"line":295,"column":53}},{"start":{"line":295,"column":58},"end":{"line":295,"column":81}},{"start":{"line":295,"column":85},"end":{"line":295,"column":109}}]},"15":{"loc":{"start":{"line":301,"column":6},"end":{"line":303,"column":7}},"type":"if","locations":[{"start":{"line":301,"column":6},"end":{"line":303,"column":7}}]},"16":{"loc":{"start":{"line":301,"column":10},"end":{"line":301,"column":58}},"type":"binary-expr","locations":[{"start":{"line":301,"column":10},"end":{"line":301,"column":30}},{"start":{"line":301,"column":34},"end":{"line":301,"column":58}}]},"17":{"loc":{"start":{"line":306,"column":6},"end":{"line":308,"column":7}},"type":"if","locations":[{"start":{"line":306,"column":6},"end":{"line":308,"column":7}}]},"18":{"loc":{"start":{"line":329,"column":6},"end":{"line":338,"column":7}},"type":"if","locations":[{"start":{"line":329,"column":6},"end":{"line":338,"column":7}},{"start":{"line":336,"column":13},"end":{"line":338,"column":7}}]},"19":{"loc":{"start":{"line":340,"column":54},"end":{"line":340,"column":108}},"type":"cond-expr","locations":[{"start":{"line":340,"column":79},"end":{"line":340,"column":92}},{"start":{"line":340,"column":95},"end":{"line":340,"column":108}}]}},"s":{"0":2,"1":2,"2":2,"3":3,"4":3,"5":3,"6":3,"7":3,"8":3,"9":3,"10":2,"11":2,"12":2,"13":2,"14":2,"15":1,"16":1,"17":1,"18":1,"19":2,"20":2,"21":2,"22":2,"23":4,"24":4,"25":4,"26":0,"27":0,"28":0,"29":2,"30":2,"31":2,"32":2,"33":2,"34":0,"35":2,"36":4,"37":0,"38":4,"39":2,"40":2,"41":0,"42":0,"43":1,"44":1,"45":1,"46":1,"47":1,"48":1,"49":1,"50":1,"51":1,"52":1,"53":0,"54":0,"55":0,"56":0,"57":0,"58":1,"59":1,"60":1,"61":1,"62":1,"63":1,"64":1,"65":1,"66":1,"67":1,"68":1,"69":0,"70":0,"71":1,"72":0,"73":1,"74":0,"75":0,"76":0,"77":1,"78":1,"79":1,"80":1,"81":1,"82":1,"83":1,"84":0,"85":0,"86":1,"87":0,"88":1,"89":0,"90":1,"91":1,"92":1,"93":1,"94":1,"95":1,"96":0,"97":0,"98":0,"99":0,"100":0,"101":0,"102":0,"103":1,"104":2},"f":{"0":3,"1":3,"2":2,"3":0,"4":2,"5":2,"6":4,"7":0,"8":2,"9":0,"10":1,"11":0,"12":1,"13":1,"14":1,"15":0},"b":{"0":[2,0],"1":[2,0],"2":[0],"3":[0,4],"4":[2],"5":[0],"6":[0],"7":[1,1],"8":[0],"9":[1,0,0,0],"10":[0],"11":[1,0,0,0],"12":[0],"13":[0],"14":[1,1,0,0],"15":[0],"16":[1,0],"17":[0],"18":[0,0],"19":[1,0]}}
,"/home/runner/work/ai-code-reviewer/ai-code-reviewer/v2/src/utils/Logger.ts": {"path":"/home/runner/work/ai-code-reviewer/ai-code-reviewer/v2/src/utils/Logger.ts","statementMap":{"0":{"start":{"line":7,"column":0},"end":{"line":7,"column":38}},"1":{"start":{"line":10,"column":35},"end":{"line":10,"column":37}},"2":{"start":{"line":16,"column":4},"end":{"line":16,"column":27}},"3":{"start":{"line":23,"column":4},"end":{"line":23,"column":67}},"4":{"start":{"line":30,"column":4},"end":{"line":30,"column":36}},"5":{"start":{"line":37,"column":4},"end":{"line":37,"column":37}},"6":{"start":{"line":44,"column":4},"end":{"line":44,"column":39}},"7":{"start":{"line":51,"column":4},"end":{"line":51,"column":37}},"8":{"start":{"line":58,"column":4},"end":{"line":58,"column":39}},"9":{"start":{"line":65,"column":4},"end":{"line":65,"column":20}},"10":{"start":{"line":72,"column":4},"end":{"line":72,"column":50}},"11":{"start":{"line":79,"column":4},"end":{"line":79,"column":29}},"12":{"start":{"line":86,"column":4},"end":{"line":86,"column":30}},"13":{"start":{"line":93,"column":22},"end":{"line":95,"column":17}},"14":{"start":{"line":94,"column":29},"end":{"line":94,"column":47}},"15":{"start":{"line":96,"column":4},"end":{"line":96,"column":40}},"16":{"start":{"line":9,"column":0},"end":{"line":9,"column":13}}},"fnMap":{"0":{"name":"(anonymous_9)","decl":{"start":{"line":15,"column":2},"end":{"line":15,"column":8}},"loc":{"start":{"line":15,"column":35},"end":{"line":17,"column":3}}},"1":{"name":"(anonymous_10)","decl":{"start":{"line":22,"column":10},"end":{"line":22,"column":16}},"loc":{"start":{"line":22,"column":39},"end":{"line":24,"column":3}}},"2":{"name":"(anonymous_11)","decl":{"start":{"line":29,"column":2},"end":{"line":29,"column":8}},"loc":{"start":{"line":29,"column":29},"end":{"line":31,"column":3}}},"3":{"name":"(anonymous_12)","decl":{"start":{"line":36,"column":2},"end":{"line":36,"column":8}},"loc":{"start":{"line":36,"column":30},"end":{"line":38,"column":3}}},"4":{"name":"(anonymous_13)","decl":{"start":{"line":43,"column":2},"end":{"line":43,"column":8}},"loc":{"start":{"line":43,"column":32},"end":{"line":45,"column":3}}},"5":{"name":"(anonymous_14)","decl":{"start":{"line":50,"column":2},"end":{"line":50,"column":8}},"loc":{"start":{"line":50,"column":30},"end":{"line":52,"column":3}}},"6":{"name":"(anonymous_15)","decl":{"start":{"line":57,"column":2},"end":{"line":57,"column":8}},"loc":{"start":{"line":57,"column":32},"end":{"line":59,"column":3}}},"7":{"name":"(anonymous_16)","decl":{"start":{"line":64,"column":2},"end":{"line":64,"column":8}},"loc":{"start":{"line":64,"column":17},"end":{"line":66,"column":3}}},"8":{"name":"(anonymous_17)","decl":{"start":{"line":71,"column":2},"end":{"line":71,"column":8}},"loc":{"start":{"line":71,"column":45},"end":{"line":73,"column":3}}},"9":{"name":"(anonymous_18)","decl":{"start":{"line":78,"column":2},"end":{"line":78,"column":8}},"loc":{"start":{"line":78,"column":32},"end":{"line":80,"column":3}}},"10":{"name":"(anonymous_19)","decl":{"start":{"line":85,"column":2},"end":{"line":85,"column":8}},"loc":{"start":{"line":85,"column":33},"end":{"line":87,"column":3}}},"11":{"name":"(anonymous_20)","decl":{"start":{"line":92,"column":2},"end":{"line":92,"column":8}},"loc":{"start":{"line":92,"column":45},"end":{"line":97,"column":3}}},"12":{"name":"(anonymous_21)","decl":{"start":{"line":94,"column":11},"end":{"line":94,"column":12}},"loc":{"start":{"line":94,"column":29},"end":{"line":94,"column":47}}}},"branchMap":{"0":{"loc":{"start":{"line":23,"column":11},"end":{"line":23,"column":66}},"type":"cond-expr","locations":[{"start":{"line":23,"column":26},"end":{"line":23,"column":56}},{"start":{"line":23,"column":59},"end":{"line":23,"column":66}}]}},"s":{"0":3,"1":3,"2":22,"3":125,"4":117,"5":1,"6":1,"7":6,"8":0,"9":0,"10":0,"11":0,"12":0,"13":0,"14":0,"15":0,"16":3},"f":{"0":22,"1":125,"2":117,"3":1,"4":1,"5":6,"6":0,"7":0,"8":0,"9":0,"10":0,"11":0,"12":0},"b":{"0":[125,0]}}
,"/home/runner/work/ai-code-reviewer/ai-code-reviewer/v2/src/utils/Retry.ts": {"path":"/home/runner/work/ai-code-reviewer/ai-code-reviewer/v2/src/utils/Retry.ts","statementMap":{"0":{"start":{"line":7,"column":0},"end":{"line":7,"column":38}},"1":{"start":{"line":25,"column":24},"end":{"line":25,"column":83}},"2":{"start":{"line":26,"column":25},"end":{"line":26,"column":55}},"3":{"start":{"line":27,"column":21},"end":{"line":27,"column":48}},"4":{"start":{"line":28,"column":30},"end":{"line":28,"column":60}},"5":{"start":{"line":29,"column":28},"end":{"line":29,"column":57}},"6":{"start":{"line":32,"column":16},"end":{"line":32,"column":28}},"7":{"start":{"line":34,"column":4},"end":{"line":55,"column":5}},"8":{"start":{"line":34,"column":23},"end":{"line":34,"column":24}},"9":{"start":{"line":35,"column":6},"end":{"line":54,"column":7}},"10":{"start":{"line":36,"column":8},"end":{"line":36,"column":26}},"11":{"start":{"line":38,"column":8},"end":{"line":38,"column":78}},"12":{"start":{"line":41,"column":28},"end":{"line":42,"column":75}},"13":{"start":{"line":42,"column":42},"end":{"line":42,"column":74}},"14":{"start":{"line":44,"column":8},"end":{"line":46,"column":9}},"15":{"start":{"line":45,"column":10},"end":{"line":45,"column":26}},"16":{"start":{"line":48,"column":8},"end":{"line":50,"column":10}},"17":{"start":{"line":52,"column":8},"end":{"line":52,"column":32}},"18":{"start":{"line":53,"column":8},"end":{"line":53,"column":62}},"19":{"start":{"line":57,"column":4},"end":{"line":57,"column":49}},"20":{"start":{"line":64,"column":4},"end":{"line":64,"column":59}},"21":{"start":{"line":64,"column":34},"end":{"line":64,"column":57}},"22":{"start":{"line":74,"column":4},"end":{"line":74,"column":45}},"23":{"start":{"line":83,"column":4},"end":{"line":88,"column":7}},"24":{"start":{"line":97,"column":4},"end":{"line":102,"column":7}},"25":{"start":{"line":17,"column":0},"end":{"line":17,"column":13}}},"fnMap":{"0":{"name":"(anonymous_9)","decl":{"start":{"line":21,"column":2},"end":{"line":21,"column":8}},"loc":{"start":{"line":23,"column":30},"end":{"line":58,"column":3}}},"1":{"name":"(anonymous_10)","decl":{"start":{"line":42,"column":31},"end":{"line":42,"column":38}},"loc":{"start":{"line":42,"column":42},"end":{"line":42,"column":74}}},"2":{"name":"(anonymous_11)","decl":{"start":{"line":63,"column":10},"end":{"line":63,"column":16}},"loc":{"start":{"line":63,"column":33},"end":{"line":65,"column":3}}},"3":{"name":"(anonymous_12)","decl":{"start":{"line":64,"column":23},"end":{"line":64,"column":30}},"loc":{"start":{"line":64,"column":34},"end":{"line":64,"column":57}}},"4":{"name":"(anonymous_13)","decl":{"start":{"line":70,"column":2},"end":{"line":70,"column":8}},"loc":{"start":{"line":72,"column":27},"end":{"line":75,"column":3}}},"5":{"name":"(anonymous_14)","decl":{"start":{"line":80,"column":2},"end":{"line":80,"column":8}},"loc":{"start":{"line":81,"column":24},"end":{"line":89,"column":3}}},"6":{"name":"(anonymous_15)","decl":{"start":{"line":94,"column":2},"end":{"line":94,"column":8}},"loc":{"start":{"line":95,"column":24},"end":{"line":103,"column":3}}}},"branchMap":{"0":{"loc":{"start":{"line":23,"column":4},"end":{"line":23,"column":30}},"type":"default-arg","locations":[{"start":{"line":23,"column":28},"end":{"line":23,"column":30}}]},"1":{"loc":{"start":{"line":25,"column":24},"end":{"line":25,"column":83}},"type":"cond-expr","locations":[{"start":{"line":25,"column":60},"end":{"line":25,"column":79}},{"start":{"line":25,"column":82},"end":{"line":25,"column":83}}]},"2":{"loc":{"start":{"line":26,"column":25},"end":{"line":26,"column":55}},"type":"binary-expr","locations":[{"start":{"line":26,"column":25},"end":{"line":26,"column":47}},{"start":{"line":26,"column":51},"end":{"line":26,"column":55}}]},"3":{"loc":{"start":{"line":27,"column":21},"end":{"line":27,"column":48}},"type":"binary-expr","locations":[{"start":{"line":27,"column":21},"end":{"line":27,"column":39}},{"start":{"line":27,"column":43},"end":{"line":27,"column":48}}]},"4":{"loc":{"start":{"line":28,"column":30},"end":{"line":28,"column":60}},"type":"binary-expr","locations":[{"start":{"line":28,"column":30},"end":{"line":28,"column":55}},{"start":{"line":28,"column":59},"end":{"line":28,"column":60}}]},"5":{"loc":{"start":{"line":29,"column":28},"end":{"line":29,"column":57}},"type":"binary-expr","locations":[{"start":{"line":29,"column":28},"end":{"line":29,"column":51}},{"start":{"line":29,"column":55},"end":{"line":29,"column":57}}]},"6":{"loc":{"start":{"line":38,"column":20},"end":{"line":38,"column":77}},"type":"cond-expr","locations":[{"start":{"line":38,"column":45},"end":{"line":38,"column":50}},{"start":{"line":38,"column":53},"end":{"line":38,"column":77}}]},"7":{"loc":{"start":{"line":41,"column":28},"end":{"line":42,"column":75}},"type":"binary-expr","locations":[{"start":{"line":41,"column":28},"end":{"line":41,"column":56}},{"start":{"line":42,"column":10},"end":{"line":42,"column":75}}]},"8":{"loc":{"start":{"line":44,"column":8},"end":{"line":46,"column":9}},"type":"if","locations":[{"start":{"line":44,"column":8},"end":{"line":46,"column":9}}]},"9":{"loc":{"start":{"line":44,"column":12},"end":{"line":44,"column":51}},"type":"binary-expr","locations":[{"start":{"line":44,"column":12},"end":{"line":44,"column":24}},{"start":{"line":44,"column":28},"end":{"line":44,"column":51}}]},"10":{"loc":{"start":{"line":57,"column":10},"end":{"line":57,"column":48}},"type":"binary-expr","locations":[{"start":{"line":57,"column":10},"end":{"line":57,"column":19}},{"start":{"line":57,"column":23},"end":{"line":57,"column":48}}]},"11":{"loc":{"start":{"line":72,"column":4},"end":{"line":72,"column":27}},"type":"default-arg","locations":[{"start":{"line":72,"column":26},"end":{"line":72,"column":27}}]}},"s":{"0":1,"1":12,"2":12,"3":12,"4":12,"5":12,"6":12,"7":12,"8":12,"9":23,"10":23,"11":16,"12":16,"13":6,"14":16,"15":4,"16":12,"17":12,"18":12,"19":1,"20":12,"21":12,"22":1,"23":1,"24":1,"25":1},"f":{"0":12,"1":6,"2":12,"3":12,"4":1,"5":1,"6":1},"b":{"0":[0],"1":[12,0],"2":[12,1],"3":[12,9],"4":[12,11],"5":[12,8],"6":[16,0],"7":[16,6],"8":[4],"9":[16,15],"10":[1,1],"11":[0]}}
,"/home/runner/work/ai-code-reviewer/ai-code-reviewer/v2/src/utils/TokenCounter.ts": {"path":"/home/runner/work/ai-code-reviewer/ai-code-reviewer/v2/src/utils/TokenCounter.ts","statementMap":{"0":{"start":{"line":14,"column":23},"end":{"line":14,"column":55}},"1":{"start":{"line":18,"column":4},"end":{"line":18,"column":44}},"2":{"start":{"line":25,"column":17},"end":{"line":25,"column":18}},"3":{"start":{"line":27,"column":4},"end":{"line":33,"column":5}},"4":{"start":{"line":29,"column":6},"end":{"line":29,"column":47}},"5":{"start":{"line":32,"column":6},"end":{"line":32,"column":18}},"6":{"start":{"line":36,"column":4},"end":{"line":36,"column":16}},"7":{"start":{"line":38,"column":4},"end":{"line":38,"column":18}},"8":{"start":{"line":50,"column":76},"end":{"line":56,"column":6}},"9":{"start":{"line":58,"column":18},"end":{"line":58,"column":57}},"10":{"start":{"line":60,"column":23},"end":{"line":60,"column":64}},"11":{"start":{"line":61,"column":27},"end":{"line":61,"column":76}},"12":{"start":{"line":63,"column":4},"end":{"line":63,"column":39}},"13":{"start":{"line":70,"column":4},"end":{"line":70,"column":39}},"14":{"start":{"line":77,"column":19},"end":{"line":77,"column":38}},"15":{"start":{"line":79,"column":4},"end":{"line":81,"column":5}},"16":{"start":{"line":80,"column":6},"end":{"line":80,"column":18}},"17":{"start":{"line":84,"column":21},"end":{"line":84,"column":34}},"18":{"start":{"line":85,"column":4},"end":{"line":85,"column":59}},"19":{"start":{"line":97,"column":4},"end":{"line":102,"column":6}},"20":{"start":{"line":7,"column":0},"end":{"line":7,"column":13}}},"fnMap":{"0":{"name":"(anonymous_0)","decl":{"start":{"line":12,"column":2},"end":{"line":12,"column":8}},"loc":{"start":{"line":12,"column":30},"end":{"line":19,"column":3}}},"1":{"name":"(anonymous_1)","decl":{"start":{"line":24,"column":2},"end":{"line":24,"column":8}},"loc":{"start":{"line":24,"column":76},"end":{"line":39,"column":3}}},"2":{"name":"(anonymous_2)","decl":{"start":{"line":44,"column":2},"end":{"line":44,"column":8}},"loc":{"start":{"line":47,"column":28},"end":{"line":64,"column":3}}},"3":{"name":"(anonymous_3)","decl":{"start":{"line":69,"column":2},"end":{"line":69,"column":8}},"loc":{"start":{"line":69,"column":49},"end":{"line":71,"column":3}}},"4":{"name":"(anonymous_4)","decl":{"start":{"line":76,"column":2},"end":{"line":76,"column":8}},"loc":{"start":{"line":76,"column":49},"end":{"line":86,"column":3}}},"5":{"name":"(anonymous_5)","decl":{"start":{"line":91,"column":2},"end":{"line":91,"column":8}},"loc":{"start":{"line":91,"column":30},"end":{"line":103,"column":3}}}},"branchMap":{"0":{"loc":{"start":{"line":58,"column":18},"end":{"line":58,"column":57}},"type":"binary-expr","locations":[{"start":{"line":58,"column":18},"end":{"line":58,"column":32}},{"start":{"line":58,"column":36},"end":{"line":58,"column":57}}]},"1":{"loc":{"start":{"line":79,"column":4},"end":{"line":81,"column":5}},"type":"if","locations":[{"start":{"line":79,"column":4},"end":{"line":81,"column":5}}]}},"s":{"0":23,"1":23,"2":2,"3":2,"4":2,"5":2,"6":2,"7":2,"8":1,"9":1,"10":1,"11":1,"12":1,"13":2,"14":2,"15":2,"16":1,"17":1,"18":1,"19":1,"20":3},"f":{"0":23,"1":2,"2":1,"3":2,"4":2,"5":1},"b":{"0":[1,0],"1":[1]}}
}
