TN:
SF:src/version.ts
FNF:0
FNH:0
DA:6,9
LF:1
LH:1
BRF:0
BRH:0
end_of_record
TN:
SF:src/analysis/IncrementalAnalyzer.ts
FN:29,(anonymous_9)
FN:39,(anonymous_10)
FN:49,(anonymous_11)
FN:58,(anonymous_12)
FN:81,(anonymous_13)
FN:105,(anonymous_14)
FN:150,(anonymous_15)
FN:186,(anonymous_16)
FN:187,(anonymous_17)
FN:193,(anonymous_18)
FN:194,(anonymous_19)
FN:200,(anonymous_20)
FN:205,(anonymous_21)
FN:210,(anonymous_22)
FN:217,(anonymous_23)
FN:227,(anonymous_24)
FNF:16
FNH:11
FNDA:21,(anonymous_9)
FNDA:14,(anonymous_10)
FNDA:23,(anonymous_11)
FNDA:23,(anonymous_12)
FNDA:4,(anonymous_13)
FNDA:23,(anonymous_14)
FNDA:3,(anonymous_15)
FNDA:2,(anonymous_16)
FNDA:4,(anonymous_17)
FNDA:2,(anonymous_18)
FNDA:2,(anonymous_19)
FNDA:0,(anonymous_20)
FNDA:0,(anonymous_21)
FNDA:0,(anonymous_22)
FNDA:0,(anonymous_23)
FNDA:0,(anonymous_24)
DA:7,3
DA:8,3
DA:28,3
DA:30,21
DA:33,21
DA:40,14
DA:42,14
DA:44,14
DA:45,23
DA:46,23
DA:49,23
DA:50,14
DA:52,14
DA:59,23
DA:60,23
DA:63,23
DA:70,23
DA:71,23
DA:72,23
DA:75,23
DA:78,23
DA:79,23
DA:80,3
DA:81,3
DA:83,4
DA:87,23
DA:92,23
DA:106,23
DA:107,3
DA:108,3
DA:111,20
DA:113,20
DA:115,19
DA:116,0
DA:117,0
DA:120,19
DA:122,19
DA:123,118
DA:124,10051
DA:125,10019
DA:130,32
DA:131,17
DA:140,19
DA:142,1
DA:143,1
DA:155,3
DA:158,3
DA:159,3
DA:168,3
DA:175,3
DA:180,3
DA:187,4
DA:194,2
DA:205,0
DA:206,0
DA:209,0
DA:210,0
DA:211,0
DA:216,0
DA:217,0
DA:220,0
DA:228,0
DA:229,0
DA:232,0
DA:233,0
DA:235,0
DA:236,0
DA:237,0
DA:243,0
DA:244,0
LF:70
LH:51
BRDA:71,0,0,23
BRDA:71,0,1,3
BRDA:72,1,0,23
BRDA:72,1,1,19
BRDA:79,2,0,3
BRDA:79,3,0,23
BRDA:79,3,1,3
BRDA:79,3,2,3
BRDA:97,4,0,23
BRDA:97,4,1,22
BRDA:106,5,0,3
BRDA:115,6,0,0
BRDA:124,7,0,10019
BRDA:124,7,1,32
BRDA:124,8,0,10051
BRDA:124,8,1,10019
BRDA:130,9,0,17
BRDA:130,10,0,32
BRDA:130,10,1,17
BRDA:202,11,0,0
BRDA:203,12,0,0
BRDA:209,13,0,0
BRDA:210,14,0,0
BRDA:216,15,0,0
BRDA:228,16,0,0
BRF:25
BRH:18
end_of_record
TN:
SF:src/analysis/OutdatedCommentCleaner.ts
FN:19,(anonymous_9)
FN:28,(anonymous_10)
FN:70,(anonymous_11)
FN:72,(anonymous_12)
FN:78,(anonymous_13)
FNF:5
FNH:2
FNDA:3,(anonymous_9)
FNDA:3,(anonymous_10)
FNDA:0,(anonymous_11)
FNDA:0,(anonymous_12)
FNDA:0,(anonymous_13)
DA:7,3
DA:18,3
DA:20,3
DA:21,3
DA:29,3
DA:31,3
DA:38,3
DA:40,3
DA:41,2
DA:43,2
DA:44,0
DA:45,0
DA:49,2
DA:50,2
DA:51,2
DA:53,2
DA:59,1
DA:60,1
DA:61,1
DA:64,3
DA:71,0
DA:72,0
DA:84,0
DA:85,0
DA:87,0
DA:93,0
DA:94,0
DA:95,0
DA:99,0
LF:29
LH:18
BRDA:43,0,0,0
BRDA:94,1,0,0
BRF:2
BRH:0
end_of_record
TN:
SF:src/config/ConfigLoader.ts
FN:49,(anonymous_9)
FN:132,(anonymous_10)
FN:154,(anonymous_11)
FN:165,(anonymous_12)
FN:172,(anonymous_13)
FN:178,(anonymous_14)
FN:179,(anonymous_15)
FN:185,(anonymous_16)
FN:196,(anonymous_17)
FN:206,(anonymous_18)
FN:213,(anonymous_19)
FNF:11
FNH:10
FNDA:7,(anonymous_9)
FNDA:8,(anonymous_10)
FNDA:14,(anonymous_11)
FNDA:42,(anonymous_12)
FNDA:14,(anonymous_13)
FNDA:4,(anonymous_14)
FNDA:4,(anonymous_15)
FNDA:21,(anonymous_16)
FNDA:42,(anonymous_17)
FNDA:14,(anonymous_18)
FNDA:0,(anonymous_19)
DA:7,2
DA:8,2
DA:45,2
DA:51,7
DA:52,7
DA:55,7
DA:56,7
DA:57,7
DA:58,7
DA:59,7
DA:60,6
DA:62,1
DA:67,7
DA:68,7
DA:69,7
DA:70,7
DA:73,7
DA:76,7
DA:77,7
DA:86,7
DA:87,7
DA:88,7
DA:89,7
DA:92,7
DA:93,7
DA:96,7
DA:97,7
DA:100,7
DA:101,7
DA:102,7
DA:104,7
DA:133,8
DA:135,8
DA:136,8
DA:137,8
DA:138,8
DA:139,8
DA:140,8
DA:141,8
DA:142,2
DA:145,8
DA:155,14
DA:156,14
DA:157,0
DA:159,14
DA:166,42
DA:173,14
DA:174,14
DA:176,2
DA:178,4
DA:179,4
DA:186,21
DA:187,21
DA:189,0
DA:190,0
DA:197,42
DA:198,42
DA:200,0
DA:207,14
DA:214,0
DA:215,0
DA:216,0
DA:217,0
DA:218,0
DA:219,0
DA:220,0
DA:221,0
DA:222,0
DA:223,0
DA:224,0
DA:225,0
LF:71
LH:55
BRDA:52,0,0,7
BRDA:52,0,1,0
BRDA:57,1,0,7
BRDA:60,2,0,6
BRDA:60,2,1,1
BRDA:60,2,2,1
BRDA:68,3,0,7
BRDA:68,3,1,0
BRDA:71,4,0,0
BRDA:71,4,1,7
BRDA:93,5,0,7
BRDA:93,5,1,0
BRDA:135,6,0,2
BRDA:136,7,0,2
BRDA:137,8,0,2
BRDA:137,9,0,8
BRDA:137,9,1,6
BRDA:138,10,0,2
BRDA:139,11,0,2
BRDA:140,12,0,1
BRDA:141,13,0,2
BRDA:141,14,0,8
BRDA:141,14,1,7
BRDA:156,15,0,0
BRDA:166,16,0,42
BRDA:166,16,1,34
BRDA:172,17,0,0
BRDA:174,18,0,12
BRDA:187,19,0,21
BRDA:190,20,0,0
BRDA:190,20,1,0
BRDA:198,21,0,42
BRDA:200,22,0,0
BRDA:200,22,1,0
BRF:34
BRH:24
end_of_record
TN:
SF:src/core/ActionOrchestrator.ts
FN:24,(anonymous_9)
FN:66,(anonymous_10)
FN:187,(anonymous_11)
FN:220,(anonymous_12)
FN:326,(anonymous_13)
FN:432,(anonymous_14)
FNF:6
FNH:6
FNDA:23,(anonymous_9)
FNDA:23,(anonymous_10)
FNDA:3,(anonymous_11)
FNDA:5,(anonymous_12)
FNDA:3,(anonymous_13)
FNDA:1,(anonymous_14)
DA:7,1
DA:8,1
DA:9,1
DA:10,1
DA:11,1
DA:12,1
DA:13,1
DA:14,1
DA:15,1
DA:16,1
DA:17,1
DA:18,1
DA:20,1
DA:25,23
DA:26,23
DA:28,22
DA:29,22
DA:32,21
DA:33,13
DA:36,8
DA:39,8
DA:40,3
DA:43,5
DA:44,1
DA:47,4
DA:49,3
DA:52,1
DA:53,1
DA:56,0
DA:58,1
DA:59,1
DA:67,23
DA:69,23
DA:70,23
DA:71,23
DA:74,23
DA:75,5
DA:76,5
DA:77,5
DA:80,18
DA:81,3
DA:82,3
DA:83,3
DA:86,15
DA:87,1
DA:88,1
DA:89,1
DA:93,14
DA:96,14
DA:97,14
DA:99,14
DA:100,1
DA:103,13
DA:104,1
DA:108,13
DA:109,13
DA:110,2
DA:114,11
DA:120,11
DA:123,11
DA:135,11
DA:141,11
DA:148,11
DA:157,11
DA:158,11
DA:161,11
DA:172,11
DA:173,11
DA:174,10
DA:177,10
DA:178,10
DA:179,10
DA:180,10
DA:181,10
DA:182,10
DA:183,10
DA:185,10
DA:186,2
DA:187,3
DA:191,10
DA:192,10
DA:193,10
DA:194,10
DA:195,10
DA:196,10
DA:199,10
DA:200,2
DA:202,8
DA:206,4
DA:207,4
DA:209,4
DA:210,4
DA:213,4
DA:221,5
DA:223,5
DA:224,5
DA:226,5
DA:227,0
DA:230,5
DA:231,0
DA:235,5
DA:236,5
DA:237,0
DA:241,5
DA:242,5
DA:243,0
DA:246,5
DA:247,5
DA:249,5
DA:250,1
DA:253,4
DA:256,4
DA:262,4
DA:264,4
DA:270,4
DA:277,4
DA:278,4
DA:279,2
DA:282,2
DA:283,2
DA:284,2
DA:285,2
DA:287,2
DA:295,2
DA:296,2
DA:299,2
DA:306,2
DA:308,2
DA:309,2
DA:312,3
DA:313,3
DA:315,3
DA:316,3
DA:319,3
DA:327,3
DA:329,3
DA:330,3
DA:332,3
DA:333,0
DA:336,3
DA:337,0
DA:341,3
DA:342,3
DA:343,0
DA:347,3
DA:348,3
DA:349,0
DA:352,3
DA:353,3
DA:355,3
DA:356,0
DA:359,3
DA:362,3
DA:368,3
DA:370,3
DA:376,3
DA:383,3
DA:384,3
DA:385,0
DA:388,3
DA:389,3
DA:390,3
DA:391,3
DA:393,3
DA:401,3
DA:402,3
DA:405,3
DA:412,3
DA:414,3
DA:415,3
DA:418,0
DA:419,0
DA:421,0
DA:422,0
DA:425,0
DA:433,1
DA:435,1
DA:436,1
DA:438,1
DA:439,0
DA:442,1
DA:443,0
DA:447,1
DA:448,1
DA:449,0
DA:453,1
DA:454,1
DA:455,0
DA:458,1
DA:459,1
DA:461,1
DA:462,0
DA:465,1
DA:468,1
DA:474,1
DA:476,1
DA:483,1
DA:484,1
DA:485,0
DA:488,1
DA:489,1
DA:490,1
DA:491,1
DA:493,1
DA:501,1
DA:502,1
DA:505,1
DA:511,1
DA:513,1
DA:514,1
DA:517,0
DA:518,0
DA:520,0
DA:521,0
DA:524,0
LF:215
LH:188
BRDA:26,0,0,1
BRDA:32,1,0,13
BRDA:32,2,0,21
BRDA:32,2,1,9
BRDA:36,3,0,8
BRDA:36,3,1,0
BRDA:39,4,0,3
BRDA:39,5,0,8
BRDA:39,5,1,6
BRDA:43,6,0,1
BRDA:43,7,0,5
BRDA:43,7,1,4
BRDA:47,8,0,3
BRDA:47,9,0,4
BRDA:47,9,1,2
BRDA:47,9,2,2
BRDA:47,9,3,1
BRDA:52,10,0,1
BRDA:52,11,0,1
BRDA:52,11,1,0
BRDA:70,12,0,23
BRDA:70,12,1,2
BRDA:71,13,0,23
BRDA:71,13,1,15
BRDA:74,14,0,5
BRDA:80,15,0,3
BRDA:86,16,0,1
BRDA:99,17,0,1
BRDA:103,18,0,1
BRDA:109,19,0,2
BRDA:109,20,0,13
BRDA:109,20,1,12
BRDA:185,21,0,2
BRDA:199,22,0,2
BRDA:199,22,1,8
BRDA:206,23,0,4
BRDA:206,23,1,0
BRDA:209,24,0,4
BRDA:209,25,0,4
BRDA:209,25,1,4
BRDA:223,26,0,5
BRDA:223,26,1,1
BRDA:223,26,2,0
BRDA:224,27,0,5
BRDA:224,27,1,0
BRDA:226,28,0,0
BRDA:230,29,0,0
BRDA:236,30,0,0
BRDA:236,31,0,5
BRDA:236,31,1,5
BRDA:242,32,0,0
BRDA:247,33,0,5
BRDA:247,33,1,1
BRDA:249,34,0,1
BRDA:277,35,0,4
BRDA:277,35,1,2
BRDA:277,35,2,2
BRDA:278,36,0,2
BRDA:282,37,0,2
BRDA:282,37,1,0
BRDA:283,38,0,2
BRDA:283,38,1,0
BRDA:312,39,0,3
BRDA:312,39,1,0
BRDA:315,40,0,3
BRDA:315,41,0,3
BRDA:315,41,1,3
BRDA:329,42,0,3
BRDA:329,42,1,0
BRDA:329,42,2,0
BRDA:330,43,0,3
BRDA:330,43,1,0
BRDA:332,44,0,0
BRDA:336,45,0,0
BRDA:342,46,0,0
BRDA:342,47,0,3
BRDA:342,47,1,3
BRDA:348,48,0,0
BRDA:353,49,0,3
BRDA:353,49,1,1
BRDA:355,50,0,0
BRDA:383,51,0,3
BRDA:383,51,1,0
BRDA:383,51,2,0
BRDA:384,52,0,0
BRDA:388,53,0,3
BRDA:388,53,1,0
BRDA:389,54,0,3
BRDA:389,54,1,0
BRDA:418,55,0,0
BRDA:418,55,1,0
BRDA:421,56,0,0
BRDA:421,57,0,0
BRDA:421,57,1,0
BRDA:435,58,0,1
BRDA:435,58,1,0
BRDA:435,58,2,0
BRDA:436,59,0,1
BRDA:436,59,1,0
BRDA:438,60,0,0
BRDA:442,61,0,0
BRDA:448,62,0,0
BRDA:448,63,0,1
BRDA:448,63,1,1
BRDA:454,64,0,0
BRDA:459,65,0,1
BRDA:459,65,1,1
BRDA:461,66,0,0
BRDA:483,67,0,1
BRDA:483,67,1,0
BRDA:483,67,2,0
BRDA:484,68,0,0
BRDA:488,69,0,1
BRDA:488,69,1,0
BRDA:489,70,0,1
BRDA:489,70,1,0
BRDA:517,71,0,0
BRDA:517,71,1,0
BRDA:520,72,0,0
BRDA:520,73,0,0
BRDA:520,73,1,0
BRF:121
BRH:73
end_of_record
TN:
SF:src/core/IncrementalReviewStrategy.ts
FN:38,(anonymous_9)
FN:46,(anonymous_10)
FN:72,(anonymous_11)
FN:148,(anonymous_12)
FN:155,(anonymous_13)
FN:161,(anonymous_14)
FN:167,(anonymous_15)
FN:175,(anonymous_16)
FN:201,(anonymous_17)
FN:234,(anonymous_18)
FN:267,(anonymous_19)
FN:273,(anonymous_20)
FN:283,(anonymous_21)
FN:298,(anonymous_22)
FNF:14
FNH:10
FNDA:18,(anonymous_9)
FNDA:18,(anonymous_10)
FNDA:1018,(anonymous_11)
FNDA:18,(anonymous_12)
FNDA:1016,(anonymous_13)
FNDA:11,(anonymous_14)
FNDA:1016,(anonymous_15)
FNDA:11,(anonymous_16)
FNDA:11,(anonymous_17)
FNDA:1016,(anonymous_18)
FNDA:0,(anonymous_19)
FNDA:0,(anonymous_20)
FNDA:0,(anonymous_21)
FNDA:0,(anonymous_22)
DA:11,3
DA:37,3
DA:39,18
DA:54,18
DA:66,18
DA:69,18
DA:72,18
DA:73,1018
DA:74,1018
DA:84,18
DA:87,18
DA:88,18
DA:89,1016
DA:90,1016
DA:91,1016
DA:92,1016
DA:97,18
DA:98,18
DA:99,11
DA:100,11
DA:101,11
DA:106,18
DA:108,18
DA:109,18
DA:110,18
DA:111,18
DA:115,18
DA:116,1016
DA:117,1016
DA:118,1015
DA:119,1015
DA:121,1
DA:126,18
DA:129,18
DA:131,18
DA:132,18
DA:133,18
DA:134,18
DA:135,18
DA:136,18
DA:138,18
DA:154,18
DA:155,18
DA:156,1016
DA:157,1016
DA:160,18
DA:161,18
DA:162,11
DA:163,11
DA:167,18
DA:168,1016
DA:169,1016
DA:170,1016
DA:175,18
DA:176,11
DA:177,11
DA:179,11
DA:181,0
DA:182,0
DA:193,11
DA:202,11
DA:204,11
DA:205,11
DA:206,7
DA:207,4
DA:208,2
DA:212,11
DA:215,11
DA:216,11
DA:217,0
DA:220,11
DA:227,0
DA:235,1016
DA:237,1016
DA:238,1016
DA:239,1007
DA:240,9
DA:241,2
DA:245,1016
DA:248,1016
DA:249,1016
DA:250,0
DA:253,1016
DA:260,0
DA:268,0
DA:269,0
DA:272,0
DA:274,0
DA:278,0
DA:279,0
DA:283,0
DA:284,0
DA:288,0
DA:290,0
DA:291,0
DA:299,0
DA:300,0
LF:97
LH:78
BRDA:74,0,0,1018
BRDA:74,0,1,1014
BRDA:74,0,2,1013
BRDA:74,0,3,1013
BRDA:74,0,4,1012
BRDA:74,0,5,1012
BRDA:74,0,6,5
BRDA:74,0,7,3
BRDA:90,1,0,1016
BRDA:100,2,0,11
BRDA:169,3,0,1016
BRDA:179,4,0,0
BRDA:179,4,1,11
BRDA:181,5,0,0
BRDA:205,6,0,7
BRDA:205,6,1,4
BRDA:205,7,0,11
BRDA:205,7,1,4
BRDA:207,8,0,2
BRDA:207,9,0,4
BRDA:207,9,1,2
BRDA:216,10,0,0
BRDA:238,11,0,1007
BRDA:238,11,1,9
BRDA:238,12,0,1016
BRDA:238,12,1,9
BRDA:240,13,0,2
BRDA:240,14,0,9
BRDA:240,14,1,7
BRDA:249,15,0,0
BRDA:255,16,0,1016
BRDA:255,16,1,1016
BRDA:274,17,0,0
BRDA:274,17,1,0
BRDA:278,18,0,0
BRDA:284,19,0,0
BRDA:284,19,1,0
BRDA:285,20,0,0
BRDA:285,20,1,0
BRF:39
BRH:28
end_of_record
TN:
SF:src/core/ReviewEngine.ts
FN:56,(anonymous_9)
FN:69,(anonymous_10)
FN:95,(anonymous_11)
FN:107,(anonymous_12)
FN:119,(anonymous_13)
FN:147,(anonymous_14)
FN:243,(anonymous_15)
FN:253,(anonymous_16)
FN:254,(anonymous_17)
FN:315,(anonymous_18)
FNF:10
FNH:5
FNDA:22,(anonymous_9)
FNDA:0,(anonymous_10)
FNDA:0,(anonymous_11)
FNDA:0,(anonymous_12)
FNDA:0,(anonymous_13)
FNDA:17,(anonymous_14)
FNDA:16,(anonymous_15)
FNDA:51,(anonymous_16)
FNDA:554,(anonymous_17)
FNDA:0,(anonymous_18)
DA:7,2
DA:11,2
DA:13,2
DA:14,2
DA:15,2
DA:16,2
DA:17,2
DA:18,2
DA:19,2
DA:46,2
DA:54,22
DA:57,22
DA:58,22
DA:59,22
DA:60,22
DA:61,22
DA:62,22
DA:63,22
DA:73,0
DA:83,0
DA:86,0
DA:90,0
DA:91,0
DA:93,0
DA:94,0
DA:95,0
DA:96,0
DA:97,0
DA:99,0
DA:100,0
DA:102,0
DA:105,0
DA:106,0
DA:107,0
DA:108,0
DA:109,0
DA:111,0
DA:112,0
DA:114,0
DA:117,0
DA:118,0
DA:119,0
DA:120,0
DA:121,0
DA:123,0
DA:124,0
DA:126,0
DA:130,0
DA:131,0
DA:133,0
DA:134,0
DA:137,0
DA:138,0
DA:141,0
DA:152,17
DA:154,17
DA:156,17
DA:166,17
DA:168,17
DA:169,17
DA:170,17
DA:172,15
DA:175,15
DA:178,15
DA:179,15
DA:180,15
DA:182,15
DA:184,15
DA:185,1
DA:186,1
DA:187,1
DA:191,14
DA:192,13
DA:193,13
DA:194,13
DA:195,13
DA:197,13
DA:198,4
DA:203,14
DA:204,14
DA:205,16
DA:206,16
DA:208,16
DA:209,16
DA:219,16
DA:220,16
DA:221,16
DA:228,14
DA:229,14
DA:232,2
DA:233,2
DA:234,2
DA:237,16
DA:253,16
DA:254,554
DA:255,51
DA:258,16
DA:270,16
DA:271,16
DA:272,0
DA:276,0
DA:277,0
DA:279,0
DA:282,0
DA:285,0
DA:288,0
DA:289,0
DA:290,0
DA:293,0
DA:294,0
DA:295,0
DA:298,0
DA:300,0
DA:301,0
DA:304,0
DA:305,0
DA:308,0
DA:311,0
DA:313,0
DA:314,0
DA:315,0
DA:316,0
DA:317,0
DA:318,0
DA:322,0
DA:323,0
DA:324,0
DA:325,0
DA:328,0
DA:329,0
DA:330,0
DA:331,0
DA:334,0
DA:336,0
DA:343,0
DA:344,0
DA:345,0
DA:350,0
DA:355,0
DA:359,0
DA:360,0
DA:364,0
DA:365,0
DA:366,0
DA:368,0
DA:370,0
DA:371,0
DA:380,0
DA:382,0
DA:385,0
DA:391,0
DA:392,0
DA:399,0
DA:400,0
DA:404,0
DA:406,0
DA:412,0
DA:420,0
DA:421,0
DA:425,0
DA:426,0
DA:427,0
DA:431,0
LF:163
LH:63
BRDA:61,0,0,22
BRDA:61,0,1,2
BRDA:62,1,0,22
BRDA:62,1,1,1
BRDA:63,2,0,22
BRDA:63,2,1,2
BRDA:86,3,0,0
BRDA:86,3,1,0
BRDA:86,3,2,0
BRDA:90,4,0,0
BRDA:93,5,0,0
BRDA:96,6,0,0
BRDA:96,6,1,0
BRDA:96,7,0,0
BRDA:96,7,1,0
BRDA:99,8,0,0
BRDA:105,9,0,0
BRDA:108,10,0,0
BRDA:108,10,1,0
BRDA:108,11,0,0
BRDA:108,11,1,0
BRDA:111,12,0,0
BRDA:117,13,0,0
BRDA:120,14,0,0
BRDA:120,14,1,0
BRDA:120,15,0,0
BRDA:120,15,1,0
BRDA:123,16,0,0
BRDA:130,17,0,0
BRDA:130,17,1,0
BRDA:137,18,0,0
BRDA:184,19,0,1
BRDA:191,20,0,13
BRDA:197,21,0,4
BRDA:271,22,0,0
BRDA:300,23,0,0
BRDA:316,24,0,0
BRDA:316,25,0,0
BRDA:316,25,1,0
BRDA:323,26,0,0
BRDA:329,27,0,0
BRDA:355,28,0,0
BRDA:355,28,1,0
BRDA:355,28,2,0
BRDA:359,29,0,0
BRDA:364,30,0,0
BRDA:366,31,0,0
BRDA:366,31,1,0
BRDA:376,32,0,0
BRDA:376,32,1,0
BRDA:386,33,0,0
BRDA:386,33,1,0
BRDA:391,34,0,0
BRF:53
BRH:9
end_of_record
TN:
SF:src/description/DescriptionService.ts
FN:30,(anonymous_9)
FN:39,(anonymous_10)
FN:79,(anonymous_11)
FN:85,(anonymous_12)
FN:95,(anonymous_13)
FN:101,(anonymous_14)
FN:102,(anonymous_15)
FN:168,(anonymous_16)
FNF:8
FNH:3
FNDA:3,(anonymous_9)
FNDA:3,(anonymous_10)
FNDA:3,(anonymous_11)
FNDA:0,(anonymous_12)
FNDA:0,(anonymous_13)
FNDA:0,(anonymous_14)
FNDA:0,(anonymous_15)
FNDA:0,(anonymous_16)
DA:7,2
DA:10,2
DA:25,2
DA:31,3
DA:32,3
DA:33,3
DA:40,3
DA:41,3
DA:44,3
DA:47,3
DA:50,3
DA:53,3
DA:56,0
DA:57,0
DA:62,0
DA:65,0
DA:69,0
DA:71,3
DA:72,3
DA:85,3
DA:86,0
DA:89,0
DA:94,0
DA:95,0
DA:96,0
DA:97,0
DA:98,0
DA:101,0
DA:102,0
DA:103,0
DA:106,0
DA:170,0
DA:172,0
LF:33
LH:15
BRDA:71,0,0,3
BRDA:71,0,1,0
BRDA:89,1,0,0
BRDA:89,1,1,0
BRDA:96,2,0,0
BRDA:96,2,1,0
BRDA:97,3,0,0
BRDA:115,4,0,0
BRDA:115,4,1,0
BRF:9
BRH:1
end_of_record
TN:
SF:src/github/CommentService.ts
FN:32,(anonymous_9)
FN:41,(anonymous_10)
FN:48,(anonymous_11)
FN:55,(anonymous_12)
FN:62,(anonymous_13)
FN:101,(anonymous_14)
FN:125,(anonymous_15)
FN:132,(anonymous_16)
FN:147,(anonymous_17)
FN:165,(anonymous_18)
FN:174,(anonymous_19)
FN:193,(anonymous_20)
FN:213,(anonymous_21)
FN:252,(anonymous_22)
FN:253,(anonymous_23)
FN:289,(anonymous_24)
FN:307,(anonymous_25)
FN:335,(anonymous_26)
FN:337,(anonymous_27)
FN:343,(anonymous_28)
FN:345,(anonymous_29)
FN:351,(anonymous_30)
FN:375,(anonymous_31)
FN:385,(anonymous_32)
FN:400,(anonymous_33)
FN:417,(anonymous_34)
FN:424,(anonymous_35)
FN:435,(anonymous_36)
FN:470,(anonymous_37)
FN:483,(anonymous_38)
FN:493,(anonymous_39)
FN:512,(anonymous_40)
FN:588,(anonymous_41)
FN:616,(anonymous_42)
FN:628,(anonymous_43)
FN:643,(anonymous_44)
FN:659,(anonymous_45)
FNF:37
FNH:1
FNDA:18,(anonymous_9)
FNDA:0,(anonymous_10)
FNDA:0,(anonymous_11)
FNDA:0,(anonymous_12)
FNDA:0,(anonymous_13)
FNDA:0,(anonymous_14)
FNDA:0,(anonymous_15)
FNDA:0,(anonymous_16)
FNDA:0,(anonymous_17)
FNDA:0,(anonymous_18)
FNDA:0,(anonymous_19)
FNDA:0,(anonymous_20)
FNDA:0,(anonymous_21)
FNDA:0,(anonymous_22)
FNDA:0,(anonymous_23)
FNDA:0,(anonymous_24)
FNDA:0,(anonymous_25)
FNDA:0,(anonymous_26)
FNDA:0,(anonymous_27)
FNDA:0,(anonymous_28)
FNDA:0,(anonymous_29)
FNDA:0,(anonymous_30)
FNDA:0,(anonymous_31)
FNDA:0,(anonymous_32)
FNDA:0,(anonymous_33)
FNDA:0,(anonymous_34)
FNDA:0,(anonymous_35)
FNDA:0,(anonymous_36)
FNDA:0,(anonymous_37)
FNDA:0,(anonymous_38)
FNDA:0,(anonymous_39)
FNDA:0,(anonymous_40)
FNDA:0,(anonymous_41)
FNDA:0,(anonymous_42)
FNDA:0,(anonymous_43)
FNDA:0,(anonymous_44)
FNDA:0,(anonymous_45)
DA:7,5
DA:27,5
DA:33,18
DA:34,18
DA:35,18
DA:42,0
DA:49,0
DA:56,0
DA:69,0
DA:70,0
DA:80,0
DA:82,0
DA:93,0
DA:94,0
DA:102,0
DA:103,0
DA:110,0
DA:112,0
DA:117,0
DA:118,0
DA:126,0
DA:139,0
DA:140,0
DA:147,0
DA:154,0
DA:155,0
DA:157,0
DA:158,0
DA:166,0
DA:167,0
DA:174,0
DA:185,0
DA:186,0
DA:194,0
DA:195,0
DA:202,0
DA:204,0
DA:205,0
DA:214,0
DA:216,0
DA:224,0
DA:226,0
DA:251,0
DA:252,0
DA:253,0
DA:256,0
DA:257,0
DA:258,0
DA:261,0
DA:262,0
DA:263,0
DA:267,0
DA:279,0
DA:282,0
DA:290,0
DA:291,0
DA:297,0
DA:299,0
DA:300,0
DA:312,0
DA:313,0
DA:316,0
DA:317,0
DA:325,0
DA:327,0
DA:328,0
DA:336,0
DA:337,0
DA:344,0
DA:345,0
DA:352,0
DA:353,0
DA:360,0
DA:366,0
DA:367,0
DA:376,0
DA:379,0
DA:392,0
DA:393,0
DA:400,0
DA:409,0
DA:410,0
DA:418,0
DA:419,0
DA:421,0
DA:424,0
DA:425,0
DA:429,0
DA:430,0
DA:431,0
DA:435,0
DA:436,0
DA:440,0
DA:441,0
DA:443,0
DA:444,0
DA:445,0
DA:452,0
DA:453,0
DA:455,0
DA:459,0
DA:460,0
DA:462,0
DA:463,0
DA:471,0
DA:484,0
DA:485,0
DA:493,0
DA:504,0
DA:505,0
DA:513,0
DA:514,0
DA:516,0
DA:543,0
DA:544,0
DA:546,0
DA:547,0
DA:550,0
DA:551,0
DA:553,0
DA:556,0
DA:557,0
DA:558,0
DA:569,0
DA:570,0
DA:572,0
DA:577,0
DA:578,0
DA:580,0
DA:581,0
DA:589,0
DA:590,0
DA:615,0
DA:616,0
DA:617,0
DA:621,0
DA:635,0
DA:636,0
DA:643,0
DA:651,0
DA:652,0
DA:660,0
DA:661,0
DA:667,0
DA:669,0
DA:670,0
LF:146
LH:5
BRDA:85,0,0,0
BRDA:85,0,1,0
BRDA:86,1,0,0
BRDA:86,1,1,0
BRDA:90,2,0,0
BRDA:90,2,1,0
BRDA:93,3,0,0
BRDA:93,3,1,0
BRDA:114,4,0,0
BRDA:114,4,1,0
BRDA:117,5,0,0
BRDA:117,5,1,0
BRDA:154,6,0,0
BRDA:154,6,1,0
BRDA:157,7,0,0
BRDA:157,7,1,0
BRDA:177,8,0,0
BRDA:177,8,1,0
BRDA:178,9,0,0
BRDA:178,9,1,0
BRDA:182,10,0,0
BRDA:182,10,1,0
BRDA:185,11,0,0
BRDA:185,11,1,0
BRDA:204,12,0,0
BRDA:204,12,1,0
BRDA:224,13,0,0
BRDA:224,13,1,0
BRDA:256,14,0,0
BRDA:261,15,0,0
BRDA:282,16,0,0
BRDA:282,16,1,0
BRDA:299,17,0,0
BRDA:299,17,1,0
BRDA:312,18,0,0
BRDA:327,19,0,0
BRDA:327,19,1,0
BRDA:362,20,0,0
BRDA:362,20,1,0
BRDA:366,21,0,0
BRDA:366,21,1,0
BRDA:409,22,0,0
BRDA:409,22,1,0
BRDA:425,23,0,0
BRDA:425,23,1,0
BRDA:429,24,0,0
BRDA:436,25,0,0
BRDA:436,25,1,0
BRDA:437,26,0,0
BRDA:437,26,1,0
BRDA:496,27,0,0
BRDA:496,27,1,0
BRDA:497,28,0,0
BRDA:497,28,1,0
BRDA:501,29,0,0
BRDA:501,29,1,0
BRDA:504,30,0,0
BRDA:504,30,1,0
BRDA:547,31,0,0
BRDA:551,32,0,0
BRDA:553,33,0,0
BRDA:553,33,1,0
BRDA:556,34,0,0
BRDA:617,35,0,0
BRDA:617,35,1,0
BRDA:645,36,0,0
BRDA:645,36,1,0
BRDA:646,37,0,0
BRDA:646,37,1,0
BRDA:651,38,0,0
BRDA:651,38,1,0
BRDA:669,39,0,0
BRDA:669,39,1,0
BRF:73
BRH:0
end_of_record
TN:
SF:src/github/DiffParser.ts
FN:39,(anonymous_9)
FN:57,(anonymous_10)
FN:69,(anonymous_11)
FN:71,(anonymous_12)
FN:168,(anonymous_13)
FN:256,(anonymous_14)
FN:274,(anonymous_15)
FN:289,(anonymous_16)
FN:310,(anonymous_17)
FN:331,(anonymous_18)
FN:335,(anonymous_19)
FN:355,(anonymous_20)
FN:372,(anonymous_21)
FN:374,(anonymous_22)
FN:385,(anonymous_23)
FN:396,(anonymous_24)
FNF:16
FNH:5
FNDA:5,(anonymous_9)
FNDA:6,(anonymous_10)
FNDA:39,(anonymous_11)
FNDA:30,(anonymous_12)
FNDA:12,(anonymous_13)
FNDA:0,(anonymous_14)
FNDA:0,(anonymous_15)
FNDA:0,(anonymous_16)
FNDA:0,(anonymous_17)
FNDA:0,(anonymous_18)
FNDA:0,(anonymous_19)
FNDA:0,(anonymous_20)
FNDA:0,(anonymous_21)
FNDA:0,(anonymous_22)
FNDA:0,(anonymous_23)
FNDA:0,(anonymous_24)
DA:7,7
DA:35,7
DA:40,5
DA:41,5
DA:43,5
DA:44,6
DA:45,6
DA:46,6
DA:50,5
DA:51,5
DA:58,6
DA:61,6
DA:62,6
DA:64,6
DA:65,6
DA:68,6
DA:69,39
DA:70,1
DA:71,30
DA:72,1
DA:73,4
DA:74,1
DA:78,6
DA:79,6
DA:80,6
DA:81,6
DA:82,6
DA:83,6
DA:84,6
DA:86,6
DA:87,40
DA:90,40
DA:91,5
DA:92,0
DA:95,5
DA:96,5
DA:98,5
DA:99,5
DA:100,5
DA:101,5
DA:103,5
DA:112,5
DA:113,5
DA:116,35
DA:119,15
DA:127,15
DA:128,6
DA:129,6
DA:130,6
DA:131,6
DA:132,9
DA:133,3
DA:134,3
DA:135,3
DA:136,3
DA:137,6
DA:138,5
DA:139,5
DA:140,5
DA:141,5
DA:142,1
DA:144,0
DA:147,15
DA:148,15
DA:151,6
DA:152,5
DA:155,6
DA:169,12
DA:170,12
DA:171,12
DA:172,12
DA:173,12
DA:174,12
DA:175,12
DA:176,12
DA:178,12
DA:180,10047
DA:181,11
DA:182,1
DA:185,11
DA:186,11
DA:188,10
DA:189,10
DA:190,10
DA:191,10
DA:193,10
DA:202,10
DA:203,10
DA:206,10036
DA:208,10033
DA:216,10033
DA:217,10009
DA:218,10009
DA:219,10009
DA:220,10009
DA:221,24
DA:222,3
DA:223,3
DA:224,3
DA:225,3
DA:226,21
DA:227,21
DA:228,21
DA:229,21
DA:230,21
DA:231,0
DA:232,0
DA:235,10033
DA:236,10033
DA:239,12
DA:240,9
DA:243,12
DA:257,0
DA:258,0
DA:259,0
DA:260,0
DA:262,0
DA:263,0
DA:268,0
DA:275,0
DA:276,0
DA:277,0
DA:278,0
DA:283,0
DA:290,0
DA:292,0
DA:293,0
DA:294,0
DA:295,0
DA:304,0
DA:311,0
DA:313,0
DA:314,0
DA:315,0
DA:316,0
DA:325,0
DA:332,0
DA:334,0
DA:335,0
DA:337,0
DA:338,0
DA:339,0
DA:341,0
DA:342,0
DA:345,0
DA:349,0
DA:361,0
DA:373,0
DA:374,0
DA:375,0
DA:376,0
DA:379,0
DA:386,0
DA:388,0
DA:389,0
DA:390,0
DA:391,0
DA:396,0
LF:158
LH:108
BRDA:45,0,0,6
BRDA:62,1,0,0
BRDA:69,2,0,1
BRDA:69,2,1,5
BRDA:71,3,0,1
BRDA:71,3,1,4
BRDA:73,4,0,1
BRDA:90,5,0,5
BRDA:91,6,0,0
BRDA:96,7,0,0
BRDA:99,8,0,5
BRDA:99,8,1,0
BRDA:101,9,0,5
BRDA:101,9,1,0
BRDA:116,10,0,20
BRDA:127,11,0,6
BRDA:127,11,1,9
BRDA:132,12,0,3
BRDA:132,12,1,6
BRDA:137,13,0,5
BRDA:137,13,1,1
BRDA:142,14,0,0
BRDA:151,15,0,5
BRDA:157,16,0,1
BRDA:157,16,1,5
BRDA:180,17,0,11
BRDA:181,18,0,1
BRDA:186,19,0,1
BRDA:189,20,0,10
BRDA:189,20,1,0
BRDA:191,21,0,10
BRDA:191,21,1,0
BRDA:206,22,0,3
BRDA:216,23,0,10009
BRDA:216,23,1,24
BRDA:221,24,0,3
BRDA:221,24,1,21
BRDA:226,25,0,21
BRDA:226,25,1,0
BRDA:231,26,0,0
BRDA:239,27,0,9
BRDA:259,28,0,0
BRDA:259,29,0,0
BRDA:259,29,1,0
BRDA:262,30,0,0
BRDA:262,31,0,0
BRDA:262,31,1,0
BRDA:277,32,0,0
BRDA:294,33,0,0
BRDA:294,34,0,0
BRDA:294,34,1,0
BRDA:315,35,0,0
BRDA:315,36,0,0
BRDA:315,36,1,0
BRDA:315,36,2,0
BRDA:331,37,0,0
BRDA:337,38,0,0
BRDA:375,39,0,0
BRDA:375,40,0,0
BRDA:375,40,1,0
BRDA:390,41,0,0
BRDA:390,42,0,0
BRDA:390,42,1,0
BRF:63
BRH:31
end_of_record
TN:
SF:src/github/GitHubClient.ts
FN:38,(anonymous_9)
FN:46,(anonymous_10)
FN:50,(anonymous_11)
FN:66,(anonymous_12)
FN:73,(anonymous_13)
FN:83,(anonymous_14)
FN:96,(anonymous_15)
FN:134,(anonymous_16)
FN:153,(anonymous_17)
FN:175,(anonymous_18)
FN:198,(anonymous_19)
FN:215,(anonymous_20)
FN:233,(anonymous_21)
FN:240,(anonymous_22)
FN:262,(anonymous_23)
FN:276,(anonymous_24)
FN:289,(anonymous_25)
FN:300,(anonymous_26)
FNF:18
FNH:16
FNDA:20,(anonymous_9)
FNDA:0,(anonymous_10)
FNDA:0,(anonymous_11)
FNDA:22,(anonymous_12)
FNDA:1,(anonymous_13)
FNDA:2,(anonymous_14)
FNDA:2,(anonymous_15)
FNDA:1,(anonymous_16)
FNDA:1,(anonymous_17)
FNDA:3,(anonymous_18)
FNDA:2,(anonymous_19)
FNDA:1,(anonymous_20)
FNDA:1,(anonymous_21)
FNDA:1,(anonymous_22)
FNDA:1,(anonymous_23)
FNDA:1,(anonymous_24)
FNDA:2,(anonymous_25)
FNDA:1,(anonymous_26)
DA:7,2
DA:8,2
DA:9,2
DA:10,2
DA:14,2
DA:33,2
DA:39,20
DA:40,20
DA:43,20
DA:47,0
DA:48,0
DA:51,0
DA:52,0
DA:60,20
DA:67,22
DA:74,1
DA:84,2
DA:85,2
DA:86,1
DA:88,1
DA:89,1
DA:101,2
DA:103,2
DA:109,1
DA:116,1
DA:122,1
DA:123,1
DA:140,1
DA:142,1
DA:159,1
DA:164,1
DA:176,3
DA:177,3
DA:184,2
DA:185,1
DA:188,1
DA:190,1
DA:191,1
DA:199,2
DA:200,2
DA:206,1
DA:208,1
DA:222,1
DA:228,1
DA:233,1
DA:252,1
DA:259,1
DA:262,1
DA:277,1
DA:283,1
DA:294,2
DA:295,2
DA:300,1
DA:306,1
DA:307,1
LF:55
LH:51
BRDA:45,0,0,20
BRDA:45,0,1,0
BRDA:55,1,0,20
BRDA:55,1,1,0
BRDA:122,2,0,1
BRDA:122,2,1,0
BRDA:184,3,0,1
BRDA:231,4,0,1
BRDA:231,4,1,0
BRDA:232,5,0,1
BRDA:232,5,1,0
BRDA:262,6,0,1
BRDA:262,6,1,0
BRDA:306,7,0,1
BRDA:306,7,1,0
BRF:15
BRH:8
end_of_record
TN:
SF:src/github/PullRequestService.ts
FN:52,(anonymous_9)
FN:61,(anonymous_10)
FN:100,(anonymous_11)
FN:118,(anonymous_12)
FN:154,(anonymous_13)
FN:168,(anonymous_14)
FN:183,(anonymous_15)
FN:204,(anonymous_16)
FN:223,(anonymous_17)
FN:231,(anonymous_18)
FN:239,(anonymous_19)
FN:249,(anonymous_20)
FN:268,(anonymous_21)
FN:269,(anonymous_22)
FN:278,(anonymous_23)
FN:279,(anonymous_24)
FN:279,(anonymous_25)
FN:285,(anonymous_26)
FN:286,(anonymous_27)
FN:286,(anonymous_28)
FN:292,(anonymous_29)
FN:315,(anonymous_30)
FN:331,(anonymous_31)
FN:351,(anonymous_32)
FN:374,(anonymous_33)
FN:376,(anonymous_34)
FN:391,(anonymous_35)
FN:399,(anonymous_36)
FN:418,(anonymous_37)
FN:437,(anonymous_38)
FN:444,(anonymous_39)
FNF:31
FNH:1
FNDA:19,(anonymous_9)
FNDA:0,(anonymous_10)
FNDA:0,(anonymous_11)
FNDA:0,(anonymous_12)
FNDA:0,(anonymous_13)
FNDA:0,(anonymous_14)
FNDA:0,(anonymous_15)
FNDA:0,(anonymous_16)
FNDA:0,(anonymous_17)
FNDA:0,(anonymous_18)
FNDA:0,(anonymous_19)
FNDA:0,(anonymous_20)
FNDA:0,(anonymous_21)
FNDA:0,(anonymous_22)
FNDA:0,(anonymous_23)
FNDA:0,(anonymous_24)
FNDA:0,(anonymous_25)
FNDA:0,(anonymous_26)
FNDA:0,(anonymous_27)
FNDA:0,(anonymous_28)
FNDA:0,(anonymous_29)
FNDA:0,(anonymous_30)
FNDA:0,(anonymous_31)
FNDA:0,(anonymous_32)
FNDA:0,(anonymous_33)
FNDA:0,(anonymous_34)
FNDA:0,(anonymous_35)
FNDA:0,(anonymous_36)
FNDA:0,(anonymous_37)
FNDA:0,(anonymous_38)
FNDA:0,(anonymous_39)
DA:7,5
DA:47,5
DA:53,19
DA:54,19
DA:55,19
DA:62,0
DA:63,0
DA:70,0
DA:72,0
DA:92,0
DA:93,0
DA:101,0
DA:102,0
DA:103,0
DA:104,0
DA:105,0
DA:107,0
DA:108,0
DA:116,0
DA:118,0
DA:130,0
DA:131,0
DA:134,0
DA:136,0
DA:137,0
DA:139,0
DA:143,0
DA:144,0
DA:146,0
DA:147,0
DA:160,0
DA:161,0
DA:168,0
DA:175,0
DA:176,0
DA:184,0
DA:185,0
DA:194,0
DA:196,0
DA:197,0
DA:205,0
DA:206,0
DA:213,0
DA:215,0
DA:216,0
DA:224,0
DA:225,0
DA:232,0
DA:233,0
DA:239,0
DA:241,0
DA:242,0
DA:250,0
DA:251,0
DA:258,0
DA:260,0
DA:261,0
DA:269,0
DA:270,0
DA:271,0
DA:279,0
DA:286,0
DA:293,0
DA:294,0
DA:301,0
DA:302,0
DA:305,0
DA:307,0
DA:308,0
DA:320,0
DA:321,0
DA:328,0
DA:331,0
DA:343,0
DA:344,0
DA:359,0
DA:361,0
DA:362,0
DA:363,0
DA:364,0
DA:366,0
DA:367,0
DA:368,0
DA:369,0
DA:370,0
DA:373,0
DA:374,0
DA:376,0
DA:378,0
DA:392,0
DA:393,0
DA:399,0
DA:410,0
DA:411,0
DA:419,0
DA:420,0
DA:427,0
DA:429,0
DA:430,0
DA:438,0
DA:445,0
LF:101
LH:5
BRDA:75,0,0,0
BRDA:75,0,1,0
BRDA:81,1,0,0
BRDA:81,1,1,0
BRDA:85,2,0,0
BRDA:85,2,1,0
BRDA:87,3,0,0
BRDA:87,3,1,0
BRDA:88,4,0,0
BRDA:88,4,1,0
BRDA:89,5,0,0
BRDA:89,5,1,0
BRDA:92,6,0,0
BRDA:92,6,1,0
BRDA:116,7,0,0
BRDA:131,8,0,0
BRDA:131,8,1,0
BRDA:136,9,0,0
BRDA:136,9,1,0
BRDA:146,10,0,0
BRDA:146,10,1,0
BRDA:171,11,0,0
BRDA:171,11,1,0
BRDA:172,12,0,0
BRDA:172,12,1,0
BRDA:175,13,0,0
BRDA:175,13,1,0
BRDA:196,14,0,0
BRDA:196,14,1,0
BRDA:215,15,0,0
BRDA:215,15,1,0
BRDA:241,16,0,0
BRDA:241,16,1,0
BRDA:260,17,0,0
BRDA:260,17,1,0
BRDA:271,18,0,0
BRDA:271,18,1,0
BRDA:301,19,0,0
BRDA:331,20,0,0
BRDA:331,20,1,0
BRDA:343,21,0,0
BRDA:343,21,1,0
BRDA:367,22,0,0
BRDA:367,22,1,0
BRDA:399,23,0,0
BRDA:399,23,1,0
BRDA:410,24,0,0
BRDA:410,24,1,0
BRDA:429,25,0,0
BRDA:429,25,1,0
BRF:50
BRH:0
end_of_record
TN:
SF:src/parsers/ResponseParser.ts
FN:38,(anonymous_9)
FN:54,(anonymous_10)
FN:76,(anonymous_11)
FN:108,(anonymous_12)
FN:114,(anonymous_13)
FN:124,(anonymous_14)
FN:128,(anonymous_15)
FN:134,(anonymous_16)
FN:149,(anonymous_17)
FN:150,(anonymous_18)
FN:156,(anonymous_19)
FN:170,(anonymous_20)
FN:182,(anonymous_21)
FN:183,(anonymous_22)
FN:184,(anonymous_23)
FN:185,(anonymous_24)
FN:203,(anonymous_25)
FN:205,(anonymous_26)
FN:206,(anonymous_27)
FN:207,(anonymous_28)
FN:233,(anonymous_29)
FN:237,(anonymous_30)
FN:238,(anonymous_31)
FN:239,(anonymous_32)
FN:280,(anonymous_33)
FN:302,(anonymous_34)
FN:306,(anonymous_35)
FNF:27
FNH:3
FNDA:15,(anonymous_9)
FNDA:5,(anonymous_10)
FNDA:15,(anonymous_11)
FNDA:0,(anonymous_12)
FNDA:0,(anonymous_13)
FNDA:0,(anonymous_14)
FNDA:0,(anonymous_15)
FNDA:0,(anonymous_16)
FNDA:0,(anonymous_17)
FNDA:0,(anonymous_18)
FNDA:0,(anonymous_19)
FNDA:0,(anonymous_20)
FNDA:0,(anonymous_21)
FNDA:0,(anonymous_22)
FNDA:0,(anonymous_23)
FNDA:0,(anonymous_24)
FNDA:0,(anonymous_25)
FNDA:0,(anonymous_26)
FNDA:0,(anonymous_27)
FNDA:0,(anonymous_28)
FNDA:0,(anonymous_29)
FNDA:0,(anonymous_30)
FNDA:0,(anonymous_31)
FNDA:0,(anonymous_32)
FNDA:0,(anonymous_33)
FNDA:0,(anonymous_34)
FNDA:0,(anonymous_35)
DA:7,3
DA:8,3
DA:9,3
DA:12,3
DA:20,3
DA:34,3
DA:39,15
DA:41,15
DA:43,15
DA:44,1
DA:51,14
DA:53,14
DA:54,5
DA:55,5
DA:61,9
DA:66,0
DA:77,15
DA:79,15
DA:82,1
DA:83,1
DA:84,0
DA:85,0
DA:92,1
DA:93,1
DA:94,1
DA:95,1
DA:101,1
DA:109,0
DA:111,0
DA:112,0
DA:114,0
DA:118,0
DA:128,0
DA:135,0
DA:137,0
DA:138,0
DA:139,0
DA:140,0
DA:143,0
DA:150,0
DA:157,0
DA:158,0
DA:160,0
DA:161,0
DA:164,0
DA:171,0
DA:176,0
DA:183,0
DA:184,0
DA:185,0
DA:187,0
DA:188,0
DA:189,0
DA:190,0
DA:191,0
DA:193,0
DA:194,0
DA:197,0
DA:205,0
DA:206,0
DA:207,0
DA:209,0
DA:212,0
DA:213,0
DA:214,0
DA:215,0
DA:217,0
DA:219,0
DA:220,0
DA:224,0
DA:225,0
DA:227,0
DA:237,0
DA:238,0
DA:239,0
DA:241,0
DA:242,0
DA:243,0
DA:244,0
DA:245,0
DA:247,0
DA:248,0
DA:252,0
DA:254,0
DA:257,0
DA:258,0
DA:260,0
DA:261,0
DA:262,0
DA:263,0
DA:264,0
DA:266,0
DA:267,0
DA:269,0
DA:271,0
DA:274,0
DA:281,0
DA:282,0
DA:284,0
DA:285,0
DA:286,0
DA:287,0
DA:288,0
DA:292,0
DA:293,0
DA:296,0
DA:306,0
DA:307,0
DA:308,0
DA:309,0
DA:310,0
DA:313,0
DA:314,0
DA:315,0
DA:318,0
LF:115
LH:24
BRDA:43,0,0,1
BRDA:53,1,0,5
BRDA:83,2,0,0
BRDA:93,3,0,1
BRDA:111,4,0,0
BRDA:138,5,0,0
BRDA:138,5,1,0
BRDA:160,6,0,0
BRDA:176,7,0,0
BRDA:176,7,1,0
BRDA:193,8,0,0
BRDA:213,9,0,0
BRDA:213,10,0,0
BRDA:213,10,1,0
BRDA:214,11,0,0
BRDA:214,12,0,0
BRDA:214,12,1,0
BRDA:215,13,0,0
BRDA:215,14,0,0
BRDA:215,14,1,0
BRDA:217,15,0,0
BRDA:217,15,1,0
BRDA:219,16,0,0
BRDA:224,17,0,0
BRDA:224,17,1,0
BRDA:247,18,0,0
BRDA:266,19,0,0
BRDA:286,20,0,0
BRDA:292,21,0,0
BRDA:308,22,0,0
BRDA:313,23,0,0
BRF:31
BRH:3
end_of_record
TN:
SF:src/prompts/PromptBuilder.ts
FN:38,(anonymous_9)
FN:51,(anonymous_10)
FN:64,(anonymous_11)
FN:72,(anonymous_12)
FN:84,(anonymous_13)
FN:85,(anonymous_14)
FN:98,(anonymous_15)
FN:114,(anonymous_16)
FN:151,(anonymous_17)
FN:168,(anonymous_18)
FNF:10
FNH:8
FNDA:6,(anonymous_9)
FNDA:0,(anonymous_10)
FNDA:0,(anonymous_11)
FNDA:2,(anonymous_12)
FNDA:1,(anonymous_13)
FNDA:1,(anonymous_14)
FNDA:1,(anonymous_15)
FNDA:1,(anonymous_16)
FNDA:3,(anonymous_17)
FNDA:3,(anonymous_18)
DA:7,3
DA:8,3
DA:34,3
DA:39,6
DA:40,6
DA:41,6
DA:43,0
DA:44,0
DA:52,0
DA:53,0
DA:54,0
DA:56,0
DA:57,0
DA:65,0
DA:66,0
DA:84,2
DA:85,2
DA:87,2
DA:98,1
DA:115,1
DA:117,1
DA:145,1
DA:152,3
DA:154,3
DA:155,3
DA:156,3
DA:157,3
DA:159,3
DA:170,3
LF:29
LH:20
BRDA:104,0,0,1
BRDA:104,0,1,0
BRDA:145,1,0,1
BRDA:145,1,1,0
BRDA:145,2,0,1
BRDA:145,2,1,0
BRDA:154,3,0,1
BRDA:155,4,0,0
BRDA:156,5,0,0
BRDA:157,6,0,1
BRDA:157,7,0,3
BRDA:157,7,1,3
BRF:12
BRH:7
end_of_record
TN:
SF:src/prompts/TemplateLoader.ts
FN:18,(anonymous_10)
FN:40,(anonymous_11)
FN:47,(anonymous_12)
FN:55,(anonymous_13)
FN:62,(anonymous_14)
FN:64,(anonymous_15)
FN:67,(anonymous_16)
FN:70,(anonymous_17)
FN:76,(anonymous_18)
FN:81,(anonymous_19)
FN:84,(anonymous_20)
FN:92,(anonymous_21)
FNF:12
FNH:4
FNDA:6,(anonymous_10)
FNDA:0,(anonymous_11)
FNDA:6,(anonymous_12)
FNDA:18,(anonymous_13)
FNDA:3,(anonymous_14)
FNDA:0,(anonymous_15)
FNDA:0,(anonymous_16)
FNDA:0,(anonymous_17)
FNDA:0,(anonymous_18)
FNDA:0,(anonymous_19)
FNDA:0,(anonymous_20)
FNDA:0,(anonymous_21)
DA:7,3
DA:8,3
DA:9,3
DA:10,3
DA:12,3
DA:13,3
DA:20,6
DA:21,5
DA:24,1
DA:25,1
DA:26,1
DA:27,1
DA:29,1
DA:30,1
DA:32,0
DA:33,0
DA:41,0
DA:48,6
DA:49,6
DA:56,18
DA:64,3
DA:67,3
DA:70,3
DA:71,0
DA:72,0
DA:76,3
DA:77,0
DA:81,3
DA:84,3
DA:85,0
DA:93,0
DA:98,3
LF:32
LH:24
BRDA:20,0,0,5
BRDA:71,1,0,0
BRF:2
BRH:1
end_of_record
TN:
SF:src/providers/BaseProvider.ts
FN:44,(anonymous_0)
FN:61,(anonymous_1)
FNF:2
FNH:2
FNDA:14,(anonymous_0)
FNDA:2,(anonymous_1)
DA:36,5
DA:45,14
DA:46,14
DA:47,14
DA:48,14
DA:49,14
DA:50,14
DA:62,2
LF:8
LH:8
BRDA:47,0,0,14
BRDA:47,0,1,0
BRDA:48,1,0,14
BRDA:48,1,1,14
BRDA:49,2,0,14
BRDA:49,2,1,0
BRDA:50,3,0,14
BRDA:50,3,1,14
BRF:8
BRH:6
end_of_record
TN:
SF:src/providers/OpenAIProvider.ts
FN:20,(anonymous_10)
FN:29,(anonymous_11)
FN:36,(anonymous_12)
FN:113,(anonymous_13)
FN:120,(anonymous_14)
FN:141,(anonymous_15)
FN:159,(anonymous_16)
FN:169,(anonymous_17)
FN:170,(anonymous_18)
FNF:9
FNH:4
FNDA:7,(anonymous_10)
FNDA:5,(anonymous_11)
FNDA:6,(anonymous_12)
FNDA:1,(anonymous_13)
FNDA:0,(anonymous_14)
FNDA:0,(anonymous_15)
FNDA:0,(anonymous_16)
FNDA:0,(anonymous_17)
FNDA:0,(anonymous_18)
DA:7,3
DA:8,3
DA:9,3
DA:16,3
DA:21,7
DA:22,7
DA:23,7
DA:30,5
DA:31,5
DA:34,5
DA:36,6
DA:45,5
DA:46,5
DA:47,5
DA:51,5
DA:52,0
DA:54,5
DA:57,5
DA:70,3
DA:71,3
DA:73,3
DA:86,3
DA:87,3
DA:89,2
DA:90,0
DA:91,0
DA:93,0
DA:95,0
DA:96,0
DA:97,0
DA:98,0
DA:99,0
DA:100,0
DA:103,0
DA:106,2
DA:114,1
DA:122,0
DA:130,0
DA:132,0
DA:133,0
DA:135,0
DA:142,0
DA:143,0
DA:149,0
DA:151,0
DA:152,0
DA:160,0
DA:161,0
DA:168,0
DA:169,0
DA:170,0
DA:172,0
DA:173,0
LF:53
LH:25
BRDA:22,0,0,7
BRDA:22,0,1,7
BRDA:45,1,0,5
BRDA:45,1,1,4
BRDA:46,2,0,5
BRDA:51,3,0,0
BRDA:51,3,1,5
BRDA:64,4,0,5
BRDA:64,4,1,0
BRDA:75,5,0,2
BRDA:75,5,1,1
BRDA:76,6,0,1
BRDA:76,6,1,0
BRDA:77,7,0,0
BRDA:77,7,1,0
BRDA:89,8,0,0
BRDA:91,9,0,0
BRDA:91,9,1,0
BRDA:95,10,0,0
BRDA:95,10,1,0
BRDA:97,11,0,0
BRDA:97,11,1,0
BRDA:99,12,0,0
BRDA:99,13,0,0
BRDA:99,13,1,0
BRDA:130,14,0,0
BRDA:130,14,1,0
BRF:27
BRH:10
end_of_record
TN:
SF:src/providers/OpenWebUIProvider.ts
FN:18,(anonymous_10)
FN:26,(anonymous_11)
FN:34,(anonymous_12)
FN:98,(anonymous_13)
FN:105,(anonymous_14)
FNF:5
FNH:4
FNDA:7,(anonymous_10)
FNDA:5,(anonymous_11)
FNDA:6,(anonymous_12)
FNDA:1,(anonymous_13)
FNDA:0,(anonymous_14)
DA:7,3
DA:8,3
DA:9,3
DA:15,3
DA:19,7
DA:20,7
DA:27,5
DA:28,5
DA:30,5
DA:34,6
DA:52,4
DA:53,4
DA:59,4
DA:71,4
DA:72,4
DA:74,1
DA:75,0
DA:76,0
DA:78,0
DA:80,0
DA:81,0
DA:82,0
DA:83,0
DA:84,0
DA:85,0
DA:88,0
DA:91,1
DA:99,1
DA:106,0
DA:108,0
DA:114,0
DA:116,0
DA:117,0
LF:33
LH:18
BRDA:53,0,0,4
BRDA:53,0,1,1
BRDA:60,1,0,4
BRDA:60,1,1,1
BRDA:60,1,2,0
BRDA:61,2,0,4
BRDA:61,2,1,0
BRDA:62,3,0,0
BRDA:62,3,1,0
BRDA:68,4,0,4
BRDA:68,4,1,4
BRDA:74,5,0,0
BRDA:76,6,0,0
BRDA:76,6,1,0
BRDA:80,7,0,0
BRDA:80,7,1,0
BRDA:82,8,0,0
BRDA:82,8,1,0
BRDA:84,9,0,0
BRDA:84,10,0,0
BRDA:84,10,1,0
BRF:21
BRH:7
end_of_record
TN:
SF:src/providers/ProviderFactory.ts
FN:35,(anonymous_9)
FN:72,(anonymous_10)
FN:114,(anonymous_11)
FNF:3
FNH:2
FNDA:9,(anonymous_9)
FNDA:4,(anonymous_10)
FNDA:0,(anonymous_11)
DA:7,2
DA:9,2
DA:10,2
DA:31,2
DA:36,9
DA:38,9
DA:40,5
DA:52,3
DA:53,1
DA:55,2
DA:65,1
DA:74,4
DA:75,4
DA:76,3
DA:77,3
DA:79,3
DA:91,1
DA:92,1
DA:94,1
DA:95,1
DA:96,1
DA:98,1
DA:108,0
DA:115,0
DA:117,0
DA:118,0
DA:121,0
DA:122,0
DA:125,0
DA:126,0
DA:129,0
DA:130,0
DA:133,0
DA:134,0
DA:137,0
LF:35
LH:22
BRDA:38,0,0,5
BRDA:38,0,1,3
BRDA:38,0,2,1
BRDA:52,1,0,1
BRDA:74,2,0,4
BRDA:74,2,1,1
BRDA:75,3,0,3
BRDA:76,4,0,3
BRDA:76,4,1,2
BRDA:83,5,0,3
BRDA:83,5,1,3
BRDA:84,6,0,3
BRDA:84,6,1,3
BRDA:91,7,0,1
BRDA:91,7,1,0
BRDA:94,8,0,1
BRDA:94,9,0,1
BRDA:94,9,1,1
BRDA:95,10,0,1
BRDA:95,10,1,0
BRDA:103,11,0,1
BRDA:103,11,1,1
BRDA:104,12,0,1
BRDA:104,12,1,1
BRDA:117,13,0,0
BRDA:121,14,0,0
BRDA:125,15,0,0
BRDA:125,16,0,0
BRDA:125,16,1,0
BRDA:129,17,0,0
BRDA:129,18,0,0
BRDA:129,18,1,0
BRDA:133,19,0,0
BRDA:133,20,0,0
BRDA:133,20,1,0
BRDA:133,20,2,0
BRF:36
BRH:22
end_of_record
TN:
SF:src/storage/CheckRunStorage.ts
FN:34,(anonymous_9)
FN:44,(anonymous_10)
FN:84,(anonymous_11)
FN:118,(anonymous_12)
FN:135,(anonymous_13)
FN:160,(anonymous_14)
FN:190,(anonymous_15)
FN:218,(anonymous_16)
FN:244,(anonymous_17)
FN:270,(anonymous_18)
FN:304,(anonymous_19)
FN:338,(anonymous_20)
FN:348,(anonymous_21)
FN:372,(anonymous_22)
FNF:14
FNH:0
FNDA:0,(anonymous_9)
FNDA:0,(anonymous_10)
FNDA:0,(anonymous_11)
FNDA:0,(anonymous_12)
FNDA:0,(anonymous_13)
FNDA:0,(anonymous_14)
FNDA:0,(anonymous_15)
FNDA:0,(anonymous_16)
FNDA:0,(anonymous_17)
FNDA:0,(anonymous_18)
FNDA:0,(anonymous_19)
FNDA:0,(anonymous_20)
FNDA:0,(anonymous_21)
FNDA:0,(anonymous_22)
DA:10,5
DA:28,5
DA:35,0
DA:36,0
DA:37,0
DA:38,0
DA:45,0
DA:46,0
DA:59,0
DA:73,0
DA:74,0
DA:76,0
DA:77,0
DA:90,0
DA:91,0
DA:98,0
DA:99,0
DA:100,0
DA:103,0
DA:104,0
DA:107,0
DA:108,0
DA:110,0
DA:111,0
DA:120,0
DA:122,0
DA:123,0
DA:126,0
DA:127,0
DA:128,0
DA:135,0
DA:149,0
DA:152,0
DA:153,0
DA:167,0
DA:168,0
DA:175,0
DA:176,0
DA:179,0
DA:180,0
DA:182,0
DA:183,0
DA:197,0
DA:199,0
DA:212,0
DA:219,0
DA:222,0
DA:225,0
DA:228,0
DA:230,0
DA:238,0
DA:245,0
DA:246,0
DA:248,0
DA:271,0
DA:305,0
DA:306,0
DA:312,0
DA:314,0
DA:330,0
DA:331,0
DA:339,0
DA:340,0
DA:348,0
DA:364,0
DA:365,0
DA:379,0
DA:385,0
LF:68
LH:2
BRDA:38,0,0,0
BRDA:38,0,1,0
BRDA:65,1,0,0
BRDA:65,1,1,0
BRDA:76,2,0,0
BRDA:76,2,1,0
BRDA:98,3,0,0
BRDA:100,4,0,0
BRDA:100,4,1,0
BRDA:103,5,0,0
BRDA:110,6,0,0
BRDA:110,6,1,0
BRDA:152,7,0,0
BRDA:152,7,1,0
BRDA:175,8,0,0
BRDA:175,9,0,0
BRDA:175,9,1,0
BRDA:182,10,0,0
BRDA:182,10,1,0
BRDA:228,11,0,0
BRDA:228,11,1,0
BRDA:320,12,0,0
BRDA:320,12,1,0
BRDA:321,13,0,0
BRDA:321,13,1,0
BRDA:323,14,0,0
BRDA:323,14,1,0
BRDA:324,15,0,0
BRDA:324,15,1,0
BRDA:325,16,0,0
BRDA:325,16,1,0
BRDA:327,17,0,0
BRDA:327,17,1,0
BRDA:330,18,0,0
BRDA:330,18,1,0
BRDA:354,19,0,0
BRDA:354,19,1,0
BRDA:355,20,0,0
BRDA:355,20,1,0
BRDA:357,21,0,0
BRDA:357,21,1,0
BRDA:358,22,0,0
BRDA:358,22,1,0
BRDA:359,23,0,0
BRDA:359,23,1,0
BRDA:361,24,0,0
BRDA:361,24,1,0
BRDA:364,25,0,0
BRDA:364,25,1,0
BRDA:391,26,0,0
BRDA:391,26,1,0
BRF:51
BRH:0
end_of_record
TN:
SF:src/storage/CommentStateStorage.ts
FN:30,(anonymous_9)
FN:43,(anonymous_10)
FN:51,(anonymous_11)
FN:70,(anonymous_12)
FN:146,(anonymous_13)
FN:237,(anonymous_14)
FN:239,(anonymous_15)
FN:245,(anonymous_16)
FN:273,(anonymous_17)
FN:299,(anonymous_18)
FN:335,(anonymous_19)
FN:337,(anonymous_20)
FN:343,(anonymous_21)
FN:360,(anonymous_22)
FNF:14
FNH:0
FNDA:0,(anonymous_9)
FNDA:0,(anonymous_10)
FNDA:0,(anonymous_11)
FNDA:0,(anonymous_12)
FNDA:0,(anonymous_13)
FNDA:0,(anonymous_14)
FNDA:0,(anonymous_15)
FNDA:0,(anonymous_16)
FNDA:0,(anonymous_17)
FNDA:0,(anonymous_18)
FNDA:0,(anonymous_19)
FNDA:0,(anonymous_20)
FNDA:0,(anonymous_21)
FNDA:0,(anonymous_22)
DA:10,5
DA:25,5
DA:31,0
DA:32,0
DA:33,0
DA:36,0
DA:37,0
DA:44,0
DA:45,0
DA:52,0
DA:54,0
DA:55,0
DA:58,0
DA:59,0
DA:60,0
DA:62,0
DA:63,0
DA:80,0
DA:89,0
DA:91,0
DA:94,0
DA:96,0
DA:105,0
DA:108,0
DA:114,0
DA:117,0
DA:119,0
DA:138,0
DA:139,0
DA:147,0
DA:149,0
DA:151,0
DA:152,0
DA:153,0
DA:156,0
DA:163,0
DA:164,0
DA:166,0
DA:168,0
DA:169,0
DA:172,0
DA:192,0
DA:199,0
DA:200,0
DA:202,0
DA:204,0
DA:205,0
DA:208,0
DA:226,0
DA:227,0
DA:229,0
DA:230,0
DA:238,0
DA:239,0
DA:246,0
DA:247,0
DA:248,0
DA:255,0
DA:263,0
DA:265,0
DA:266,0
DA:274,0
DA:275,0
DA:276,0
DA:282,0
DA:289,0
DA:291,0
DA:292,0
DA:300,0
DA:301,0
DA:303,0
DA:304,0
DA:310,0
DA:311,0
DA:314,0
DA:320,0
DA:321,0
DA:325,0
DA:327,0
DA:328,0
DA:336,0
DA:337,0
DA:344,0
DA:346,0
DA:347,0
DA:350,0
DA:351,0
DA:354,0
DA:366,0
DA:367,0
DA:368,0
DA:369,0
DA:371,0
DA:372,0
DA:373,0
DA:375,0
DA:376,0
DA:380,0
LF:98
LH:2
BRDA:54,0,0,0
BRDA:62,1,0,0
BRDA:62,1,1,0
BRDA:82,2,0,0
BRDA:82,2,1,0
BRDA:94,3,0,0
BRDA:94,3,1,0
BRDA:94,4,0,0
BRDA:94,4,1,0
BRDA:138,5,0,0
BRDA:138,5,1,0
BRDA:152,6,0,0
BRDA:152,6,1,0
BRDA:153,7,0,0
BRDA:153,7,1,0
BRDA:164,8,0,0
BRDA:168,9,0,0
BRDA:200,10,0,0
BRDA:204,11,0,0
BRDA:229,12,0,0
BRDA:229,12,1,0
BRDA:245,13,0,0
BRDA:247,14,0,0
BRDA:247,14,1,0
BRDA:265,15,0,0
BRDA:265,15,1,0
BRDA:273,16,0,0
BRDA:275,17,0,0
BRDA:275,17,1,0
BRDA:291,18,0,0
BRDA:291,18,1,0
BRDA:299,19,0,0
BRDA:303,20,0,0
BRDA:303,20,1,0
BRDA:310,21,0,0
BRDA:320,22,0,0
BRDA:320,23,0,0
BRDA:320,23,1,0
BRDA:327,24,0,0
BRDA:327,24,1,0
BRDA:337,25,0,0
BRDA:337,25,1,0
BRDA:346,26,0,0
BRDA:346,27,0,0
BRDA:346,27,1,0
BRDA:346,27,2,0
BRDA:350,28,0,0
BRDA:350,29,0,0
BRDA:350,29,1,0
BRDA:350,29,2,0
BRDA:372,30,0,0
BRDA:372,30,1,0
BRDA:375,31,0,0
BRF:53
BRH:0
end_of_record
TN:
SF:src/storage/GitHubCacheStorage.ts
FN:30,(anonymous_9)
FN:39,(anonymous_10)
FN:46,(anonymous_11)
FN:57,(anonymous_12)
FN:63,(anonymous_13)
FN:80,(anonymous_14)
FN:97,(anonymous_15)
FN:126,(anonymous_16)
FN:140,(anonymous_17)
FN:159,(anonymous_18)
FN:191,(anonymous_19)
FN:209,(anonymous_20)
FN:243,(anonymous_21)
FNF:13
FNH:0
FNDA:0,(anonymous_9)
FNDA:0,(anonymous_10)
FNDA:0,(anonymous_11)
FNDA:0,(anonymous_12)
FNDA:0,(anonymous_13)
FNDA:0,(anonymous_14)
FNDA:0,(anonymous_15)
FNDA:0,(anonymous_16)
FNDA:0,(anonymous_17)
FNDA:0,(anonymous_18)
FNDA:0,(anonymous_19)
FNDA:0,(anonymous_20)
FNDA:0,(anonymous_21)
DA:10,5
DA:11,5
DA:25,5
DA:31,0
DA:32,0
DA:33,0
DA:40,0
DA:47,0
DA:58,0
DA:59,0
DA:61,0
DA:63,0
DA:64,0
DA:67,0
DA:69,0
DA:70,0
DA:72,0
DA:73,0
DA:81,0
DA:82,0
DA:83,0
DA:85,0
DA:87,0
DA:89,0
DA:90,0
DA:91,0
DA:94,0
DA:97,0
DA:98,0
DA:99,0
DA:102,0
DA:103,0
DA:104,0
DA:108,0
DA:109,0
DA:111,0
DA:112,0
DA:113,0
DA:116,0
DA:118,0
DA:119,0
DA:133,0
DA:135,0
DA:136,0
DA:140,0
DA:142,0
DA:143,0
DA:144,0
DA:148,0
DA:149,0
DA:150,0
DA:153,0
DA:166,0
DA:168,0
DA:169,0
DA:191,0
DA:193,0
DA:194,0
DA:196,0
DA:200,0
DA:203,0
DA:210,0
DA:211,0
DA:217,0
DA:237,0
DA:251,0
DA:253,0
DA:254,0
DA:269,0
LF:69
LH:3
BRDA:30,0,0,0
BRDA:31,1,0,0
BRDA:31,1,1,0
BRDA:32,2,0,0
BRDA:32,2,1,0
BRDA:33,3,0,0
BRDA:33,3,1,0
BRDA:72,4,0,0
BRDA:72,4,1,0
BRDA:89,5,0,0
BRDA:102,6,0,0
BRDA:102,7,0,0
BRDA:102,7,1,0
BRDA:102,7,2,0
BRDA:111,8,0,0
BRDA:118,9,0,0
BRDA:118,9,1,0
BRDA:135,10,0,0
BRDA:142,11,0,0
BRDA:148,12,0,0
BRDA:168,13,0,0
BRDA:193,14,0,0
BRDA:193,14,1,0
BRDA:253,15,0,0
BRF:24
BRH:0
end_of_record
TN:
SF:src/storage/StorageManager.ts
FN:42,(anonymous_9)
FN:70,(anonymous_10)
FN:89,(anonymous_11)
FN:120,(anonymous_12)
FN:145,(anonymous_13)
FN:167,(anonymous_14)
FN:174,(anonymous_15)
FN:181,(anonymous_16)
FN:201,(anonymous_17)
FN:245,(anonymous_18)
FN:273,(anonymous_19)
FN:295,(anonymous_20)
FN:312,(anonymous_21)
FN:327,(anonymous_22)
FN:360,(anonymous_23)
FN:372,(anonymous_24)
FN:385,(anonymous_25)
FNF:17
FNH:4
FNDA:6,(anonymous_9)
FNDA:1,(anonymous_10)
FNDA:1,(anonymous_11)
FNDA:0,(anonymous_12)
FNDA:0,(anonymous_13)
FNDA:1,(anonymous_14)
FNDA:0,(anonymous_15)
FNDA:0,(anonymous_16)
FNDA:0,(anonymous_17)
FNDA:0,(anonymous_18)
FNDA:0,(anonymous_19)
FNDA:0,(anonymous_20)
FNDA:0,(anonymous_21)
FNDA:0,(anonymous_22)
FNDA:0,(anonymous_23)
FNDA:0,(anonymous_24)
FNDA:0,(anonymous_25)
DA:8,5
DA:10,5
DA:11,5
DA:12,5
DA:35,5
DA:43,6
DA:44,6
DA:47,6
DA:49,6
DA:55,6
DA:64,6
DA:74,1
DA:76,1
DA:81,1
DA:83,1
DA:95,1
DA:98,1
DA:113,1
DA:114,1
DA:130,0
DA:152,0
DA:168,1
DA:175,0
DA:182,0
DA:184,0
DA:185,0
DA:186,0
DA:187,0
DA:188,0
DA:190,0
DA:194,0
DA:195,0
DA:206,0
DA:207,0
DA:210,0
DA:224,0
DA:233,0
DA:249,0
DA:250,0
DA:254,0
DA:257,0
DA:259,0
DA:278,0
DA:279,0
DA:283,0
DA:284,0
DA:285,0
DA:288,0
DA:289,0
DA:300,0
DA:316,0
DA:341,0
DA:346,0
DA:361,0
DA:363,0
DA:366,0
DA:379,0
DA:386,0
LF:58
LH:20
BRDA:55,0,0,5
BRDA:55,0,1,1
BRDA:149,1,0,0
BRDA:206,2,0,0
BRDA:249,3,0,0
BRDA:278,4,0,0
BRF:6
BRH:2
end_of_record
TN:
SF:src/suggestion/SuggestionService.ts
FN:30,(anonymous_9)
FN:40,(anonymous_10)
FN:92,(anonymous_11)
FN:144,(anonymous_12)
FN:149,(anonymous_13)
FN:171,(anonymous_14)
FN:185,(anonymous_15)
FN:215,(anonymous_16)
FN:239,(anonymous_17)
FN:250,(anonymous_18)
FN:268,(anonymous_19)
FN:275,(anonymous_20)
FNF:12
FNH:6
FNDA:2,(anonymous_9)
FNDA:2,(anonymous_10)
FNDA:2,(anonymous_11)
FNDA:2,(anonymous_12)
FNDA:0,(anonymous_13)
FNDA:1,(anonymous_14)
FNDA:0,(anonymous_15)
FNDA:0,(anonymous_16)
FNDA:0,(anonymous_17)
FNDA:1,(anonymous_18)
FNDA:0,(anonymous_19)
FNDA:0,(anonymous_20)
DA:7,2
DA:11,2
DA:12,2
DA:21,2
DA:28,2
DA:31,2
DA:32,2
DA:33,2
DA:34,2
DA:41,2
DA:42,2
DA:45,2
DA:48,2
DA:51,2
DA:54,2
DA:55,2
DA:60,1
DA:62,1
DA:63,1
DA:64,1
DA:65,1
DA:69,0
DA:72,0
DA:74,0
DA:82,0
DA:84,1
DA:85,1
DA:94,2
DA:96,2
DA:145,2
DA:146,2
DA:149,0
DA:150,0
DA:151,0
DA:153,0
DA:155,0
DA:156,0
DA:157,0
DA:158,0
DA:159,0
DA:161,0
DA:164,0
DA:175,1
DA:176,1
DA:177,0
DA:179,0
DA:180,0
DA:181,0
DA:184,0
DA:185,0
DA:186,0
DA:187,0
DA:188,0
DA:192,0
DA:193,0
DA:194,0
DA:195,0
DA:199,0
DA:200,0
DA:202,0
DA:205,0
DA:207,1
DA:208,1
DA:216,0
DA:217,0
DA:220,0
DA:221,0
DA:223,0
DA:224,0
DA:229,0
DA:231,0
DA:232,0
DA:240,0
DA:251,1
DA:261,1
DA:269,0
DA:270,0
DA:272,0
DA:275,0
DA:276,0
DA:280,0
DA:281,0
DA:283,0
DA:284,0
DA:286,0
DA:287,0
DA:290,0
DA:291,0
DA:292,0
DA:293,0
DA:295,0
DA:299,0
DA:301,0
DA:305,0
DA:308,0
LF:95
LH:33
BRDA:62,0,0,1
BRDA:84,1,0,1
BRDA:84,1,1,0
BRDA:105,2,0,2
BRDA:105,2,1,0
BRDA:145,3,0,2
BRDA:153,4,0,0
BRDA:158,5,0,0
BRDA:179,6,0,0
BRDA:179,7,0,0
BRDA:179,7,1,0
BRDA:186,8,0,0
BRDA:186,9,0,0
BRDA:186,9,1,0
BRDA:193,10,0,0
BRDA:199,11,0,0
BRDA:199,11,1,0
BRDA:199,12,0,0
BRDA:199,12,1,0
BRDA:207,13,0,1
BRDA:207,13,1,0
BRDA:223,14,0,0
BRDA:231,15,0,0
BRDA:231,15,1,0
BRDA:276,16,0,0
BRDA:276,16,1,0
BRDA:280,17,0,0
BRDA:280,17,1,0
BRDA:295,18,0,0
BRDA:295,18,1,0
BRDA:301,19,0,0
BRDA:301,19,1,0
BRDA:308,20,0,0
BRDA:308,20,1,0
BRF:34
BRH:5
end_of_record
TN:
SF:src/summary/SummaryService.ts
FN:43,(anonymous_9)
FN:53,(anonymous_10)
FN:94,(anonymous_11)
FN:107,(anonymous_12)
FN:130,(anonymous_13)
FN:177,(anonymous_14)
FN:182,(anonymous_15)
FN:184,(anonymous_16)
FN:197,(anonymous_17)
FN:202,(anonymous_18)
FN:210,(anonymous_19)
FN:233,(anonymous_20)
FN:251,(anonymous_21)
FN:285,(anonymous_22)
FN:319,(anonymous_23)
FN:325,(anonymous_24)
FNF:16
FNH:11
FNDA:3,(anonymous_9)
FNDA:3,(anonymous_10)
FNDA:2,(anonymous_11)
FNDA:0,(anonymous_12)
FNDA:2,(anonymous_13)
FNDA:2,(anonymous_14)
FNDA:4,(anonymous_15)
FNDA:0,(anonymous_16)
FNDA:2,(anonymous_17)
FNDA:0,(anonymous_18)
FNDA:1,(anonymous_19)
FNDA:0,(anonymous_20)
FNDA:1,(anonymous_21)
FNDA:1,(anonymous_22)
FNDA:1,(anonymous_23)
FNDA:0,(anonymous_24)
DA:7,2
DA:11,2
DA:34,2
DA:41,2
DA:44,3
DA:45,3
DA:46,3
DA:47,3
DA:54,3
DA:55,3
DA:58,3
DA:61,2
DA:64,2
DA:67,2
DA:70,2
DA:71,2
DA:76,1
DA:79,1
DA:82,1
DA:84,1
DA:86,2
DA:87,2
DA:100,2
DA:102,2
DA:103,4
DA:104,4
DA:105,4
DA:107,0
DA:116,0
DA:117,0
DA:124,2
DA:132,2
DA:135,2
DA:138,2
DA:178,2
DA:179,0
DA:182,2
DA:183,4
DA:184,0
DA:187,4
DA:198,2
DA:199,2
DA:202,0
DA:203,0
DA:211,1
DA:214,1
DA:215,1
DA:218,1
DA:219,1
DA:222,1
DA:223,1
DA:226,1
DA:227,1
DA:230,1
DA:231,0
DA:232,0
DA:233,0
DA:234,0
DA:236,0
DA:240,1
DA:241,1
DA:242,1
DA:243,1
DA:245,1
DA:252,1
DA:253,1
DA:254,1
DA:256,1
DA:257,1
DA:260,1
DA:261,0
DA:262,0
DA:266,1
DA:267,0
DA:271,1
DA:272,0
DA:273,0
DA:274,0
DA:279,1
DA:286,1
DA:287,1
DA:288,1
DA:290,1
DA:291,1
DA:294,1
DA:296,0
DA:297,0
DA:301,1
DA:302,0
DA:306,1
DA:307,0
DA:310,1
DA:313,1
DA:320,1
DA:321,1
DA:323,1
DA:325,1
DA:326,0
DA:329,0
DA:330,0
DA:332,0
DA:333,0
DA:334,0
DA:337,0
DA:340,1
LF:105
LH:76
BRDA:86,0,0,2
BRDA:86,0,1,0
BRDA:148,1,0,2
BRDA:148,1,1,0
BRDA:178,2,0,0
BRDA:183,3,0,0
BRDA:183,3,1,4
BRDA:198,4,0,2
BRDA:230,5,0,0
BRDA:260,6,0,0
BRDA:260,7,0,1
BRDA:260,7,1,1
BRDA:266,8,0,0
BRDA:266,9,0,1
BRDA:266,9,1,0
BRDA:266,9,2,0
BRDA:266,9,3,0
BRDA:271,10,0,0
BRDA:271,11,0,1
BRDA:271,11,1,0
BRDA:271,11,2,0
BRDA:271,11,3,0
BRDA:273,12,0,0
BRDA:294,13,0,0
BRDA:294,14,0,1
BRDA:294,14,1,1
BRDA:294,14,2,0
BRDA:294,14,3,0
BRDA:301,15,0,0
BRDA:301,16,0,1
BRDA:301,16,1,0
BRDA:306,17,0,0
BRDA:329,18,0,0
BRDA:329,18,1,0
BRDA:340,19,0,1
BRDA:340,19,1,0
BRF:36
BRH:12
end_of_record
TN:
SF:src/utils/Logger.ts
FN:15,(anonymous_9)
FN:22,(anonymous_10)
FN:29,(anonymous_11)
FN:36,(anonymous_12)
FN:43,(anonymous_13)
FN:50,(anonymous_14)
FN:57,(anonymous_15)
FN:64,(anonymous_16)
FN:71,(anonymous_17)
FN:78,(anonymous_18)
FN:85,(anonymous_19)
FN:92,(anonymous_20)
FN:94,(anonymous_21)
FNF:13
FNH:6
FNDA:22,(anonymous_9)
FNDA:146,(anonymous_10)
FNDA:125,(anonymous_11)
FNDA:1,(anonymous_12)
FNDA:1,(anonymous_13)
FNDA:19,(anonymous_14)
FNDA:0,(anonymous_15)
FNDA:0,(anonymous_16)
FNDA:0,(anonymous_17)
FNDA:0,(anonymous_18)
FNDA:0,(anonymous_19)
FNDA:0,(anonymous_20)
FNDA:0,(anonymous_21)
DA:7,3
DA:9,3
DA:10,3
DA:16,22
DA:23,146
DA:30,125
DA:37,1
DA:44,1
DA:51,19
DA:58,0
DA:65,0
DA:72,0
DA:79,0
DA:86,0
DA:93,0
DA:94,0
DA:96,0
LF:17
LH:9
BRDA:23,0,0,146
BRDA:23,0,1,0
BRF:2
BRH:1
end_of_record
TN:
SF:src/utils/Retry.ts
FN:21,(anonymous_9)
FN:42,(anonymous_10)
FN:63,(anonymous_11)
FN:64,(anonymous_12)
FN:70,(anonymous_13)
FN:80,(anonymous_14)
FN:94,(anonymous_15)
FNF:7
FNH:7
FNDA:12,(anonymous_9)
FNDA:6,(anonymous_10)
FNDA:12,(anonymous_11)
FNDA:12,(anonymous_12)
FNDA:1,(anonymous_13)
FNDA:1,(anonymous_14)
FNDA:1,(anonymous_15)
DA:7,1
DA:17,1
DA:25,12
DA:26,12
DA:27,12
DA:28,12
DA:29,12
DA:32,12
DA:34,12
DA:35,23
DA:36,23
DA:38,16
DA:41,16
DA:42,6
DA:44,16
DA:45,4
DA:48,12
DA:52,12
DA:53,12
DA:57,1
DA:64,12
DA:74,1
DA:83,1
DA:97,1
LF:24
LH:24
BRDA:23,0,0,0
BRDA:25,1,0,12
BRDA:25,1,1,0
BRDA:26,2,0,12
BRDA:26,2,1,1
BRDA:27,3,0,12
BRDA:27,3,1,9
BRDA:28,4,0,12
BRDA:28,4,1,11
BRDA:29,5,0,12
BRDA:29,5,1,8
BRDA:38,6,0,16
BRDA:38,6,1,0
BRDA:41,7,0,16
BRDA:41,7,1,6
BRDA:44,8,0,4
BRDA:44,9,0,16
BRDA:44,9,1,15
BRDA:57,10,0,1
BRDA:57,10,1,1
BRDA:72,11,0,0
BRF:21
BRH:17
end_of_record
TN:
SF:src/utils/TokenCounter.ts
FN:12,(anonymous_0)
FN:24,(anonymous_1)
FN:44,(anonymous_2)
FN:69,(anonymous_3)
FN:76,(anonymous_4)
FN:91,(anonymous_5)
FNF:6
FNH:6
FNDA:11,(anonymous_0)
FNDA:2,(anonymous_1)
FNDA:1,(anonymous_2)
FNDA:2,(anonymous_3)
FNDA:2,(anonymous_4)
FNDA:1,(anonymous_5)
DA:7,3
DA:14,11
DA:18,11
DA:25,2
DA:27,2
DA:29,2
DA:32,2
DA:36,2
DA:38,2
DA:50,1
DA:58,1
DA:60,1
DA:61,1
DA:63,1
DA:70,2
DA:77,2
DA:79,2
DA:80,1
DA:84,1
DA:85,1
DA:97,1
LF:21
LH:21
BRDA:58,0,0,1
BRDA:58,0,1,0
BRDA:79,1,0,1
BRF:3
BRH:2
end_of_record
