TN:
SF:src/utils/Logger.ts
FN:15,(anonymous_9)
FN:22,(anonymous_10)
FN:29,(anonymous_11)
FN:36,(anonymous_12)
FN:43,(anonymous_13)
FN:50,(anonymous_14)
FN:57,(anonymous_15)
FN:64,(anonymous_16)
FN:71,(anonymous_17)
FN:78,(anonymous_18)
FN:85,(anonymous_19)
FN:92,(anonymous_20)
FN:94,(anonymous_21)
FNF:13
FNH:6
FNDA:5,(anonymous_9)
FNDA:5,(anonymous_10)
FNDA:2,(anonymous_11)
FNDA:1,(anonymous_12)
FNDA:1,(anonymous_13)
FNDA:1,(anonymous_14)
FNDA:0,(anonymous_15)
FNDA:0,(anonymous_16)
FNDA:0,(anonymous_17)
FNDA:0,(anonymous_18)
FNDA:0,(anonymous_19)
FNDA:0,(anonymous_20)
FNDA:0,(anonymous_21)
DA:7,1
DA:9,1
DA:10,1
DA:16,5
DA:23,5
DA:30,2
DA:37,1
DA:44,1
DA:51,1
DA:58,0
DA:65,0
DA:72,0
DA:79,0
DA:86,0
DA:93,0
DA:94,0
DA:96,0
LF:17
LH:9
BRDA:23,0,0,5
BRDA:23,0,1,0
BRF:2
BRH:1
end_of_record
TN:
SF:src/utils/TokenCounter.ts
FN:12,(anonymous_0)
FN:24,(anonymous_1)
FN:44,(anonymous_2)
FN:69,(anonymous_3)
FN:76,(anonymous_4)
FN:91,(anonymous_5)
FNF:6
FNH:6
FNDA:11,(anonymous_0)
FNDA:2,(anonymous_1)
FNDA:1,(anonymous_2)
FNDA:2,(anonymous_3)
FNDA:2,(anonymous_4)
FNDA:1,(anonymous_5)
DA:7,1
DA:14,11
DA:18,11
DA:25,2
DA:27,2
DA:29,2
DA:32,2
DA:36,2
DA:38,2
DA:50,1
DA:58,1
DA:60,1
DA:61,1
DA:63,1
DA:70,2
DA:77,2
DA:79,2
DA:80,1
DA:84,1
DA:85,1
DA:97,1
LF:21
LH:21
BRDA:58,0,0,1
BRDA:58,0,1,0
BRDA:79,1,0,1
BRF:3
BRH:2
end_of_record
